<?xml version="1.0" encoding="UTF-8"?>
<testsuite xmlns:xsi="http://www.w3.org/2001/XMLSchema-instance" xsi:noNamespaceSchemaLocation="https://maven.apache.org/surefire/maven-surefire-plugin/xsd/surefire-test-report-3.0.xsd" version="3.0" name="TestSuite" time="83.135" tests="59" errors="0" skipped="0" failures="9">
  <properties>
    <property name="gopherProxySet" value="false"/>
    <property name="awt.toolkit" value="sun.lwawt.macosx.LWCToolkit"/>
    <property name="java.specification.version" value="11"/>
    <property name="sun.cpu.isalist" value=""/>
    <property name="sun.jnu.encoding" value="UTF-8"/>
    <property name="java.class.path" value="/Users/naveenautomationlabs/Documents/workspace1/July2024APIPractice/target/test-classes:/Users/naveenautomationlabs/Documents/workspace1/July2024APIPractice/target/classes:/Users/naveenautomationlabs/.m2/repository/io/rest-assured/rest-assured/5.5.1/rest-assured-5.5.1.jar:/Users/naveenautomationlabs/.m2/repository/org/apache/groovy/groovy/4.0.22/groovy-4.0.22.jar:/Users/naveenautomationlabs/.m2/repository/org/apache/groovy/groovy-xml/4.0.22/groovy-xml-4.0.22.jar:/Users/naveenautomationlabs/.m2/repository/org/apache/httpcomponents/httpclient/4.5.13/httpclient-4.5.13.jar:/Users/naveenautomationlabs/.m2/repository/org/apache/httpcomponents/httpcore/4.4.13/httpcore-4.4.13.jar:/Users/naveenautomationlabs/.m2/repository/commons-logging/commons-logging/1.2/commons-logging-1.2.jar:/Users/naveenautomationlabs/.m2/repository/commons-codec/commons-codec/1.11/commons-codec-1.11.jar:/Users/naveenautomationlabs/.m2/repository/org/apache/httpcomponents/httpmime/4.5.13/httpmime-4.5.13.jar:/Users/naveenautomationlabs/.m2/repository/org/hamcrest/hamcrest/2.2/hamcrest-2.2.jar:/Users/naveenautomationlabs/.m2/repository/org/ccil/cowan/tagsoup/tagsoup/1.2.1/tagsoup-1.2.1.jar:/Users/naveenautomationlabs/.m2/repository/io/rest-assured/json-path/5.5.1/json-path-5.5.1.jar:/Users/naveenautomationlabs/.m2/repository/org/apache/groovy/groovy-json/4.0.22/groovy-json-4.0.22.jar:/Users/naveenautomationlabs/.m2/repository/io/rest-assured/rest-assured-common/5.5.1/rest-assured-common-5.5.1.jar:/Users/naveenautomationlabs/.m2/repository/io/rest-assured/xml-path/5.5.1/xml-path-5.5.1.jar:/Users/naveenautomationlabs/.m2/repository/org/apache/commons/commons-lang3/3.16.0/commons-lang3-3.16.0.jar:/Users/naveenautomationlabs/.m2/repository/org/testng/testng/7.0.0/testng-7.0.0.jar:/Users/naveenautomationlabs/.m2/repository/com/beust/jcommander/1.72/jcommander-1.72.jar:/Users/naveenautomationlabs/.m2/repository/io/qameta/allure/allure-rest-assured/2.29.0/allure-rest-assured-2.29.0.jar:/Users/naveenautomationlabs/.m2/repository/io/qameta/allure/allure-attachments/2.29.0/allure-attachments-2.29.0.jar:/Users/naveenautomationlabs/.m2/repository/io/qameta/allure/allure-java-commons/2.29.0/allure-java-commons-2.29.0.jar:/Users/naveenautomationlabs/.m2/repository/io/qameta/allure/allure-model/2.29.0/allure-model-2.29.0.jar:/Users/naveenautomationlabs/.m2/repository/org/freemarker/freemarker/2.3.33/freemarker-2.3.33.jar:/Users/naveenautomationlabs/.m2/repository/com/fasterxml/jackson/core/jackson-databind/2.17.2/jackson-databind-2.17.2.jar:/Users/naveenautomationlabs/.m2/repository/com/fasterxml/jackson/core/jackson-annotations/2.17.2/jackson-annotations-2.17.2.jar:/Users/naveenautomationlabs/.m2/repository/org/projectlombok/lombok/1.18.18/lombok-1.18.18.jar:/Users/naveenautomationlabs/.m2/repository/com/jayway/jsonpath/json-path/2.9.0/json-path-2.9.0.jar:/Users/naveenautomationlabs/.m2/repository/net/minidev/json-smart/2.5.0/json-smart-2.5.0.jar:/Users/naveenautomationlabs/.m2/repository/net/minidev/accessors-smart/2.5.0/accessors-smart-2.5.0.jar:/Users/naveenautomationlabs/.m2/repository/org/ow2/asm/asm/9.3/asm-9.3.jar:/Users/naveenautomationlabs/.m2/repository/org/slf4j/slf4j-api/2.0.11/slf4j-api-2.0.11.jar:/Users/naveenautomationlabs/.m2/repository/com/fasterxml/jackson/dataformat/jackson-dataformat-xml/2.17.2/jackson-dataformat-xml-2.17.2.jar:/Users/naveenautomationlabs/.m2/repository/org/codehaus/woodstox/stax2-api/4.2.2/stax2-api-4.2.2.jar:/Users/naveenautomationlabs/.m2/repository/com/fasterxml/woodstox/woodstox-core/6.7.0/woodstox-core-6.7.0.jar:/Users/naveenautomationlabs/.m2/repository/com/fasterxml/jackson/core/jackson-core/2.17.2/jackson-core-2.17.2.jar:/Users/naveenautomationlabs/.m2/repository/com/github/scribejava/scribejava-core/2.5.3/scribejava-core-2.5.3.jar:"/>
    <property name="java.vm.vendor" value="Oracle Corporation"/>
    <property name="sun.arch.data.model" value="64"/>
    <property name="java.vendor.url" value="https://openjdk.java.net/"/>
    <property name="user.timezone" value="Asia/Kolkata"/>
    <property name="java.vm.specification.version" value="11"/>
    <property name="os.name" value="Mac OS X"/>
    <property name="sun.java.launcher" value="SUN_STANDARD"/>
    <property name="user.country" value="IN"/>
    <property name="sun.boot.library.path" value="/Library/Java/JavaVirtualMachines/jdk-11.jdk/Contents/Home/lib"/>
    <property name="sun.java.command" value="/Users/naveenautomationlabs/Documents/workspace1/July2024APIPractice/target/surefire/surefirebooter-20250415000641529_3.jar /Users/naveenautomationlabs/Documents/workspace1/July2024APIPractice/target/surefire 2025-04-15T00-06-41_433-jvmRun1 surefire-20250415000641529_1tmp surefire_0-20250415000641529_2tmp"/>
    <property name="maven.artifact.threads" value="6"/>
    <property name="http.nonProxyHosts" value="local|*.local| 169.254/16|*. 169.254/16"/>
    <property name="jdk.debug" value="release"/>
    <property name="surefire.test.class.path" value="/Users/naveenautomationlabs/Documents/workspace1/July2024APIPractice/target/test-classes:/Users/naveenautomationlabs/Documents/workspace1/July2024APIPractice/target/classes:/Users/naveenautomationlabs/.m2/repository/io/rest-assured/rest-assured/5.5.1/rest-assured-5.5.1.jar:/Users/naveenautomationlabs/.m2/repository/org/apache/groovy/groovy/4.0.22/groovy-4.0.22.jar:/Users/naveenautomationlabs/.m2/repository/org/apache/groovy/groovy-xml/4.0.22/groovy-xml-4.0.22.jar:/Users/naveenautomationlabs/.m2/repository/org/apache/httpcomponents/httpclient/4.5.13/httpclient-4.5.13.jar:/Users/naveenautomationlabs/.m2/repository/org/apache/httpcomponents/httpcore/4.4.13/httpcore-4.4.13.jar:/Users/naveenautomationlabs/.m2/repository/commons-logging/commons-logging/1.2/commons-logging-1.2.jar:/Users/naveenautomationlabs/.m2/repository/commons-codec/commons-codec/1.11/commons-codec-1.11.jar:/Users/naveenautomationlabs/.m2/repository/org/apache/httpcomponents/httpmime/4.5.13/httpmime-4.5.13.jar:/Users/naveenautomationlabs/.m2/repository/org/hamcrest/hamcrest/2.2/hamcrest-2.2.jar:/Users/naveenautomationlabs/.m2/repository/org/ccil/cowan/tagsoup/tagsoup/1.2.1/tagsoup-1.2.1.jar:/Users/naveenautomationlabs/.m2/repository/io/rest-assured/json-path/5.5.1/json-path-5.5.1.jar:/Users/naveenautomationlabs/.m2/repository/org/apache/groovy/groovy-json/4.0.22/groovy-json-4.0.22.jar:/Users/naveenautomationlabs/.m2/repository/io/rest-assured/rest-assured-common/5.5.1/rest-assured-common-5.5.1.jar:/Users/naveenautomationlabs/.m2/repository/io/rest-assured/xml-path/5.5.1/xml-path-5.5.1.jar:/Users/naveenautomationlabs/.m2/repository/org/apache/commons/commons-lang3/3.16.0/commons-lang3-3.16.0.jar:/Users/naveenautomationlabs/.m2/repository/org/testng/testng/7.0.0/testng-7.0.0.jar:/Users/naveenautomationlabs/.m2/repository/com/beust/jcommander/1.72/jcommander-1.72.jar:/Users/naveenautomationlabs/.m2/repository/io/qameta/allure/allure-rest-assured/2.29.0/allure-rest-assured-2.29.0.jar:/Users/naveenautomationlabs/.m2/repository/io/qameta/allure/allure-attachments/2.29.0/allure-attachments-2.29.0.jar:/Users/naveenautomationlabs/.m2/repository/io/qameta/allure/allure-java-commons/2.29.0/allure-java-commons-2.29.0.jar:/Users/naveenautomationlabs/.m2/repository/io/qameta/allure/allure-model/2.29.0/allure-model-2.29.0.jar:/Users/naveenautomationlabs/.m2/repository/org/freemarker/freemarker/2.3.33/freemarker-2.3.33.jar:/Users/naveenautomationlabs/.m2/repository/com/fasterxml/jackson/core/jackson-databind/2.17.2/jackson-databind-2.17.2.jar:/Users/naveenautomationlabs/.m2/repository/com/fasterxml/jackson/core/jackson-annotations/2.17.2/jackson-annotations-2.17.2.jar:/Users/naveenautomationlabs/.m2/repository/org/projectlombok/lombok/1.18.18/lombok-1.18.18.jar:/Users/naveenautomationlabs/.m2/repository/com/jayway/jsonpath/json-path/2.9.0/json-path-2.9.0.jar:/Users/naveenautomationlabs/.m2/repository/net/minidev/json-smart/2.5.0/json-smart-2.5.0.jar:/Users/naveenautomationlabs/.m2/repository/net/minidev/accessors-smart/2.5.0/accessors-smart-2.5.0.jar:/Users/naveenautomationlabs/.m2/repository/org/ow2/asm/asm/9.3/asm-9.3.jar:/Users/naveenautomationlabs/.m2/repository/org/slf4j/slf4j-api/2.0.11/slf4j-api-2.0.11.jar:/Users/naveenautomationlabs/.m2/repository/com/fasterxml/jackson/dataformat/jackson-dataformat-xml/2.17.2/jackson-dataformat-xml-2.17.2.jar:/Users/naveenautomationlabs/.m2/repository/org/codehaus/woodstox/stax2-api/4.2.2/stax2-api-4.2.2.jar:/Users/naveenautomationlabs/.m2/repository/com/fasterxml/woodstox/woodstox-core/6.7.0/woodstox-core-6.7.0.jar:/Users/naveenautomationlabs/.m2/repository/com/fasterxml/jackson/core/jackson-core/2.17.2/jackson-core-2.17.2.jar:/Users/naveenautomationlabs/.m2/repository/com/github/scribejava/scribejava-core/2.5.3/scribejava-core-2.5.3.jar:"/>
    <property name="sun.cpu.endian" value="little"/>
    <property name="user.home" value="/Users/naveenautomationlabs"/>
    <property name="user.language" value="en"/>
    <property name="java.specification.vendor" value="Oracle Corporation"/>
    <property name="java.version.date" value="2023-01-17"/>
    <property name="java.home" value="/Library/Java/JavaVirtualMachines/jdk-11.jdk/Contents/Home"/>
    <property name="file.separator" value="/"/>
    <property name="basedir" value="/Users/naveenautomationlabs/Documents/workspace1/July2024APIPractice"/>
    <property name="java.vm.compressedOopsMode" value="Zero based"/>
    <property name="line.separator" value="&#10;"/>
    <property name="java.specification.name" value="Java Platform API Specification"/>
    <property name="java.vm.specification.vendor" value="Oracle Corporation"/>
    <property name="java.awt.graphicsenv" value="sun.awt.CGraphicsEnvironment"/>
    <property name="surefire.real.class.path" value="/Users/naveenautomationlabs/Documents/workspace1/July2024APIPractice/target/surefire/surefirebooter-20250415000641529_3.jar"/>
    <property name="sun.management.compiler" value="HotSpot 64-Bit Tiered Compilers"/>
    <property name="ftp.nonProxyHosts" value="local|*.local| 169.254/16|*. 169.254/16"/>
    <property name="java.runtime.version" value="11.0.18+9-LTS-195"/>
    <property name="user.name" value="naveenautomationlabs"/>
    <property name="path.separator" value=":"/>
    <property name="os.version" value="13.7.1"/>
    <property name="java.runtime.name" value="Java(TM) SE Runtime Environment"/>
    <property name="file.encoding" value="UTF-8"/>
    <property name="java.vm.name" value="Java HotSpot(TM) 64-Bit Server VM"/>
    <property name="java.vendor.version" value="18.9"/>
    <property name="localRepository" value="/Users/naveenautomationlabs/.m2/repository"/>
    <property name="java.vendor.url.bug" value="https://bugreport.java.com/bugreport/"/>
    <property name="java.io.tmpdir" value="/var/folders/_s/grkxq_lj10v_tqx8jd_71sl80000gn/T/"/>
    <property name="java.version" value="11.0.18"/>
    <property name="user.dir" value="/Users/naveenautomationlabs/Documents/workspace1/July2024APIPractice"/>
    <property name="os.arch" value="x86_64"/>
    <property name="java.vm.specification.name" value="Java Virtual Machine Specification"/>
    <property name="java.awt.printerjob" value="sun.lwawt.macosx.CPrinterJob"/>
    <property name="sun.os.patch.level" value="unknown"/>
    <property name="java.library.path" value="/Users/naveenautomationlabs/Library/Java/Extensions:/Library/Java/Extensions:/Network/Library/Java/Extensions:/System/Library/Java/Extensions:/usr/lib/java:."/>
    <property name="java.vendor" value="Oracle Corporation"/>
    <property name="java.vm.info" value="mixed mode"/>
    <property name="java.vm.version" value="11.0.18+9-LTS-195"/>
    <property name="sun.io.unicode.encoding" value="UnicodeBig"/>
    <property name="java.class.version" value="55.0"/>
    <property name="socksNonProxyHosts" value="local|*.local| 169.254/16|*. 169.254/16"/>
  </properties>
  <testcase name="getContactsAPITest" classname="GETAPITestsWithBDD.ContactsAPIsTest" time="1.972">
    <failure message="1 expectation failed.&#10;Expected status code &lt;200&gt; but was &lt;401&gt;.&#10;" type="java.lang.AssertionError"><![CDATA[java.lang.AssertionError: 
1 expectation failed.
Expected status code <200> but was <401>.

	at java.base/jdk.internal.reflect.NativeConstructorAccessorImpl.newInstance0(Native Method)
	at java.base/jdk.internal.reflect.NativeConstructorAccessorImpl.newInstance(NativeConstructorAccessorImpl.java:62)
	at java.base/jdk.internal.reflect.DelegatingConstructorAccessorImpl.newInstance(DelegatingConstructorAccessorImpl.java:45)
	at java.base/java.lang.reflect.Constructor.newInstance(Constructor.java:490)
	at org.codehaus.groovy.reflection.CachedConstructor.invoke(CachedConstructor.java:73)
	at org.codehaus.groovy.reflection.CachedConstructor.doConstructorInvoke(CachedConstructor.java:60)
	at org.codehaus.groovy.runtime.callsite.ConstructorSite$ConstructorSiteNoUnwrap.callConstructor(ConstructorSite.java:86)
	at org.codehaus.groovy.runtime.callsite.CallSiteArray.defaultCallConstructor(CallSiteArray.java:57)
	at org.codehaus.groovy.runtime.callsite.AbstractCallSite.callConstructor(AbstractCallSite.java:263)
	at org.codehaus.groovy.runtime.callsite.AbstractCallSite.callConstructor(AbstractCallSite.java:277)
	at io.restassured.internal.ResponseSpecificationImpl$HamcrestAssertionClosure.validate(ResponseSpecificationImpl.groovy:512)
	at io.restassured.internal.ResponseSpecificationImpl$HamcrestAssertionClosure$validate$1.call(Unknown Source)
	at org.codehaus.groovy.runtime.callsite.CallSiteArray.defaultCall(CallSiteArray.java:45)
	at org.codehaus.groovy.runtime.callsite.AbstractCallSite.call(AbstractCallSite.java:125)
	at org.codehaus.groovy.runtime.callsite.AbstractCallSite.call(AbstractCallSite.java:139)
	at io.restassured.internal.ResponseSpecificationImpl.validateResponseIfRequired(ResponseSpecificationImpl.groovy:696)
	at io.restassured.internal.ResponseSpecificationImpl.this$2$validateResponseIfRequired(ResponseSpecificationImpl.groovy)
	at java.base/jdk.internal.reflect.NativeMethodAccessorImpl.invoke0(Native Method)
	at java.base/jdk.internal.reflect.NativeMethodAccessorImpl.invoke(NativeMethodAccessorImpl.java:62)
	at java.base/jdk.internal.reflect.DelegatingMethodAccessorImpl.invoke(DelegatingMethodAccessorImpl.java:43)
	at java.base/java.lang.reflect.Method.invoke(Method.java:566)
	at org.codehaus.groovy.runtime.callsite.PlainObjectMetaMethodSite.doInvoke(PlainObjectMetaMethodSite.java:43)
	at org.codehaus.groovy.runtime.callsite.PogoMetaMethodSite$PogoCachedMethodSiteNoUnwrapNoCoerce.invoke(PogoMetaMethodSite.java:198)
	at org.codehaus.groovy.runtime.callsite.PogoMetaMethodSite.callCurrent(PogoMetaMethodSite.java:62)
	at org.codehaus.groovy.runtime.callsite.AbstractCallSite.callCurrent(AbstractCallSite.java:185)
	at io.restassured.internal.ResponseSpecificationImpl.statusCode(ResponseSpecificationImpl.groovy:135)
	at io.restassured.specification.ResponseSpecification$statusCode$2.callCurrent(Unknown Source)
	at org.codehaus.groovy.runtime.callsite.CallSiteArray.defaultCallCurrent(CallSiteArray.java:49)
	at org.codehaus.groovy.runtime.callsite.AbstractCallSite.callCurrent(AbstractCallSite.java:171)
	at org.codehaus.groovy.runtime.callsite.AbstractCallSite.callCurrent(AbstractCallSite.java:185)
	at io.restassured.internal.ResponseSpecificationImpl.statusCode(ResponseSpecificationImpl.groovy:143)
	at io.restassured.internal.ValidatableResponseOptionsImpl.statusCode(ValidatableResponseOptionsImpl.java:89)
	at GETAPITestsWithBDD.ContactsAPIsTest.getContactsAPITest(ContactsAPIsTest.java:33)
	at java.base/jdk.internal.reflect.NativeMethodAccessorImpl.invoke0(Native Method)
	at java.base/jdk.internal.reflect.NativeMethodAccessorImpl.invoke(NativeMethodAccessorImpl.java:62)
	at java.base/jdk.internal.reflect.DelegatingMethodAccessorImpl.invoke(DelegatingMethodAccessorImpl.java:43)
	at java.base/java.lang.reflect.Method.invoke(Method.java:566)
	at org.testng.internal.MethodInvocationHelper.invokeMethod(MethodInvocationHelper.java:133)
	at org.testng.internal.TestInvoker.invokeMethod(TestInvoker.java:584)
	at org.testng.internal.TestInvoker.invokeTestMethod(TestInvoker.java:172)
	at org.testng.internal.MethodRunner.runInSequence(MethodRunner.java:46)
	at org.testng.internal.TestInvoker$MethodInvocationAgent.invoke(TestInvoker.java:804)
	at org.testng.internal.TestInvoker.invokeTestMethods(TestInvoker.java:145)
	at org.testng.internal.TestMethodWorker.invokeTestMethods(TestMethodWorker.java:146)
	at org.testng.internal.TestMethodWorker.run(TestMethodWorker.java:128)
	at java.base/java.util.ArrayList.forEach(ArrayList.java:1541)
	at org.testng.TestRunner.privateRun(TestRunner.java:770)
	at org.testng.TestRunner.run(TestRunner.java:591)
	at org.testng.SuiteRunner.runTest(SuiteRunner.java:402)
	at org.testng.SuiteRunner.runSequentially(SuiteRunner.java:396)
	at org.testng.SuiteRunner.privateRun(SuiteRunner.java:355)
	at org.testng.SuiteRunner.run(SuiteRunner.java:304)
	at org.testng.SuiteRunnerWorker.runSuite(SuiteRunnerWorker.java:53)
	at org.testng.SuiteRunnerWorker.run(SuiteRunnerWorker.java:96)
	at org.testng.TestNG.runSuitesSequentially(TestNG.java:1180)
	at org.testng.TestNG.runSuitesLocally(TestNG.java:1102)
	at org.testng.TestNG.runSuites(TestNG.java:1032)
	at org.testng.TestNG.run(TestNG.java:1000)
	at org.apache.maven.surefire.testng.TestNGExecutor.run(TestNGExecutor.java:155)
	at org.apache.maven.surefire.testng.TestNGDirectoryTestSuite.executeMulti(TestNGDirectoryTestSuite.java:169)
	at org.apache.maven.surefire.testng.TestNGDirectoryTestSuite.execute(TestNGDirectoryTestSuite.java:88)
	at org.apache.maven.surefire.testng.TestNGProvider.invoke(TestNGProvider.java:137)
	at org.apache.maven.surefire.booter.ForkedBooter.runSuitesInProcess(ForkedBooter.java:385)
	at org.apache.maven.surefire.booter.ForkedBooter.execute(ForkedBooter.java:162)
	at org.apache.maven.surefire.booter.ForkedBooter.run(ForkedBooter.java:507)
	at org.apache.maven.surefire.booter.ForkedBooter.main(ForkedBooter.java:495)
]]></failure>
    <system-out><![CDATA[Request method:	GET
Request URI:	https://thinking-tester-contact-list.herokuapp.com/contacts
Proxy:			<none>
Request params:	<none>
Query params:	<none>
Form params:	<none>
Path params:	<none>
Headers:		Authorization=Bearer eyJhbGciOiJIUzI1NiIsInR5cCI6IkpXVCJ9.eyJfaWQiOiI2NDg3MWE2NmY2ZDEzYzAwMTM3Y2IzMWEiLCJpYXQiOjE3MjUyOTIxNTh9.3FBGhtqXaTsZWnbFNTTTgwx9c96ZdehVQEhj-AnGV8c
				Accept=*/*
Cookies:		<none>
Multiparts:		<none>
Body:			<none>
Request method:	GET
Request URI:	https://thinking-tester-contact-list.herokuapp.com/contacts
Proxy:			<none>
Request params:	<none>
Query params:	<none>
Form params:	<none>
Path params:	<none>
Headers:		Authorization=Bearer eyJhbGciOiJIUzI1NiIsInR5cCI6IkpXVCJ9.eyJfaWQiOiI2NDg3MWE2NmY2ZDEzYzAwMTM3Y2IzMWEiLCJpYXQiOjE3MjUyOTIxNTh9.3FBGhtqXaTsZWnbFNTTTgwx9c96ZdehVQEhj-AnGV8c
				Accept=*/*
Cookies:		<none>
Multiparts:		<none>
Body:			<none>
HTTP/1.1 401 Unauthorized
Server: Cowboy
Report-To: {"group":"heroku-nel","max_age":3600,"endpoints":[{"url":"https://nel.heroku.com/reports?ts=1744655804&sid=af571f24-03ee-46d1-9f90-ab9030c2c74c&s=okcFJ1GNPrleBrv1vFIDevp3TH7ePq%2FMrxpjJ3b1bNw%3D"}]}
Reporting-Endpoints: heroku-nel=https://nel.heroku.com/reports?ts=1744655804&sid=af571f24-03ee-46d1-9f90-ab9030c2c74c&s=okcFJ1GNPrleBrv1vFIDevp3TH7ePq%2FMrxpjJ3b1bNw%3D
Nel: {"report_to":"heroku-nel","max_age":3600,"success_fraction":0.005,"failure_fraction":0.05,"response_headers":["Via"]}
Connection: keep-alive
X-Powered-By: Express
Content-Type: application/json; charset=utf-8
Content-Length: 32
Etag: W/"20-l84Ae8oPqxLFOfh6GyOldXOyOfM"
Date: Mon, 14 Apr 2025 18:36:44 GMT
Via: 1.1 vegur

{
    "error": "Please authenticate."
}
]]></system-out>
  </testcase>
  <testcase name="getContactsAPITest_WithInvalidToken" classname="GETAPITestsWithBDD.ContactsAPIsTest" time="1.126">
    <system-out><![CDATA[Request method:	GET
Request URI:	https://thinking-tester-contact-list.herokuapp.com/contacts
Proxy:			<none>
Request params:	<none>
Query params:	<none>
Form params:	<none>
Path params:	<none>
Headers:		Authorization=Bearer -AnGV8c
				Accept=*/*
Cookies:		<none>
Multiparts:		<none>
Body:			<none>
Request method:	GET
Request URI:	https://thinking-tester-contact-list.herokuapp.com/contacts
Proxy:			<none>
Request params:	<none>
Query params:	<none>
Form params:	<none>
Path params:	<none>
Headers:		Authorization=Bearer -AnGV8c
				Accept=*/*
Cookies:		<none>
Multiparts:		<none>
Body:			<none>
HTTP/1.1 401 Unauthorized
Server: Cowboy
Report-To: {"group":"heroku-nel","max_age":3600,"endpoints":[{"url":"https://nel.heroku.com/reports?ts=1744655806&sid=af571f24-03ee-46d1-9f90-ab9030c2c74c&s=8wYZ6yjzMfAzGcV1VJpS407DkSOTC0wpJKhXsENXAOM%3D"}]}
Reporting-Endpoints: heroku-nel=https://nel.heroku.com/reports?ts=1744655806&sid=af571f24-03ee-46d1-9f90-ab9030c2c74c&s=8wYZ6yjzMfAzGcV1VJpS407DkSOTC0wpJKhXsENXAOM%3D
Nel: {"report_to":"heroku-nel","max_age":3600,"success_fraction":0.005,"failure_fraction":0.05,"response_headers":["Via"]}
Connection: keep-alive
X-Powered-By: Express
Content-Type: application/json; charset=utf-8
Content-Length: 32
Etag: W/"20-l84Ae8oPqxLFOfh6GyOldXOyOfM"
Date: Mon, 14 Apr 2025 18:36:46 GMT
Via: 1.1 vegur

{
    "error": "Please authenticate."
}
]]></system-out>
  </testcase>
  <testcase name="circuitApiTest_Xml" classname="XMLAPIs.XMLPathTest" time="1.794">
    <system-out><![CDATA[<?xml version="1.0" encoding="utf-8"?>
<?xml-stylesheet type="text/xsl" href="/schemas/mrd-1.5.xsl"?>
<MRData xmlns="http://ergast.com/mrd/1.5" series="f1" url="http://ergast.com/api/f1/2017/circuits.xml" limit="30" offset="0" total="20">
	<CircuitTable season="2017">
		<Circuit circuitId="albert_park" url="http://en.wikipedia.org/wiki/Melbourne_Grand_Prix_Circuit">
			<CircuitName>Albert Park Grand Prix Circuit</CircuitName>
			<Location lat="-37.8497" long="144.968">
				<Locality>Melbourne</Locality>
				<Country>Australia</Country>
			</Location>
		</Circuit>
		<Circuit circuitId="americas" url="http://en.wikipedia.org/wiki/Circuit_of_the_Americas">
			<CircuitName>Circuit of the Americas</CircuitName>
			<Location lat="30.1328" long="-97.6411">
				<Locality>Austin</Locality>
				<Country>USA</Country>
			</Location>
		</Circuit>
		<Circuit circuitId="bahrain" url="http://en.wikipedia.org/wiki/Bahrain_International_Circuit">
			<CircuitName>Bahrain International Circuit</CircuitName>
			<Location lat="26.0325" long="50.5106">
				<Locality>Sakhir</Locality>
				<Country>Bahrain</Country>
			</Location>
		</Circuit>
		<Circuit circuitId="baku" url="http://en.wikipedia.org/wiki/Baku_City_Circuit">
			<CircuitName>Baku City Circuit</CircuitName>
			<Location lat="40.3725" long="49.8533">
				<Locality>Baku</Locality>
				<Country>Azerbaijan</Country>
			</Location>
		</Circuit>
		<Circuit circuitId="catalunya" url="http://en.wikipedia.org/wiki/Circuit_de_Barcelona-Catalunya">
			<CircuitName>Circuit de Barcelona-Catalunya</CircuitName>
			<Location lat="41.57" long="2.26111">
				<Locality>Montmeló</Locality>
				<Country>Spain</Country>
			</Location>
		</Circuit>
		<Circuit circuitId="hungaroring" url="http://en.wikipedia.org/wiki/Hungaroring">
			<CircuitName>Hungaroring</CircuitName>
			<Location lat="47.5789" long="19.2486">
				<Locality>Budapest</Locality>
				<Country>Hungary</Country>
			</Location>
		</Circuit>
		<Circuit circuitId="interlagos" url="http://en.wikipedia.org/wiki/Aut%C3%B3dromo_Jos%C3%A9_Carlos_Pace">
			<CircuitName>Autódromo José Carlos Pace</CircuitName>
			<Location lat="-23.7036" long="-46.6997">
				<Locality>São Paulo</Locality>
				<Country>Brazil</Country>
			</Location>
		</Circuit>
		<Circuit circuitId="marina_bay" url="http://en.wikipedia.org/wiki/Marina_Bay_Street_Circuit">
			<CircuitName>Marina Bay Street Circuit</CircuitName>
			<Location lat="1.2914" long="103.864">
				<Locality>Marina Bay</Locality>
				<Country>Singapore</Country>
			</Location>
		</Circuit>
		<Circuit circuitId="monaco" url="http://en.wikipedia.org/wiki/Circuit_de_Monaco">
			<CircuitName>Circuit de Monaco</CircuitName>
			<Location lat="43.7347" long="7.42056">
				<Locality>Monte-Carlo</Locality>
				<Country>Monaco</Country>
			</Location>
		</Circuit>
		<Circuit circuitId="monza" url="http://en.wikipedia.org/wiki/Autodromo_Nazionale_Monza">
			<CircuitName>Autodromo Nazionale di Monza</CircuitName>
			<Location lat="45.6156" long="9.28111">
				<Locality>Monza</Locality>
				<Country>Italy</Country>
			</Location>
		</Circuit>
		<Circuit circuitId="red_bull_ring" url="http://en.wikipedia.org/wiki/Red_Bull_Ring">
			<CircuitName>Red Bull Ring</CircuitName>
			<Location lat="47.2197" long="14.7647">
				<Locality>Spielberg</Locality>
				<Country>Austria</Country>
			</Location>
		</Circuit>
		<Circuit circuitId="rodriguez" url="http://en.wikipedia.org/wiki/Aut%C3%B3dromo_Hermanos_Rodr%C3%ADguez">
			<CircuitName>Autódromo Hermanos Rodríguez</CircuitName>
			<Location lat="19.4042" long="-99.0907">
				<Locality>Mexico City</Locality>
				<Country>Mexico</Country>
			</Location>
		</Circuit>
		<Circuit circuitId="sepang" url="http://en.wikipedia.org/wiki/Sepang_International_Circuit">
			<CircuitName>Sepang International Circuit</CircuitName>
			<Location lat="2.76083" long="101.738">
				<Locality>Kuala Lumpur</Locality>
				<Country>Malaysia</Country>
			</Location>
		</Circuit>
		<Circuit circuitId="shanghai" url="http://en.wikipedia.org/wiki/Shanghai_International_Circuit">
			<CircuitName>Shanghai International Circuit</CircuitName>
			<Location lat="31.3389" long="121.22">
				<Locality>Shanghai</Locality>
				<Country>China</Country>
			</Location>
		</Circuit>
		<Circuit circuitId="silverstone" url="http://en.wikipedia.org/wiki/Silverstone_Circuit">
			<CircuitName>Silverstone Circuit</CircuitName>
			<Location lat="52.0786" long="-1.01694">
				<Locality>Silverstone</Locality>
				<Country>UK</Country>
			</Location>
		</Circuit>
		<Circuit circuitId="sochi" url="http://en.wikipedia.org/wiki/Sochi_Autodrom">
			<CircuitName>Sochi Autodrom</CircuitName>
			<Location lat="43.4057" long="39.9578">
				<Locality>Sochi</Locality>
				<Country>Russia</Country>
			</Location>
		</Circuit>
		<Circuit circuitId="spa" url="http://en.wikipedia.org/wiki/Circuit_de_Spa-Francorchamps">
			<CircuitName>Circuit de Spa-Francorchamps</CircuitName>
			<Location lat="50.4372" long="5.97139">
				<Locality>Spa</Locality>
				<Country>Belgium</Country>
			</Location>
		</Circuit>
		<Circuit circuitId="suzuka" url="http://en.wikipedia.org/wiki/Suzuka_Circuit">
			<CircuitName>Suzuka Circuit</CircuitName>
			<Location lat="34.8431" long="136.541">
				<Locality>Suzuka</Locality>
				<Country>Japan</Country>
			</Location>
		</Circuit>
		<Circuit circuitId="villeneuve" url="http://en.wikipedia.org/wiki/Circuit_Gilles_Villeneuve">
			<CircuitName>Circuit Gilles Villeneuve</CircuitName>
			<Location lat="45.5" long="-73.5228">
				<Locality>Montreal</Locality>
				<Country>Canada</Country>
			</Location>
		</Circuit>
		<Circuit circuitId="yas_marina" url="http://en.wikipedia.org/wiki/Yas_Marina_Circuit">
			<CircuitName>Yas Marina Circuit</CircuitName>
			<Location lat="24.4672" long="54.6031">
				<Locality>Abu Dhabi</Locality>
				<Country>UAE</Country>
			</Location>
		</Circuit>
	</CircuitTable>
</MRData>

total circuits: 20
--------------------
Albert Park Grand Prix Circuit
Circuit of the Americas
Bahrain International Circuit
Baku City Circuit
Circuit de Barcelona-Catalunya
Hungaroring
Autódromo José Carlos Pace
Marina Bay Street Circuit
Circuit de Monaco
Autodromo Nazionale di Monza
Red Bull Ring
Autódromo Hermanos Rodríguez
Sepang International Circuit
Shanghai International Circuit
Silverstone Circuit
Sochi Autodrom
Circuit de Spa-Francorchamps
Suzuka Circuit
Circuit Gilles Villeneuve
Yas Marina Circuit
--------------------
Austin
--------------------
USA
--------------------
[Austin, Sakhir]
]]></system-out>
  </testcase>
  <testcase name="getEmailByNameUsingGPath" classname="XMLAPIs.XMLPathTest" time="1.074">
    <failure message="Email mismatch expected [chakrika_naik@sanford.test] but found [[]]" type="java.lang.AssertionError"><![CDATA[java.lang.AssertionError: Email mismatch expected [chakrika_naik@sanford.test] but found [[]]
	at org.testng.Assert.fail(Assert.java:97)
	at org.testng.Assert.assertEqualsImpl(Assert.java:136)
	at org.testng.Assert.assertEquals(Assert.java:118)
	at org.testng.Assert.assertEquals(Assert.java:575)
	at XMLAPIs.XMLPathTest.getEmailByNameUsingGPath(XMLPathTest.java:196)
	at java.base/jdk.internal.reflect.NativeMethodAccessorImpl.invoke0(Native Method)
	at java.base/jdk.internal.reflect.NativeMethodAccessorImpl.invoke(NativeMethodAccessorImpl.java:62)
	at java.base/jdk.internal.reflect.DelegatingMethodAccessorImpl.invoke(DelegatingMethodAccessorImpl.java:43)
	at java.base/java.lang.reflect.Method.invoke(Method.java:566)
	at org.testng.internal.MethodInvocationHelper.invokeMethod(MethodInvocationHelper.java:133)
	at org.testng.internal.TestInvoker.invokeMethod(TestInvoker.java:584)
	at org.testng.internal.TestInvoker.invokeTestMethod(TestInvoker.java:172)
	at org.testng.internal.MethodRunner.runInSequence(MethodRunner.java:46)
	at org.testng.internal.TestInvoker$MethodInvocationAgent.invoke(TestInvoker.java:804)
	at org.testng.internal.TestInvoker.invokeTestMethods(TestInvoker.java:145)
	at org.testng.internal.TestMethodWorker.invokeTestMethods(TestMethodWorker.java:146)
	at org.testng.internal.TestMethodWorker.run(TestMethodWorker.java:128)
	at java.base/java.util.ArrayList.forEach(ArrayList.java:1541)
	at org.testng.TestRunner.privateRun(TestRunner.java:770)
	at org.testng.TestRunner.run(TestRunner.java:591)
	at org.testng.SuiteRunner.runTest(SuiteRunner.java:402)
	at org.testng.SuiteRunner.runSequentially(SuiteRunner.java:396)
	at org.testng.SuiteRunner.privateRun(SuiteRunner.java:355)
	at org.testng.SuiteRunner.run(SuiteRunner.java:304)
	at org.testng.SuiteRunnerWorker.runSuite(SuiteRunnerWorker.java:53)
	at org.testng.SuiteRunnerWorker.run(SuiteRunnerWorker.java:96)
	at org.testng.TestNG.runSuitesSequentially(TestNG.java:1180)
	at org.testng.TestNG.runSuitesLocally(TestNG.java:1102)
	at org.testng.TestNG.runSuites(TestNG.java:1032)
	at org.testng.TestNG.run(TestNG.java:1000)
	at org.apache.maven.surefire.testng.TestNGExecutor.run(TestNGExecutor.java:155)
	at org.apache.maven.surefire.testng.TestNGDirectoryTestSuite.executeMulti(TestNGDirectoryTestSuite.java:169)
	at org.apache.maven.surefire.testng.TestNGDirectoryTestSuite.execute(TestNGDirectoryTestSuite.java:88)
	at org.apache.maven.surefire.testng.TestNGProvider.invoke(TestNGProvider.java:137)
	at org.apache.maven.surefire.booter.ForkedBooter.runSuitesInProcess(ForkedBooter.java:385)
	at org.apache.maven.surefire.booter.ForkedBooter.execute(ForkedBooter.java:162)
	at org.apache.maven.surefire.booter.ForkedBooter.run(ForkedBooter.java:507)
	at org.apache.maven.surefire.booter.ForkedBooter.main(ForkedBooter.java:495)
]]></failure>
    <system-out><![CDATA[[]
]]></system-out>
  </testcase>
  <testcase name="getNameAndEmailByIdUsingGPath" classname="XMLAPIs.XMLPathTest" time="0.998">
    <failure message="Name mismatch expected [Chakrika Naik] but found []" type="java.lang.AssertionError"><![CDATA[java.lang.AssertionError: Name mismatch expected [Chakrika Naik] but found []
	at org.testng.Assert.fail(Assert.java:97)
	at org.testng.Assert.assertEqualsImpl(Assert.java:136)
	at org.testng.Assert.assertEquals(Assert.java:118)
	at org.testng.Assert.assertEquals(Assert.java:575)
	at XMLAPIs.XMLPathTest.getNameAndEmailByIdUsingGPath(XMLPathTest.java:215)
	at java.base/jdk.internal.reflect.NativeMethodAccessorImpl.invoke0(Native Method)
	at java.base/jdk.internal.reflect.NativeMethodAccessorImpl.invoke(NativeMethodAccessorImpl.java:62)
	at java.base/jdk.internal.reflect.DelegatingMethodAccessorImpl.invoke(DelegatingMethodAccessorImpl.java:43)
	at java.base/java.lang.reflect.Method.invoke(Method.java:566)
	at org.testng.internal.MethodInvocationHelper.invokeMethod(MethodInvocationHelper.java:133)
	at org.testng.internal.TestInvoker.invokeMethod(TestInvoker.java:584)
	at org.testng.internal.TestInvoker.invokeTestMethod(TestInvoker.java:172)
	at org.testng.internal.MethodRunner.runInSequence(MethodRunner.java:46)
	at org.testng.internal.TestInvoker$MethodInvocationAgent.invoke(TestInvoker.java:804)
	at org.testng.internal.TestInvoker.invokeTestMethods(TestInvoker.java:145)
	at org.testng.internal.TestMethodWorker.invokeTestMethods(TestMethodWorker.java:146)
	at org.testng.internal.TestMethodWorker.run(TestMethodWorker.java:128)
	at java.base/java.util.ArrayList.forEach(ArrayList.java:1541)
	at org.testng.TestRunner.privateRun(TestRunner.java:770)
	at org.testng.TestRunner.run(TestRunner.java:591)
	at org.testng.SuiteRunner.runTest(SuiteRunner.java:402)
	at org.testng.SuiteRunner.runSequentially(SuiteRunner.java:396)
	at org.testng.SuiteRunner.privateRun(SuiteRunner.java:355)
	at org.testng.SuiteRunner.run(SuiteRunner.java:304)
	at org.testng.SuiteRunnerWorker.runSuite(SuiteRunnerWorker.java:53)
	at org.testng.SuiteRunnerWorker.run(SuiteRunnerWorker.java:96)
	at org.testng.TestNG.runSuitesSequentially(TestNG.java:1180)
	at org.testng.TestNG.runSuitesLocally(TestNG.java:1102)
	at org.testng.TestNG.runSuites(TestNG.java:1032)
	at org.testng.TestNG.run(TestNG.java:1000)
	at org.apache.maven.surefire.testng.TestNGExecutor.run(TestNGExecutor.java:155)
	at org.apache.maven.surefire.testng.TestNGDirectoryTestSuite.executeMulti(TestNGDirectoryTestSuite.java:169)
	at org.apache.maven.surefire.testng.TestNGDirectoryTestSuite.execute(TestNGDirectoryTestSuite.java:88)
	at org.apache.maven.surefire.testng.TestNGProvider.invoke(TestNGProvider.java:137)
	at org.apache.maven.surefire.booter.ForkedBooter.runSuitesInProcess(ForkedBooter.java:385)
	at org.apache.maven.surefire.booter.ForkedBooter.execute(ForkedBooter.java:162)
	at org.apache.maven.surefire.booter.ForkedBooter.run(ForkedBooter.java:507)
	at org.apache.maven.surefire.booter.ForkedBooter.main(ForkedBooter.java:495)
]]></failure>
    <system-out><![CDATA[

]]></system-out>
  </testcase>
  <testcase name="getNameEmailAndIdTypeByIdUsingGPath" classname="XMLAPIs.XMLPathTest" time="0.951">
    <failure message="Name mismatch expected [Chakrika Naik] but found []" type="java.lang.AssertionError"><![CDATA[java.lang.AssertionError: Name mismatch expected [Chakrika Naik] but found []
	at org.testng.Assert.fail(Assert.java:97)
	at org.testng.Assert.assertEqualsImpl(Assert.java:136)
	at org.testng.Assert.assertEquals(Assert.java:118)
	at org.testng.Assert.assertEquals(Assert.java:575)
	at XMLAPIs.XMLPathTest.getNameEmailAndIdTypeByIdUsingGPath(XMLPathTest.java:241)
	at java.base/jdk.internal.reflect.NativeMethodAccessorImpl.invoke0(Native Method)
	at java.base/jdk.internal.reflect.NativeMethodAccessorImpl.invoke(NativeMethodAccessorImpl.java:62)
	at java.base/jdk.internal.reflect.DelegatingMethodAccessorImpl.invoke(DelegatingMethodAccessorImpl.java:43)
	at java.base/java.lang.reflect.Method.invoke(Method.java:566)
	at org.testng.internal.MethodInvocationHelper.invokeMethod(MethodInvocationHelper.java:133)
	at org.testng.internal.TestInvoker.invokeMethod(TestInvoker.java:584)
	at org.testng.internal.TestInvoker.invokeTestMethod(TestInvoker.java:172)
	at org.testng.internal.MethodRunner.runInSequence(MethodRunner.java:46)
	at org.testng.internal.TestInvoker$MethodInvocationAgent.invoke(TestInvoker.java:804)
	at org.testng.internal.TestInvoker.invokeTestMethods(TestInvoker.java:145)
	at org.testng.internal.TestMethodWorker.invokeTestMethods(TestMethodWorker.java:146)
	at org.testng.internal.TestMethodWorker.run(TestMethodWorker.java:128)
	at java.base/java.util.ArrayList.forEach(ArrayList.java:1541)
	at org.testng.TestRunner.privateRun(TestRunner.java:770)
	at org.testng.TestRunner.run(TestRunner.java:591)
	at org.testng.SuiteRunner.runTest(SuiteRunner.java:402)
	at org.testng.SuiteRunner.runSequentially(SuiteRunner.java:396)
	at org.testng.SuiteRunner.privateRun(SuiteRunner.java:355)
	at org.testng.SuiteRunner.run(SuiteRunner.java:304)
	at org.testng.SuiteRunnerWorker.runSuite(SuiteRunnerWorker.java:53)
	at org.testng.SuiteRunnerWorker.run(SuiteRunnerWorker.java:96)
	at org.testng.TestNG.runSuitesSequentially(TestNG.java:1180)
	at org.testng.TestNG.runSuitesLocally(TestNG.java:1102)
	at org.testng.TestNG.runSuites(TestNG.java:1032)
	at org.testng.TestNG.run(TestNG.java:1000)
	at org.apache.maven.surefire.testng.TestNGExecutor.run(TestNGExecutor.java:155)
	at org.apache.maven.surefire.testng.TestNGDirectoryTestSuite.executeMulti(TestNGDirectoryTestSuite.java:169)
	at org.apache.maven.surefire.testng.TestNGDirectoryTestSuite.execute(TestNGDirectoryTestSuite.java:88)
	at org.apache.maven.surefire.testng.TestNGProvider.invoke(TestNGProvider.java:137)
	at org.apache.maven.surefire.booter.ForkedBooter.runSuitesInProcess(ForkedBooter.java:385)
	at org.apache.maven.surefire.booter.ForkedBooter.execute(ForkedBooter.java:162)
	at org.apache.maven.surefire.booter.ForkedBooter.run(ForkedBooter.java:507)
	at org.apache.maven.surefire.booter.ForkedBooter.main(ForkedBooter.java:495)
]]></failure>
    <system-out><![CDATA[


null
]]></system-out>
  </testcase>
  <testcase name="testFetchUserById" classname="XMLAPIs.XMLPathTest" time="0.68">
    <system-out><![CDATA[Name: 
Email: 
]]></system-out>
  </testcase>
  <testcase name="testFetchUserIdByName" classname="XMLAPIs.XMLPathTest" time="0.943">
    <system-out><![CDATA[User ID for Gemine Marar: 
]]></system-out>
  </testcase>
  <testcase name="xmlPathTest" classname="XMLAPIs.XMLPathTest" time="0.349">
    <system-out><![CDATA[<?xml version="1.0" encoding="utf-8"?>
<?xml-stylesheet type="text/xsl" href="/schemas/mrd-1.5.xsl"?>
<MRData xmlns="http://ergast.com/mrd/1.5" series="f1" url="http://ergast.com/api/f1/2017/circuits.xml" limit="30" offset="0" total="20">
	<CircuitTable season="2017">
		<Circuit circuitId="albert_park" url="http://en.wikipedia.org/wiki/Melbourne_Grand_Prix_Circuit">
			<CircuitName>Albert Park Grand Prix Circuit</CircuitName>
			<Location lat="-37.8497" long="144.968">
				<Locality>Melbourne</Locality>
				<Country>Australia</Country>
			</Location>
		</Circuit>
		<Circuit circuitId="americas" url="http://en.wikipedia.org/wiki/Circuit_of_the_Americas">
			<CircuitName>Circuit of the Americas</CircuitName>
			<Location lat="30.1328" long="-97.6411">
				<Locality>Austin</Locality>
				<Country>USA</Country>
			</Location>
		</Circuit>
		<Circuit circuitId="bahrain" url="http://en.wikipedia.org/wiki/Bahrain_International_Circuit">
			<CircuitName>Bahrain International Circuit</CircuitName>
			<Location lat="26.0325" long="50.5106">
				<Locality>Sakhir</Locality>
				<Country>Bahrain</Country>
			</Location>
		</Circuit>
		<Circuit circuitId="baku" url="http://en.wikipedia.org/wiki/Baku_City_Circuit">
			<CircuitName>Baku City Circuit</CircuitName>
			<Location lat="40.3725" long="49.8533">
				<Locality>Baku</Locality>
				<Country>Azerbaijan</Country>
			</Location>
		</Circuit>
		<Circuit circuitId="catalunya" url="http://en.wikipedia.org/wiki/Circuit_de_Barcelona-Catalunya">
			<CircuitName>Circuit de Barcelona-Catalunya</CircuitName>
			<Location lat="41.57" long="2.26111">
				<Locality>Montmeló</Locality>
				<Country>Spain</Country>
			</Location>
		</Circuit>
		<Circuit circuitId="hungaroring" url="http://en.wikipedia.org/wiki/Hungaroring">
			<CircuitName>Hungaroring</CircuitName>
			<Location lat="47.5789" long="19.2486">
				<Locality>Budapest</Locality>
				<Country>Hungary</Country>
			</Location>
		</Circuit>
		<Circuit circuitId="interlagos" url="http://en.wikipedia.org/wiki/Aut%C3%B3dromo_Jos%C3%A9_Carlos_Pace">
			<CircuitName>Autódromo José Carlos Pace</CircuitName>
			<Location lat="-23.7036" long="-46.6997">
				<Locality>São Paulo</Locality>
				<Country>Brazil</Country>
			</Location>
		</Circuit>
		<Circuit circuitId="marina_bay" url="http://en.wikipedia.org/wiki/Marina_Bay_Street_Circuit">
			<CircuitName>Marina Bay Street Circuit</CircuitName>
			<Location lat="1.2914" long="103.864">
				<Locality>Marina Bay</Locality>
				<Country>Singapore</Country>
			</Location>
		</Circuit>
		<Circuit circuitId="monaco" url="http://en.wikipedia.org/wiki/Circuit_de_Monaco">
			<CircuitName>Circuit de Monaco</CircuitName>
			<Location lat="43.7347" long="7.42056">
				<Locality>Monte-Carlo</Locality>
				<Country>Monaco</Country>
			</Location>
		</Circuit>
		<Circuit circuitId="monza" url="http://en.wikipedia.org/wiki/Autodromo_Nazionale_Monza">
			<CircuitName>Autodromo Nazionale di Monza</CircuitName>
			<Location lat="45.6156" long="9.28111">
				<Locality>Monza</Locality>
				<Country>Italy</Country>
			</Location>
		</Circuit>
		<Circuit circuitId="red_bull_ring" url="http://en.wikipedia.org/wiki/Red_Bull_Ring">
			<CircuitName>Red Bull Ring</CircuitName>
			<Location lat="47.2197" long="14.7647">
				<Locality>Spielberg</Locality>
				<Country>Austria</Country>
			</Location>
		</Circuit>
		<Circuit circuitId="rodriguez" url="http://en.wikipedia.org/wiki/Aut%C3%B3dromo_Hermanos_Rodr%C3%ADguez">
			<CircuitName>Autódromo Hermanos Rodríguez</CircuitName>
			<Location lat="19.4042" long="-99.0907">
				<Locality>Mexico City</Locality>
				<Country>Mexico</Country>
			</Location>
		</Circuit>
		<Circuit circuitId="sepang" url="http://en.wikipedia.org/wiki/Sepang_International_Circuit">
			<CircuitName>Sepang International Circuit</CircuitName>
			<Location lat="2.76083" long="101.738">
				<Locality>Kuala Lumpur</Locality>
				<Country>Malaysia</Country>
			</Location>
		</Circuit>
		<Circuit circuitId="shanghai" url="http://en.wikipedia.org/wiki/Shanghai_International_Circuit">
			<CircuitName>Shanghai International Circuit</CircuitName>
			<Location lat="31.3389" long="121.22">
				<Locality>Shanghai</Locality>
				<Country>China</Country>
			</Location>
		</Circuit>
		<Circuit circuitId="silverstone" url="http://en.wikipedia.org/wiki/Silverstone_Circuit">
			<CircuitName>Silverstone Circuit</CircuitName>
			<Location lat="52.0786" long="-1.01694">
				<Locality>Silverstone</Locality>
				<Country>UK</Country>
			</Location>
		</Circuit>
		<Circuit circuitId="sochi" url="http://en.wikipedia.org/wiki/Sochi_Autodrom">
			<CircuitName>Sochi Autodrom</CircuitName>
			<Location lat="43.4057" long="39.9578">
				<Locality>Sochi</Locality>
				<Country>Russia</Country>
			</Location>
		</Circuit>
		<Circuit circuitId="spa" url="http://en.wikipedia.org/wiki/Circuit_de_Spa-Francorchamps">
			<CircuitName>Circuit de Spa-Francorchamps</CircuitName>
			<Location lat="50.4372" long="5.97139">
				<Locality>Spa</Locality>
				<Country>Belgium</Country>
			</Location>
		</Circuit>
		<Circuit circuitId="suzuka" url="http://en.wikipedia.org/wiki/Suzuka_Circuit">
			<CircuitName>Suzuka Circuit</CircuitName>
			<Location lat="34.8431" long="136.541">
				<Locality>Suzuka</Locality>
				<Country>Japan</Country>
			</Location>
		</Circuit>
		<Circuit circuitId="villeneuve" url="http://en.wikipedia.org/wiki/Circuit_Gilles_Villeneuve">
			<CircuitName>Circuit Gilles Villeneuve</CircuitName>
			<Location lat="45.5" long="-73.5228">
				<Locality>Montreal</Locality>
				<Country>Canada</Country>
			</Location>
		</Circuit>
		<Circuit circuitId="yas_marina" url="http://en.wikipedia.org/wiki/Yas_Marina_Circuit">
			<CircuitName>Yas Marina Circuit</CircuitName>
			<Location lat="24.4672" long="54.6031">
				<Locality>Abu Dhabi</Locality>
				<Country>UAE</Country>
			</Location>
		</Circuit>
	</CircuitTable>
</MRData>

albert_park
americas
bahrain
baku
catalunya
hungaroring
interlagos
marina_bay
monaco
monza
red_bull_ring
rodriguez
sepang
shanghai
silverstone
sochi
spa
suzuka
villeneuve
yas_marina
--------------
26.0325
50.5106
--------------
http://en.wikipedia.org/wiki/Circuit_of_the_Americas
--------------
]]></system-out>
  </testcase>
  <testcase name="xmlTest" classname="XMLAPIs.XMLPathTest" time="0.032">
    <system-out><![CDATA[total circuits: 20
--------------------
Albert Park Grand Prix Circuit
Circuit of the Americas
Bahrain International Circuit
Baku City Circuit
Circuit de Barcelona-Catalunya
Hungaroring
Autódromo José Carlos Pace
Marina Bay Street Circuit
Circuit de Monaco
Autodromo Nazionale di Monza
Red Bull Ring
Autódromo Hermanos Rodríguez
Sepang International Circuit
Shanghai International Circuit
Silverstone Circuit
Sochi Autodrom
Circuit de Spa-Francorchamps
Suzuka Circuit
Circuit Gilles Villeneuve
Yas Marina Circuit
----
Austin
]]></system-out>
  </testcase>
  <testcase name="xmlTest_With_XMLResponse_Desrialization" classname="XMLAPIs.XMLPathTest" time="0.641">
    <system-out><![CDATA[f1
2017
]]></system-out>
  </testcase>
  <testcase name="createBookingTest" classname="BookingAPITests.BookingApiFeatureTests" time="1.365">
    <system-out><![CDATA[Request method:	POST
Request URI:	https://restful-booker.herokuapp.com/auth
Proxy:			<none>
Request params:	<none>
Query params:	<none>
Form params:	<none>
Path params:	<none>
Headers:		Accept=*/*
				Content-Type=application/json
Cookies:		<none>
Multiparts:		<none>
Body:
./src/test/resources/jsons/auth.json
Request method:	POST
Request URI:	https://restful-booker.herokuapp.com/auth
Proxy:			<none>
Request params:	<none>
Query params:	<none>
Form params:	<none>
Path params:	<none>
Headers:		Accept=*/*
				Content-Type=application/json
Cookies:		<none>
Multiparts:		<none>
Body:
./src/test/resources/jsons/auth.json
HTTP/1.1 200 OK
Server: Cowboy
Report-To: {"group":"heroku-nel","max_age":3600,"endpoints":[{"url":"https://nel.heroku.com/reports?ts=1744655814&sid=c46efe9b-d3d2-4a0c-8c76-bfafa16c5add&s=9GgCMv8FbaiVnwzlnGelnVsqNInZuiCId6AUqmx411c%3D"}]}
Reporting-Endpoints: heroku-nel=https://nel.heroku.com/reports?ts=1744655814&sid=c46efe9b-d3d2-4a0c-8c76-bfafa16c5add&s=9GgCMv8FbaiVnwzlnGelnVsqNInZuiCId6AUqmx411c%3D
Nel: {"report_to":"heroku-nel","max_age":3600,"success_fraction":0.005,"failure_fraction":0.05,"response_headers":["Via"]}
Connection: keep-alive
X-Powered-By: Express
Content-Type: application/json; charset=utf-8
Content-Length: 27
Etag: W/"1b-6swhU4qImi3ATwWHMmB9WD1772s"
Date: Mon, 14 Apr 2025 18:36:55 GMT
Via: 1.1 vegur

{
    "token": "c6d98e418685e70"
}
tokenId ==>c6d98e418685e70
booking id: 3063
]]></system-out>
  </testcase>
  <testcase name="deleteBookingTest" classname="BookingAPITests.BookingApiFeatureTests" time="3.945">
    <system-out><![CDATA[Request method:	POST
Request URI:	https://restful-booker.herokuapp.com/auth
Proxy:			<none>
Request params:	<none>
Query params:	<none>
Form params:	<none>
Path params:	<none>
Headers:		Accept=*/*
				Content-Type=application/json
Cookies:		<none>
Multiparts:		<none>
Body:
./src/test/resources/jsons/auth.json
Request method:	POST
Request URI:	https://restful-booker.herokuapp.com/auth
Proxy:			<none>
Request params:	<none>
Query params:	<none>
Form params:	<none>
Path params:	<none>
Headers:		Accept=*/*
				Content-Type=application/json
Cookies:		<none>
Multiparts:		<none>
Body:
./src/test/resources/jsons/auth.json
HTTP/1.1 200 OK
Server: Cowboy
Report-To: {"group":"heroku-nel","max_age":3600,"endpoints":[{"url":"https://nel.heroku.com/reports?ts=1744655817&sid=c46efe9b-d3d2-4a0c-8c76-bfafa16c5add&s=SRS9kZ7e%2FMAh%2BzTNL6ovxj7XFX54wO4TUw%2BMSA5bxu4%3D"}]}
Reporting-Endpoints: heroku-nel=https://nel.heroku.com/reports?ts=1744655817&sid=c46efe9b-d3d2-4a0c-8c76-bfafa16c5add&s=SRS9kZ7e%2FMAh%2BzTNL6ovxj7XFX54wO4TUw%2BMSA5bxu4%3D
Nel: {"report_to":"heroku-nel","max_age":3600,"success_fraction":0.005,"failure_fraction":0.05,"response_headers":["Via"]}
Connection: keep-alive
X-Powered-By: Express
Content-Type: application/json; charset=utf-8
Content-Length: 27
Etag: W/"1b-/RkvfTZb7idBuHujzF4pPehzB/E"
Date: Mon, 14 Apr 2025 18:36:57 GMT
Via: 1.1 vegur

{
    "token": "4b76a33deb9e713"
}
tokenId ==>4b76a33deb9e713
booking id: 3087
Request method:	GET
Request URI:	https://restful-booker.herokuapp.com/booking/3087
Proxy:			<none>
Request params:	<none>
Query params:	<none>
Form params:	<none>
Path params:	bookingId=3087
Headers:		Accept=*/*
Cookies:		<none>
Multiparts:		<none>
Body:			<none>
HTTP/1.1 200 OK
Server: Cowboy
Report-To: {"group":"heroku-nel","max_age":3600,"endpoints":[{"url":"https://nel.heroku.com/reports?ts=1744655820&sid=c46efe9b-d3d2-4a0c-8c76-bfafa16c5add&s=W4X0FTWRVd7jQgBwioVsWm4AoFjyVBHtFR1Xr9VUiHc%3D"}]}
Reporting-Endpoints: heroku-nel=https://nel.heroku.com/reports?ts=1744655820&sid=c46efe9b-d3d2-4a0c-8c76-bfafa16c5add&s=W4X0FTWRVd7jQgBwioVsWm4AoFjyVBHtFR1Xr9VUiHc%3D
Nel: {"report_to":"heroku-nel","max_age":3600,"success_fraction":0.005,"failure_fraction":0.05,"response_headers":["Via"]}
Connection: keep-alive
X-Powered-By: Express
Content-Type: application/json; charset=utf-8
Content-Length: 168
Etag: W/"a8-p5uB2C7mxZA3HXJZF+tJCDJr8VE"
Date: Mon, 14 Apr 2025 18:37:00 GMT
Via: 1.1 vegur

{
    "firstname": "Jim",
    "lastname": "Brown",
    "totalprice": 111,
    "depositpaid": true,
    "bookingdates": {
        "checkin": "2018-01-01",
        "checkout": "2019-01-01"
    },
    "additionalneeds": "Breakfast"
}
Request method:	DELETE
Request URI:	https://restful-booker.herokuapp.com/booking/3087
Proxy:			<none>
Request params:	<none>
Query params:	<none>
Form params:	<none>
Path params:	bookingId=3087
Headers:		Cookie=token=4b76a33deb9e713
				Accept=*/*
				Content-Type=application/json
Cookies:		<none>
Multiparts:		<none>
Body:			<none>
HTTP/1.1 201 Created
Server: Cowboy
Report-To: {"group":"heroku-nel","max_age":3600,"endpoints":[{"url":"https://nel.heroku.com/reports?ts=1744655821&sid=c46efe9b-d3d2-4a0c-8c76-bfafa16c5add&s=3Jb7l79VZGz%2BGAW54RGMkOJ2tMHuycGTAzUf4%2FrEnOA%3D"}]}
Reporting-Endpoints: heroku-nel=https://nel.heroku.com/reports?ts=1744655821&sid=c46efe9b-d3d2-4a0c-8c76-bfafa16c5add&s=3Jb7l79VZGz%2BGAW54RGMkOJ2tMHuycGTAzUf4%2FrEnOA%3D
Nel: {"report_to":"heroku-nel","max_age":3600,"success_fraction":0.005,"failure_fraction":0.05,"response_headers":["Via"]}
Connection: keep-alive
X-Powered-By: Express
Content-Type: text/plain; charset=utf-8
Content-Length: 7
Etag: W/"7-rM9AyJuqT6iOan/xHh+AW+7K/T8"
Date: Mon, 14 Apr 2025 18:37:01 GMT
Via: 1.1 vegur

Created
]]></system-out>
  </testcase>
  <testcase name="getBookingIdTest" classname="BookingAPITests.BookingApiFeatureTests" time="2.7">
    <system-out><![CDATA[Request method:	POST
Request URI:	https://restful-booker.herokuapp.com/auth
Proxy:			<none>
Request params:	<none>
Query params:	<none>
Form params:	<none>
Path params:	<none>
Headers:		Accept=*/*
				Content-Type=application/json
Cookies:		<none>
Multiparts:		<none>
Body:
./src/test/resources/jsons/auth.json
Request method:	POST
Request URI:	https://restful-booker.herokuapp.com/auth
Proxy:			<none>
Request params:	<none>
Query params:	<none>
Form params:	<none>
Path params:	<none>
Headers:		Accept=*/*
				Content-Type=application/json
Cookies:		<none>
Multiparts:		<none>
Body:
./src/test/resources/jsons/auth.json
HTTP/1.1 200 OK
Server: Cowboy
Report-To: {"group":"heroku-nel","max_age":3600,"endpoints":[{"url":"https://nel.heroku.com/reports?ts=1744655823&sid=c46efe9b-d3d2-4a0c-8c76-bfafa16c5add&s=96n8N1byAtjGwdk9VqT2ryuCuLgeXJ1tc2PjTtbm29E%3D"}]}
Reporting-Endpoints: heroku-nel=https://nel.heroku.com/reports?ts=1744655823&sid=c46efe9b-d3d2-4a0c-8c76-bfafa16c5add&s=96n8N1byAtjGwdk9VqT2ryuCuLgeXJ1tc2PjTtbm29E%3D
Nel: {"report_to":"heroku-nel","max_age":3600,"success_fraction":0.005,"failure_fraction":0.05,"response_headers":["Via"]}
Connection: keep-alive
X-Powered-By: Express
Content-Type: application/json; charset=utf-8
Content-Length: 27
Etag: W/"1b-M5cGi536Lh36dgaQJMIwUx/Eg7I"
Date: Mon, 14 Apr 2025 18:37:03 GMT
Via: 1.1 vegur

{
    "token": "96e3842a17f96c9"
}
tokenId ==>96e3842a17f96c9
booking id: 3144
Request method:	GET
Request URI:	https://restful-booker.herokuapp.com/booking/3144
Proxy:			<none>
Request params:	<none>
Query params:	<none>
Form params:	<none>
Path params:	bookingId=3144
Headers:		Accept=*/*
Cookies:		<none>
Multiparts:		<none>
Body:			<none>
HTTP/1.1 200 OK
Server: Cowboy
Report-To: {"group":"heroku-nel","max_age":3600,"endpoints":[{"url":"https://nel.heroku.com/reports?ts=1744655826&sid=c46efe9b-d3d2-4a0c-8c76-bfafa16c5add&s=YcTIjOrPT607%2Fca1GKFluc6u24bLdyLzbIKOO8dYdEA%3D"}]}
Reporting-Endpoints: heroku-nel=https://nel.heroku.com/reports?ts=1744655826&sid=c46efe9b-d3d2-4a0c-8c76-bfafa16c5add&s=YcTIjOrPT607%2Fca1GKFluc6u24bLdyLzbIKOO8dYdEA%3D
Nel: {"report_to":"heroku-nel","max_age":3600,"success_fraction":0.005,"failure_fraction":0.05,"response_headers":["Via"]}
Connection: keep-alive
X-Powered-By: Express
Content-Type: application/json; charset=utf-8
Content-Length: 168
Etag: W/"a8-p5uB2C7mxZA3HXJZF+tJCDJr8VE"
Date: Mon, 14 Apr 2025 18:37:06 GMT
Via: 1.1 vegur

{
    "firstname": "Jim",
    "lastname": "Brown",
    "totalprice": 111,
    "depositpaid": true,
    "bookingdates": {
        "checkin": "2018-01-01",
        "checkout": "2019-01-01"
    },
    "additionalneeds": "Breakfast"
}
]]></system-out>
  </testcase>
  <testcase name="getBookingIdsTest" classname="BookingAPITests.BookingApiFeatureTests" time="1.687">
    <system-out><![CDATA[Request method:	POST
Request URI:	https://restful-booker.herokuapp.com/auth
Proxy:			<none>
Request params:	<none>
Query params:	<none>
Form params:	<none>
Path params:	<none>
Headers:		Accept=*/*
				Content-Type=application/json
Cookies:		<none>
Multiparts:		<none>
Body:
./src/test/resources/jsons/auth.json
Request method:	POST
Request URI:	https://restful-booker.herokuapp.com/auth
Proxy:			<none>
Request params:	<none>
Query params:	<none>
Form params:	<none>
Path params:	<none>
Headers:		Accept=*/*
				Content-Type=application/json
Cookies:		<none>
Multiparts:		<none>
Body:
./src/test/resources/jsons/auth.json
HTTP/1.1 200 OK
Server: Cowboy
Report-To: {"group":"heroku-nel","max_age":3600,"endpoints":[{"url":"https://nel.heroku.com/reports?ts=1744655827&sid=c46efe9b-d3d2-4a0c-8c76-bfafa16c5add&s=F1WjiaWykKQ1FqqThCCS4yq0iIbGTvplWs9%2FTiLa3a8%3D"}]}
Reporting-Endpoints: heroku-nel=https://nel.heroku.com/reports?ts=1744655827&sid=c46efe9b-d3d2-4a0c-8c76-bfafa16c5add&s=F1WjiaWykKQ1FqqThCCS4yq0iIbGTvplWs9%2FTiLa3a8%3D
Nel: {"report_to":"heroku-nel","max_age":3600,"success_fraction":0.005,"failure_fraction":0.05,"response_headers":["Via"]}
Connection: keep-alive
X-Powered-By: Express
Content-Type: application/json; charset=utf-8
Content-Length: 27
Etag: W/"1b-kmPa1NelGxYmHyym/XUG/2Bk6Z4"
Date: Mon, 14 Apr 2025 18:37:07 GMT
Via: 1.1 vegur

{
    "token": "9727028387c7366"
}
tokenId ==>9727028387c7366
Request method:	GET
Request URI:	https://restful-booker.herokuapp.com/booking
Proxy:			<none>
Request params:	<none>
Query params:	<none>
Form params:	<none>
Path params:	<none>
Headers:		Accept=*/*
Cookies:		<none>
Multiparts:		<none>
Body:			<none>
HTTP/1.1 200 OK
Server: Cowboy
Report-To: {"group":"heroku-nel","max_age":3600,"endpoints":[{"url":"https://nel.heroku.com/reports?ts=1744655828&sid=c46efe9b-d3d2-4a0c-8c76-bfafa16c5add&s=6QfGcAYdWQtfzD3OVNN%2BoluvuYqrSikVIC1buJst9Ko%3D"}]}
Reporting-Endpoints: heroku-nel=https://nel.heroku.com/reports?ts=1744655828&sid=c46efe9b-d3d2-4a0c-8c76-bfafa16c5add&s=6QfGcAYdWQtfzD3OVNN%2BoluvuYqrSikVIC1buJst9Ko%3D
Nel: {"report_to":"heroku-nel","max_age":3600,"success_fraction":0.005,"failure_fraction":0.05,"response_headers":["Via"]}
Connection: keep-alive
X-Powered-By: Express
Content-Type: application/json; charset=utf-8
Content-Length: 41119
Etag: W/"a09f-80qboe04EK/WxP+Rt9o4Bc/nMx8"
Date: Mon, 14 Apr 2025 18:37:08 GMT
Via: 1.1 vegur

[
    {
        "bookingid": 923
    },
    {
        "bookingid": 1371
    },
    {
        "bookingid": 427
    },
    {
        "bookingid": 1300
    },
    {
        "bookingid": 615
    },
    {
        "bookingid": 2371
    },
    {
        "bookingid": 400
    },
    {
        "bookingid": 2661
    },
    {
        "bookingid": 1083
    },
    {
        "bookingid": 1218
    },
    {
        "bookingid": 2615
    },
    {
        "bookingid": 2293
    },
    {
        "bookingid": 1930
    },
    {
        "bookingid": 841
    },
    {
        "bookingid": 2802
    },
    {
        "bookingid": 1955
    },
    {
        "bookingid": 1299
    },
    {
        "bookingid": 1359
    },
    {
        "bookingid": 1088
    },
    {
        "bookingid": 1847
    },
    {
        "bookingid": 2354
    },
    {
        "bookingid": 734
    },
    {
        "bookingid": 621
    },
    {
        "bookingid": 649
    },
    {
        "bookingid": 2616
    },
    {
        "bookingid": 160
    },
    {
        "bookingid": 2229
    },
    {
        "bookingid": 2301
    },
    {
        "bookingid": 1565
    },
    {
        "bookingid": 2291
    },
    {
        "bookingid": 678
    },
    {
        "bookingid": 141
    },
    {
        "bookingid": 1654
    },
    {
        "bookingid": 1028
    },
    {
        "bookingid": 2280
    },
    {
        "bookingid": 135
    },
    {
        "bookingid": 3008
    },
    {
        "bookingid": 2220
    },
    {
        "bookingid": 41
    },
    {
        "bookingid": 344
    },
    {
        "bookingid": 1146
    },
    {
        "bookingid": 2206
    },
    {
        "bookingid": 2190
    },
    {
        "bookingid": 1061
    },
    {
        "bookingid": 679
    },
    {
        "bookingid": 1313
    },
    {
        "bookingid": 2096
    },
    {
        "bookingid": 2309
    },
    {
        "bookingid": 2144
    },
    {
        "bookingid": 100
    },
    {
        "bookingid": 1880
    },
    {
        "bookingid": 2003
    },
    {
        "bookingid": 1228
    },
    {
        "bookingid": 3103
    },
    {
        "bookingid": 406
    },
    {
        "bookingid": 1984
    },
    {
        "bookingid": 329
    },
    {
        "bookingid": 3091
    },
    {
        "bookingid": 688
    },
    {
        "bookingid": 2075
    },
    {
        "bookingid": 44
    },
    {
        "bookingid": 1756
    },
    {
        "bookingid": 921
    },
    {
        "bookingid": 2295
    },
    {
        "bookingid": 276
    },
    {
        "bookingid": 691
    },
    {
        "bookingid": 402
    },
    {
        "bookingid": 1953
    },
    {
        "bookingid": 839
    },
    {
        "bookingid": 2831
    },
    {
        "bookingid": 2370
    },
    {
        "bookingid": 1998
    },
    {
        "bookingid": 1207
    },
    {
        "bookingid": 1027
    },
    {
        "bookingid": 1627
    },
    {
        "bookingid": 926
    },
    {
        "bookingid": 2718
    },
    {
        "bookingid": 121
    },
    {
        "bookingid": 2579
    },
    {
        "bookingid": 539
    },
    {
        "bookingid": 2599
    },
    {
        "bookingid": 2195
    },
    {
        "bookingid": 2145
    },
    {
        "bookingid": 257
    },
    {
        "bookingid": 1924
    },
    {
        "bookingid": 357
    },
    {
        "bookingid": 1075
    },
    {
        "bookingid": 856
    },
    {
        "bookingid": 2014
    },
    {
        "bookingid": 2080
    },
    {
        "bookingid": 1511
    },
    {
        "bookingid": 2945
    },
    {
        "bookingid": 1415
    },
    {
        "bookingid": 1962
    },
    {
        "bookingid": 3138
    },
    {
        "bookingid": 2927
    },
    {
        "bookingid": 1388
    },
    {
        "bookingid": 1463
    },
    {
        "bookingid": 1676
    },
    {
        "bookingid": 984
    },
    {
        "bookingid": 1183
    },
    {
        "bookingid": 2180
    },
    {
        "bookingid": 76
    },
    {
        "bookingid": 3104
    },
    {
        "bookingid": 1692
    },
    {
        "bookingid": 1475
    },
    {
        "bookingid": 2021
    },
    {
        "bookingid": 2894
    },
    {
        "bookingid": 1540
    },
    {
        "bookingid": 603
    },
    {
        "bookingid": 414
    },
    {
        "bookingid": 3073
    },
    {
        "bookingid": 2787
    },
    {
        "bookingid": 2524
    },
    {
        "bookingid": 2955
    },
    {
        "bookingid": 1636
    },
    {
        "bookingid": 1614
    },
    {
        "bookingid": 2795
    },
    {
        "bookingid": 356
    },
    {
        "bookingid": 1694
    },
    {
        "bookingid": 2062
    },
    {
        "bookingid": 2485
    },
    {
        "bookingid": 2517
    },
    {
        "bookingid": 2488
    },
    {
        "bookingid": 1796
    },
    {
        "bookingid": 555
    },
    {
        "bookingid": 641
    },
    {
        "bookingid": 775
    },
    {
        "bookingid": 1458
    },
    {
        "bookingid": 1270
    },
    {
        "bookingid": 2720
    },
    {
        "bookingid": 2774
    },
    {
        "bookingid": 1875
    },
    {
        "bookingid": 1457
    },
    {
        "bookingid": 922
    },
    {
        "bookingid": 307
    },
    {
        "bookingid": 1792
    },
    {
        "bookingid": 3090
    },
    {
        "bookingid": 1757
    },
    {
        "bookingid": 2874
    },
    {
        "bookingid": 125
    },
    {
        "bookingid": 995
    },
    {
        "bookingid": 2094
    },
    {
        "bookingid": 3050
    },
    {
        "bookingid": 911
    },
    {
        "bookingid": 2538
    },
    {
        "bookingid": 1602
    },
    {
        "bookingid": 2343
    },
    {
        "bookingid": 2126
    },
    {
        "bookingid": 2898
    },
    {
        "bookingid": 95
    },
    {
        "bookingid": 1408
    },
    {
        "bookingid": 952
    },
    {
        "bookingid": 2694
    },
    {
        "bookingid": 771
    },
    {
        "bookingid": 1713
    },
    {
        "bookingid": 1753
    },
    {
        "bookingid": 3001
    },
    {
        "bookingid": 2837
    },
    {
        "bookingid": 456
    },
    {
        "bookingid": 1151
    },
    {
        "bookingid": 2452
    },
    {
        "bookingid": 2076
    },
    {
        "bookingid": 2532
    },
    {
        "bookingid": 2638
    },
    {
        "bookingid": 2576
    },
    {
        "bookingid": 2561
    },
    {
        "bookingid": 1611
    },
    {
        "bookingid": 2215
    },
    {
        "bookingid": 513
    },
    {
        "bookingid": 17
    },
    {
        "bookingid": 1474
    },
    {
        "bookingid": 2337
    },
    {
        "bookingid": 2270
    },
    {
        "bookingid": 556
    },
    {
        "bookingid": 2784
    },
    {
        "bookingid": 2155
    },
    {
        "bookingid": 2810
    },
    {
        "bookingid": 2627
    },
    {
        "bookingid": 2701
    },
    {
        "bookingid": 1822
    },
    {
        "bookingid": 434
    },
    {
        "bookingid": 1620
    },
    {
        "bookingid": 1640
    },
    {
        "bookingid": 2604
    },
    {
        "bookingid": 2125
    },
    {
        "bookingid": 3160
    },
    {
        "bookingid": 746
    },
    {
        "bookingid": 895
    },
    {
        "bookingid": 2868
    },
    {
        "bookingid": 475
    },
    {
        "bookingid": 277
    },
    {
        "bookingid": 1130
    },
    {
        "bookingid": 954
    },
    {
        "bookingid": 1214
    },
    {
        "bookingid": 1942
    },
    {
        "bookingid": 2091
    },
    {
        "bookingid": 2618
    },
    {
        "bookingid": 1702
    },
    {
        "bookingid": 2703
    },
    {
        "bookingid": 3101
    },
    {
        "bookingid": 3012
    },
    {
        "bookingid": 626
    },
    {
        "bookingid": 2210
    },
    {
        "bookingid": 978
    },
    {
        "bookingid": 1191
    },
    {
        "bookingid": 526
    },
    {
        "bookingid": 644
    },
    {
        "bookingid": 1807
    },
    {
        "bookingid": 1759
    },
    {
        "bookingid": 485
    },
    {
        "bookingid": 2052
    },
    {
        "bookingid": 2937
    },
    {
        "bookingid": 1383
    },
    {
        "bookingid": 808
    },
    {
        "bookingid": 1157
    },
    {
        "bookingid": 2786
    },
    {
        "bookingid": 1534
    },
    {
        "bookingid": 302
    },
    {
        "bookingid": 150
    },
    {
        "bookingid": 1369
    },
    {
        "bookingid": 819
    },
    {
        "bookingid": 1068
    },
    {
        "bookingid": 1609
    },
    {
        "bookingid": 2709
    },
    {
        "bookingid": 333
    },
    {
        "bookingid": 140
    },
    {
        "bookingid": 799
    },
    {
        "bookingid": 40
    },
    {
        "bookingid": 900
    },
    {
        "bookingid": 447
    },
    {
        "bookingid": 2879
    },
    {
        "bookingid": 2026
    },
    {
        "bookingid": 910
    },
    {
        "bookingid": 739
    },
    {
        "bookingid": 1934
    },
    {
        "bookingid": 425
    },
    {
        "bookingid": 457
    },
    {
        "bookingid": 1845
    },
    {
        "bookingid": 1952
    },
    {
        "bookingid": 2236
    },
    {
        "bookingid": 1538
    },
    {
        "bookingid": 2133
    },
    {
        "bookingid": 1366
    },
    {
        "bookingid": 2765
    },
    {
        "bookingid": 1736
    },
    {
        "bookingid": 791
    },
    {
        "bookingid": 2444
    },
    {
        "bookingid": 2479
    },
    {
        "bookingid": 2228
    },
    {
        "bookingid": 1951
    },
    {
        "bookingid": 507
    },
    {
        "bookingid": 1861
    },
    {
        "bookingid": 1888
    },
    {
        "bookingid": 1033
    },
    {
        "bookingid": 1241
    },
    {
        "bookingid": 1085
    },
    {
        "bookingid": 1809
    },
    {
        "bookingid": 2165
    },
    {
        "bookingid": 2143
    },
    {
        "bookingid": 2529
    },
    {
        "bookingid": 54
    },
    {
        "bookingid": 37
    },
    {
        "bookingid": 243
    },
    {
        "bookingid": 205
    },
    {
        "bookingid": 1913
    },
    {
        "bookingid": 2115
    },
    {
        "bookingid": 42
    },
    {
        "bookingid": 120
    },
    {
        "bookingid": 500
    },
    {
        "bookingid": 97
    },
    {
        "bookingid": 2569
    },
    {
        "bookingid": 1997
    },
    {
        "bookingid": 2741
    },
    {
        "bookingid": 267
    },
    {
        "bookingid": 2336
    },
    {
        "bookingid": 1500
    },
    {
        "bookingid": 2781
    },
    {
        "bookingid": 2745
    },
    {
        "bookingid": 2814
    },
    {
        "bookingid": 571
    },
    {
        "bookingid": 1815
    },
    {
        "bookingid": 2625
    },
    {
        "bookingid": 1308
    },
    {
        "bookingid": 2480
    },
    {
        "bookingid": 704
    },
    {
        "bookingid": 293
    },
    {
        "bookingid": 3173
    },
    {
        "bookingid": 1292
    },
    {
        "bookingid": 534
    },
    {
        "bookingid": 1689
    },
    {
        "bookingid": 478
    },
    {
        "bookingid": 916
    },
    {
        "bookingid": 1131
    },
    {
        "bookingid": 2
    },
    {
        "bookingid": 2512
    },
    {
        "bookingid": 2760
    },
    {
        "bookingid": 891
    },
    {
        "bookingid": 2382
    },
    {
        "bookingid": 3009
    },
    {
        "bookingid": 1877
    },
    {
        "bookingid": 2038
    },
    {
        "bookingid": 11
    },
    {
        "bookingid": 1717
    },
    {
        "bookingid": 2421
    },
    {
        "bookingid": 2089
    },
    {
        "bookingid": 566
    },
    {
        "bookingid": 2128
    },
    {
        "bookingid": 483
    },
    {
        "bookingid": 833
    },
    {
        "bookingid": 36
    },
    {
        "bookingid": 2212
    },
    {
        "bookingid": 1528
    },
    {
        "bookingid": 3061
    },
    {
        "bookingid": 2801
    },
    {
        "bookingid": 2742
    },
    {
        "bookingid": 200
    },
    {
        "bookingid": 908
    },
    {
        "bookingid": 1631
    },
    {
        "bookingid": 1964
    },
    {
        "bookingid": 115
    },
    {
        "bookingid": 1352
    },
    {
        "bookingid": 274
    },
    {
        "bookingid": 1983
    },
    {
        "bookingid": 2656
    },
    {
        "bookingid": 1496
    },
    {
        "bookingid": 3085
    },
    {
        "bookingid": 2691
    },
    {
        "bookingid": 2800
    },
    {
        "bookingid": 1272
    },
    {
        "bookingid": 188
    },
    {
        "bookingid": 2932
    },
    {
        "bookingid": 224
    },
    {
        "bookingid": 62
    },
    {
        "bookingid": 1745
    },
    {
        "bookingid": 407
    },
    {
        "bookingid": 2728
    },
    {
        "bookingid": 959
    },
    {
        "bookingid": 1344
    },
    {
        "bookingid": 822
    },
    {
        "bookingid": 966
    },
    {
        "bookingid": 961
    },
    {
        "bookingid": 321
    },
    {
        "bookingid": 859
    },
    {
        "bookingid": 145
    },
    {
        "bookingid": 879
    },
    {
        "bookingid": 1926
    },
    {
        "bookingid": 1743
    },
    {
        "bookingid": 1872
    },
    {
        "bookingid": 207
    },
    {
        "bookingid": 861
    },
    {
        "bookingid": 426
    },
    {
        "bookingid": 2461
    },
    {
        "bookingid": 3107
    },
    {
        "bookingid": 1623
    },
    {
        "bookingid": 1868
    },
    {
        "bookingid": 1705
    },
    {
        "bookingid": 1495
    },
    {
        "bookingid": 1813
    },
    {
        "bookingid": 1200
    },
    {
        "bookingid": 614
    },
    {
        "bookingid": 3172
    },
    {
        "bookingid": 102
    },
    {
        "bookingid": 3166
    },
    {
        "bookingid": 2157
    },
    {
        "bookingid": 2934
    },
    {
        "bookingid": 1563
    },
    {
        "bookingid": 541
    },
    {
        "bookingid": 1170
    },
    {
        "bookingid": 94
    },
    {
        "bookingid": 522
    },
    {
        "bookingid": 597
    },
    {
        "bookingid": 713
    },
    {
        "bookingid": 155
    },
    {
        "bookingid": 2312
    },
    {
        "bookingid": 2449
    },
    {
        "bookingid": 2712
    },
    {
        "bookingid": 229
    },
    {
        "bookingid": 354
    },
    {
        "bookingid": 2029
    },
    {
        "bookingid": 2137
    },
    {
        "bookingid": 378
    },
    {
        "bookingid": 305
    },
    {
        "bookingid": 1020
    },
    {
        "bookingid": 906
    },
    {
        "bookingid": 2197
    },
    {
        "bookingid": 953
    },
    {
        "bookingid": 2713
    },
    {
        "bookingid": 2523
    },
    {
        "bookingid": 1490
    },
    {
        "bookingid": 256
    },
    {
        "bookingid": 2097
    },
    {
        "bookingid": 2758
    },
    {
        "bookingid": 2755
    },
    {
        "bookingid": 2447
    },
    {
        "bookingid": 869
    },
    {
        "bookingid": 3000
    },
    {
        "bookingid": 2541
    },
    {
        "bookingid": 3130
    },
    {
        "bookingid": 1801
    },
    {
        "bookingid": 755
    },
    {
        "bookingid": 2902
    },
    {
        "bookingid": 2327
    },
    {
        "bookingid": 2792
    },
    {
        "bookingid": 2088
    },
    {
        "bookingid": 2497
    },
    {
        "bookingid": 2059
    },
    {
        "bookingid": 126
    },
    {
        "bookingid": 844
    },
    {
        "bookingid": 358
    },
    {
        "bookingid": 1321
    },
    {
        "bookingid": 1399
    },
    {
        "bookingid": 92
    },
    {
        "bookingid": 2983
    },
    {
        "bookingid": 2031
    },
    {
        "bookingid": 865
    },
    {
        "bookingid": 1309
    },
    {
        "bookingid": 1825
    },
    {
        "bookingid": 1484
    },
    {
        "bookingid": 63
    },
    {
        "bookingid": 2820
    },
    {
        "bookingid": 1000
    },
    {
        "bookingid": 2367
    },
    {
        "bookingid": 306
    },
    {
        "bookingid": 137
    },
    {
        "bookingid": 2420
    },
    {
        "bookingid": 938
    },
    {
        "bookingid": 170
    },
    {
        "bookingid": 937
    },
    {
        "bookingid": 2911
    },
    {
        "bookingid": 611
    },
    {
        "bookingid": 1136
    },
    {
        "bookingid": 1863
    },
    {
        "bookingid": 2849
    },
    {
        "bookingid": 164
    },
    {
        "bookingid": 1642
    },
    {
        "bookingid": 693
    },
    {
        "bookingid": 3043
    },
    {
        "bookingid": 892
    },
    {
        "bookingid": 2580
    },
    {
        "bookingid": 2928
    },
    {
        "bookingid": 468
    },
    {
        "bookingid": 750
    },
    {
        "bookingid": 638
    },
    {
        "bookingid": 278
    },
    {
        "bookingid": 482
    },
    {
        "bookingid": 1361
    },
    {
        "bookingid": 650
    },
    {
        "bookingid": 1545
    },
    {
        "bookingid": 167
    },
    {
        "bookingid": 214
    },
    {
        "bookingid": 1316
    },
    {
        "bookingid": 1141
    },
    {
        "bookingid": 2004
    },
    {
        "bookingid": 221
    },
    {
        "bookingid": 2965
    },
    {
        "bookingid": 1219
    },
    {
        "bookingid": 2140
    },
    {
        "bookingid": 162
    },
    {
        "bookingid": 1205
    },
    {
        "bookingid": 60
    },
    {
        "bookingid": 2177
    },
    {
        "bookingid": 547
    },
    {
        "bookingid": 1035
    },
    {
        "bookingid": 1127
    },
    {
        "bookingid": 2748
    },
    {
        "bookingid": 233
    },
    {
        "bookingid": 1478
    },
    {
        "bookingid": 116
    },
    {
        "bookingid": 1578
    },
    {
        "bookingid": 1746
    },
    {
        "bookingid": 2417
    },
    {
        "bookingid": 527
    },
    {
        "bookingid": 2109
    },
    {
        "bookingid": 2405
    },
    {
        "bookingid": 222
    },
    {
        "bookingid": 2023
    },
    {
        "bookingid": 1479
    },
    {
        "bookingid": 1026
    },
    {
        "bookingid": 2324
    },
    {
        "bookingid": 2735
    },
    {
        "bookingid": 1853
    },
    {
        "bookingid": 3175
    },
    {
        "bookingid": 2363
    },
    {
        "bookingid": 2883
    },
    {
        "bookingid": 298
    },
    {
        "bookingid": 2739
    },
    {
        "bookingid": 1433
    },
    {
        "bookingid": 2829
    },
    {
        "bookingid": 815
    },
    {
        "bookingid": 579
    },
    {
        "bookingid": 3074
    },
    {
        "bookingid": 2552
    },
    {
        "bookingid": 850
    },
    {
        "bookingid": 1419
    },
    {
        "bookingid": 656
    },
    {
        "bookingid": 1514
    },
    {
        "bookingid": 2559
    },
    {
        "bookingid": 379
    },
    {
        "bookingid": 1264
    },
    {
        "bookingid": 2578
    },
    {
        "bookingid": 2835
    },
    {
        "bookingid": 23
    },
    {
        "bookingid": 1712
    },
    {
        "bookingid": 2427
    },
    {
        "bookingid": 292
    },
    {
        "bookingid": 3081
    },
    {
        "bookingid": 1766
    },
    {
        "bookingid": 2628
    },
    {
        "bookingid": 782
    },
    {
        "bookingid": 3066
    },
    {
        "bookingid": 2330
    },
    {
        "bookingid": 3024
    },
    {
        "bookingid": 281
    },
    {
        "bookingid": 2439
    },
    {
        "bookingid": 797
    },
    {
        "bookingid": 2282
    },
    {
        "bookingid": 883
    },
    {
        "bookingid": 2388
    },
    {
        "bookingid": 1720
    },
    {
        "bookingid": 3170
    },
    {
        "bookingid": 2205
    },
    {
        "bookingid": 1778
    },
    {
        "bookingid": 3144
    },
    {
        "bookingid": 2466
    },
    {
        "bookingid": 2319
    },
    {
        "bookingid": 2824
    },
    {
        "bookingid": 766
    },
    {
        "bookingid": 35
    },
    {
        "bookingid": 69
    },
    {
        "bookingid": 1525
    },
    {
        "bookingid": 764
    },
    {
        "bookingid": 2685
    },
    {
        "bookingid": 80
    },
    {
        "bookingid": 1541
    },
    {
        "bookingid": 639
    },
    {
        "bookingid": 2391
    },
    {
        "bookingid": 3156
    },
    {
        "bookingid": 1266
    },
    {
        "bookingid": 2870
    },
    {
        "bookingid": 2191
    },
    {
        "bookingid": 3127
    },
    {
        "bookingid": 1986
    },
    {
        "bookingid": 314
    },
    {
        "bookingid": 2339
    },
    {
        "bookingid": 920
    },
    {
        "bookingid": 9
    },
    {
        "bookingid": 470
    },
    {
        "bookingid": 3056
    },
    {
        "bookingid": 1618
    },
    {
        "bookingid": 1082
    },
    {
        "bookingid": 2609
    },
    {
        "bookingid": 3097
    },
    {
        "bookingid": 1626
    },
    {
        "bookingid": 3169
    },
    {
        "bookingid": 1004
    },
    {
        "bookingid": 1445
    },
    {
        "bookingid": 753
    },
    {
        "bookingid": 3076
    },
    {
        "bookingid": 1740
    },
    {
        "bookingid": 2788
    },
    {
        "bookingid": 2032
    },
    {
        "bookingid": 1651
    },
    {
        "bookingid": 1274
    },
    {
        "bookingid": 3068
    },
    {
        "bookingid": 633
    },
    {
        "bookingid": 1271
    },
    {
        "bookingid": 206
    },
    {
        "bookingid": 386
    },
    {
        "bookingid": 2688
    },
    {
        "bookingid": 2114
    },
    {
        "bookingid": 1556
    },
    {
        "bookingid": 2225
    },
    {
        "bookingid": 1531
    },
    {
        "bookingid": 2809
    },
    {
        "bookingid": 413
    },
    {
        "bookingid": 3051
    },
    {
        "bookingid": 692
    },
    {
        "bookingid": 878
    },
    {
        "bookingid": 261
    },
    {
        "bookingid": 1117
    },
    {
        "bookingid": 747
    },
    {
        "bookingid": 176
    },
    {
        "bookingid": 1905
    },
    {
        "bookingid": 1439
    },
    {
        "bookingid": 1402
    },
    {
        "bookingid": 1928
    },
    {
        "bookingid": 1521
    },
    {
        "bookingid": 860
    },
    {
        "bookingid": 328
    },
    {
        "bookingid": 404
    },
    {
        "bookingid": 2393
    },
    {
        "bookingid": 2519
    },
    {
        "bookingid": 1831
    },
    {
        "bookingid": 1148
    },
    {
        "bookingid": 1996
    },
    {
        "bookingid": 3063
    },
    {
        "bookingid": 3011
    },
    {
        "bookingid": 144
    },
    {
        "bookingid": 967
    },
    {
        "bookingid": 1345
    },
    {
        "bookingid": 47
    },
    {
        "bookingid": 2033
    },
    {
        "bookingid": 2317
    },
    {
        "bookingid": 2823
    },
    {
        "bookingid": 2710
    },
    {
        "bookingid": 1420
    },
    {
        "bookingid": 182
    },
    {
        "bookingid": 1793
    },
    {
        "bookingid": 2383
    },
    {
        "bookingid": 2246
    },
    {
        "bookingid": 899
    },
    {
        "bookingid": 2505
    },
    {
        "bookingid": 2603
    },
    {
        "bookingid": 2836
    },
    {
        "bookingid": 2719
    },
    {
        "bookingid": 1791
    },
    {
        "bookingid": 1628
    },
    {
        "bookingid": 794
    },
    {
        "bookingid": 471
    },
    {
        "bookingid": 793
    },
    {
        "bookingid": 1257
    },
    {
        "bookingid": 215
    },
    {
        "bookingid": 1220
    },
    {
        "bookingid": 2006
    },
    {
        "bookingid": 129
    },
    {
        "bookingid": 2426
    },
    {
        "bookingid": 2971
    },
    {
        "bookingid": 684
    },
    {
        "bookingid": 2303
    },
    {
        "bookingid": 1018
    },
    {
        "bookingid": 2079
    },
    {
        "bookingid": 2564
    },
    {
        "bookingid": 787
    },
    {
        "bookingid": 1911
    },
    {
        "bookingid": 1677
    },
    {
        "bookingid": 1222
    },
    {
        "bookingid": 2904
    },
    {
        "bookingid": 2854
    },
    {
        "bookingid": 2700
    },
    {
        "bookingid": 1221
    },
    {
        "bookingid": 1921
    },
    {
        "bookingid": 2179
    },
    {
        "bookingid": 173
    },
    {
        "bookingid": 2509
    },
    {
        "bookingid": 982
    },
    {
        "bookingid": 1464
    },
    {
        "bookingid": 1827
    },
    {
        "bookingid": 1450
    },
    {
        "bookingid": 2570
    },
    {
        "bookingid": 1119
    },
    {
        "bookingid": 428
    },
    {
        "bookingid": 2584
    },
    {
        "bookingid": 1154
    },
    {
        "bookingid": 2689
    },
    {
        "bookingid": 781
    },
    {
        "bookingid": 1070
    },
    {
        "bookingid": 1613
    },
    {
        "bookingid": 758
    },
    {
        "bookingid": 1358
    },
    {
        "bookingid": 2329
    },
    {
        "bookingid": 2777
    },
    {
        "bookingid": 2665
    },
    {
        "bookingid": 1647
    },
    {
        "bookingid": 646
    },
    {
        "bookingid": 710
    },
    {
        "bookingid": 2534
    },
    {
        "bookingid": 465
    },
    {
        "bookingid": 2414
    },
    {
        "bookingid": 1006
    },
    {
        "bookingid": 2358
    },
    {
        "bookingid": 2877
    },
    {
        "bookingid": 2397
    },
    {
        "bookingid": 2966
    },
    {
        "bookingid": 1862
    },
    {
        "bookingid": 2432
    },
    {
        "bookingid": 2999
    },
    {
        "bookingid": 91
    },
    {
        "bookingid": 2557
    },
    {
        "bookingid": 2511
    },
    {
        "bookingid": 3080
    },
    {
        "bookingid": 463
    },
    {
        "bookingid": 1443
    },
    {
        "bookingid": 1706
    },
    {
        "bookingid": 652
    },
    {
        "bookingid": 2294
    },
    {
        "bookingid": 1390
    },
    {
        "bookingid": 3032
    },
    {
        "bookingid": 2066
    },
    {
        "bookingid": 285
    },
    {
        "bookingid": 2848
    },
    {
        "bookingid": 1238
    },
    {
        "bookingid": 480
    },
    {
        "bookingid": 2119
    },
    {
        "bookingid": 528
    },
    {
        "bookingid": 625
    },
    {
        "bookingid": 2445
    },
    {
        "bookingid": 1991
    },
    {
        "bookingid": 432
    },
    {
        "bookingid": 472
    },
    {
        "bookingid": 717
    },
    {
        "bookingid": 2876
    },
    {
        "bookingid": 1050
    },
    {
        "bookingid": 1215
    },
    {
        "bookingid": 1318
    },
    {
        "bookingid": 2254
    },
    {
        "bookingid": 2722
    },
    {
        "bookingid": 399
    },
    {
        "bookingid": 716
    },
    {
        "bookingid": 744
    },
    {
        "bookingid": 2670
    },
    {
        "bookingid": 578
    },
    {
        "bookingid": 2866
    },
    {
        "bookingid": 422
    },
    {
        "bookingid": 1090
    },
    {
        "bookingid": 2051
    },
    {
        "bookingid": 2818
    },
    {
        "bookingid": 1350
    },
    {
        "bookingid": 1011
    },
    {
        "bookingid": 1434
    },
    {
        "bookingid": 2684
    },
    {
        "bookingid": 2598
    },
    {
        "bookingid": 940
    },
    {
        "bookingid": 3140
    },
    {
        "bookingid": 1291
    },
    {
        "bookingid": 807
    },
    {
        "bookingid": 3083
    },
    {
        "bookingid": 2546
    },
    {
        "bookingid": 2695
    },
    {
        "bookingid": 2340
    },
    {
        "bookingid": 875
    },
    {
        "bookingid": 888
    },
    {
        "bookingid": 1567
    },
    {
        "bookingid": 732
    },
    {
        "bookingid": 2448
    },
    {
        "bookingid": 2812
    },
    {
        "bookingid": 1593
    },
    {
        "bookingid": 3057
    },
    {
        "bookingid": 2832
    },
    {
        "bookingid": 847
    },
    {
        "bookingid": 2259
    },
    {
        "bookingid": 3137
    },
    {
        "bookingid": 2535
    },
    {
        "bookingid": 1269
    },
    {
        "bookingid": 1034
    },
    {
        "bookingid": 1076
    },
    {
        "bookingid": 1674
    },
    {
        "bookingid": 64
    },
    {
        "bookingid": 2483
    },
    {
        "bookingid": 2170
    },
    {
        "bookingid": 1493
    },
    {
        "bookingid": 308
    },
    {
        "bookingid": 88
    },
    {
        "bookingid": 2331
    },
    {
        "bookingid": 2468
    },
    {
        "bookingid": 1407
    },
    {
        "bookingid": 2093
    },
    {
        "bookingid": 948
    },
    {
        "bookingid": 2807
    },
    {
        "bookingid": 291
    },
    {
        "bookingid": 706
    },
    {
        "bookingid": 763
    },
    {
        "bookingid": 3155
    },
    {
        "bookingid": 449
    },
    {
        "bookingid": 372
    },
    {
        "bookingid": 1427
    },
    {
        "bookingid": 2988
    },
    {
        "bookingid": 1519
    },
    {
        "bookingid": 686
    },
    {
        "bookingid": 3148
    },
    {
        "bookingid": 466
    },
    {
        "bookingid": 2209
    },
    {
        "bookingid": 439
    },
    {
        "bookingid": 1251
    },
    {
        "bookingid": 1108
    },
    {
        "bookingid": 2063
    },
    {
        "bookingid": 2906
    },
    {
        "bookingid": 2118
    },
    {
        "bookingid": 2149
    },
    {
        "bookingid": 2255
    },
    {
        "bookingid": 2504
    },
    {
        "bookingid": 905
    },
    {
        "bookingid": 1234
    },
    {
        "bookingid": 1571
    },
    {
        "bookingid": 2986
    },
    {
        "bookingid": 2501
    },
    {
        "bookingid": 1838
    },
    {
        "bookingid": 2782
    },
    {
        "bookingid": 1579
    },
    {
        "bookingid": 731
    },
    {
        "bookingid": 86
    },
    {
        "bookingid": 985
    },
    {
        "bookingid": 12
    },
    {
        "bookingid": 590
    },
    {
        "bookingid": 538
    },
    {
        "bookingid": 2597
    },
    {
        "bookingid": 2070
    },
    {
        "bookingid": 1414
    },
    {
        "bookingid": 2550
    },
    {
        "bookingid": 1386
    },
    {
        "bookingid": 341
    },
    {
        "bookingid": 1805
    },
    {
        "bookingid": 1092
    },
    {
        "bookingid": 2697
    },
    {
        "bookingid": 762
    },
    {
        "bookingid": 999
    },
    {
        "bookingid": 2867
    },
    {
        "bookingid": 993
    },
    {
        "bookingid": 887
    },
    {
        "bookingid": 1915
    },
    {
        "bookingid": 3041
    },
    {
        "bookingid": 3007
    },
    {
        "bookingid": 1537
    },
    {
        "bookingid": 389
    },
    {
        "bookingid": 795
    },
    {
        "bookingid": 2672
    },
    {
        "bookingid": 212
    },
    {
        "bookingid": 260
    },
    {
        "bookingid": 642
    },
    {
        "bookingid": 2822
    },
    {
        "bookingid": 2749
    },
    {
        "bookingid": 620
    },
    {
        "bookingid": 1233
    },
    {
        "bookingid": 3136
    },
    {
        "bookingid": 1710
    },
    {
        "bookingid": 3004
    },
    {
        "bookingid": 2366
    },
    {
        "bookingid": 809
    },
    {
        "bookingid": 2013
    },
    {
        "bookingid": 2915
    },
    {
        "bookingid": 1954
    },
    {
        "bookingid": 61
    },
    {
        "bookingid": 3088
    },
    {
        "bookingid": 2352
    },
    {
        "bookingid": 1290
    },
    {
        "bookingid": 975
    },
    {
        "bookingid": 204
    },
    {
        "bookingid": 324
    },
    {
        "bookingid": 1652
    },
    {
        "bookingid": 2860
    },
    {
        "bookingid": 2621
    },
    {
        "bookingid": 2320
    },
    {
        "bookingid": 1683
    },
    {
        "bookingid": 2322
    },
    {
        "bookingid": 1886
    },
    {
        "bookingid": 2636
    },
    {
        "bookingid": 1960
    },
    {
        "bookingid": 1145
    },
    {
        "bookingid": 1605
    },
    {
        "bookingid": 735
    },
    {
        "bookingid": 2827
    },
    {
        "bookingid": 1499
    },
    {
        "bookingid": 128
    },
    {
        "bookingid": 1325
    },
    {
        "bookingid": 532
    },
    {
        "bookingid": 2425
    },
    {
        "bookingid": 1103
    },
    {
        "bookingid": 1209
    },
    {
        "bookingid": 39
    },
    {
        "bookingid": 198
    },
    {
        "bookingid": 2811
    },
    {
        "bookingid": 2687
    },
    {
        "bookingid": 1898
    },
    {
        "bookingid": 1881
    },
    {
        "bookingid": 1473
    },
    {
        "bookingid": 2596
    },
    {
        "bookingid": 2991
    },
    {
        "bookingid": 79
    },
    {
        "bookingid": 1693
    },
    {
        "bookingid": 2198
    },
    {
        "bookingid": 2250
    },
    {
        "bookingid": 1883
    },
    {
        "bookingid": 1456
    },
    {
        "bookingid": 59
    },
    {
        "bookingid": 2044
    },
    {
        "bookingid": 1340
    },
    {
        "bookingid": 370
    },
    {
        "bookingid": 1974
    },
    {
        "bookingid": 2373
    },
    {
        "bookingid": 2660
    },
    {
        "bookingid": 2612
    },
    {
        "bookingid": 970
    },
    {
        "bookingid": 2731
    },
    {
        "bookingid": 2588
    },
    {
        "bookingid": 348
    },
    {
        "bookingid": 1248
    },
    {
        "bookingid": 1174
    },
    {
        "bookingid": 729
    },
    {
        "bookingid": 1312
    },
    {
        "bookingid": 854
    },
    {
        "bookingid": 2499
    },
    {
        "bookingid": 2813
    },
    {
        "bookingid": 1032
    },
    {
        "bookingid": 1742
    },
    {
        "bookingid": 1823
    },
    {
        "bookingid": 395
    },
    {
        "bookingid": 2610
    },
    {
        "bookingid": 605
    },
    {
        "bookingid": 2167
    },
    {
        "bookingid": 973
    },
    {
        "bookingid": 1852
    },
    {
        "bookingid": 2394
    },
    {
        "bookingid": 65
    },
    {
        "bookingid": 2759
    },
    {
        "bookingid": 1836
    },
    {
        "bookingid": 2056
    },
    {
        "bookingid": 2100
    },
    {
        "bookingid": 2132
    },
    {
        "bookingid": 1603
    },
    {
        "bookingid": 2332
    },
    {
        "bookingid": 31
    },
    {
        "bookingid": 1711
    },
    {
        "bookingid": 2592
    },
    {
        "bookingid": 1533
    },
    {
        "bookingid": 1112
    },
    {
        "bookingid": 2657
    },
    {
        "bookingid": 299
    },
    {
        "bookingid": 871
    },
    {
        "bookingid": 185
    },
    {
        "bookingid": 2798
    },
    {
        "bookingid": 187
    },
    {
        "bookingid": 3125
    },
    {
        "bookingid": 1669
    },
    {
        "bookingid": 2518
    },
    {
        "bookingid": 2213
    },
    {
        "bookingid": 2276
    },
    {
        "bookingid": 2099
    },
    {
        "bookingid": 2017
    },
    {
        "bookingid": 567
    },
    {
        "bookingid": 643
    },
    {
        "bookingid": 106
    },
    {
        "bookingid": 1056
    },
    {
        "bookingid": 1634
    },
    {
        "bookingid": 280
    },
    {
        "bookingid": 1186
    },
    {
        "bookingid": 1903
    },
    {
        "bookingid": 675
    },
    {
        "bookingid": 3162
    },
    {
        "bookingid": 1555
    },
    {
        "bookingid": 3047
    },
    {
        "bookingid": 1413
    },
    {
        "bookingid": 1550
    },
    {
        "bookingid": 14
    },
    {
        "bookingid": 2727
    },
    {
        "bookingid": 1328
    },
    {
        "bookingid": 2365
    },
    {
        "bookingid": 3094
    },
    {
        "bookingid": 1232
    },
    {
        "bookingid": 2900
    },
    {
        "bookingid": 1779
    },
    {
        "bookingid": 606
    },
    {
        "bookingid": 831
    },
    {
        "bookingid": 58
    },
    {
        "bookingid": 1574
    },
    {
        "bookingid": 628
    },
    {
        "bookingid": 393
    },
    {
        "bookingid": 1919
    },
    {
        "bookingid": 3052
    },
    {
        "bookingid": 2972
    },
    {
        "bookingid": 583
    },
    {
        "bookingid": 1724
    },
    {
        "bookingid": 1635
    },
    {
        "bookingid": 2050
    },
    {
        "bookingid": 2696
    },
    {
        "bookingid": 3150
    },
    {
        "bookingid": 2290
    },
    {
        "bookingid": 2859
    },
    {
        "bookingid": 756
    },
    {
        "bookingid": 178
    },
    {
        "bookingid": 1586
    },
    {
        "bookingid": 551
    },
    {
        "bookingid": 3096
    },
    {
        "bookingid": 6
    },
    {
        "bookingid": 715
    },
    {
        "bookingid": 2554
    },
    {
        "bookingid": 1916
    },
    {
        "bookingid": 1286
    },
    {
        "bookingid": 505
    },
    {
        "bookingid": 2908
    },
    {
        "bookingid": 1297
    },
    {
        "bookingid": 2855
    },
    {
        "bookingid": 2663
    },
    {
        "bookingid": 351
    },
    {
        "bookingid": 1063
    },
    {
        "bookingid": 1245
    },
    {
        "bookingid": 2978
    },
    {
        "bookingid": 4
    },
    {
        "bookingid": 2620
    },
    {
        "bookingid": 2531
    },
    {
        "bookingid": 495
    },
    {
        "bookingid": 248
    },
    {
        "bookingid": 1054
    },
    {
        "bookingid": 728
    },
    {
        "bookingid": 1240
    },
    {
        "bookingid": 1381
    },
    {
        "bookingid": 2359
    },
    {
        "bookingid": 462
    },
    {
        "bookingid": 1680
    },
    {
        "bookingid": 2057
    },
    {
        "bookingid": 2494
    },
    {
        "bookingid": 202
    },
    {
        "bookingid": 3033
    },
    {
        "bookingid": 1923
    },
    {
        "bookingid": 668
    },
    {
        "bookingid": 1891
    },
    {
        "bookingid": 1506
    },
    {
        "bookingid": 2622
    },
    {
        "bookingid": 2484
    },
    {
        "bookingid": 3120
    },
    {
        "bookingid": 1133
    },
    {
        "bookingid": 194
    },
    {
        "bookingid": 318
    },
    {
        "bookingid": 1015
    },
    {
        "bookingid": 1235
    },
    {
        "bookingid": 1760
    },
    {
        "bookingid": 239
    },
    {
        "bookingid": 2139
    },
    {
        "bookingid": 2025
    },
    {
        "bookingid": 1900
    },
    {
        "bookingid": 266
    },
    {
        "bookingid": 623
    },
    {
        "bookingid": 161
    },
    {
        "bookingid": 2889
    },
    {
        "bookingid": 602
    },
    {
        "bookingid": 2525
    },
    {
        "bookingid": 1819
    },
    {
        "bookingid": 1304
    },
    {
        "bookingid": 3112
    },
    {
        "bookingid": 2419
    },
    {
        "bookingid": 1465
    },
    {
        "bookingid": 52
    },
    {
        "bookingid": 2467
    },
    {
        "bookingid": 1945
    },
    {
        "bookingid": 1907
    },
    {
        "bookingid": 216
    },
    {
        "bookingid": 2772
    },
    {
        "bookingid": 2886
    },
    {
        "bookingid": 154
    },
    {
        "bookingid": 2851
    },
    {
        "bookingid": 469
    },
    {
        "bookingid": 1041
    },
    {
        "bookingid": 703
    },
    {
        "bookingid": 1865
    },
    {
        "bookingid": 2995
    },
    {
        "bookingid": 2974
    },
    {
        "bookingid": 1668
    },
    {
        "bookingid": 618
    },
    {
        "bookingid": 2016
    },
    {
        "bookingid": 1918
    },
    {
        "bookingid": 2053
    },
    {
        "bookingid": 2082
    },
    {
        "bookingid": 1765
    },
    {
        "bookingid": 1337
    },
    {
        "bookingid": 1180
    },
    {
        "bookingid": 680
    },
    {
        "bookingid": 2065
    },
    {
        "bookingid": 2736
    },
    {
        "bookingid": 518
    },
    {
        "bookingid": 1505
    },
    {
        "bookingid": 774
    },
    {
        "bookingid": 1376
    },
    {
        "bookingid": 272
    },
    {
        "bookingid": 1217
    },
    {
        "bookingid": 1153
    },
    {
        "bookingid": 1786
    },
    {
        "bookingid": 2668
    },
    {
        "bookingid": 2138
    },
    {
        "bookingid": 45
    },
    {
        "bookingid": 1943
    },
    {
        "bookingid": 1971
    },
    {
        "bookingid": 2345
    },
    {
        "bookingid": 1418
    },
    {
        "bookingid": 430
    },
    {
        "bookingid": 575
    },
    {
        "bookingid": 2194
    },
    {
        "bookingid": 1744
    },
    {
        "bookingid": 2258
    },
    {
        "bookingid": 2669
    },
    {
        "bookingid": 366
    },
    {
        "bookingid": 2980
    },
    {
        "bookingid": 1046
    },
    {
        "bookingid": 2454
    },
    {
        "bookingid": 1899
    },
    {
        "bookingid": 3062
    },
    {
        "bookingid": 1106
    },
    {
        "bookingid": 2895
    },
    {
        "bookingid": 1302
    },
    {
        "bookingid": 677
    },
    {
        "bookingid": 3
    },
    {
        "bookingid": 2300
    },
    {
        "bookingid": 2776
    },
    {
        "bookingid": 297
    },
    {
        "bookingid": 1788
    },
    {
        "bookingid": 2278
    },
    {
        "bookingid": 780
    },
    {
        "bookingid": 502
    },
    {
        "bookingid": 2632
    },
    {
        "bookingid": 504
    },
    {
        "bookingid": 981
    },
    {
        "bookingid": 496
    },
    {
        "bookingid": 574
    },
    {
        "bookingid": 1666
    },
    {
        "bookingid": 311
    },
    {
        "bookingid": 2960
    },
    {
        "bookingid": 411
    },
    {
        "bookingid": 1857
    },
    {
        "bookingid": 2188
    },
    {
        "bookingid": 2400
    },
    {
        "bookingid": 288
    },
    {
        "bookingid": 2010
    },
    {
        "bookingid": 1850
    },
    {
        "bookingid": 1470
    },
    {
        "bookingid": 2607
    },
    {
        "bookingid": 1375
    },
    {
        "bookingid": 487
    },
    {
        "bookingid": 2237
    },
    {
        "bookingid": 237
    },
    {
        "bookingid": 2150
    },
    {
        "bookingid": 2169
    },
    {
        "bookingid": 349
    },
    {
        "bookingid": 530
    },
    {
        "bookingid": 748
    },
    {
        "bookingid": 683
    },
    {
        "bookingid": 1773
    },
    {
        "bookingid": 2891
    },
    {
        "bookingid": 3133
    },
    {
        "bookingid": 340
    },
    {
        "bookingid": 2943
    },
    {
        "bookingid": 1438
    },
    {
        "bookingid": 1379
    },
    {
        "bookingid": 220
    },
    {
        "bookingid": 27
    },
    {
        "bookingid": 2929
    },
    {
        "bookingid": 737
    },
    {
        "bookingid": 2549
    },
    {
        "bookingid": 586
    },
    {
        "bookingid": 2253
    },
    {
        "bookingid": 1210
    },
    {
        "bookingid": 2264
    },
    {
        "bookingid": 1431
    },
    {
        "bookingid": 2959
    },
    {
        "bookingid": 1662
    },
    {
        "bookingid": 2935
    },
    {
        "bookingid": 1657
    },
    {
        "bookingid": 2247
    },
    {
        "bookingid": 1980
    },
    {
        "bookingid": 1226
    },
    {
        "bookingid": 1428
    },
    {
        "bookingid": 964
    },
    {
        "bookingid": 1295
    },
    {
        "bookingid": 971
    },
    {
        "bookingid": 1057
    },
    {
        "bookingid": 488
    },
    {
        "bookingid": 2630
    },
    {
        "bookingid": 1466
    },
    {
        "bookingid": 2273
    },
    {
        "bookingid": 388
    },
    {
        "bookingid": 1625
    },
    {
        "bookingid": 1842
    },
    {
        "bookingid": 1421
    },
    {
        "bookingid": 554
    },
    {
        "bookingid": 1961
    },
    {
        "bookingid": 101
    },
    {
        "bookingid": 2998
    },
    {
        "bookingid": 2453
    },
    {
        "bookingid": 2285
    },
    {
        "bookingid": 1481
    },
    {
        "bookingid": 1360
    },
    {
        "bookingid": 836
    },
    {
        "bookingid": 1047
    },
    {
        "bookingid": 1798
    },
    {
        "bookingid": 2357
    },
    {
        "bookingid": 802
    },
    {
        "bookingid": 1993
    },
    {
        "bookingid": 585
    },
    {
        "bookingid": 2413
    },
    {
        "bookingid": 1169
    },
    {
        "bookingid": 884
    },
    {
        "bookingid": 2567
    },
    {
        "bookingid": 249
    },
    {
        "bookingid": 1811
    },
    {
        "bookingid": 2589
    },
    {
        "bookingid": 1767
    },
    {
        "bookingid": 2069
    },
    {
        "bookingid": 1023
    },
    {
        "bookingid": 22
    },
    {
        "bookingid": 2780
    },
    {
        "bookingid": 234
    },
    {
        "bookingid": 13
    },
    {
        "bookingid": 2808
    },
    {
        "bookingid": 1012
    },
    {
        "bookingid": 2350
    },
    {
        "bookingid": 2828
    },
    {
        "bookingid": 830
    },
    {
        "bookingid": 549
    },
    {
        "bookingid": 2428
    },
    {
        "bookingid": 313
    },
    {
        "bookingid": 1783
    },
    {
        "bookingid": 2805
    },
    {
        "bookingid": 3131
    },
    {
        "bookingid": 56
    },
    {
        "bookingid": 2916
    },
    {
        "bookingid": 2560
    },
    {
        "bookingid": 2947
    },
    {
        "bookingid": 1978
    },
    {
        "bookingid": 3122
    },
    {
        "bookingid": 558
    },
    {
        "bookingid": 2503
    },
    {
        "bookingid": 2377
    },
    {
        "bookingid": 2958
    },
    {
        "bookingid": 589
    },
    {
        "bookingid": 3116
    },
    {
        "bookingid": 2308
    },
    {
        "bookingid": 34
    },
    {
        "bookingid": 98
    },
    {
        "bookingid": 241
    },
    {
        "bookingid": 2954
    },
    {
        "bookingid": 1988
    },
    {
        "bookingid": 1656
    },
    {
        "bookingid": 877
    },
    {
        "bookingid": 545
    },
    {
        "bookingid": 563
    },
    {
        "bookingid": 595
    },
    {
        "bookingid": 20
    },
    {
        "bookingid": 927
    },
    {
        "bookingid": 1527
    },
    {
        "bookingid": 743
    },
    {
        "bookingid": 1644
    },
    {
        "bookingid": 1526
    },
    {
        "bookingid": 1516
    },
    {
        "bookingid": 1163
    },
    {
        "bookingid": 1716
    },
    {
        "bookingid": 866
    },
    {
        "bookingid": 2834
    },
    {
        "bookingid": 698
    },
    {
        "bookingid": 1557
    },
    {
        "bookingid": 2102
    },
    {
        "bookingid": 2819
    },
    {
        "bookingid": 705
    },
    {
        "bookingid": 1585
    },
    {
        "bookingid": 825
    },
    {
        "bookingid": 709
    },
    {
        "bookingid": 1196
    },
    {
        "bookingid": 2401
    },
    {
        "bookingid": 380
    },
    {
        "bookingid": 1094
    },
    {
        "bookingid": 419
    },
    {
        "bookingid": 629
    },
    {
        "bookingid": 2378
    },
    {
        "bookingid": 3115
    },
    {
        "bookingid": 453
    },
    {
        "bookingid": 1121
    },
    {
        "bookingid": 2923
    },
    {
        "bookingid": 2151
    },
    {
        "bookingid": 1140
    },
    {
        "bookingid": 2111
    },
    {
        "bookingid": 997
    },
    {
        "bookingid": 2680
    },
    {
        "bookingid": 2973
    },
    {
        "bookingid": 1818
    },
    {
        "bookingid": 2843
    },
    {
        "bookingid": 1699
    },
    {
        "bookingid": 1343
    },
    {
        "bookingid": 2649
    },
    {
        "bookingid": 296
    },
    {
        "bookingid": 700
    },
    {
        "bookingid": 2826
    },
    {
        "bookingid": 1021
    },
    {
        "bookingid": 1080
    },
    {
        "bookingid": 1258
    },
    {
        "bookingid": 2952
    },
    {
        "bookingid": 8
    },
    {
        "bookingid": 2005
    },
    {
        "bookingid": 2274
    },
    {
        "bookingid": 1989
    },
    {
        "bookingid": 2313
    },
    {
        "bookingid": 572
    },
    {
        "bookingid": 1455
    },
    {
        "bookingid": 817
    },
    {
        "bookingid": 2537
    },
    {
        "bookingid": 593
    },
    {
        "bookingid": 1346
    },
    {
        "bookingid": 191
    },
    {
        "bookingid": 1660
    },
    {
        "bookingid": 2406
    },
    {
        "bookingid": 1227
    },
    {
        "bookingid": 3154
    },
    {
        "bookingid": 1190
    },
    {
        "bookingid": 2242
    },
    {
        "bookingid": 1045
    },
    {
        "bookingid": 2081
    },
    {
        "bookingid": 286
    },
    {
        "bookingid": 1122
    },
    {
        "bookingid": 2962
    },
    {
        "bookingid": 2897
    },
    {
        "bookingid": 3147
    },
    {
        "bookingid": 3014
    },
    {
        "bookingid": 2443
    },
    {
        "bookingid": 2593
    },
    {
        "bookingid": 117
    },
    {
        "bookingid": 1771
    },
    {
        "bookingid": 2643
    },
    {
        "bookingid": 1128
    },
    {
        "bookingid": 2161
    },
    {
        "bookingid": 2858
    },
    {
        "bookingid": 7
    },
    {
        "bookingid": 2768
    },
    {
        "bookingid": 2734
    },
    {
        "bookingid": 18
    },
    {
        "bookingid": 1598
    },
    {
        "bookingid": 225
    },
    {
        "bookingid": 1523
    },
    {
        "bookingid": 931
    },
    {
        "bookingid": 2174
    },
    {
        "bookingid": 2575
    },
    {
        "bookingid": 898
    },
    {
        "bookingid": 2105
    },
    {
        "bookingid": 663
    },
    {
        "bookingid": 2441
    },
    {
        "bookingid": 1732
    },
    {
        "bookingid": 1469
    },
    {
        "bookingid": 2673
    },
    {
        "bookingid": 3082
    },
    {
        "bookingid": 2384
    },
    {
        "bookingid": 2543
    },
    {
        "bookingid": 1197
    },
    {
        "bookingid": 2740
    },
    {
        "bookingid": 383
    },
    {
        "bookingid": 3017
    },
    {
        "bookingid": 2913
    },
    {
        "bookingid": 1188
    },
    {
        "bookingid": 3028
    },
    {
        "bookingid": 1487
    },
    {
        "bookingid": 3055
    },
    {
        "bookingid": 1107
    },
    {
        "bookingid": 2773
    },
    {
        "bookingid": 1275
    },
    {
        "bookingid": 355
    },
    {
        "bookingid": 2987
    },
    {
        "bookingid": 1733
    },
    {
        "bookingid": 459
    },
    {
        "bookingid": 608
    },
    {
        "bookingid": 1909
    },
    {
        "bookingid": 837
    },
    {
        "bookingid": 1679
    },
    {
        "bookingid": 867
    },
    {
        "bookingid": 134
    },
    {
        "bookingid": 2600
    },
    {
        "bookingid": 1176
    },
    {
        "bookingid": 2475
    },
    {
        "bookingid": 2306
    },
    {
        "bookingid": 2723
    },
    {
        "bookingid": 1685
    },
    {
        "bookingid": 1412
    },
    {
        "bookingid": 1686
    },
    {
        "bookingid": 1944
    },
    {
        "bookingid": 2990
    },
    {
        "bookingid": 99
    },
    {
        "bookingid": 2565
    },
    {
        "bookingid": 769
    },
    {
        "bookingid": 1263
    },
    {
        "bookingid": 122
    },
    {
        "bookingid": 493
    },
    {
        "bookingid": 312
    },
    {
        "bookingid": 881
    },
    {
        "bookingid": 2474
    },
    {
        "bookingid": 835
    },
    {
        "bookingid": 2492
    },
    {
        "bookingid": 1673
    },
    {
        "bookingid": 2635
    },
    {
        "bookingid": 1633
    },
    {
        "bookingid": 3126
    },
    {
        "bookingid": 2652
    },
    {
        "bookingid": 936
    },
    {
        "bookingid": 247
    },
    {
        "bookingid": 2769
    },
    {
        "bookingid": 1619
    },
    {
        "bookingid": 2750
    },
    {
        "bookingid": 1682
    },
    {
        "bookingid": 3038
    },
    {
        "bookingid": 1967
    },
    {
        "bookingid": 820
    },
    {
        "bookingid": 2767
    },
    {
        "bookingid": 2793
    },
    {
        "bookingid": 1920
    },
    {
        "bookingid": 1597
    },
    {
        "bookingid": 1357
    },
    {
        "bookingid": 2123
    },
    {
        "bookingid": 2590
    },
    {
        "bookingid": 2873
    },
    {
        "bookingid": 1821
    },
    {
        "bookingid": 2408
    },
    {
        "bookingid": 2230
    },
    {
        "bookingid": 1508
    },
    {
        "bookingid": 1370
    },
    {
        "bookingid": 1260
    },
    {
        "bookingid": 520
    },
    {
        "bookingid": 49
    },
    {
        "bookingid": 980
    },
    {
        "bookingid": 1282
    },
    {
        "bookingid": 974
    },
    {
        "bookingid": 361
    },
    {
        "bookingid": 1303
    },
    {
        "bookingid": 130
    },
    {
        "bookingid": 2558
    },
    {
        "bookingid": 768
    },
    {
        "bookingid": 290
    },
    {
        "bookingid": 826
    },
    {
        "bookingid": 783
    },
    {
        "bookingid": 1939
    },
    {
        "bookingid": 3039
    },
    {
        "bookingid": 410
    },
    {
        "bookingid": 2152
    },
    {
        "bookingid": 334
    },
    {
        "bookingid": 1789
    },
    {
        "bookingid": 659
    },
    {
        "bookingid": 1283
    },
    {
        "bookingid": 1244
    },
    {
        "bookingid": 990
    },
    {
        "bookingid": 1159
    },
    {
        "bookingid": 412
    },
    {
        "bookingid": 252
    },
    {
        "bookingid": 1927
    },
    {
        "bookingid": 648
    },
    {
        "bookingid": 2979
    },
    {
        "bookingid": 1874
    },
    {
        "bookingid": 512
    },
    {
        "bookingid": 1776
    },
    {
        "bookingid": 536
    },
    {
        "bookingid": 1869
    },
    {
        "bookingid": 2496
    },
    {
        "bookingid": 965
    },
    {
        "bookingid": 2462
    },
    {
        "bookingid": 1247
    },
    {
        "bookingid": 1697
    },
    {
        "bookingid": 1377
    },
    {
        "bookingid": 2351
    },
    {
        "bookingid": 490
    },
    {
        "bookingid": 939
    },
    {
        "bookingid": 1315
    },
    {
        "bookingid": 1265
    },
    {
        "bookingid": 1152
    },
    {
        "bookingid": 2880
    },
    {
        "bookingid": 136
    },
    {
        "bookingid": 367
    },
    {
        "bookingid": 231
    },
    {
        "bookingid": 1319
    },
    {
        "bookingid": 777
    },
    {
        "bookingid": 1884
    },
    {
        "bookingid": 1539
    },
    {
        "bookingid": 2729
    },
    {
        "bookingid": 1039
    },
    {
        "bookingid": 460
    },
    {
        "bookingid": 418
    },
    {
        "bookingid": 1721
    },
    {
        "bookingid": 506
    },
    {
        "bookingid": 2411
    },
    {
        "bookingid": 1513
    },
    {
        "bookingid": 1568
    },
    {
        "bookingid": 2938
    },
    {
        "bookingid": 1486
    },
    {
        "bookingid": 1109
    },
    {
        "bookingid": 552
    },
    {
        "bookingid": 1401
    },
    {
        "bookingid": 788
    },
    {
        "bookingid": 3100
    },
    {
        "bookingid": 681
    },
    {
        "bookingid": 514
    },
    {
        "bookingid": 1646
    },
    {
        "bookingid": 1331
    },
    {
        "bookingid": 2398
    },
    {
        "bookingid": 401
    },
    {
        "bookingid": 3023
    },
    {
        "bookingid": 2288
    },
    {
        "bookingid": 3165
    },
    {
        "bookingid": 1289
    },
    {
        "bookingid": 1843
    },
    {
        "bookingid": 1432
    },
    {
        "bookingid": 3058
    },
    {
        "bookingid": 515
    },
    {
        "bookingid": 15
    },
    {
        "bookingid": 445
    },
    {
        "bookingid": 1517
    },
    {
        "bookingid": 2585
    },
    {
        "bookingid": 238
    },
    {
        "bookingid": 1051
    },
    {
        "bookingid": 1132
    },
    {
        "bookingid": 1948
    },
    {
        "bookingid": 2753
    },
    {
        "bookingid": 46
    },
    {
        "bookingid": 1502
    },
    {
        "bookingid": 2931
    },
    {
        "bookingid": 2907
    },
    {
        "bookingid": 943
    },
    {
        "bookingid": 2746
    },
    {
        "bookingid": 1590
    },
    {
        "bookingid": 3020
    },
    {
        "bookingid": 2950
    },
    {
        "bookingid": 3026
    },
    {
        "bookingid": 2341
    },
    {
        "bookingid": 1069
    },
    {
        "bookingid": 992
    },
    {
        "bookingid": 823
    },
    {
        "bookingid": 661
    },
    {
        "bookingid": 1036
    },
    {
        "bookingid": 2203
    },
    {
        "bookingid": 612
    },
    {
        "bookingid": 902
    },
    {
        "bookingid": 727
    },
    {
        "bookingid": 3121
    },
    {
        "bookingid": 3029
    },
    {
        "bookingid": 89
    },
    {
        "bookingid": 2977
    },
    {
        "bookingid": 2714
    },
    {
        "bookingid": 217
    },
    {
        "bookingid": 738
    },
    {
        "bookingid": 598
    },
    {
        "bookingid": 800
    },
    {
        "bookingid": 1074
    },
    {
        "bookingid": 338
    },
    {
        "bookingid": 1459
    },
    {
        "bookingid": 2064
    },
    {
        "bookingid": 1448
    },
    {
        "bookingid": 25
    },
    {
        "bookingid": 599
    },
    {
        "bookingid": 1698
    },
    {
        "bookingid": 320
    },
    {
        "bookingid": 335
    },
    {
        "bookingid": 192
    },
    {
        "bookingid": 561
    },
    {
        "bookingid": 1949
    },
    {
        "bookingid": 1446
    },
    {
        "bookingid": 1079
    },
    {
        "bookingid": 477
    },
    {
        "bookingid": 3171
    },
    {
        "bookingid": 2389
    },
    {
        "bookingid": 2045
    },
    {
        "bookingid": 1202
    },
    {
        "bookingid": 1100
    },
    {
        "bookingid": 1549
    },
    {
        "bookingid": 2380
    },
    {
        "bookingid": 111
    },
    {
        "bookingid": 2231
    },
    {
        "bookingid": 1812
    },
    {
        "bookingid": 3072
    },
    {
        "bookingid": 2968
    },
    {
        "bookingid": 303
    },
    {
        "bookingid": 2921
    },
    {
        "bookingid": 1405
    },
    {
        "bookingid": 1099
    },
    {
        "bookingid": 1867
    },
    {
        "bookingid": 2845
    },
    {
        "bookingid": 2175
    },
    {
        "bookingid": 1632
    },
    {
        "bookingid": 2946
    },
    {
        "bookingid": 2438
    },
    {
        "bookingid": 3117
    },
    {
        "bookingid": 2040
    },
    {
        "bookingid": 114
    },
    {
        "bookingid": 273
    },
    {
        "bookingid": 110
    },
    {
        "bookingid": 653
    },
    {
        "bookingid": 945
    },
    {
        "bookingid": 635
    },
    {
        "bookingid": 1573
    },
    {
        "bookingid": 958
    },
    {
        "bookingid": 2353
    },
    {
        "bookingid": 28
    },
    {
        "bookingid": 373
    },
    {
        "bookingid": 1808
    },
    {
        "bookingid": 326
    },
    {
        "bookingid": 1582
    },
    {
        "bookingid": 852
    },
    {
        "bookingid": 1785
    },
    {
        "bookingid": 2284
    },
    {
        "bookingid": 1600
    },
    {
        "bookingid": 2129
    },
    {
        "bookingid": 240
    },
    {
        "bookingid": 2321
    },
    {
        "bookingid": 437
    },
    {
        "bookingid": 951
    },
    {
        "bookingid": 1161
    },
    {
        "bookingid": 2924
    },
    {
        "bookingid": 30
    },
    {
        "bookingid": 146
    },
    {
        "bookingid": 246
    },
    {
        "bookingid": 394
    },
    {
        "bookingid": 83
    },
    {
        "bookingid": 1287
    },
    {
        "bookingid": 2619
    },
    {
        "bookingid": 2084
    },
    {
        "bookingid": 269
    },
    {
        "bookingid": 1372
    },
    {
        "bookingid": 1339
    },
    {
        "bookingid": 2347
    },
    {
        "bookingid": 1010
    },
    {
        "bookingid": 2424
    },
    {
        "bookingid": 1734
    },
    {
        "bookingid": 1167
    },
    {
        "bookingid": 2158
    },
    {
        "bookingid": 2077
    },
    {
        "bookingid": 617
    },
    {
        "bookingid": 2961
    },
    {
        "bookingid": 1933
    },
    {
        "bookingid": 2122
    },
    {
        "bookingid": 1436
    },
    {
        "bookingid": 1591
    },
    {
        "bookingid": 1341
    },
    {
        "bookingid": 2362
    },
    {
        "bookingid": 1837
    },
    {
        "bookingid": 3006
    },
    {
        "bookingid": 1548
    },
    {
        "bookingid": 853
    },
    {
        "bookingid": 1560
    },
    {
        "bookingid": 2654
    },
    {
        "bookingid": 420
    },
    {
        "bookingid": 21
    },
    {
        "bookingid": 1038
    },
    {
        "bookingid": 1067
    },
    {
        "bookingid": 262
    },
    {
        "bookingid": 2629
    },
    {
        "bookingid": 2275
    },
    {
        "bookingid": 718
    },
    {
        "bookingid": 1542
    },
    {
        "bookingid": 1892
    },
    {
        "bookingid": 1073
    },
    {
        "bookingid": 2007
    },
    {
        "bookingid": 524
    },
    {
        "bookingid": 2641
    },
    {
        "bookingid": 1846
    },
    {
        "bookingid": 1844
    },
    {
        "bookingid": 1936
    },
    {
        "bookingid": 1042
    },
    {
        "bookingid": 3163
    },
    {
        "bookingid": 2522
    },
    {
        "bookingid": 3034
    },
    {
        "bookingid": 2574
    },
    {
        "bookingid": 1395
    },
    {
        "bookingid": 179
    },
    {
        "bookingid": 2131
    },
    {
        "bookingid": 1889
    },
    {
        "bookingid": 2251
    },
    {
        "bookingid": 687
    },
    {
        "bookingid": 1147
    },
    {
        "bookingid": 172
    },
    {
        "bookingid": 1276
    },
    {
        "bookingid": 1727
    },
    {
        "bookingid": 2994
    },
    {
        "bookingid": 2349
    },
    {
        "bookingid": 68
    },
    {
        "bookingid": 1280
    },
    {
        "bookingid": 1839
    },
    {
        "bookingid": 1723
    },
    {
        "bookingid": 581
    },
    {
        "bookingid": 2346
    },
    {
        "bookingid": 1992
    },
    {
        "bookingid": 2311
    },
    {
        "bookingid": 947
    },
    {
        "bookingid": 1311
    },
    {
        "bookingid": 1179
    },
    {
        "bookingid": 2223
    },
    {
        "bookingid": 1830
    },
    {
        "bookingid": 2659
    },
    {
        "bookingid": 1281
    },
    {
        "bookingid": 1008
    },
    {
        "bookingid": 2586
    },
    {
        "bookingid": 994
    },
    {
        "bookingid": 1116
    },
    {
        "bookingid": 2458
    },
    {
        "bookingid": 1007
    },
    {
        "bookingid": 499
    },
    {
        "bookingid": 1349
    },
    {
        "bookingid": 2185
    },
    {
        "bookingid": 1472
    },
    {
        "bookingid": 1062
    },
    {
        "bookingid": 2920
    },
    {
        "bookingid": 811
    },
    {
        "bookingid": 2686
    },
    {
        "bookingid": 818
    },
    {
        "bookingid": 1087
    },
    {
        "bookingid": 1661
    },
    {
        "bookingid": 446
    },
    {
        "bookingid": 928
    },
    {
        "bookingid": 3114
    },
    {
        "bookingid": 423
    },
    {
        "bookingid": 533
    },
    {
        "bookingid": 1353
    },
    {
        "bookingid": 2107
    },
    {
        "bookingid": 2547
    },
    {
        "bookingid": 2243
    },
    {
        "bookingid": 2944
    },
    {
        "bookingid": 2042
    },
    {
        "bookingid": 720
    },
    {
        "bookingid": 2779
    },
    {
        "bookingid": 119
    },
    {
        "bookingid": 223
    },
    {
        "bookingid": 2412
    },
    {
        "bookingid": 1334
    },
    {
        "bookingid": 196
    },
    {
        "bookingid": 1201
    },
    {
        "bookingid": 53
    },
    {
        "bookingid": 1329
    },
    {
        "bookingid": 521
    },
    {
        "bookingid": 85
    },
    {
        "bookingid": 1173
    },
    {
        "bookingid": 1841
    },
    {
        "bookingid": 2328
    },
    {
        "bookingid": 2715
    },
    {
        "bookingid": 2941
    },
    {
        "bookingid": 1182
    },
    {
        "bookingid": 2156
    },
    {
        "bookingid": 2012
    },
    {
        "bookingid": 2706
    },
    {
        "bookingid": 912
    },
    {
        "bookingid": 2502
    },
    {
        "bookingid": 2841
    },
    {
        "bookingid": 2583
    },
    {
        "bookingid": 2269
    },
    {
        "bookingid": 2490
    },
    {
        "bookingid": 2022
    },
    {
        "bookingid": 1856
    },
    {
        "bookingid": 1113
    },
    {
        "bookingid": 1003
    },
    {
        "bookingid": 1608
    },
    {
        "bookingid": 1278
    },
    {
        "bookingid": 827
    },
    {
        "bookingid": 2857
    },
    {
        "bookingid": 1799
    },
    {
        "bookingid": 1364
    },
    {
        "bookingid": 1411
    },
    {
        "bookingid": 2183
    },
    {
        "bookingid": 1429
    },
    {
        "bookingid": 3075
    },
    {
        "bookingid": 1612
    },
    {
        "bookingid": 2815
    },
    {
        "bookingid": 2637
    },
    {
        "bookingid": 2507
    },
    {
        "bookingid": 1965
    },
    {
        "bookingid": 2266
    },
    {
        "bookingid": 2189
    },
    {
        "bookingid": 1055
    },
    {
        "bookingid": 433
    },
    {
        "bookingid": 1664
    },
    {
        "bookingid": 722
    },
    {
        "bookingid": 1134
    },
    {
        "bookingid": 2478
    },
    {
        "bookingid": 1912
    },
    {
        "bookingid": 694
    },
    {
        "bookingid": 609
    },
    {
        "bookingid": 2821
    },
    {
        "bookingid": 2922
    },
    {
        "bookingid": 2234
    },
    {
        "bookingid": 2992
    },
    {
        "bookingid": 3095
    },
    {
        "bookingid": 886
    },
    {
        "bookingid": 904
    },
    {
        "bookingid": 2850
    },
    {
        "bookingid": 2037
    },
    {
        "bookingid": 441
    },
    {
        "bookingid": 1577
    },
    {
        "bookingid": 1252
    },
    {
        "bookingid": 184
    },
    {
        "bookingid": 2182
    },
    {
        "bookingid": 2267
    },
    {
        "bookingid": 325
    },
    {
        "bookingid": 1832
    },
    {
        "bookingid": 374
    },
    {
        "bookingid": 2214
    },
    {
        "bookingid": 1453
    },
    {
        "bookingid": 1392
    },
    {
        "bookingid": 843
    },
    {
        "bookingid": 1480
    },
    {
        "bookingid": 2516
    },
    {
        "bookingid": 3089
    },
    {
        "bookingid": 1212
    },
    {
        "bookingid": 2539
    },
    {
        "bookingid": 2901
    },
    {
        "bookingid": 3045
    },
    {
        "bookingid": 1322
    },
    {
        "bookingid": 1851
    },
    {
        "bookingid": 1708
    },
    {
        "bookingid": 1253
    },
    {
        "bookingid": 2464
    },
    {
        "bookingid": 930
    },
    {
        "bookingid": 371
    },
    {
        "bookingid": 3111
    },
    {
        "bookingid": 2216
    },
    {
        "bookingid": 3167
    },
    {
        "bookingid": 3141
    },
    {
        "bookingid": 632
    },
    {
        "bookingid": 2041
    },
    {
        "bookingid": 2459
    },
    {
        "bookingid": 757
    },
    {
        "bookingid": 73
    },
    {
        "bookingid": 385
    },
    {
        "bookingid": 3049
    },
    {
        "bookingid": 72
    },
    {
        "bookingid": 2572
    },
    {
        "bookingid": 544
    },
    {
        "bookingid": 2199
    },
    {
        "bookingid": 508
    },
    {
        "bookingid": 789
    },
    {
        "bookingid": 1617
    },
    {
        "bookingid": 989
    },
    {
        "bookingid": 2399
    },
    {
        "bookingid": 1115
    },
    {
        "bookingid": 1752
    },
    {
        "bookingid": 2407
    },
    {
        "bookingid": 3142
    },
    {
        "bookingid": 2396
    },
    {
        "bookingid": 1095
    },
    {
        "bookingid": 2286
    },
    {
        "bookingid": 2035
    },
    {
        "bookingid": 1931
    },
    {
        "bookingid": 2651
    },
    {
        "bookingid": 1995
    },
    {
        "bookingid": 382
    },
    {
        "bookingid": 1229
    },
    {
        "bookingid": 2001
    },
    {
        "bookingid": 806
    },
    {
        "bookingid": 74
    },
    {
        "bookingid": 339
    },
    {
        "bookingid": 2168
    },
    {
        "bookingid": 1772
    },
    {
        "bookingid": 1972
    },
    {
        "bookingid": 253
    },
    {
        "bookingid": 1444
    },
    {
        "bookingid": 2130
    },
    {
        "bookingid": 2164
    },
    {
        "bookingid": 2730
    },
    {
        "bookingid": 1695
    },
    {
        "bookingid": 168
    },
    {
        "bookingid": 2671
    },
    {
        "bookingid": 57
    },
    {
        "bookingid": 594
    },
    {
        "bookingid": 1828
    },
    {
        "bookingid": 2528
    },
    {
        "bookingid": 1904
    },
    {
        "bookingid": 828
    },
    {
        "bookingid": 26
    },
    {
        "bookingid": 322
    },
    {
        "bookingid": 3069
    },
    {
        "bookingid": 3022
    },
    {
        "bookingid": 2087
    },
    {
        "bookingid": 3071
    },
    {
        "bookingid": 2692
    },
    {
        "bookingid": 197
    },
    {
        "bookingid": 2487
    },
    {
        "bookingid": 1009
    },
    {
        "bookingid": 158
    },
    {
        "bookingid": 2279
    },
    {
        "bookingid": 1975
    },
    {
        "bookingid": 1096
    },
    {
        "bookingid": 1394
    },
    {
        "bookingid": 443
    },
    {
        "bookingid": 3139
    },
    {
        "bookingid": 1665
    },
    {
        "bookingid": 979
    },
    {
        "bookingid": 48
    },
    {
        "bookingid": 842
    },
    {
        "bookingid": 2489
    },
    {
        "bookingid": 2338
    },
    {
        "bookingid": 157
    },
    {
        "bookingid": 1306
    },
    {
        "bookingid": 1804
    },
    {
        "bookingid": 576
    },
    {
        "bookingid": 1755
    },
    {
        "bookingid": 674
    },
    {
        "bookingid": 1391
    },
    {
        "bookingid": 1896
    },
    {
        "bookingid": 2299
    },
    {
        "bookingid": 3044
    },
    {
        "bookingid": 2606
    },
    {
        "bookingid": 1938
    },
    {
        "bookingid": 2918
    },
    {
        "bookingid": 1606
    },
    {
        "bookingid": 199
    },
    {
        "bookingid": 1977
    },
    {
        "bookingid": 1758
    },
    {
        "bookingid": 3110
    },
    {
        "bookingid": 208
    },
    {
        "bookingid": 1382
    },
    {
        "bookingid": 71
    },
    {
        "bookingid": 2681
    },
    {
        "bookingid": 186
    },
    {
        "bookingid": 1097
    },
    {
        "bookingid": 2058
    },
    {
        "bookingid": 901
    },
    {
        "bookingid": 1025
    },
    {
        "bookingid": 1737
    },
    {
        "bookingid": 1425
    },
    {
        "bookingid": 409
    },
    {
        "bookingid": 2263
    },
    {
        "bookingid": 2256
    },
    {
        "bookingid": 3065
    },
    {
        "bookingid": 1440
    },
    {
        "bookingid": 776
    },
    {
        "bookingid": 1393
    },
    {
        "bookingid": 1101
    },
    {
        "bookingid": 3093
    },
    {
        "bookingid": 364
    },
    {
        "bookingid": 658
    },
    {
        "bookingid": 24
    },
    {
        "bookingid": 2761
    },
    {
        "bookingid": 592
    },
    {
        "bookingid": 977
    },
    {
        "bookingid": 2381
    },
    {
        "bookingid": 1239
    },
    {
        "bookingid": 2073
    },
    {
        "bookingid": 66
    },
    {
        "bookingid": 1158
    },
    {
        "bookingid": 112
    },
    {
        "bookingid": 3124
    },
    {
        "bookingid": 510
    },
    {
        "bookingid": 1596
    },
    {
        "bookingid": 2796
    },
    {
        "bookingid": 3159
    },
    {
        "bookingid": 2888
    },
    {
        "bookingid": 16
    },
    {
        "bookingid": 1367
    },
    {
        "bookingid": 1166
    },
    {
        "bookingid": 944
    },
    {
        "bookingid": 2477
    },
    {
        "bookingid": 917
    },
    {
        "bookingid": 1347
    },
    {
        "bookingid": 365
    },
    {
        "bookingid": 489
    },
    {
        "bookingid": 1338
    },
    {
        "bookingid": 436
    },
    {
        "bookingid": 2240
    },
    {
        "bookingid": 2235
    },
    {
        "bookingid": 1572
    },
    {
        "bookingid": 2318
    },
    {
        "bookingid": 814
    },
    {
        "bookingid": 2678
    },
    {
        "bookingid": 1770
    },
    {
        "bookingid": 1086
    },
    {
        "bookingid": 991
    },
    {
        "bookingid": 1447
    },
    {
        "bookingid": 1814
    },
    {
        "bookingid": 751
    },
    {
        "bookingid": 723
    },
    {
        "bookingid": 284
    },
    {
        "bookingid": 542
    },
    {
        "bookingid": 1498
    },
    {
        "bookingid": 2799
    },
    {
        "bookingid": 935
    },
    {
        "bookingid": 1587
    },
    {
        "bookingid": 19
    },
    {
        "bookingid": 440
    },
    {
        "bookingid": 1250
    },
    {
        "bookingid": 2984
    },
    {
        "bookingid": 662
    },
    {
        "bookingid": 631
    },
    {
        "bookingid": 332
    },
    {
        "bookingid": 730
    },
    {
        "bookingid": 2117
    },
    {
        "bookingid": 1739
    },
    {
        "bookingid": 2120
    },
    {
        "bookingid": 2249
    },
    {
        "bookingid": 1520
    },
    {
        "bookingid": 2551
    },
    {
        "bookingid": 2181
    },
    {
        "bookingid": 2460
    },
    {
        "bookingid": 377
    },
    {
        "bookingid": 2910
    },
    {
        "bookingid": 1687
    },
    {
        "bookingid": 359
    },
    {
        "bookingid": 1029
    },
    {
        "bookingid": 996
    },
    {
        "bookingid": 2674
    },
    {
        "bookingid": 2011
    },
    {
        "bookingid": 132
    },
    {
        "bookingid": 1690
    },
    {
        "bookingid": 51
    },
    {
        "bookingid": 2702
    },
    {
        "bookingid": 1326
    },
    {
        "bookingid": 1840
    },
    {
        "bookingid": 894
    },
    {
        "bookingid": 32
    },
    {
        "bookingid": 452
    },
    {
        "bookingid": 1671
    },
    {
        "bookingid": 2513
    },
    {
        "bookingid": 1184
    },
    {
        "bookingid": 1641
    },
    {
        "bookingid": 1385
    },
    {
        "bookingid": 1855
    },
    {
        "bookingid": 2297
    },
    {
        "bookingid": 1016
    },
    {
        "bookingid": 1871
    },
    {
        "bookingid": 2642
    },
    {
        "bookingid": 851
    },
    {
        "bookingid": 2019
    },
    {
        "bookingid": 1336
    },
    {
        "bookingid": 1929
    },
    {
        "bookingid": 2465
    },
    {
        "bookingid": 1510
    },
    {
        "bookingid": 2842
    },
    {
        "bookingid": 1562
    },
    {
        "bookingid": 1940
    },
    {
        "bookingid": 3132
    },
    {
        "bookingid": 2369
    },
    {
        "bookingid": 1543
    },
    {
        "bookingid": 1363
    },
    {
        "bookingid": 1718
    },
    {
        "bookingid": 108
    },
    {
        "bookingid": 1064
    },
    {
        "bookingid": 1262
    },
    {
        "bookingid": 270
    },
    {
        "bookingid": 153
    },
    {
        "bookingid": 2433
    },
    {
        "bookingid": 148
    },
    {
        "bookingid": 360
    },
    {
        "bookingid": 669
    },
    {
        "bookingid": 107
    },
    {
        "bookingid": 548
    },
    {
        "bookingid": 1802
    },
    {
        "bookingid": 724
    },
    {
        "bookingid": 1123
    },
    {
        "bookingid": 784
    },
    {
        "bookingid": 960
    },
    {
        "bookingid": 2863
    },
    {
        "bookingid": 149
    },
    {
        "bookingid": 1044
    },
    {
        "bookingid": 3002
    },
    {
        "bookingid": 255
    },
    {
        "bookingid": 983
    },
    {
        "bookingid": 1747
    },
    {
        "bookingid": 1879
    },
    {
        "bookingid": 398
    },
    {
        "bookingid": 2387
    },
    {
        "bookingid": 2241
    },
    {
        "bookingid": 75
    },
    {
        "bookingid": 3016
    },
    {
        "bookingid": 451
    },
    {
        "bookingid": 2825
    },
    {
        "bookingid": 2757
    },
    {
        "bookingid": 2046
    },
    {
        "bookingid": 914
    },
    {
        "bookingid": 289
    },
    {
        "bookingid": 2072
    },
    {
        "bookingid": 2271
    },
    {
        "bookingid": 2146
    },
    {
        "bookingid": 1728
    },
    {
        "bookingid": 10
    },
    {
        "bookingid": 2186
    },
    {
        "bookingid": 564
    },
    {
        "bookingid": 2333
    },
    {
        "bookingid": 3105
    },
    {
        "bookingid": 346
    },
    {
        "bookingid": 82
    },
    {
        "bookingid": 5
    },
    {
        "bookingid": 569
    },
    {
        "bookingid": 712
    },
    {
        "bookingid": 1483
    },
    {
        "bookingid": 1730
    },
    {
        "bookingid": 376
    },
    {
        "bookingid": 2171
    },
    {
        "bookingid": 2540
    },
    {
        "bookingid": 697
    },
    {
        "bookingid": 1777
    },
    {
        "bookingid": 494
    },
    {
        "bookingid": 699
    },
    {
        "bookingid": 805
    },
    {
        "bookingid": 1650
    },
    {
        "bookingid": 2222
    },
    {
        "bookingid": 498
    },
    {
        "bookingid": 2640
    },
    {
        "bookingid": 2951
    },
    {
        "bookingid": 767
    },
    {
        "bookingid": 1576
    },
    {
        "bookingid": 2707
    },
    {
        "bookingid": 1624
    },
    {
        "bookingid": 2647
    },
    {
        "bookingid": 1504
    },
    {
        "bookingid": 803
    },
    {
        "bookingid": 2666
    },
    {
        "bookingid": 2261
    },
    {
        "bookingid": 2470
    },
    {
        "bookingid": 1164
    },
    {
        "bookingid": 1124
    },
    {
        "bookingid": 933
    },
    {
        "bookingid": 2323
    },
    {
        "bookingid": 2472
    },
    {
        "bookingid": 3099
    },
    {
        "bookingid": 2939
    },
    {
        "bookingid": 2861
    },
    {
        "bookingid": 174
    },
    {
        "bookingid": 2871
    },
    {
        "bookingid": 232
    },
    {
        "bookingid": 1559
    },
    {
        "bookingid": 1701
    },
    {
        "bookingid": 392
    },
    {
        "bookingid": 1592
    },
    {
        "bookingid": 1451
    },
    {
        "bookingid": 1400
    },
    {
        "bookingid": 2368
    },
    {
        "bookingid": 2790
    },
    {
        "bookingid": 2201
    },
    {
        "bookingid": 1324
    },
    {
        "bookingid": 1893
    },
    {
        "bookingid": 3153
    },
    {
        "bookingid": 2733
    },
    {
        "bookingid": 2418
    },
    {
        "bookingid": 3036
    },
    {
        "bookingid": 2344
    },
    {
        "bookingid": 634
    },
    {
        "bookingid": 228
    },
    {
        "bookingid": 1725
    },
    {
        "bookingid": 987
    },
    {
        "bookingid": 1551
    },
    {
        "bookingid": 1655
    },
    {
        "bookingid": 1895
    },
    {
        "bookingid": 848
    },
    {
        "bookingid": 1492
    },
    {
        "bookingid": 511
    },
    {
        "bookingid": 2451
    },
    {
        "bookingid": 1199
    },
    {
        "bookingid": 3149
    },
    {
        "bookingid": 254
    },
    {
        "bookingid": 1956
    },
    {
        "bookingid": 211
    },
    {
        "bookingid": 1917
    },
    {
        "bookingid": 654
    },
    {
        "bookingid": 2555
    },
    {
        "bookingid": 1102
    },
    {
        "bookingid": 166
    },
    {
        "bookingid": 1048
    },
    {
        "bookingid": 1782
    },
    {
        "bookingid": 2658
    },
    {
        "bookingid": 2725
    },
    {
        "bookingid": 1296
    },
    {
        "bookingid": 1906
    },
    {
        "bookingid": 1969
    },
    {
        "bookingid": 1256
    },
    {
        "bookingid": 1206
    },
    {
        "bookingid": 3018
    },
    {
        "bookingid": 1794
    },
    {
        "bookingid": 2101
    },
    {
        "bookingid": 1194
    },
    {
        "bookingid": 559
    },
    {
        "bookingid": 671
    },
    {
        "bookingid": 670
    },
    {
        "bookingid": 2679
    },
    {
        "bookingid": 1171
    },
    {
        "bookingid": 1424
    },
    {
        "bookingid": 2335
    },
    {
        "bookingid": 352
    },
    {
        "bookingid": 1544
    },
    {
        "bookingid": 1645
    },
    {
        "bookingid": 263
    },
    {
        "bookingid": 1355
    },
    {
        "bookingid": 2162
    },
    {
        "bookingid": 2437
    },
    {
        "bookingid": 955
    },
    {
        "bookingid": 1584
    },
    {
        "bookingid": 2043
    },
    {
        "bookingid": 181
    },
    {
        "bookingid": 1175
    },
    {
        "bookingid": 1139
    },
    {
        "bookingid": 1535
    },
    {
        "bookingid": 2314
    },
    {
        "bookingid": 2434
    },
    {
        "bookingid": 665
    },
    {
        "bookingid": 1834
    },
    {
        "bookingid": 1332
    },
    {
        "bookingid": 873
    },
    {
        "bookingid": 2304
    },
    {
        "bookingid": 1142
    },
    {
        "bookingid": 50
    },
    {
        "bookingid": 1704
    },
    {
        "bookingid": 565
    },
    {
        "bookingid": 2917
    },
    {
        "bookingid": 872
    },
    {
        "bookingid": 1829
    },
    {
        "bookingid": 2219
    },
    {
        "bookingid": 2885
    },
    {
        "bookingid": 2646
    },
    {
        "bookingid": 1488
    },
    {
        "bookingid": 1764
    },
    {
        "bookingid": 1932
    },
    {
        "bookingid": 2846
    },
    {
        "bookingid": 2752
    },
    {
        "bookingid": 2882
    },
    {
        "bookingid": 890
    },
    {
        "bookingid": 3031
    },
    {
        "bookingid": 1185
    },
    {
        "bookingid": 584
    },
    {
        "bookingid": 317
    },
    {
        "bookingid": 143
    },
    {
        "bookingid": 2764
    },
    {
        "bookingid": 2967
    },
    {
        "bookingid": 2112
    },
    {
        "bookingid": 2892
    },
    {
        "bookingid": 740
    },
    {
        "bookingid": 67
    },
    {
        "bookingid": 1848
    },
    {
        "bookingid": 2431
    },
    {
        "bookingid": 863
    },
    {
        "bookingid": 1981
    },
    {
        "bookingid": 2613
    },
    {
        "bookingid": 1566
    },
    {
        "bookingid": 2372
    },
    {
        "bookingid": 759
    },
    {
        "bookingid": 1406
    },
    {
        "bookingid": 2204
    }
]
total booking ids: 2206
]]></system-out>
  </testcase>
  <testcase name="partialBookingTest" classname="BookingAPITests.BookingApiFeatureTests" time="4.265">
    <system-out><![CDATA[Request method:	POST
Request URI:	https://restful-booker.herokuapp.com/auth
Proxy:			<none>
Request params:	<none>
Query params:	<none>
Form params:	<none>
Path params:	<none>
Headers:		Accept=*/*
				Content-Type=application/json
Cookies:		<none>
Multiparts:		<none>
Body:
./src/test/resources/jsons/auth.json
Request method:	POST
Request URI:	https://restful-booker.herokuapp.com/auth
Proxy:			<none>
Request params:	<none>
Query params:	<none>
Form params:	<none>
Path params:	<none>
Headers:		Accept=*/*
				Content-Type=application/json
Cookies:		<none>
Multiparts:		<none>
Body:
./src/test/resources/jsons/auth.json
HTTP/1.1 200 OK
Server: Cowboy
Report-To: {"group":"heroku-nel","max_age":3600,"endpoints":[{"url":"https://nel.heroku.com/reports?ts=1744655830&sid=c46efe9b-d3d2-4a0c-8c76-bfafa16c5add&s=ZQrwnwpFUDpJgiS8qu0u73LHBU6PqrMSzA4j2nKoJ7w%3D"}]}
Reporting-Endpoints: heroku-nel=https://nel.heroku.com/reports?ts=1744655830&sid=c46efe9b-d3d2-4a0c-8c76-bfafa16c5add&s=ZQrwnwpFUDpJgiS8qu0u73LHBU6PqrMSzA4j2nKoJ7w%3D
Nel: {"report_to":"heroku-nel","max_age":3600,"success_fraction":0.005,"failure_fraction":0.05,"response_headers":["Via"]}
Connection: keep-alive
X-Powered-By: Express
Content-Type: application/json; charset=utf-8
Content-Length: 27
Etag: W/"1b-1bAEpGaFxCQAxkEsbaKBxKuqfMI"
Date: Mon, 14 Apr 2025 18:37:10 GMT
Via: 1.1 vegur

{
    "token": "6782b5269c44120"
}
tokenId ==>6782b5269c44120
booking id: 3210
Request method:	GET
Request URI:	https://restful-booker.herokuapp.com/booking/3210
Proxy:			<none>
Request params:	<none>
Query params:	<none>
Form params:	<none>
Path params:	bookingId=3210
Headers:		Accept=*/*
Cookies:		<none>
Multiparts:		<none>
Body:			<none>
HTTP/1.1 200 OK
Server: Cowboy
Report-To: {"group":"heroku-nel","max_age":3600,"endpoints":[{"url":"https://nel.heroku.com/reports?ts=1744655833&sid=c46efe9b-d3d2-4a0c-8c76-bfafa16c5add&s=EZNscWguDDrU6yjUZRD%2BLOFerUOKrLNx0Qb5GQS3BAw%3D"}]}
Reporting-Endpoints: heroku-nel=https://nel.heroku.com/reports?ts=1744655833&sid=c46efe9b-d3d2-4a0c-8c76-bfafa16c5add&s=EZNscWguDDrU6yjUZRD%2BLOFerUOKrLNx0Qb5GQS3BAw%3D
Nel: {"report_to":"heroku-nel","max_age":3600,"success_fraction":0.005,"failure_fraction":0.05,"response_headers":["Via"]}
Connection: keep-alive
X-Powered-By: Express
Content-Type: application/json; charset=utf-8
Content-Length: 168
Etag: W/"a8-p5uB2C7mxZA3HXJZF+tJCDJr8VE"
Date: Mon, 14 Apr 2025 18:37:13 GMT
Via: 1.1 vegur

{
    "firstname": "Jim",
    "lastname": "Brown",
    "totalprice": 111,
    "depositpaid": true,
    "bookingdates": {
        "checkin": "2018-01-01",
        "checkout": "2019-01-01"
    },
    "additionalneeds": "Breakfast"
}
Request method:	PATCH
Request URI:	https://restful-booker.herokuapp.com/booking/3210
Proxy:			<none>
Request params:	<none>
Query params:	<none>
Form params:	<none>
Path params:	bookingId=3210
Headers:		Cookie=token=6782b5269c44120
				Accept=*/*
				Content-Type=application/json
Cookies:		<none>
Multiparts:		<none>
Body:
{
    "firstname": "API",
    "lastname": "Automation"
}
HTTP/1.1 200 OK
Server: Cowboy
Report-To: {"group":"heroku-nel","max_age":3600,"endpoints":[{"url":"https://nel.heroku.com/reports?ts=1744655835&sid=c46efe9b-d3d2-4a0c-8c76-bfafa16c5add&s=NgnkbWHYPLqOg8kCEpHGnaQh%2FUQ1CKlmVuqJes0dd4w%3D"}]}
Reporting-Endpoints: heroku-nel=https://nel.heroku.com/reports?ts=1744655835&sid=c46efe9b-d3d2-4a0c-8c76-bfafa16c5add&s=NgnkbWHYPLqOg8kCEpHGnaQh%2FUQ1CKlmVuqJes0dd4w%3D
Nel: {"report_to":"heroku-nel","max_age":3600,"success_fraction":0.005,"failure_fraction":0.05,"response_headers":["Via"]}
Connection: keep-alive
X-Powered-By: Express
Content-Type: application/json; charset=utf-8
Content-Length: 173
Etag: W/"ad-ElJejwzGisVxH+eI7Tl1rx7e1ng"
Date: Mon, 14 Apr 2025 18:37:15 GMT
Via: 1.1 vegur

{
    "firstname": "API",
    "lastname": "Automation",
    "totalprice": 111,
    "depositpaid": true,
    "bookingdates": {
        "checkin": "2018-01-01",
        "checkout": "2019-01-01"
    },
    "additionalneeds": "Breakfast"
}
]]></system-out>
  </testcase>
  <testcase name="updateBookingTest" classname="BookingAPITests.BookingApiFeatureTests" time="4.079">
    <system-out><![CDATA[Request method:	POST
Request URI:	https://restful-booker.herokuapp.com/auth
Proxy:			<none>
Request params:	<none>
Query params:	<none>
Form params:	<none>
Path params:	<none>
Headers:		Accept=*/*
				Content-Type=application/json
Cookies:		<none>
Multiparts:		<none>
Body:
./src/test/resources/jsons/auth.json
Request method:	POST
Request URI:	https://restful-booker.herokuapp.com/auth
Proxy:			<none>
Request params:	<none>
Query params:	<none>
Form params:	<none>
Path params:	<none>
Headers:		Accept=*/*
				Content-Type=application/json
Cookies:		<none>
Multiparts:		<none>
Body:
./src/test/resources/jsons/auth.json
HTTP/1.1 200 OK
Server: Cowboy
Report-To: {"group":"heroku-nel","max_age":3600,"endpoints":[{"url":"https://nel.heroku.com/reports?ts=1744655836&sid=c46efe9b-d3d2-4a0c-8c76-bfafa16c5add&s=%2FQW1IWP1E%2BXVkdCCOQDuahTxEFbmvstelBEXMfF7j24%3D"}]}
Reporting-Endpoints: heroku-nel=https://nel.heroku.com/reports?ts=1744655836&sid=c46efe9b-d3d2-4a0c-8c76-bfafa16c5add&s=%2FQW1IWP1E%2BXVkdCCOQDuahTxEFbmvstelBEXMfF7j24%3D
Nel: {"report_to":"heroku-nel","max_age":3600,"success_fraction":0.005,"failure_fraction":0.05,"response_headers":["Via"]}
Connection: keep-alive
X-Powered-By: Express
Content-Type: application/json; charset=utf-8
Content-Length: 27
Etag: W/"1b-R7EESB75118m7Nq4sgBkLV5EsQI"
Date: Mon, 14 Apr 2025 18:37:16 GMT
Via: 1.1 vegur

{
    "token": "a8b4bb2c0463307"
}
tokenId ==>a8b4bb2c0463307
booking id: 3256
Request method:	GET
Request URI:	https://restful-booker.herokuapp.com/booking/3256
Proxy:			<none>
Request params:	<none>
Query params:	<none>
Form params:	<none>
Path params:	bookingId=3256
Headers:		Accept=*/*
Cookies:		<none>
Multiparts:		<none>
Body:			<none>
HTTP/1.1 200 OK
Server: Cowboy
Report-To: {"group":"heroku-nel","max_age":3600,"endpoints":[{"url":"https://nel.heroku.com/reports?ts=1744655839&sid=c46efe9b-d3d2-4a0c-8c76-bfafa16c5add&s=6R%2BhEJ50HDLESS51OO4x533of2PV7FP%2BaOc0n%2F7wt2I%3D"}]}
Reporting-Endpoints: heroku-nel=https://nel.heroku.com/reports?ts=1744655839&sid=c46efe9b-d3d2-4a0c-8c76-bfafa16c5add&s=6R%2BhEJ50HDLESS51OO4x533of2PV7FP%2BaOc0n%2F7wt2I%3D
Nel: {"report_to":"heroku-nel","max_age":3600,"success_fraction":0.005,"failure_fraction":0.05,"response_headers":["Via"]}
Connection: keep-alive
X-Powered-By: Express
Content-Type: application/json; charset=utf-8
Content-Length: 168
Etag: W/"a8-p5uB2C7mxZA3HXJZF+tJCDJr8VE"
Date: Mon, 14 Apr 2025 18:37:19 GMT
Via: 1.1 vegur

{
    "firstname": "Jim",
    "lastname": "Brown",
    "totalprice": 111,
    "depositpaid": true,
    "bookingdates": {
        "checkin": "2018-01-01",
        "checkout": "2019-01-01"
    },
    "additionalneeds": "Breakfast"
}
Request method:	PUT
Request URI:	https://restful-booker.herokuapp.com/booking/3256
Proxy:			<none>
Request params:	<none>
Query params:	<none>
Form params:	<none>
Path params:	bookingId=3256
Headers:		Cookie=token=a8b4bb2c0463307
				Accept=*/*
				Content-Type=application/json
Cookies:		<none>
Multiparts:		<none>
Body:
{
    "firstname": "Naveen",
    "lastname": "Automation",
    "totalprice": 111,
    "depositpaid": true,
    "bookingdates": {
        "checkin": "2018-01-01",
        "checkout": "2019-01-01"
    },
    "additionalneeds": "Dinner"
}
HTTP/1.1 200 OK
Server: Cowboy
Report-To: {"group":"heroku-nel","max_age":3600,"endpoints":[{"url":"https://nel.heroku.com/reports?ts=1744655840&sid=c46efe9b-d3d2-4a0c-8c76-bfafa16c5add&s=zviprNp2ZbB%2BBcOJZRYNVUn19cT4KeGcyq36iKWCPqA%3D"}]}
Reporting-Endpoints: heroku-nel=https://nel.heroku.com/reports?ts=1744655840&sid=c46efe9b-d3d2-4a0c-8c76-bfafa16c5add&s=zviprNp2ZbB%2BBcOJZRYNVUn19cT4KeGcyq36iKWCPqA%3D
Nel: {"report_to":"heroku-nel","max_age":3600,"success_fraction":0.005,"failure_fraction":0.05,"response_headers":["Via"]}
Connection: keep-alive
X-Powered-By: Express
Content-Type: application/json; charset=utf-8
Content-Length: 173
Etag: W/"ad-xzu6t4KsoibBY0gwqHT9CPTtMb8"
Date: Mon, 14 Apr 2025 18:37:20 GMT
Via: 1.1 vegur

{
    "firstname": "Naveen",
    "lastname": "Automation",
    "totalprice": 111,
    "depositpaid": true,
    "bookingdates": {
        "checkin": "2018-01-01",
        "checkout": "2019-01-01"
    },
    "additionalneeds": "Dinner"
}
]]></system-out>
  </testcase>
  <testcase name="checkGetTest" classname="NewSpecificationConcept.RequestResponseSpecificationTest" time="0.467">
    <system-out><![CDATA[Request method:	GET
Request URI:	https://jsonplaceholder.typicode.com/posts/1
Proxy:			<none>
Request params:	<none>
Query params:	<none>
Form params:	<none>
Path params:	<none>
Headers:		Accept=*/*
				Content-Type=application/json
Cookies:		<none>
Multiparts:		<none>
Body:			<none>
]]></system-out>
  </testcase>
  <testcase name="checkGetWithQueryParamTest" classname="NewSpecificationConcept.RequestResponseSpecificationTest" time="0.746">
    <system-out><![CDATA[Request method:	GET
Request URI:	https://jsonplaceholder.typicode.com/posts/1?userId=1
Proxy:			<none>
Request params:	<none>
Query params:	userId=1
Form params:	<none>
Path params:	<none>
Headers:		Accept=*/*
				Content-Type=application/json
Cookies:		<none>
Multiparts:		<none>
Body:			<none>
]]></system-out>
  </testcase>
  <testcase name="checkPOSTTest" classname="NewSpecificationConcept.RequestResponseSpecificationTest" time="0.694">
    <system-out><![CDATA[Request method:	POST
Request URI:	https://jsonplaceholder.typicode.com/posts?userId=1
Proxy:			<none>
Request params:	<none>
Query params:	userId=1
Form params:	<none>
Path params:	<none>
Headers:		Accept=*/*
				Content-Type=application/json
Cookies:		<none>
Multiparts:		<none>
Body:
{
    "title": "foo",
    "body": "bar",
    "userId": 1
}
]]></system-out>
  </testcase>
  <testcase name="reqSpecTest" classname="NewSpecificationConcept.ResponseSpecificationTest" time="0.402"/>
  <testcase name="getAUserTest" classname="NewSpecificationConcept.RequestSpecReuseTest" time="0.619">
    <failure message="1 expectation failed.&#10;Expected status code &lt;200&gt; but was &lt;404&gt;.&#10;" type="java.lang.AssertionError"><![CDATA[java.lang.AssertionError: 
1 expectation failed.
Expected status code <200> but was <404>.

	at java.base/jdk.internal.reflect.NativeConstructorAccessorImpl.newInstance0(Native Method)
	at java.base/jdk.internal.reflect.NativeConstructorAccessorImpl.newInstance(NativeConstructorAccessorImpl.java:62)
	at java.base/jdk.internal.reflect.DelegatingConstructorAccessorImpl.newInstance(DelegatingConstructorAccessorImpl.java:45)
	at java.base/java.lang.reflect.Constructor.newInstance(Constructor.java:490)
	at org.codehaus.groovy.reflection.CachedConstructor.invoke(CachedConstructor.java:73)
	at org.codehaus.groovy.reflection.CachedConstructor.doConstructorInvoke(CachedConstructor.java:60)
	at org.codehaus.groovy.runtime.callsite.ConstructorSite$ConstructorSiteNoUnwrap.callConstructor(ConstructorSite.java:86)
	at org.codehaus.groovy.runtime.callsite.AbstractCallSite.callConstructor(AbstractCallSite.java:277)
	at io.restassured.internal.ResponseSpecificationImpl$HamcrestAssertionClosure.validate(ResponseSpecificationImpl.groovy:512)
	at io.restassured.internal.ResponseSpecificationImpl$HamcrestAssertionClosure$validate$1.call(Unknown Source)
	at io.restassured.internal.ResponseSpecificationImpl.validateResponseIfRequired(ResponseSpecificationImpl.groovy:696)
	at io.restassured.internal.ResponseSpecificationImpl.this$2$validateResponseIfRequired(ResponseSpecificationImpl.groovy)
	at jdk.internal.reflect.GeneratedMethodAccessor166.invoke(Unknown Source)
	at java.base/jdk.internal.reflect.DelegatingMethodAccessorImpl.invoke(DelegatingMethodAccessorImpl.java:43)
	at java.base/java.lang.reflect.Method.invoke(Method.java:566)
	at org.codehaus.groovy.runtime.callsite.PlainObjectMetaMethodSite.doInvoke(PlainObjectMetaMethodSite.java:43)
	at org.codehaus.groovy.runtime.callsite.PogoMetaMethodSite$PogoCachedMethodSiteNoUnwrapNoCoerce.invoke(PogoMetaMethodSite.java:198)
	at org.codehaus.groovy.runtime.callsite.PogoMetaMethodSite.callCurrent(PogoMetaMethodSite.java:62)
	at org.codehaus.groovy.runtime.callsite.AbstractCallSite.callCurrent(AbstractCallSite.java:185)
	at io.restassured.internal.ResponseSpecificationImpl.statusCode(ResponseSpecificationImpl.groovy:135)
	at io.restassured.specification.ResponseSpecification$statusCode$2.callCurrent(Unknown Source)
	at io.restassured.internal.ResponseSpecificationImpl.statusCode(ResponseSpecificationImpl.groovy:143)
	at io.restassured.internal.ValidatableResponseOptionsImpl.statusCode(ValidatableResponseOptionsImpl.java:89)
	at NewSpecificationConcept.RequestSpecReuseTest.getAUserTest(RequestSpecReuseTest.java:39)
	at java.base/jdk.internal.reflect.NativeMethodAccessorImpl.invoke0(Native Method)
	at java.base/jdk.internal.reflect.NativeMethodAccessorImpl.invoke(NativeMethodAccessorImpl.java:62)
	at java.base/jdk.internal.reflect.DelegatingMethodAccessorImpl.invoke(DelegatingMethodAccessorImpl.java:43)
	at java.base/java.lang.reflect.Method.invoke(Method.java:566)
	at org.testng.internal.MethodInvocationHelper.invokeMethod(MethodInvocationHelper.java:133)
	at org.testng.internal.TestInvoker.invokeMethod(TestInvoker.java:584)
	at org.testng.internal.TestInvoker.invokeTestMethod(TestInvoker.java:172)
	at org.testng.internal.MethodRunner.runInSequence(MethodRunner.java:46)
	at org.testng.internal.TestInvoker$MethodInvocationAgent.invoke(TestInvoker.java:804)
	at org.testng.internal.TestInvoker.invokeTestMethods(TestInvoker.java:145)
	at org.testng.internal.TestMethodWorker.invokeTestMethods(TestMethodWorker.java:146)
	at org.testng.internal.TestMethodWorker.run(TestMethodWorker.java:128)
	at java.base/java.util.ArrayList.forEach(ArrayList.java:1541)
	at org.testng.TestRunner.privateRun(TestRunner.java:770)
	at org.testng.TestRunner.run(TestRunner.java:591)
	at org.testng.SuiteRunner.runTest(SuiteRunner.java:402)
	at org.testng.SuiteRunner.runSequentially(SuiteRunner.java:396)
	at org.testng.SuiteRunner.privateRun(SuiteRunner.java:355)
	at org.testng.SuiteRunner.run(SuiteRunner.java:304)
	at org.testng.SuiteRunnerWorker.runSuite(SuiteRunnerWorker.java:53)
	at org.testng.SuiteRunnerWorker.run(SuiteRunnerWorker.java:96)
	at org.testng.TestNG.runSuitesSequentially(TestNG.java:1180)
	at org.testng.TestNG.runSuitesLocally(TestNG.java:1102)
	at org.testng.TestNG.runSuites(TestNG.java:1032)
	at org.testng.TestNG.run(TestNG.java:1000)
	at org.apache.maven.surefire.testng.TestNGExecutor.run(TestNGExecutor.java:155)
	at org.apache.maven.surefire.testng.TestNGDirectoryTestSuite.executeMulti(TestNGDirectoryTestSuite.java:169)
	at org.apache.maven.surefire.testng.TestNGDirectoryTestSuite.execute(TestNGDirectoryTestSuite.java:88)
	at org.apache.maven.surefire.testng.TestNGProvider.invoke(TestNGProvider.java:137)
	at org.apache.maven.surefire.booter.ForkedBooter.runSuitesInProcess(ForkedBooter.java:385)
	at org.apache.maven.surefire.booter.ForkedBooter.execute(ForkedBooter.java:162)
	at org.apache.maven.surefire.booter.ForkedBooter.run(ForkedBooter.java:507)
	at org.apache.maven.surefire.booter.ForkedBooter.main(ForkedBooter.java:495)
]]></failure>
    <system-out><![CDATA[Request method:	GET
Request URI:	https://gorest.co.in/public/v2/users/7440218
Proxy:			<none>
Request params:	<none>
Query params:	<none>
Form params:	<none>
Path params:	<none>
Headers:		Authorization=Bearer e4b8e1f593dc4a731a153c5ec8cc9b8bbb583ae964ce650a741113091b4e2ac6
				Accept=*/*
				Content-Type=application/json
Cookies:		<none>
Multiparts:		<none>
Body:			<none>
]]></system-out>
  </testcase>
  <testcase name="getUserTest" classname="NewSpecificationConcept.RequestSpecReuseTest" time="0.976">
    <system-out><![CDATA[Request method:	GET
Request URI:	https://gorest.co.in/public/v2/users
Proxy:			<none>
Request params:	<none>
Query params:	<none>
Form params:	<none>
Path params:	<none>
Headers:		Authorization=Bearer e4b8e1f593dc4a731a153c5ec8cc9b8bbb583ae964ce650a741113091b4e2ac6
				Accept=*/*
				Content-Type=application/json
Cookies:		<none>
Multiparts:		<none>
Body:			<none>
]]></system-out>
  </testcase>
  <testcase name="getWrongUserTest" classname="NewSpecificationConcept.RequestSpecReuseTest" time="0.934">
    <system-out><![CDATA[Request method:	GET
Request URI:	https://gorest.co.in/public/v2/users/1
Proxy:			<none>
Request params:	<none>
Query params:	<none>
Form params:	<none>
Path params:	<none>
Headers:		Authorization=Bearer e4b8e1f593dc4a731a153c5ec8cc9b8bbb583ae964ce650a741113091b4e2ac6
				Accept=*/*
				Content-Type=application/json
Cookies:		<none>
Multiparts:		<none>
Body:			<none>
]]></system-out>
  </testcase>
  <testcase name="getUserTest" classname="NewSpecificationConcept.RequestSpecificationTest" time="1.596">
    <failure message="1 expectation failed.&#10;Expected status code &lt;200&gt; but was &lt;404&gt;.&#10;" type="java.lang.AssertionError"><![CDATA[java.lang.AssertionError: 
1 expectation failed.
Expected status code <200> but was <404>.

	at java.base/jdk.internal.reflect.NativeConstructorAccessorImpl.newInstance0(Native Method)
	at java.base/jdk.internal.reflect.NativeConstructorAccessorImpl.newInstance(NativeConstructorAccessorImpl.java:62)
	at java.base/jdk.internal.reflect.DelegatingConstructorAccessorImpl.newInstance(DelegatingConstructorAccessorImpl.java:45)
	at java.base/java.lang.reflect.Constructor.newInstance(Constructor.java:490)
	at org.codehaus.groovy.reflection.CachedConstructor.invoke(CachedConstructor.java:73)
	at org.codehaus.groovy.reflection.CachedConstructor.doConstructorInvoke(CachedConstructor.java:60)
	at org.codehaus.groovy.runtime.callsite.ConstructorSite$ConstructorSiteNoUnwrap.callConstructor(ConstructorSite.java:86)
	at org.codehaus.groovy.runtime.callsite.AbstractCallSite.callConstructor(AbstractCallSite.java:277)
	at io.restassured.internal.ResponseSpecificationImpl$HamcrestAssertionClosure.validate(ResponseSpecificationImpl.groovy:512)
	at io.restassured.internal.ResponseSpecificationImpl$HamcrestAssertionClosure$validate$1.call(Unknown Source)
	at io.restassured.internal.ResponseSpecificationImpl.validateResponseIfRequired(ResponseSpecificationImpl.groovy:696)
	at io.restassured.internal.ResponseSpecificationImpl.this$2$validateResponseIfRequired(ResponseSpecificationImpl.groovy)
	at jdk.internal.reflect.GeneratedMethodAccessor166.invoke(Unknown Source)
	at java.base/jdk.internal.reflect.DelegatingMethodAccessorImpl.invoke(DelegatingMethodAccessorImpl.java:43)
	at java.base/java.lang.reflect.Method.invoke(Method.java:566)
	at org.codehaus.groovy.runtime.callsite.PlainObjectMetaMethodSite.doInvoke(PlainObjectMetaMethodSite.java:43)
	at org.codehaus.groovy.runtime.callsite.PogoMetaMethodSite$PogoCachedMethodSiteNoUnwrapNoCoerce.invoke(PogoMetaMethodSite.java:198)
	at org.codehaus.groovy.runtime.callsite.PogoMetaMethodSite.callCurrent(PogoMetaMethodSite.java:62)
	at org.codehaus.groovy.runtime.callsite.AbstractCallSite.callCurrent(AbstractCallSite.java:185)
	at io.restassured.internal.ResponseSpecificationImpl.statusCode(ResponseSpecificationImpl.groovy:135)
	at io.restassured.specification.ResponseSpecification$statusCode$2.callCurrent(Unknown Source)
	at io.restassured.internal.ResponseSpecificationImpl.statusCode(ResponseSpecificationImpl.groovy:143)
	at io.restassured.internal.ValidatableResponseOptionsImpl.statusCode(ValidatableResponseOptionsImpl.java:89)
	at NewSpecificationConcept.RequestSpecificationTest.getUserTest(RequestSpecificationTest.java:59)
	at java.base/jdk.internal.reflect.NativeMethodAccessorImpl.invoke0(Native Method)
	at java.base/jdk.internal.reflect.NativeMethodAccessorImpl.invoke(NativeMethodAccessorImpl.java:62)
	at java.base/jdk.internal.reflect.DelegatingMethodAccessorImpl.invoke(DelegatingMethodAccessorImpl.java:43)
	at java.base/java.lang.reflect.Method.invoke(Method.java:566)
	at org.testng.internal.MethodInvocationHelper.invokeMethod(MethodInvocationHelper.java:133)
	at org.testng.internal.TestInvoker.invokeMethod(TestInvoker.java:584)
	at org.testng.internal.TestInvoker.invokeTestMethod(TestInvoker.java:172)
	at org.testng.internal.MethodRunner.runInSequence(MethodRunner.java:46)
	at org.testng.internal.TestInvoker$MethodInvocationAgent.invoke(TestInvoker.java:804)
	at org.testng.internal.TestInvoker.invokeTestMethods(TestInvoker.java:145)
	at org.testng.internal.TestMethodWorker.invokeTestMethods(TestMethodWorker.java:146)
	at org.testng.internal.TestMethodWorker.run(TestMethodWorker.java:128)
	at java.base/java.util.ArrayList.forEach(ArrayList.java:1541)
	at org.testng.TestRunner.privateRun(TestRunner.java:770)
	at org.testng.TestRunner.run(TestRunner.java:591)
	at org.testng.SuiteRunner.runTest(SuiteRunner.java:402)
	at org.testng.SuiteRunner.runSequentially(SuiteRunner.java:396)
	at org.testng.SuiteRunner.privateRun(SuiteRunner.java:355)
	at org.testng.SuiteRunner.run(SuiteRunner.java:304)
	at org.testng.SuiteRunnerWorker.runSuite(SuiteRunnerWorker.java:53)
	at org.testng.SuiteRunnerWorker.run(SuiteRunnerWorker.java:96)
	at org.testng.TestNG.runSuitesSequentially(TestNG.java:1180)
	at org.testng.TestNG.runSuitesLocally(TestNG.java:1102)
	at org.testng.TestNG.runSuites(TestNG.java:1032)
	at org.testng.TestNG.run(TestNG.java:1000)
	at org.apache.maven.surefire.testng.TestNGExecutor.run(TestNGExecutor.java:155)
	at org.apache.maven.surefire.testng.TestNGDirectoryTestSuite.executeMulti(TestNGDirectoryTestSuite.java:169)
	at org.apache.maven.surefire.testng.TestNGDirectoryTestSuite.execute(TestNGDirectoryTestSuite.java:88)
	at org.apache.maven.surefire.testng.TestNGProvider.invoke(TestNGProvider.java:137)
	at org.apache.maven.surefire.booter.ForkedBooter.runSuitesInProcess(ForkedBooter.java:385)
	at org.apache.maven.surefire.booter.ForkedBooter.execute(ForkedBooter.java:162)
	at org.apache.maven.surefire.booter.ForkedBooter.run(ForkedBooter.java:507)
	at org.apache.maven.surefire.booter.ForkedBooter.main(ForkedBooter.java:495)
]]></failure>
    <system-out><![CDATA[Request method:	GET
Request URI:	https://gorest.co.in/public/v2/users
Proxy:			<none>
Request params:	<none>
Query params:	<none>
Form params:	<none>
Path params:	<none>
Headers:		Authorization=Bearer e4b8e1f593dc4a731a153c5ec8cc9b8bbb583ae964ce650a741113091b4e2ac6
				Accept=*/*
				Content-Type=application/json
Cookies:		<none>
Multiparts:		<none>
Body:			<none>
Request method:	GET
Request URI:	https://gorest.co.in/public/v2/users/7440218
Proxy:			<none>
Request params:	<none>
Query params:	<none>
Form params:	<none>
Path params:	<none>
Headers:		Authorization=Bearer e4b8e1f593dc4a731a153c5ec8cc9b8bbb583ae964ce650a741113091b4e2ac6
				Accept=*/*
				Content-Type=application/json
Cookies:		<none>
Multiparts:		<none>
Body:			<none>
]]></system-out>
  </testcase>
  <testcase name="getUserTest_With_QueryParam" classname="NewSpecificationConcept.RequestSpecificationTest" time="1.012">
    <system-out><![CDATA[Request method:	GET
Request URI:	https://gorest.co.in/public/v2/users?name=naveen
Proxy:			<none>
Request params:	<none>
Query params:	name=naveen
Form params:	<none>
Path params:	<none>
Headers:		Authorization=Bearer e4b8e1f593dc4a731a153c5ec8cc9b8bbb583ae964ce650a741113091b4e2ac6
				Accept=*/*
				Content-Type=application/json
Cookies:		<none>
Multiparts:		<none>
Body:			<none>
]]></system-out>
  </testcase>
  <testcase name="reqSpecTest" classname="NewSpecificationConcept.RequestSpecificationTest" time="0.961">
    <system-out><![CDATA[Request method:	GET
Request URI:	https://jsonplaceholder.typicode.com/posts/1
Proxy:			<none>
Request params:	<none>
Query params:	<none>
Form params:	<none>
Path params:	<none>
Headers:		Accept=*/*
				Content-Type=application/json
Cookies:		<none>
Multiparts:		<none>
Body:			<none>
Request method:	POST
Request URI:	https://jsonplaceholder.typicode.com/posts
Proxy:			<none>
Request params:	<none>
Query params:	<none>
Form params:	<none>
Path params:	<none>
Headers:		Accept=*/*
				Content-Type=application/json
Cookies:		<none>
Multiparts:		<none>
Body:
{
    "title": "foo",
    "body": "bar",
    "userId": 1
}
]]></system-out>
  </testcase>
  <testcase name="getAuthTokenTest_WithJSON" classname="POSTWithAuthAPI.AuthAPITest" time="1.423">
    <system-out><![CDATA[tokenId ==>95454adc8056224
]]></system-out>
  </testcase>
  <testcase name="getAuthTokenTest_WithJSONFILE" classname="POSTWithAuthAPI.AuthAPITest" time="1.337">
    <system-out><![CDATA[Request method:	POST
Request URI:	https://restful-booker.herokuapp.com/auth
Proxy:			<none>
Request params:	<none>
Query params:	<none>
Form params:	<none>
Path params:	<none>
Headers:		Accept=*/*
				Content-Type=application/json
Cookies:		<none>
Multiparts:		<none>
Body:
./src/test/resources/jsons/auth.json
Request method:	POST
Request URI:	https://restful-booker.herokuapp.com/auth
Proxy:			<none>
Request params:	<none>
Query params:	<none>
Form params:	<none>
Path params:	<none>
Headers:		Accept=*/*
				Content-Type=application/json
Cookies:		<none>
Multiparts:		<none>
Body:
./src/test/resources/jsons/auth.json
HTTP/1.1 200 OK
Server: Cowboy
Report-To: {"group":"heroku-nel","max_age":3600,"endpoints":[{"url":"https://nel.heroku.com/reports?ts=1744655851&sid=c46efe9b-d3d2-4a0c-8c76-bfafa16c5add&s=6P7tZuaDff8UFacSTxzniMh1AkkxB%2Bn85bICVum4CSo%3D"}]}
Reporting-Endpoints: heroku-nel=https://nel.heroku.com/reports?ts=1744655851&sid=c46efe9b-d3d2-4a0c-8c76-bfafa16c5add&s=6P7tZuaDff8UFacSTxzniMh1AkkxB%2Bn85bICVum4CSo%3D
Nel: {"report_to":"heroku-nel","max_age":3600,"success_fraction":0.005,"failure_fraction":0.05,"response_headers":["Via"]}
Connection: keep-alive
X-Powered-By: Express
Content-Type: application/json; charset=utf-8
Content-Length: 27
Etag: W/"1b-zFEE/8h1xEIGrNvL6ybrGLMqnXQ"
Date: Mon, 14 Apr 2025 18:37:31 GMT
Via: 1.1 vegur

{
    "token": "f7b4f76c79ffc91"
}
tokenId ==>f7b4f76c79ffc91
]]></system-out>
  </testcase>
  <testcase name="getAuthTokenTest_WithPOJOClass" classname="POSTWithAuthAPI.AuthAPITest" time="1.571">
    <system-out><![CDATA[Request method:	POST
Request URI:	https://restful-booker.herokuapp.com/auth
Proxy:			<none>
Request params:	<none>
Query params:	<none>
Form params:	<none>
Path params:	<none>
Headers:		Accept=*/*
				Content-Type=application/json
Cookies:		<none>
Multiparts:		<none>
Body:
{
    "username": "admin",
    "password": "password123"
}
Request method:	POST
Request URI:	https://restful-booker.herokuapp.com/auth
Proxy:			<none>
Request params:	<none>
Query params:	<none>
Form params:	<none>
Path params:	<none>
Headers:		Accept=*/*
				Content-Type=application/json
Cookies:		<none>
Multiparts:		<none>
Body:
{
    "username": "admin",
    "password": "password123"
}
HTTP/1.1 200 OK
Server: Cowboy
Report-To: {"group":"heroku-nel","max_age":3600,"endpoints":[{"url":"https://nel.heroku.com/reports?ts=1744655853&sid=c46efe9b-d3d2-4a0c-8c76-bfafa16c5add&s=8nrjQ79VsAKsW9IOMI1XrqY87DyWuXGbPqMwre1cUoA%3D"}]}
Reporting-Endpoints: heroku-nel=https://nel.heroku.com/reports?ts=1744655853&sid=c46efe9b-d3d2-4a0c-8c76-bfafa16c5add&s=8nrjQ79VsAKsW9IOMI1XrqY87DyWuXGbPqMwre1cUoA%3D
Nel: {"report_to":"heroku-nel","max_age":3600,"success_fraction":0.005,"failure_fraction":0.05,"response_headers":["Via"]}
Connection: keep-alive
X-Powered-By: Express
Content-Type: application/json; charset=utf-8
Content-Length: 27
Etag: W/"1b-oVJr6uSewbDP62axbU0AFmmGfcM"
Date: Mon, 14 Apr 2025 18:37:33 GMT
Via: 1.1 vegur

{
    "token": "9dc6c069c26a48c"
}
tokenId ==>9dc6c069c26a48c
]]></system-out>
  </testcase>
  <testcase name="createUserTest_LombokBuilder" classname="FakeUserAPITests.CreateFakeUserTest" time="0.563">
    <system-out><![CDATA[Request method:	POST
Request URI:	https://fakestoreapi.com/users
Proxy:			<none>
Request params:	<none>
Query params:	<none>
Form params:	<none>
Path params:	<none>
Headers:		Accept=*/*
				Content-Type=text/plain; charset=ISO-8859-1
Cookies:		<none>
Multiparts:		<none>
Body:
{"email":"piyush@gmail.com","username":"piyusapi","password":"piyush@123","phone":"9876-090-987","name":{"firstname":"Piyush","lastname":"Sharma"},"address":{"city":"Pune","street":"old road","number":123,"zipcode":"98989","geoLocation":{"lat":"-90.899","long":"876.33"}}}
HTTP/1.1 200 OK
Date: Mon, 14 Apr 2025 18:37:33 GMT
Content-Type: application/json; charset=utf-8
Content-Length: 9
Connection: keep-alive
access-control-allow-origin: *
etag: W/"9-hVv0cNJophUD7CGn+ZqXp8tVGo0"
x-powered-by: Express
cf-cache-status: DYNAMIC
Report-To: {"endpoints":[{"url":"https:\/\/a.nel.cloudflare.com\/report\/v4?s=T9TDK1u36eXEgYJCCi6Gx1PQa8S%2FOeTXIoZrbzOFuuCLDe6ryr%2BuDI3f7lhcC3nQqm2CcmXyfntrTM7a4HhXOWT6C389fOzKx90ecW1wFXFg7gaR2186ci02JcjlGxfZHRKw"}],"group":"cf-nel","max_age":604800}
NEL: {"success_fraction":0,"report_to":"cf-nel","max_age":604800}
Server: cloudflare
CF-RAY: 930550adba5594d1-MRS
alt-svc: h3=":443"; ma=86400
server-timing: cfL4;desc="?proto=TCP&rtt=128721&min_rtt=126939&rtt_var=51167&sent=5&recv=6&lost=0&retrans=0&sent_bytes=3128&recv_bytes=1050&delivery_rate=30340&cwnd=252&unsent_bytes=0&cid=619cac7f44d35a2d&ts=286&x=0"

{
    "id": 11
}
]]></system-out>
  </testcase>
  <testcase name="createUserTest_LombokPojo" classname="FakeUserAPITests.CreateFakeUserTest" time="0.892">
    <system-out><![CDATA[Request method:	POST
Request URI:	https://fakestoreapi.com/users
Proxy:			<none>
Request params:	<none>
Query params:	<none>
Form params:	<none>
Path params:	<none>
Headers:		Accept=*/*
				Content-Type=text/plain; charset=ISO-8859-1
Cookies:		<none>
Multiparts:		<none>
Body:
{"email":"sonia@gmail.com","username":"soniasharma","password":"sonia@123","phone":"9898-9090-987","name":{"firstname":"Sonia","lastname":"Sharma"},"address":{"city":"Bangalore","street":"new road","number":9090,"zipcode":"98789","geoLocation":{"lat":"-98.900","long":"987.999"}}}
HTTP/1.1 200 OK
Date: Mon, 14 Apr 2025 18:37:34 GMT
Content-Type: application/json; charset=utf-8
Content-Length: 9
Connection: keep-alive
access-control-allow-origin: *
etag: W/"9-hVv0cNJophUD7CGn+ZqXp8tVGo0"
x-powered-by: Express
cf-cache-status: DYNAMIC
Report-To: {"endpoints":[{"url":"https:\/\/a.nel.cloudflare.com\/report\/v4?s=%2Bul3gZjBN09xMi6Qm%2FcZ%2B14%2F1j1RRLwHntGiMWvv12%2FA2HjBg9MXjnkUoEQ0eqhm3srJxpjwRgs2ma4h1wAG1khyQvnZ%2Fv9RxiQqzHVxe4g%2FSjOLAU71HwnakmwbWRZ%2Ffnub"}],"group":"cf-nel","max_age":604800}
NEL: {"success_fraction":0,"report_to":"cf-nel","max_age":604800}
Server: cloudflare
CF-RAY: 930550b329b345d4-MRS
alt-svc: h3=":443"; ma=86400
server-timing: cfL4;desc="?proto=TCP&rtt=117925&min_rtt=117692&rtt_var=44602&sent=5&recv=6&lost=0&retrans=0&sent_bytes=3127&recv_bytes=1058&delivery_rate=35830&cwnd=251&unsent_bytes=0&cid=0dcd22bb6cdbd1b7&ts=283&x=0"

{
    "id": 11
}
]]></system-out>
    <system-err><![CDATA[SLF4J(W): No SLF4J providers were found.
SLF4J(W): Defaulting to no-operation (NOP) logger implementation
SLF4J(W): See https://www.slf4j.org/codes.html#noProviders for further details.
]]></system-err>
  </testcase>
  <testcase name="getAuthTokenTest_WithJSONFILE" classname="FakeUserAPITests.CreateFakeUserTest" time="0.955">
    <failure message="1 expectation failed.&#10;Expected status code &lt;201&gt; but was &lt;422&gt;.&#10;" type="java.lang.AssertionError"><![CDATA[java.lang.AssertionError: 
1 expectation failed.
Expected status code <201> but was <422>.

	at java.base/jdk.internal.reflect.NativeConstructorAccessorImpl.newInstance0(Native Method)
	at java.base/jdk.internal.reflect.NativeConstructorAccessorImpl.newInstance(NativeConstructorAccessorImpl.java:62)
	at java.base/jdk.internal.reflect.DelegatingConstructorAccessorImpl.newInstance(DelegatingConstructorAccessorImpl.java:45)
	at java.base/java.lang.reflect.Constructor.newInstance(Constructor.java:490)
	at org.codehaus.groovy.reflection.CachedConstructor.invoke(CachedConstructor.java:73)
	at org.codehaus.groovy.reflection.CachedConstructor.doConstructorInvoke(CachedConstructor.java:60)
	at org.codehaus.groovy.runtime.callsite.ConstructorSite$ConstructorSiteNoUnwrap.callConstructor(ConstructorSite.java:86)
	at org.codehaus.groovy.runtime.callsite.AbstractCallSite.callConstructor(AbstractCallSite.java:277)
	at io.restassured.internal.ResponseSpecificationImpl$HamcrestAssertionClosure.validate(ResponseSpecificationImpl.groovy:512)
	at io.restassured.internal.ResponseSpecificationImpl$HamcrestAssertionClosure$validate$1.call(Unknown Source)
	at io.restassured.internal.ResponseSpecificationImpl.validateResponseIfRequired(ResponseSpecificationImpl.groovy:696)
	at io.restassured.internal.ResponseSpecificationImpl.this$2$validateResponseIfRequired(ResponseSpecificationImpl.groovy)
	at jdk.internal.reflect.GeneratedMethodAccessor166.invoke(Unknown Source)
	at java.base/jdk.internal.reflect.DelegatingMethodAccessorImpl.invoke(DelegatingMethodAccessorImpl.java:43)
	at java.base/java.lang.reflect.Method.invoke(Method.java:566)
	at org.codehaus.groovy.runtime.callsite.PlainObjectMetaMethodSite.doInvoke(PlainObjectMetaMethodSite.java:43)
	at org.codehaus.groovy.runtime.callsite.PogoMetaMethodSite$PogoCachedMethodSiteNoUnwrapNoCoerce.invoke(PogoMetaMethodSite.java:198)
	at org.codehaus.groovy.runtime.callsite.PogoMetaMethodSite.callCurrent(PogoMetaMethodSite.java:62)
	at org.codehaus.groovy.runtime.callsite.AbstractCallSite.callCurrent(AbstractCallSite.java:185)
	at io.restassured.internal.ResponseSpecificationImpl.statusCode(ResponseSpecificationImpl.groovy:135)
	at io.restassured.specification.ResponseSpecification$statusCode$2.callCurrent(Unknown Source)
	at io.restassured.internal.ResponseSpecificationImpl.statusCode(ResponseSpecificationImpl.groovy:143)
	at io.restassured.internal.ValidatableResponseOptionsImpl.statusCode(ValidatableResponseOptionsImpl.java:89)
	at FakeUserAPITests.CreateFakeUserTest.getAuthTokenTest_WithJSONFILE(CreateFakeUserTest.java:105)
	at java.base/jdk.internal.reflect.NativeMethodAccessorImpl.invoke0(Native Method)
	at java.base/jdk.internal.reflect.NativeMethodAccessorImpl.invoke(NativeMethodAccessorImpl.java:62)
	at java.base/jdk.internal.reflect.DelegatingMethodAccessorImpl.invoke(DelegatingMethodAccessorImpl.java:43)
	at java.base/java.lang.reflect.Method.invoke(Method.java:566)
	at org.testng.internal.MethodInvocationHelper.invokeMethod(MethodInvocationHelper.java:133)
	at org.testng.internal.TestInvoker.invokeMethod(TestInvoker.java:584)
	at org.testng.internal.TestInvoker.invokeTestMethod(TestInvoker.java:172)
	at org.testng.internal.MethodRunner.runInSequence(MethodRunner.java:46)
	at org.testng.internal.TestInvoker$MethodInvocationAgent.invoke(TestInvoker.java:804)
	at org.testng.internal.TestInvoker.invokeTestMethods(TestInvoker.java:145)
	at org.testng.internal.TestMethodWorker.invokeTestMethods(TestMethodWorker.java:146)
	at org.testng.internal.TestMethodWorker.run(TestMethodWorker.java:128)
	at java.base/java.util.ArrayList.forEach(ArrayList.java:1541)
	at org.testng.TestRunner.privateRun(TestRunner.java:770)
	at org.testng.TestRunner.run(TestRunner.java:591)
	at org.testng.SuiteRunner.runTest(SuiteRunner.java:402)
	at org.testng.SuiteRunner.runSequentially(SuiteRunner.java:396)
	at org.testng.SuiteRunner.privateRun(SuiteRunner.java:355)
	at org.testng.SuiteRunner.run(SuiteRunner.java:304)
	at org.testng.SuiteRunnerWorker.runSuite(SuiteRunnerWorker.java:53)
	at org.testng.SuiteRunnerWorker.run(SuiteRunnerWorker.java:96)
	at org.testng.TestNG.runSuitesSequentially(TestNG.java:1180)
	at org.testng.TestNG.runSuitesLocally(TestNG.java:1102)
	at org.testng.TestNG.runSuites(TestNG.java:1032)
	at org.testng.TestNG.run(TestNG.java:1000)
	at org.apache.maven.surefire.testng.TestNGExecutor.run(TestNGExecutor.java:155)
	at org.apache.maven.surefire.testng.TestNGDirectoryTestSuite.executeMulti(TestNGDirectoryTestSuite.java:169)
	at org.apache.maven.surefire.testng.TestNGDirectoryTestSuite.execute(TestNGDirectoryTestSuite.java:88)
	at org.apache.maven.surefire.testng.TestNGProvider.invoke(TestNGProvider.java:137)
	at org.apache.maven.surefire.booter.ForkedBooter.runSuitesInProcess(ForkedBooter.java:385)
	at org.apache.maven.surefire.booter.ForkedBooter.execute(ForkedBooter.java:162)
	at org.apache.maven.surefire.booter.ForkedBooter.run(ForkedBooter.java:507)
	at org.apache.maven.surefire.booter.ForkedBooter.main(ForkedBooter.java:495)
]]></failure>
    <system-out><![CDATA[Request method:	POST
Request URI:	https://gorest.co.in/public/v2/users
Proxy:			<none>
Request params:	<none>
Query params:	<none>
Form params:	<none>
Path params:	<none>
Headers:		Authorization=Bearer 0614154e7579f37c6d56f45a438fbb4a281ad90c9ea8d9550dc947d948c7686f
				Accept=*/*
				Content-Type=application/json
Cookies:		<none>
Multiparts:		<none>
Body:
./src/test/resources/jsons/user.json
Request method:	POST
Request URI:	https://gorest.co.in/public/v2/users
Proxy:			<none>
Request params:	<none>
Query params:	<none>
Form params:	<none>
Path params:	<none>
Headers:		Authorization=Bearer 0614154e7579f37c6d56f45a438fbb4a281ad90c9ea8d9550dc947d948c7686f
				Accept=*/*
				Content-Type=application/json
Cookies:		<none>
Multiparts:		<none>
Body:
./src/test/resources/jsons/user.json
HTTP/1.1 422 Unprocessable Entity
Date: Mon, 14 Apr 2025 18:37:35 GMT
Content-Type: application/json; charset=utf-8
Content-Length: 42
Connection: keep-alive
Cache-Control: no-cache
feature-policy: camera 'none'; gyroscope 'none'; microphone 'none'; usb 'none'; fullscreen 'self'
referrer-policy: strict-origin-when-cross-origin
vary: Origin
x-content-type-options: nosniff
x-download-options: noopen
x-frame-options: SAMEORIGIN
x-permitted-cross-domain-policies: none
x-ratelimit-limit: 90
x-ratelimit-remaining: 89
x-ratelimit-reset: 1
x-request-id: cd88d8ba-aff1-4a39-a800-d9ea0550cc6d
x-runtime: 0.071659
x-xss-protection: 0
cf-cache-status: DYNAMIC
Report-To: {"endpoints":[{"url":"https:\/\/a.nel.cloudflare.com\/report\/v4?s=cjYzI4SzyTnoI3ZcEyGnEmlmFdtI2zoYwSdKLZSTsOm5TZpu%2BGmtXqD52KGm0%2BPCIra9B9mmvOgVaZ5MF%2FjkKSAeVV7NEEzta8QK9FPrcVBPvbyuD2AzyfHEGZScdFI%3D"}],"group":"cf-nel","max_age":604800}
NEL: {"success_fraction":0,"report_to":"cf-nel","max_age":604800}
Server: cloudflare
CF-RAY: 930550b69c1f0ba3-MRS
alt-svc: h3=":443"; ma=86400
server-timing: cfL4;desc="?proto=TCP&rtt=120875&min_rtt=120520&rtt_var=34512&sent=5&recv=7&lost=0&retrans=0&sent_bytes=3114&recv_bytes=959&delivery_rate=35104&cwnd=245&unsent_bytes=0&cid=d23f69884722b77e&ts=702&x=0"

[
    {
        "field": "email",
        "message": "is invalid"
    }
]
]]></system-out>
  </testcase>
  <testcase name="getFlightDetailsTest_1" classname="AuthAPIs.OAuth2APITest" time="1.78">
    <system-out><![CDATA[{
    "type": "amadeusOAuth2Token",
    "username": "naveenanimation20@gmail.com",
    "application_name": "NaveenAPI",
    "client_id": "VXBJs37GsjZLfpjh7VqJrNdFLV0uryvV",
    "token_type": "Bearer",
    "access_token": "Rk3SgrZ6PIuroJRh8sN4pp9W42UK",
    "expires_in": 1799,
    "state": "approved",
    "scope": ""
}
{
    "data": [
        {
            "type": "flight-destination",
            "origin": "ORY",
            "destination": "MAD",
            "departureDate": "2025-05-13",
            "returnDate": "2025-05-21",
            "price": {
                "total": "113.68"
            },
            "links": {
                "flightDates": "https://test.api.amadeus.com/v1/shopping/flight-dates?origin=PAR&destination=MAD&departureDate=2025-04-15,2025-10-11&oneWay=false&duration=1,15&nonStop=false&maxPrice=200&currency=EUR&viewBy=DURATION",
                "flightOffers": "https://test.api.amadeus.com/v2/shopping/flight-offers?originLocationCode=PAR&destinationLocationCode=MAD&departureDate=2025-05-13&returnDate=2025-05-21&adults=1&nonStop=false&maxPrice=200&currency=EUR"
            }
        },
        {
            "type": "flight-destination",
            "origin": "ORY",
            "destination": "OPO",
            "departureDate": "2025-06-04",
            "returnDate": "2025-06-14",
            "price": {
                "total": "123.69"
            },
            "links": {
                "flightDates": "https://test.api.amadeus.com/v1/shopping/flight-dates?origin=PAR&destination=OPO&departureDate=2025-04-15,2025-10-11&oneWay=false&duration=1,15&nonStop=false&maxPrice=200&currency=EUR&viewBy=DURATION",
                "flightOffers": "https://test.api.amadeus.com/v2/shopping/flight-offers?originLocationCode=PAR&destinationLocationCode=OPO&departureDate=2025-06-04&returnDate=2025-06-14&adults=1&nonStop=false&maxPrice=200&currency=EUR"
            }
        },
        {
            "type": "flight-destination",
            "origin": "ORY",
            "destination": "LIS",
            "departureDate": "2025-09-03",
            "returnDate": "2025-09-09",
            "price": {
                "total": "130.98"
            },
            "links": {
                "flightDates": "https://test.api.amadeus.com/v1/shopping/flight-dates?origin=PAR&destination=LIS&departureDate=2025-04-15,2025-10-11&oneWay=false&duration=1,15&nonStop=false&maxPrice=200&currency=EUR&viewBy=DURATION",
                "flightOffers": "https://test.api.amadeus.com/v2/shopping/flight-offers?originLocationCode=PAR&destinationLocationCode=LIS&departureDate=2025-09-03&returnDate=2025-09-09&adults=1&nonStop=false&maxPrice=200&currency=EUR"
            }
        },
        {
            "type": "flight-destination",
            "origin": "ORY",
            "destination": "LIN",
            "departureDate": "2025-04-17",
            "returnDate": "2025-04-29",
            "price": {
                "total": "136.45"
            },
            "links": {
                "flightDates": "https://test.api.amadeus.com/v1/shopping/flight-dates?origin=PAR&destination=LIN&departureDate=2025-04-15,2025-10-11&oneWay=false&duration=1,15&nonStop=false&maxPrice=200&currency=EUR&viewBy=DURATION",
                "flightOffers": "https://test.api.amadeus.com/v2/shopping/flight-offers?originLocationCode=PAR&destinationLocationCode=LIN&departureDate=2025-04-17&returnDate=2025-04-29&adults=1&nonStop=false&maxPrice=200&currency=EUR"
            }
        },
        {
            "type": "flight-destination",
            "origin": "CDG",
            "destination": "FCO",
            "departureDate": "2025-05-14",
            "returnDate": "2025-05-20",
            "price": {
                "total": "151.21"
            },
            "links": {
                "flightDates": "https://test.api.amadeus.com/v1/shopping/flight-dates?origin=PAR&destination=FCO&departureDate=2025-04-15,2025-10-11&oneWay=false&duration=1,15&nonStop=false&maxPrice=200&currency=EUR&viewBy=DURATION",
                "flightOffers": "https://test.api.amadeus.com/v2/shopping/flight-offers?originLocationCode=PAR&destinationLocationCode=FCO&departureDate=2025-05-14&returnDate=2025-05-20&adults=1&nonStop=false&maxPrice=200&currency=EUR"
            }
        },
        {
            "type": "flight-destination",
            "origin": "ORY",
            "destination": "BCN",
            "departureDate": "2025-09-18",
            "returnDate": "2025-10-03",
            "price": {
                "total": "154.74"
            },
            "links": {
                "flightDates": "https://test.api.amadeus.com/v1/shopping/flight-dates?origin=PAR&destination=BCN&departureDate=2025-04-15,2025-10-11&oneWay=false&duration=1,15&nonStop=false&maxPrice=200&currency=EUR&viewBy=DURATION",
                "flightOffers": "https://test.api.amadeus.com/v2/shopping/flight-offers?originLocationCode=PAR&destinationLocationCode=BCN&departureDate=2025-09-18&returnDate=2025-10-03&adults=1&nonStop=false&maxPrice=200&currency=EUR"
            }
        },
        {
            "type": "flight-destination",
            "origin": "ORY",
            "destination": "RAK",
            "departureDate": "2025-09-10",
            "returnDate": "2025-09-25",
            "price": {
                "total": "157.82"
            },
            "links": {
                "flightDates": "https://test.api.amadeus.com/v1/shopping/flight-dates?origin=PAR&destination=RAK&departureDate=2025-04-15,2025-10-11&oneWay=false&duration=1,15&nonStop=false&maxPrice=200&currency=EUR&viewBy=DURATION",
                "flightOffers": "https://test.api.amadeus.com/v2/shopping/flight-offers?originLocationCode=PAR&destinationLocationCode=RAK&departureDate=2025-09-10&returnDate=2025-09-25&adults=1&nonStop=false&maxPrice=200&currency=EUR"
            }
        },
        {
            "type": "flight-destination",
            "origin": "CDG",
            "destination": "TUN",
            "departureDate": "2025-05-02",
            "returnDate": "2025-05-15",
            "price": {
                "total": "165.44"
            },
            "links": {
                "flightDates": "https://test.api.amadeus.com/v1/shopping/flight-dates?origin=PAR&destination=TUN&departureDate=2025-04-15,2025-10-11&oneWay=false&duration=1,15&nonStop=false&maxPrice=200&currency=EUR&viewBy=DURATION",
                "flightOffers": "https://test.api.amadeus.com/v2/shopping/flight-offers?originLocationCode=PAR&destinationLocationCode=TUN&departureDate=2025-05-02&returnDate=2025-05-15&adults=1&nonStop=false&maxPrice=200&currency=EUR"
            }
        },
        {
            "type": "flight-destination",
            "origin": "CDG",
            "destination": "ATH",
            "departureDate": "2025-05-07",
            "returnDate": "2025-05-14",
            "price": {
                "total": "165.98"
            },
            "links": {
                "flightDates": "https://test.api.amadeus.com/v1/shopping/flight-dates?origin=PAR&destination=ATH&departureDate=2025-04-15,2025-10-11&oneWay=false&duration=1,15&nonStop=false&maxPrice=200&currency=EUR&viewBy=DURATION",
                "flightOffers": "https://test.api.amadeus.com/v2/shopping/flight-offers?originLocationCode=PAR&destinationLocationCode=ATH&departureDate=2025-05-07&returnDate=2025-05-14&adults=1&nonStop=false&maxPrice=200&currency=EUR"
            }
        }
    ],
    "dictionaries": {
        "currencies": {
            "EUR": "EURO"
        },
        "locations": {
            "LIN": {
                "subType": "AIRPORT",
                "detailedName": "LINATE"
            },
            "MAD": {
                "subType": "AIRPORT",
                "detailedName": "ADOLFO SUAREZ BARAJAS"
            },
            "FCO": {
                "subType": "AIRPORT",
                "detailedName": "FIUMICINO"
            },
            "ATH": {
                "subType": "AIRPORT",
                "detailedName": "ATHENS INT E VENIZELOS"
            },
            "ORY": {
                "subType": "AIRPORT",
                "detailedName": "ORLY"
            },
            "LIS": {
                "subType": "AIRPORT",
                "detailedName": "AIRPORT"
            },
            "CDG": {
                "subType": "AIRPORT",
                "detailedName": "CHARLES DE GAULLE"
            },
            "TUN": {
                "subType": "AIRPORT",
                "detailedName": "CARTHAGE"
            },
            "BCN": {
                "subType": "AIRPORT",
                "detailedName": "JOSEP TARRADELLAS BARCELONA"
            },
            "RAK": {
                "subType": "AIRPORT",
                "detailedName": "MENARA"
            },
            "OPO": {
                "subType": "AIRPORT",
                "detailedName": "FRANCISCO SA CARNEIRO"
            }
        }
    },
    "meta": {
        "currency": "EUR",
        "links": {
            "self": "https://test.api.amadeus.com/v1/shopping/flight-destinations?origin=PAR&departureDate=2025-04-15,2025-10-11&oneWay=false&duration=1,15&nonStop=false&maxPrice=200&viewBy=DESTINATION"
        },
        "defaults": {
            "departureDate": "2025-04-15,2025-10-11",
            "oneWay": false,
            "duration": "1,15",
            "nonStop": false,
            "viewBy": "DESTINATION"
        }
    }
}
]]></system-out>
  </testcase>
  <testcase name="getFlightDetailsTest_2" classname="AuthAPIs.OAuth2APITest" time="1.905">
    <system-out><![CDATA[{
    "type": "amadeusOAuth2Token",
    "username": "naveenanimation20@gmail.com",
    "application_name": "NaveenAPI",
    "client_id": "VXBJs37GsjZLfpjh7VqJrNdFLV0uryvV",
    "token_type": "Bearer",
    "access_token": "bLWlKez8sBmCAK5xj95mNs1inIwH",
    "expires_in": 1799,
    "state": "approved",
    "scope": ""
}
{
    "data": [
        {
            "type": "flight-destination",
            "origin": "ORY",
            "destination": "MAD",
            "departureDate": "2025-05-13",
            "returnDate": "2025-05-21",
            "price": {
                "total": "113.68"
            },
            "links": {
                "flightDates": "https://test.api.amadeus.com/v1/shopping/flight-dates?origin=PAR&destination=MAD&departureDate=2025-04-15,2025-10-11&oneWay=false&duration=1,15&nonStop=false&maxPrice=200&currency=EUR&viewBy=DURATION",
                "flightOffers": "https://test.api.amadeus.com/v2/shopping/flight-offers?originLocationCode=PAR&destinationLocationCode=MAD&departureDate=2025-05-13&returnDate=2025-05-21&adults=1&nonStop=false&maxPrice=200&currency=EUR"
            }
        },
        {
            "type": "flight-destination",
            "origin": "ORY",
            "destination": "OPO",
            "departureDate": "2025-06-04",
            "returnDate": "2025-06-14",
            "price": {
                "total": "123.69"
            },
            "links": {
                "flightDates": "https://test.api.amadeus.com/v1/shopping/flight-dates?origin=PAR&destination=OPO&departureDate=2025-04-15,2025-10-11&oneWay=false&duration=1,15&nonStop=false&maxPrice=200&currency=EUR&viewBy=DURATION",
                "flightOffers": "https://test.api.amadeus.com/v2/shopping/flight-offers?originLocationCode=PAR&destinationLocationCode=OPO&departureDate=2025-06-04&returnDate=2025-06-14&adults=1&nonStop=false&maxPrice=200&currency=EUR"
            }
        },
        {
            "type": "flight-destination",
            "origin": "ORY",
            "destination": "LIS",
            "departureDate": "2025-09-03",
            "returnDate": "2025-09-09",
            "price": {
                "total": "130.98"
            },
            "links": {
                "flightDates": "https://test.api.amadeus.com/v1/shopping/flight-dates?origin=PAR&destination=LIS&departureDate=2025-04-15,2025-10-11&oneWay=false&duration=1,15&nonStop=false&maxPrice=200&currency=EUR&viewBy=DURATION",
                "flightOffers": "https://test.api.amadeus.com/v2/shopping/flight-offers?originLocationCode=PAR&destinationLocationCode=LIS&departureDate=2025-09-03&returnDate=2025-09-09&adults=1&nonStop=false&maxPrice=200&currency=EUR"
            }
        },
        {
            "type": "flight-destination",
            "origin": "ORY",
            "destination": "LIN",
            "departureDate": "2025-04-17",
            "returnDate": "2025-04-29",
            "price": {
                "total": "136.45"
            },
            "links": {
                "flightDates": "https://test.api.amadeus.com/v1/shopping/flight-dates?origin=PAR&destination=LIN&departureDate=2025-04-15,2025-10-11&oneWay=false&duration=1,15&nonStop=false&maxPrice=200&currency=EUR&viewBy=DURATION",
                "flightOffers": "https://test.api.amadeus.com/v2/shopping/flight-offers?originLocationCode=PAR&destinationLocationCode=LIN&departureDate=2025-04-17&returnDate=2025-04-29&adults=1&nonStop=false&maxPrice=200&currency=EUR"
            }
        },
        {
            "type": "flight-destination",
            "origin": "CDG",
            "destination": "FCO",
            "departureDate": "2025-05-14",
            "returnDate": "2025-05-20",
            "price": {
                "total": "151.21"
            },
            "links": {
                "flightDates": "https://test.api.amadeus.com/v1/shopping/flight-dates?origin=PAR&destination=FCO&departureDate=2025-04-15,2025-10-11&oneWay=false&duration=1,15&nonStop=false&maxPrice=200&currency=EUR&viewBy=DURATION",
                "flightOffers": "https://test.api.amadeus.com/v2/shopping/flight-offers?originLocationCode=PAR&destinationLocationCode=FCO&departureDate=2025-05-14&returnDate=2025-05-20&adults=1&nonStop=false&maxPrice=200&currency=EUR"
            }
        },
        {
            "type": "flight-destination",
            "origin": "ORY",
            "destination": "BCN",
            "departureDate": "2025-09-18",
            "returnDate": "2025-10-03",
            "price": {
                "total": "154.74"
            },
            "links": {
                "flightDates": "https://test.api.amadeus.com/v1/shopping/flight-dates?origin=PAR&destination=BCN&departureDate=2025-04-15,2025-10-11&oneWay=false&duration=1,15&nonStop=false&maxPrice=200&currency=EUR&viewBy=DURATION",
                "flightOffers": "https://test.api.amadeus.com/v2/shopping/flight-offers?originLocationCode=PAR&destinationLocationCode=BCN&departureDate=2025-09-18&returnDate=2025-10-03&adults=1&nonStop=false&maxPrice=200&currency=EUR"
            }
        },
        {
            "type": "flight-destination",
            "origin": "ORY",
            "destination": "RAK",
            "departureDate": "2025-09-10",
            "returnDate": "2025-09-25",
            "price": {
                "total": "157.82"
            },
            "links": {
                "flightDates": "https://test.api.amadeus.com/v1/shopping/flight-dates?origin=PAR&destination=RAK&departureDate=2025-04-15,2025-10-11&oneWay=false&duration=1,15&nonStop=false&maxPrice=200&currency=EUR&viewBy=DURATION",
                "flightOffers": "https://test.api.amadeus.com/v2/shopping/flight-offers?originLocationCode=PAR&destinationLocationCode=RAK&departureDate=2025-09-10&returnDate=2025-09-25&adults=1&nonStop=false&maxPrice=200&currency=EUR"
            }
        },
        {
            "type": "flight-destination",
            "origin": "CDG",
            "destination": "TUN",
            "departureDate": "2025-05-02",
            "returnDate": "2025-05-15",
            "price": {
                "total": "165.44"
            },
            "links": {
                "flightDates": "https://test.api.amadeus.com/v1/shopping/flight-dates?origin=PAR&destination=TUN&departureDate=2025-04-15,2025-10-11&oneWay=false&duration=1,15&nonStop=false&maxPrice=200&currency=EUR&viewBy=DURATION",
                "flightOffers": "https://test.api.amadeus.com/v2/shopping/flight-offers?originLocationCode=PAR&destinationLocationCode=TUN&departureDate=2025-05-02&returnDate=2025-05-15&adults=1&nonStop=false&maxPrice=200&currency=EUR"
            }
        },
        {
            "type": "flight-destination",
            "origin": "CDG",
            "destination": "ATH",
            "departureDate": "2025-05-07",
            "returnDate": "2025-05-14",
            "price": {
                "total": "165.98"
            },
            "links": {
                "flightDates": "https://test.api.amadeus.com/v1/shopping/flight-dates?origin=PAR&destination=ATH&departureDate=2025-04-15,2025-10-11&oneWay=false&duration=1,15&nonStop=false&maxPrice=200&currency=EUR&viewBy=DURATION",
                "flightOffers": "https://test.api.amadeus.com/v2/shopping/flight-offers?originLocationCode=PAR&destinationLocationCode=ATH&departureDate=2025-05-07&returnDate=2025-05-14&adults=1&nonStop=false&maxPrice=200&currency=EUR"
            }
        }
    ],
    "dictionaries": {
        "currencies": {
            "EUR": "EURO"
        },
        "locations": {
            "LIN": {
                "subType": "AIRPORT",
                "detailedName": "LINATE"
            },
            "MAD": {
                "subType": "AIRPORT",
                "detailedName": "ADOLFO SUAREZ BARAJAS"
            },
            "FCO": {
                "subType": "AIRPORT",
                "detailedName": "FIUMICINO"
            },
            "ATH": {
                "subType": "AIRPORT",
                "detailedName": "ATHENS INT E VENIZELOS"
            },
            "ORY": {
                "subType": "AIRPORT",
                "detailedName": "ORLY"
            },
            "LIS": {
                "subType": "AIRPORT",
                "detailedName": "AIRPORT"
            },
            "CDG": {
                "subType": "AIRPORT",
                "detailedName": "CHARLES DE GAULLE"
            },
            "TUN": {
                "subType": "AIRPORT",
                "detailedName": "CARTHAGE"
            },
            "BCN": {
                "subType": "AIRPORT",
                "detailedName": "JOSEP TARRADELLAS BARCELONA"
            },
            "RAK": {
                "subType": "AIRPORT",
                "detailedName": "MENARA"
            },
            "OPO": {
                "subType": "AIRPORT",
                "detailedName": "FRANCISCO SA CARNEIRO"
            }
        }
    },
    "meta": {
        "currency": "EUR",
        "links": {
            "self": "https://test.api.amadeus.com/v1/shopping/flight-destinations?origin=PAR&departureDate=2025-04-15,2025-10-11&oneWay=false&duration=1,15&nonStop=false&maxPrice=200&viewBy=DESTINATION"
        },
        "defaults": {
            "departureDate": "2025-04-15,2025-10-11",
            "oneWay": false,
            "duration": "1,15",
            "nonStop": false,
            "viewBy": "DESTINATION"
        }
    }
}
]]></system-out>
  </testcase>
  <testcase name="flickAPITest" classname="AuthAPIs.OAuth1APITest" time="0.525">
    <system-out><![CDATA[{
    "stat": "fail",
    "code": 100,
    "message": "Invalid API Key (Key has expired)"
}
]]></system-out>
  </testcase>
  <testcase name="getAlbumTest" classname="AuthAPIs.SpotfyAPITest" time="0.237">
    <system-out><![CDATA[{
    "access_token": "BQBzoW_tS-UuD9Erv6QTx8EuDH5pCLde_Q1xmaSwBicLkba-pwndBFx9JVUeSEoY22FEnWad4HEN9eR5pPmsbJoznkdMUxj0whV95MHQbaUeI2cmwlG-UZbBxoLLaUtc2JZFl6pTG9Q",
    "token_type": "Bearer",
    "expires_in": 3600
}
{
    "album_type": "album",
    "total_tracks": 18,
    "available_markets": [
        "AT",
        "BE",
        "BG",
        "CY",
        "CZ",
        "DE",
        "EE",
        "FI",
        "FR",
        "GR",
        "HU",
        "IE",
        "IT",
        "LV",
        "LT",
        "LU",
        "MT",
        "MX",
        "NL",
        "NO",
        "PL",
        "PT",
        "SK",
        "ES",
        "SE",
        "CH",
        "TR",
        "GB",
        "AD",
        "LI",
        "MC",
        "RO",
        "IL",
        "ZA",
        "SA",
        "AE",
        "BH",
        "QA",
        "OM",
        "KW",
        "EG",
        "MA",
        "DZ",
        "TN",
        "LB",
        "JO",
        "PS",
        "BY",
        "KZ",
        "MD",
        "UA",
        "AL",
        "BA",
        "HR",
        "ME",
        "MK",
        "RS",
        "SI",
        "GH",
        "KE",
        "NG",
        "TZ",
        "UG",
        "AM",
        "BW",
        "BF",
        "CV",
        "CW",
        "GM",
        "GE",
        "GW",
        "LS",
        "LR",
        "MW",
        "ML",
        "NA",
        "NE",
        "SM",
        "ST",
        "SN",
        "SC",
        "SL",
        "AZ",
        "BI",
        "CM",
        "TD",
        "KM",
        "GQ",
        "SZ",
        "GA",
        "GN",
        "KG",
        "MR",
        "MN",
        "RW",
        "TG",
        "UZ",
        "ZW",
        "BJ",
        "MG",
        "MU",
        "MZ",
        "AO",
        "CI",
        "DJ",
        "ZM",
        "CD",
        "CG",
        "IQ",
        "LY",
        "TJ",
        "ET",
        "XK"
    ],
    "external_urls": {
        "spotify": "https://open.spotify.com/album/4aawyAB9vmqN3uQ7FjRGTy"
    },
    "href": "https://api.spotify.com/v1/albums/4aawyAB9vmqN3uQ7FjRGTy",
    "id": "4aawyAB9vmqN3uQ7FjRGTy",
    "images": [
        {
            "url": "https://i.scdn.co/image/ab67616d0000b2732c5b24ecfa39523a75c993c4",
            "height": 640,
            "width": 640
        },
        {
            "url": "https://i.scdn.co/image/ab67616d00001e022c5b24ecfa39523a75c993c4",
            "height": 300,
            "width": 300
        },
        {
            "url": "https://i.scdn.co/image/ab67616d000048512c5b24ecfa39523a75c993c4",
            "height": 64,
            "width": 64
        }
    ],
    "name": "Global Warming",
    "release_date": "2012-11-16",
    "release_date_precision": "day",
    "type": "album",
    "uri": "spotify:album:4aawyAB9vmqN3uQ7FjRGTy",
    "artists": [
        {
            "external_urls": {
                "spotify": "https://open.spotify.com/artist/0TnOYISbd1XYRBk9myaseg"
            },
            "href": "https://api.spotify.com/v1/artists/0TnOYISbd1XYRBk9myaseg",
            "id": "0TnOYISbd1XYRBk9myaseg",
            "name": "Pitbull",
            "type": "artist",
            "uri": "spotify:artist:0TnOYISbd1XYRBk9myaseg"
        }
    ],
    "tracks": {
        "href": "https://api.spotify.com/v1/albums/4aawyAB9vmqN3uQ7FjRGTy/tracks?offset=0&limit=50",
        "limit": 50,
        "next": null,
        "offset": 0,
        "previous": null,
        "total": 18,
        "items": [
            {
                "artists": [
                    {
                        "external_urls": {
                            "spotify": "https://open.spotify.com/artist/0TnOYISbd1XYRBk9myaseg"
                        },
                        "href": "https://api.spotify.com/v1/artists/0TnOYISbd1XYRBk9myaseg",
                        "id": "0TnOYISbd1XYRBk9myaseg",
                        "name": "Pitbull",
                        "type": "artist",
                        "uri": "spotify:artist:0TnOYISbd1XYRBk9myaseg"
                    },
                    {
                        "external_urls": {
                            "spotify": "https://open.spotify.com/artist/7iJrDbKM5fEkGdm5kpjFzS"
                        },
                        "href": "https://api.spotify.com/v1/artists/7iJrDbKM5fEkGdm5kpjFzS",
                        "id": "7iJrDbKM5fEkGdm5kpjFzS",
                        "name": "Sensato",
                        "type": "artist",
                        "uri": "spotify:artist:7iJrDbKM5fEkGdm5kpjFzS"
                    }
                ],
                "available_markets": [
                    "AT",
                    "BE",
                    "BG",
                    "CY",
                    "CZ",
                    "DE",
                    "EE",
                    "FI",
                    "FR",
                    "GR",
                    "HU",
                    "IE",
                    "IT",
                    "LV",
                    "LT",
                    "LU",
                    "MT",
                    "MX",
                    "NL",
                    "NO",
                    "PL",
                    "PT",
                    "SK",
                    "ES",
                    "SE",
                    "CH",
                    "TR",
                    "GB",
                    "AD",
                    "LI",
                    "MC",
                    "RO",
                    "IL",
                    "ZA",
                    "SA",
                    "AE",
                    "BH",
                    "QA",
                    "OM",
                    "KW",
                    "EG",
                    "MA",
                    "DZ",
                    "TN",
                    "LB",
                    "JO",
                    "PS",
                    "BY",
                    "KZ",
                    "MD",
                    "UA",
                    "AL",
                    "BA",
                    "HR",
                    "ME",
                    "MK",
                    "RS",
                    "SI",
                    "GH",
                    "KE",
                    "NG",
                    "TZ",
                    "UG",
                    "AM",
                    "BW",
                    "BF",
                    "CV",
                    "CW",
                    "GM",
                    "GE",
                    "GW",
                    "LS",
                    "LR",
                    "MW",
                    "ML",
                    "NA",
                    "NE",
                    "SM",
                    "ST",
                    "SN",
                    "SC",
                    "SL",
                    "AZ",
                    "BI",
                    "CM",
                    "TD",
                    "KM",
                    "GQ",
                    "SZ",
                    "GA",
                    "GN",
                    "KG",
                    "MR",
                    "MN",
                    "RW",
                    "TG",
                    "UZ",
                    "ZW",
                    "BJ",
                    "MG",
                    "MU",
                    "MZ",
                    "AO",
                    "CI",
                    "DJ",
                    "ZM",
                    "CD",
                    "CG",
                    "IQ",
                    "LY",
                    "TJ",
                    "ET",
                    "XK"
                ],
                "disc_number": 1,
                "duration_ms": 85400,
                "explicit": true,
                "external_urls": {
                    "spotify": "https://open.spotify.com/track/6OmhkSOpvYBokMKQxpIGx2"
                },
                "href": "https://api.spotify.com/v1/tracks/292kifgxa7S78AuzA5NMpL",
                "id": "292kifgxa7S78AuzA5NMpL",
                "linked_from": {
                    "external_urls": {
                        "spotify": "https://open.spotify.com/track/6OmhkSOpvYBokMKQxpIGx2"
                    },
                    "href": "https://api.spotify.com/v1/tracks/6OmhkSOpvYBokMKQxpIGx2",
                    "id": "6OmhkSOpvYBokMKQxpIGx2",
                    "type": "track",
                    "uri": "spotify:track:6OmhkSOpvYBokMKQxpIGx2"
                },
                "name": "Global Warming (feat. Sensato)",
                "preview_url": null,
                "track_number": 1,
                "type": "track",
                "uri": "spotify:track:292kifgxa7S78AuzA5NMpL",
                "is_local": false
            },
            {
                "artists": [
                    {
                        "external_urls": {
                            "spotify": "https://open.spotify.com/artist/0TnOYISbd1XYRBk9myaseg"
                        },
                        "href": "https://api.spotify.com/v1/artists/0TnOYISbd1XYRBk9myaseg",
                        "id": "0TnOYISbd1XYRBk9myaseg",
                        "name": "Pitbull",
                        "type": "artist",
                        "uri": "spotify:artist:0TnOYISbd1XYRBk9myaseg"
                    },
                    {
                        "external_urls": {
                            "spotify": "https://open.spotify.com/artist/2L8yW8GIoirHEdeW4bWQXq"
                        },
                        "href": "https://api.spotify.com/v1/artists/2L8yW8GIoirHEdeW4bWQXq",
                        "id": "2L8yW8GIoirHEdeW4bWQXq",
                        "name": "TJR",
                        "type": "artist",
                        "uri": "spotify:artist:2L8yW8GIoirHEdeW4bWQXq"
                    }
                ],
                "available_markets": [
                    "AT",
                    "BE",
                    "BG",
                    "CY",
                    "CZ",
                    "DE",
                    "EE",
                    "FI",
                    "FR",
                    "GR",
                    "HU",
                    "IE",
                    "IT",
                    "LV",
                    "LT",
                    "LU",
                    "MT",
                    "MX",
                    "NL",
                    "NO",
                    "PL",
                    "PT",
                    "SK",
                    "ES",
                    "SE",
                    "CH",
                    "TR",
                    "GB",
                    "AD",
                    "LI",
                    "MC",
                    "RO",
                    "IL",
                    "ZA",
                    "SA",
                    "AE",
                    "BH",
                    "QA",
                    "OM",
                    "KW",
                    "EG",
                    "MA",
                    "DZ",
                    "TN",
                    "LB",
                    "JO",
                    "PS",
                    "BY",
                    "KZ",
                    "MD",
                    "UA",
                    "AL",
                    "BA",
                    "HR",
                    "ME",
                    "MK",
                    "RS",
                    "SI",
                    "GH",
                    "KE",
                    "NG",
                    "TZ",
                    "UG",
                    "AM",
                    "BW",
                    "BF",
                    "CV",
                    "CW",
                    "GM",
                    "GE",
                    "GW",
                    "LS",
                    "LR",
                    "MW",
                    "ML",
                    "NA",
                    "NE",
                    "SM",
                    "ST",
                    "SN",
                    "SC",
                    "SL",
                    "AZ",
                    "BI",
                    "CM",
                    "TD",
                    "KM",
                    "GQ",
                    "SZ",
                    "GA",
                    "GN",
                    "KG",
                    "MR",
                    "MN",
                    "RW",
                    "TG",
                    "UZ",
                    "ZW",
                    "BJ",
                    "MG",
                    "MU",
                    "MZ",
                    "AO",
                    "CI",
                    "DJ",
                    "ZM",
                    "CD",
                    "CG",
                    "IQ",
                    "LY",
                    "TJ",
                    "ET",
                    "XK"
                ],
                "disc_number": 1,
                "duration_ms": 206120,
                "explicit": false,
                "external_urls": {
                    "spotify": "https://open.spotify.com/track/2iblMMIgSznA464mNov7A8"
                },
                "href": "https://api.spotify.com/v1/tracks/3Tu7uWBecS6GsLsL8UONKn",
                "id": "3Tu7uWBecS6GsLsL8UONKn",
                "linked_from": {
                    "external_urls": {
                        "spotify": "https://open.spotify.com/track/2iblMMIgSznA464mNov7A8"
                    },
                    "href": "https://api.spotify.com/v1/tracks/2iblMMIgSznA464mNov7A8",
                    "id": "2iblMMIgSznA464mNov7A8",
                    "type": "track",
                    "uri": "spotify:track:2iblMMIgSznA464mNov7A8"
                },
                "name": "Don't Stop the Party (feat. TJR)",
                "preview_url": null,
                "track_number": 2,
                "type": "track",
                "uri": "spotify:track:3Tu7uWBecS6GsLsL8UONKn",
                "is_local": false
            },
            {
                "artists": [
                    {
                        "external_urls": {
                            "spotify": "https://open.spotify.com/artist/0TnOYISbd1XYRBk9myaseg"
                        },
                        "href": "https://api.spotify.com/v1/artists/0TnOYISbd1XYRBk9myaseg",
                        "id": "0TnOYISbd1XYRBk9myaseg",
                        "name": "Pitbull",
                        "type": "artist",
                        "uri": "spotify:artist:0TnOYISbd1XYRBk9myaseg"
                    },
                    {
                        "external_urls": {
                            "spotify": "https://open.spotify.com/artist/1l7ZsJRRS8wlW3WfJfPfNS"
                        },
                        "href": "https://api.spotify.com/v1/artists/1l7ZsJRRS8wlW3WfJfPfNS",
                        "id": "1l7ZsJRRS8wlW3WfJfPfNS",
                        "name": "Christina Aguilera",
                        "type": "artist",
                        "uri": "spotify:artist:1l7ZsJRRS8wlW3WfJfPfNS"
                    }
                ],
                "available_markets": [
                    "AT",
                    "BE",
                    "BG",
                    "CY",
                    "CZ",
                    "DE",
                    "EE",
                    "FI",
                    "FR",
                    "GR",
                    "HU",
                    "IE",
                    "IT",
                    "LV",
                    "LT",
                    "LU",
                    "MT",
                    "MX",
                    "NL",
                    "NO",
                    "PL",
                    "PT",
                    "SK",
                    "ES",
                    "SE",
                    "CH",
                    "TR",
                    "GB",
                    "AD",
                    "LI",
                    "MC",
                    "RO",
                    "IL",
                    "ZA",
                    "SA",
                    "AE",
                    "BH",
                    "QA",
                    "OM",
                    "KW",
                    "EG",
                    "MA",
                    "DZ",
                    "TN",
                    "LB",
                    "JO",
                    "PS",
                    "BY",
                    "KZ",
                    "MD",
                    "UA",
                    "AL",
                    "BA",
                    "HR",
                    "ME",
                    "MK",
                    "RS",
                    "SI",
                    "GH",
                    "KE",
                    "NG",
                    "TZ",
                    "UG",
                    "AM",
                    "BW",
                    "BF",
                    "CV",
                    "CW",
                    "GM",
                    "GE",
                    "GW",
                    "LS",
                    "LR",
                    "MW",
                    "ML",
                    "NA",
                    "NE",
                    "SM",
                    "ST",
                    "SN",
                    "SC",
                    "SL",
                    "AZ",
                    "BI",
                    "CM",
                    "TD",
                    "KM",
                    "GQ",
                    "SZ",
                    "GA",
                    "GN",
                    "KG",
                    "MR",
                    "MN",
                    "RW",
                    "TG",
                    "UZ",
                    "ZW",
                    "BJ",
                    "MG",
                    "MU",
                    "MZ",
                    "AO",
                    "CI",
                    "DJ",
                    "ZM",
                    "CD",
                    "CG",
                    "IQ",
                    "LY",
                    "TJ",
                    "ET",
                    "XK"
                ],
                "disc_number": 1,
                "duration_ms": 229506,
                "explicit": false,
                "external_urls": {
                    "spotify": "https://open.spotify.com/track/4yOn1TEcfsKHUJCL2h1r8I"
                },
                "href": "https://api.spotify.com/v1/tracks/0Hf4aIJpsN4Os2f0y0VqWl",
                "id": "0Hf4aIJpsN4Os2f0y0VqWl",
                "linked_from": {
                    "external_urls": {
                        "spotify": "https://open.spotify.com/track/4yOn1TEcfsKHUJCL2h1r8I"
                    },
                    "href": "https://api.spotify.com/v1/tracks/4yOn1TEcfsKHUJCL2h1r8I",
                    "id": "4yOn1TEcfsKHUJCL2h1r8I",
                    "type": "track",
                    "uri": "spotify:track:4yOn1TEcfsKHUJCL2h1r8I"
                },
                "name": "Feel This Moment (feat. Christina Aguilera)",
                "preview_url": null,
                "track_number": 3,
                "type": "track",
                "uri": "spotify:track:0Hf4aIJpsN4Os2f0y0VqWl",
                "is_local": false
            },
            {
                "artists": [
                    {
                        "external_urls": {
                            "spotify": "https://open.spotify.com/artist/0TnOYISbd1XYRBk9myaseg"
                        },
                        "href": "https://api.spotify.com/v1/artists/0TnOYISbd1XYRBk9myaseg",
                        "id": "0TnOYISbd1XYRBk9myaseg",
                        "name": "Pitbull",
                        "type": "artist",
                        "uri": "spotify:artist:0TnOYISbd1XYRBk9myaseg"
                    }
                ],
                "available_markets": [
                    "AT",
                    "BE",
                    "BG",
                    "CY",
                    "CZ",
                    "DE",
                    "EE",
                    "FI",
                    "FR",
                    "GR",
                    "HU",
                    "IE",
                    "IT",
                    "LV",
                    "LT",
                    "LU",
                    "MT",
                    "MX",
                    "NL",
                    "NO",
                    "PL",
                    "PT",
                    "SK",
                    "ES",
                    "SE",
                    "CH",
                    "TR",
                    "GB",
                    "AD",
                    "LI",
                    "MC",
                    "RO",
                    "IL",
                    "ZA",
                    "SA",
                    "AE",
                    "BH",
                    "QA",
                    "OM",
                    "KW",
                    "EG",
                    "MA",
                    "DZ",
                    "TN",
                    "LB",
                    "JO",
                    "PS",
                    "BY",
                    "KZ",
                    "MD",
                    "UA",
                    "AL",
                    "BA",
                    "HR",
                    "ME",
                    "MK",
                    "RS",
                    "SI",
                    "GH",
                    "KE",
                    "NG",
                    "TZ",
                    "UG",
                    "AM",
                    "BW",
                    "BF",
                    "CV",
                    "CW",
                    "GM",
                    "GE",
                    "GW",
                    "LS",
                    "LR",
                    "MW",
                    "ML",
                    "NA",
                    "NE",
                    "SM",
                    "ST",
                    "SN",
                    "SC",
                    "SL",
                    "AZ",
                    "BI",
                    "CM",
                    "TD",
                    "KM",
                    "GQ",
                    "SZ",
                    "GA",
                    "GN",
                    "KG",
                    "MR",
                    "MN",
                    "RW",
                    "TG",
                    "UZ",
                    "ZW",
                    "BJ",
                    "MG",
                    "MU",
                    "MZ",
                    "AO",
                    "CI",
                    "DJ",
                    "ZM",
                    "CD",
                    "CG",
                    "IQ",
                    "LY",
                    "TJ",
                    "ET",
                    "XK"
                ],
                "disc_number": 1,
                "duration_ms": 207440,
                "explicit": false,
                "external_urls": {
                    "spotify": "https://open.spotify.com/track/7fmpKF0rLGPnP7kcQ5ZMm7"
                },
                "href": "https://api.spotify.com/v1/tracks/3eQlGeyuSibgAGPEJugaDW",
                "id": "3eQlGeyuSibgAGPEJugaDW",
                "linked_from": {
                    "external_urls": {
                        "spotify": "https://open.spotify.com/track/7fmpKF0rLGPnP7kcQ5ZMm7"
                    },
                    "href": "https://api.spotify.com/v1/tracks/7fmpKF0rLGPnP7kcQ5ZMm7",
                    "id": "7fmpKF0rLGPnP7kcQ5ZMm7",
                    "type": "track",
                    "uri": "spotify:track:7fmpKF0rLGPnP7kcQ5ZMm7"
                },
                "name": "Back in Time - featured in \"Men In Black 3\"",
                "preview_url": null,
                "track_number": 4,
                "type": "track",
                "uri": "spotify:track:3eQlGeyuSibgAGPEJugaDW",
                "is_local": false
            },
            {
                "artists": [
                    {
                        "external_urls": {
                            "spotify": "https://open.spotify.com/artist/0TnOYISbd1XYRBk9myaseg"
                        },
                        "href": "https://api.spotify.com/v1/artists/0TnOYISbd1XYRBk9myaseg",
                        "id": "0TnOYISbd1XYRBk9myaseg",
                        "name": "Pitbull",
                        "type": "artist",
                        "uri": "spotify:artist:0TnOYISbd1XYRBk9myaseg"
                    },
                    {
                        "external_urls": {
                            "spotify": "https://open.spotify.com/artist/7bXgB6jMjp9ATFy66eO08Z"
                        },
                        "href": "https://api.spotify.com/v1/artists/7bXgB6jMjp9ATFy66eO08Z",
                        "id": "7bXgB6jMjp9ATFy66eO08Z",
                        "name": "Chris Brown",
                        "type": "artist",
                        "uri": "spotify:artist:7bXgB6jMjp9ATFy66eO08Z"
                    }
                ],
                "available_markets": [
                    "AT",
                    "BE",
                    "BG",
                    "CY",
                    "CZ",
                    "DE",
                    "EE",
                    "FI",
                    "FR",
                    "GR",
                    "HU",
                    "IE",
                    "IT",
                    "LV",
                    "LT",
                    "LU",
                    "MT",
                    "MX",
                    "NL",
                    "NO",
                    "PL",
                    "PT",
                    "SK",
                    "ES",
                    "SE",
                    "CH",
                    "TR",
                    "GB",
                    "AD",
                    "LI",
                    "MC",
                    "RO",
                    "IL",
                    "ZA",
                    "SA",
                    "AE",
                    "BH",
                    "QA",
                    "OM",
                    "KW",
                    "EG",
                    "MA",
                    "DZ",
                    "TN",
                    "LB",
                    "JO",
                    "PS",
                    "BY",
                    "KZ",
                    "MD",
                    "UA",
                    "AL",
                    "BA",
                    "HR",
                    "ME",
                    "MK",
                    "RS",
                    "SI",
                    "GH",
                    "KE",
                    "NG",
                    "TZ",
                    "UG",
                    "AM",
                    "BW",
                    "BF",
                    "CV",
                    "CW",
                    "GM",
                    "GE",
                    "GW",
                    "LS",
                    "LR",
                    "MW",
                    "ML",
                    "NA",
                    "NE",
                    "SM",
                    "ST",
                    "SN",
                    "SC",
                    "SL",
                    "AZ",
                    "BI",
                    "CM",
                    "TD",
                    "KM",
                    "GQ",
                    "SZ",
                    "GA",
                    "GN",
                    "KG",
                    "MR",
                    "MN",
                    "RW",
                    "TG",
                    "UZ",
                    "ZW",
                    "BJ",
                    "MG",
                    "MU",
                    "MZ",
                    "AO",
                    "CI",
                    "DJ",
                    "ZM",
                    "CD",
                    "CG",
                    "IQ",
                    "LY",
                    "TJ",
                    "ET",
                    "XK"
                ],
                "disc_number": 1,
                "duration_ms": 221133,
                "explicit": false,
                "external_urls": {
                    "spotify": "https://open.spotify.com/track/3jStb2imKd6oUoBT1zq5lp"
                },
                "href": "https://api.spotify.com/v1/tracks/1tRVnqp5rpd2bhmaCGWFQp",
                "id": "1tRVnqp5rpd2bhmaCGWFQp",
                "linked_from": {
                    "external_urls": {
                        "spotify": "https://open.spotify.com/track/3jStb2imKd6oUoBT1zq5lp"
                    },
                    "href": "https://api.spotify.com/v1/tracks/3jStb2imKd6oUoBT1zq5lp",
                    "id": "3jStb2imKd6oUoBT1zq5lp",
                    "type": "track",
                    "uri": "spotify:track:3jStb2imKd6oUoBT1zq5lp"
                },
                "name": "Hope We Meet Again (feat. Chris Brown)",
                "preview_url": null,
                "track_number": 5,
                "type": "track",
                "uri": "spotify:track:1tRVnqp5rpd2bhmaCGWFQp",
                "is_local": false
            },
            {
                "artists": [
                    {
                        "external_urls": {
                            "spotify": "https://open.spotify.com/artist/0TnOYISbd1XYRBk9myaseg"
                        },
                        "href": "https://api.spotify.com/v1/artists/0TnOYISbd1XYRBk9myaseg",
                        "id": "0TnOYISbd1XYRBk9myaseg",
                        "name": "Pitbull",
                        "type": "artist",
                        "uri": "spotify:artist:0TnOYISbd1XYRBk9myaseg"
                    },
                    {
                        "external_urls": {
                            "spotify": "https://open.spotify.com/artist/23zg3TcAtWQy7J6upgbUnj"
                        },
                        "href": "https://api.spotify.com/v1/artists/23zg3TcAtWQy7J6upgbUnj",
                        "id": "23zg3TcAtWQy7J6upgbUnj",
                        "name": "USHER",
                        "type": "artist",
                        "uri": "spotify:artist:23zg3TcAtWQy7J6upgbUnj"
                    },
                    {
                        "external_urls": {
                            "spotify": "https://open.spotify.com/artist/4D75GcNG95ebPtNvoNVXhz"
                        },
                        "href": "https://api.spotify.com/v1/artists/4D75GcNG95ebPtNvoNVXhz",
                        "id": "4D75GcNG95ebPtNvoNVXhz",
                        "name": "AFROJACK",
                        "type": "artist",
                        "uri": "spotify:artist:4D75GcNG95ebPtNvoNVXhz"
                    }
                ],
                "available_markets": [
                    "AT",
                    "BE",
                    "BG",
                    "CY",
                    "CZ",
                    "DE",
                    "EE",
                    "FI",
                    "FR",
                    "GR",
                    "HU",
                    "IE",
                    "IT",
                    "LV",
                    "LT",
                    "LU",
                    "MT",
                    "MX",
                    "NL",
                    "NO",
                    "PL",
                    "PT",
                    "SK",
                    "ES",
                    "SE",
                    "CH",
                    "TR",
                    "GB",
                    "AD",
                    "LI",
                    "MC",
                    "RO",
                    "IL",
                    "ZA",
                    "SA",
                    "AE",
                    "BH",
                    "QA",
                    "OM",
                    "KW",
                    "EG",
                    "MA",
                    "DZ",
                    "TN",
                    "LB",
                    "JO",
                    "PS",
                    "BY",
                    "KZ",
                    "MD",
                    "UA",
                    "AL",
                    "BA",
                    "HR",
                    "ME",
                    "MK",
                    "RS",
                    "SI",
                    "GH",
                    "KE",
                    "NG",
                    "TZ",
                    "UG",
                    "AM",
                    "BW",
                    "BF",
                    "CV",
                    "CW",
                    "GM",
                    "GE",
                    "GW",
                    "LS",
                    "LR",
                    "MW",
                    "ML",
                    "NA",
                    "NE",
                    "SM",
                    "ST",
                    "SN",
                    "SC",
                    "SL",
                    "AZ",
                    "BI",
                    "CM",
                    "TD",
                    "KM",
                    "GQ",
                    "SZ",
                    "GA",
                    "GN",
                    "KG",
                    "MR",
                    "MN",
                    "RW",
                    "TG",
                    "UZ",
                    "ZW",
                    "BJ",
                    "MG",
                    "MU",
                    "MZ",
                    "AO",
                    "CI",
                    "DJ",
                    "ZM",
                    "CD",
                    "CG",
                    "IQ",
                    "LY",
                    "TJ",
                    "ET",
                    "XK"
                ],
                "disc_number": 1,
                "duration_ms": 243160,
                "explicit": true,
                "external_urls": {
                    "spotify": "https://open.spotify.com/track/6Q4PYJtrq8CBx7YCY5IyRN"
                },
                "href": "https://api.spotify.com/v1/tracks/4o9M41MAP0t0XFT6DdbXRp",
                "id": "4o9M41MAP0t0XFT6DdbXRp",
                "linked_from": {
                    "external_urls": {
                        "spotify": "https://open.spotify.com/track/6Q4PYJtrq8CBx7YCY5IyRN"
                    },
                    "href": "https://api.spotify.com/v1/tracks/6Q4PYJtrq8CBx7YCY5IyRN",
                    "id": "6Q4PYJtrq8CBx7YCY5IyRN",
                    "type": "track",
                    "uri": "spotify:track:6Q4PYJtrq8CBx7YCY5IyRN"
                },
                "name": "Party Ain't Over (feat. Usher & Afrojack)",
                "preview_url": null,
                "track_number": 6,
                "type": "track",
                "uri": "spotify:track:4o9M41MAP0t0XFT6DdbXRp",
                "is_local": false
            },
            {
                "artists": [
                    {
                        "external_urls": {
                            "spotify": "https://open.spotify.com/artist/0TnOYISbd1XYRBk9myaseg"
                        },
                        "href": "https://api.spotify.com/v1/artists/0TnOYISbd1XYRBk9myaseg",
                        "id": "0TnOYISbd1XYRBk9myaseg",
                        "name": "Pitbull",
                        "type": "artist",
                        "uri": "spotify:artist:0TnOYISbd1XYRBk9myaseg"
                    },
                    {
                        "external_urls": {
                            "spotify": "https://open.spotify.com/artist/2DlGxzQSjYe5N6G9nkYghR"
                        },
                        "href": "https://api.spotify.com/v1/artists/2DlGxzQSjYe5N6G9nkYghR",
                        "id": "2DlGxzQSjYe5N6G9nkYghR",
                        "name": "Jennifer Lopez",
                        "type": "artist",
                        "uri": "spotify:artist:2DlGxzQSjYe5N6G9nkYghR"
                    }
                ],
                "available_markets": [
                    "AT",
                    "BE",
                    "BG",
                    "CY",
                    "CZ",
                    "DE",
                    "EE",
                    "FI",
                    "FR",
                    "GR",
                    "HU",
                    "IE",
                    "IT",
                    "LV",
                    "LT",
                    "LU",
                    "MT",
                    "MX",
                    "NL",
                    "NO",
                    "PL",
                    "PT",
                    "SK",
                    "ES",
                    "SE",
                    "CH",
                    "TR",
                    "GB",
                    "AD",
                    "LI",
                    "MC",
                    "RO",
                    "IL",
                    "ZA",
                    "SA",
                    "AE",
                    "BH",
                    "QA",
                    "OM",
                    "KW",
                    "EG",
                    "MA",
                    "DZ",
                    "TN",
                    "LB",
                    "JO",
                    "PS",
                    "BY",
                    "KZ",
                    "MD",
                    "UA",
                    "AL",
                    "BA",
                    "HR",
                    "ME",
                    "MK",
                    "RS",
                    "SI",
                    "GH",
                    "KE",
                    "NG",
                    "TZ",
                    "UG",
                    "AM",
                    "BW",
                    "BF",
                    "CV",
                    "CW",
                    "GM",
                    "GE",
                    "GW",
                    "LS",
                    "LR",
                    "MW",
                    "ML",
                    "NA",
                    "NE",
                    "SM",
                    "ST",
                    "SN",
                    "SC",
                    "SL",
                    "AZ",
                    "BI",
                    "CM",
                    "TD",
                    "KM",
                    "GQ",
                    "SZ",
                    "GA",
                    "GN",
                    "KG",
                    "MR",
                    "MN",
                    "RW",
                    "TG",
                    "UZ",
                    "ZW",
                    "BJ",
                    "MG",
                    "MU",
                    "MZ",
                    "AO",
                    "CI",
                    "DJ",
                    "ZM",
                    "CD",
                    "CG",
                    "IQ",
                    "LY",
                    "TJ",
                    "ET",
                    "XK"
                ],
                "disc_number": 1,
                "duration_ms": 196920,
                "explicit": false,
                "external_urls": {
                    "spotify": "https://open.spotify.com/track/0QTVwqcOsYd73AOkYkk0Hg"
                },
                "href": "https://api.spotify.com/v1/tracks/5PiPtAgawvKui1fjOxVVUk",
                "id": "5PiPtAgawvKui1fjOxVVUk",
                "linked_from": {
                    "external_urls": {
                        "spotify": "https://open.spotify.com/track/0QTVwqcOsYd73AOkYkk0Hg"
                    },
                    "href": "https://api.spotify.com/v1/tracks/0QTVwqcOsYd73AOkYkk0Hg",
                    "id": "0QTVwqcOsYd73AOkYkk0Hg",
                    "type": "track",
                    "uri": "spotify:track:0QTVwqcOsYd73AOkYkk0Hg"
                },
                "name": "Drinks for You (Ladies Anthem) (feat. J. Lo)",
                "preview_url": null,
                "track_number": 7,
                "type": "track",
                "uri": "spotify:track:5PiPtAgawvKui1fjOxVVUk",
                "is_local": false
            },
            {
                "artists": [
                    {
                        "external_urls": {
                            "spotify": "https://open.spotify.com/artist/0TnOYISbd1XYRBk9myaseg"
                        },
                        "href": "https://api.spotify.com/v1/artists/0TnOYISbd1XYRBk9myaseg",
                        "id": "0TnOYISbd1XYRBk9myaseg",
                        "name": "Pitbull",
                        "type": "artist",
                        "uri": "spotify:artist:0TnOYISbd1XYRBk9myaseg"
                    },
                    {
                        "external_urls": {
                            "spotify": "https://open.spotify.com/artist/2NhdGz9EDv2FeUw6udu2g1"
                        },
                        "href": "https://api.spotify.com/v1/artists/2NhdGz9EDv2FeUw6udu2g1",
                        "id": "2NhdGz9EDv2FeUw6udu2g1",
                        "name": "The Wanted",
                        "type": "artist",
                        "uri": "spotify:artist:2NhdGz9EDv2FeUw6udu2g1"
                    },
                    {
                        "external_urls": {
                            "spotify": "https://open.spotify.com/artist/4D75GcNG95ebPtNvoNVXhz"
                        },
                        "href": "https://api.spotify.com/v1/artists/4D75GcNG95ebPtNvoNVXhz",
                        "id": "4D75GcNG95ebPtNvoNVXhz",
                        "name": "AFROJACK",
                        "type": "artist",
                        "uri": "spotify:artist:4D75GcNG95ebPtNvoNVXhz"
                    }
                ],
                "available_markets": [
                    "AT",
                    "BE",
                    "BG",
                    "CY",
                    "CZ",
                    "DE",
                    "EE",
                    "FI",
                    "FR",
                    "GR",
                    "HU",
                    "IE",
                    "IT",
                    "LV",
                    "LT",
                    "LU",
                    "MT",
                    "MX",
                    "NL",
                    "NO",
                    "PL",
                    "PT",
                    "SK",
                    "ES",
                    "SE",
                    "CH",
                    "TR",
                    "GB",
                    "AD",
                    "LI",
                    "MC",
                    "RO",
                    "IL",
                    "ZA",
                    "SA",
                    "AE",
                    "BH",
                    "QA",
                    "OM",
                    "KW",
                    "EG",
                    "MA",
                    "DZ",
                    "TN",
                    "LB",
                    "JO",
                    "PS",
                    "BY",
                    "KZ",
                    "MD",
                    "UA",
                    "AL",
                    "BA",
                    "HR",
                    "ME",
                    "MK",
                    "RS",
                    "SI",
                    "GH",
                    "KE",
                    "NG",
                    "TZ",
                    "UG",
                    "AM",
                    "BW",
                    "BF",
                    "CV",
                    "CW",
                    "GM",
                    "GE",
                    "GW",
                    "LS",
                    "LR",
                    "MW",
                    "ML",
                    "NA",
                    "NE",
                    "SM",
                    "ST",
                    "SN",
                    "SC",
                    "SL",
                    "AZ",
                    "BI",
                    "CM",
                    "TD",
                    "KM",
                    "GQ",
                    "SZ",
                    "GA",
                    "GN",
                    "KG",
                    "MR",
                    "MN",
                    "RW",
                    "TG",
                    "UZ",
                    "ZW",
                    "BJ",
                    "MG",
                    "MU",
                    "MZ",
                    "AO",
                    "CI",
                    "DJ",
                    "ZM",
                    "CD",
                    "CG",
                    "IQ",
                    "LY",
                    "TJ",
                    "ET",
                    "XK"
                ],
                "disc_number": 1,
                "duration_ms": 244920,
                "explicit": true,
                "external_urls": {
                    "spotify": "https://open.spotify.com/track/10Sydb6AAFPdgCzCKOSZuI"
                },
                "href": "https://api.spotify.com/v1/tracks/5YNUvZm3tKAhzUcFlROTns",
                "id": "5YNUvZm3tKAhzUcFlROTns",
                "linked_from": {
                    "external_urls": {
                        "spotify": "https://open.spotify.com/track/10Sydb6AAFPdgCzCKOSZuI"
                    },
                    "href": "https://api.spotify.com/v1/tracks/10Sydb6AAFPdgCzCKOSZuI",
                    "id": "10Sydb6AAFPdgCzCKOSZuI",
                    "type": "track",
                    "uri": "spotify:track:10Sydb6AAFPdgCzCKOSZuI"
                },
                "name": "Have Some Fun (feat. The Wanted & Afrojack)",
                "preview_url": null,
                "track_number": 8,
                "type": "track",
                "uri": "spotify:track:5YNUvZm3tKAhzUcFlROTns",
                "is_local": false
            },
            {
                "artists": [
                    {
                        "external_urls": {
                            "spotify": "https://open.spotify.com/artist/0TnOYISbd1XYRBk9myaseg"
                        },
                        "href": "https://api.spotify.com/v1/artists/0TnOYISbd1XYRBk9myaseg",
                        "id": "0TnOYISbd1XYRBk9myaseg",
                        "name": "Pitbull",
                        "type": "artist",
                        "uri": "spotify:artist:0TnOYISbd1XYRBk9myaseg"
                    },
                    {
                        "external_urls": {
                            "spotify": "https://open.spotify.com/artist/0e9P96siQmxphVXAwTy2pa"
                        },
                        "href": "https://api.spotify.com/v1/artists/0e9P96siQmxphVXAwTy2pa",
                        "id": "0e9P96siQmxphVXAwTy2pa",
                        "name": "Danny Mercer",
                        "type": "artist",
                        "uri": "spotify:artist:0e9P96siQmxphVXAwTy2pa"
                    }
                ],
                "available_markets": [
                    "AT",
                    "BE",
                    "BG",
                    "CY",
                    "CZ",
                    "DE",
                    "EE",
                    "FI",
                    "FR",
                    "GR",
                    "HU",
                    "IE",
                    "IT",
                    "LV",
                    "LT",
                    "LU",
                    "MT",
                    "MX",
                    "NL",
                    "NO",
                    "PL",
                    "PT",
                    "SK",
                    "ES",
                    "SE",
                    "CH",
                    "TR",
                    "GB",
                    "AD",
                    "LI",
                    "MC",
                    "RO",
                    "IL",
                    "ZA",
                    "SA",
                    "AE",
                    "BH",
                    "QA",
                    "OM",
                    "KW",
                    "EG",
                    "MA",
                    "DZ",
                    "TN",
                    "LB",
                    "JO",
                    "PS",
                    "BY",
                    "KZ",
                    "MD",
                    "UA",
                    "AL",
                    "BA",
                    "HR",
                    "ME",
                    "MK",
                    "RS",
                    "SI",
                    "GH",
                    "KE",
                    "NG",
                    "TZ",
                    "UG",
                    "AM",
                    "BW",
                    "BF",
                    "CV",
                    "CW",
                    "GM",
                    "GE",
                    "GW",
                    "LS",
                    "LR",
                    "MW",
                    "ML",
                    "NA",
                    "NE",
                    "SM",
                    "ST",
                    "SN",
                    "SC",
                    "SL",
                    "AZ",
                    "BI",
                    "CM",
                    "TD",
                    "KM",
                    "GQ",
                    "SZ",
                    "GA",
                    "GN",
                    "KG",
                    "MR",
                    "MN",
                    "RW",
                    "TG",
                    "UZ",
                    "ZW",
                    "BJ",
                    "MG",
                    "MU",
                    "MZ",
                    "AO",
                    "CI",
                    "DJ",
                    "ZM",
                    "CD",
                    "CG",
                    "IQ",
                    "LY",
                    "TJ",
                    "ET",
                    "XK"
                ],
                "disc_number": 1,
                "duration_ms": 206800,
                "explicit": true,
                "external_urls": {
                    "spotify": "https://open.spotify.com/track/4k61iDqmtX9nI7RfLmp9aq"
                },
                "href": "https://api.spotify.com/v1/tracks/242JV78jcQFoeIIPxjXGGE",
                "id": "242JV78jcQFoeIIPxjXGGE",
                "linked_from": {
                    "external_urls": {
                        "spotify": "https://open.spotify.com/track/4k61iDqmtX9nI7RfLmp9aq"
                    },
                    "href": "https://api.spotify.com/v1/tracks/4k61iDqmtX9nI7RfLmp9aq",
                    "id": "4k61iDqmtX9nI7RfLmp9aq",
                    "type": "track",
                    "uri": "spotify:track:4k61iDqmtX9nI7RfLmp9aq"
                },
                "name": "Outta Nowhere (feat. Danny Mercer)",
                "preview_url": null,
                "track_number": 9,
                "type": "track",
                "uri": "spotify:track:242JV78jcQFoeIIPxjXGGE",
                "is_local": false
            },
            {
                "artists": [
                    {
                        "external_urls": {
                            "spotify": "https://open.spotify.com/artist/0TnOYISbd1XYRBk9myaseg"
                        },
                        "href": "https://api.spotify.com/v1/artists/0TnOYISbd1XYRBk9myaseg",
                        "id": "0TnOYISbd1XYRBk9myaseg",
                        "name": "Pitbull",
                        "type": "artist",
                        "uri": "spotify:artist:0TnOYISbd1XYRBk9myaseg"
                    },
                    {
                        "external_urls": {
                            "spotify": "https://open.spotify.com/artist/7qG3b048QCHVRO5Pv1T5lw"
                        },
                        "href": "https://api.spotify.com/v1/artists/7qG3b048QCHVRO5Pv1T5lw",
                        "id": "7qG3b048QCHVRO5Pv1T5lw",
                        "name": "Enrique Iglesias",
                        "type": "artist",
                        "uri": "spotify:artist:7qG3b048QCHVRO5Pv1T5lw"
                    }
                ],
                "available_markets": [
                    "AT",
                    "BE",
                    "BG",
                    "CY",
                    "CZ",
                    "DE",
                    "EE",
                    "FI",
                    "FR",
                    "GR",
                    "HU",
                    "IE",
                    "IT",
                    "LV",
                    "LT",
                    "LU",
                    "MT",
                    "MX",
                    "NL",
                    "NO",
                    "PL",
                    "PT",
                    "SK",
                    "ES",
                    "SE",
                    "CH",
                    "TR",
                    "GB",
                    "AD",
                    "LI",
                    "MC",
                    "RO",
                    "IL",
                    "ZA",
                    "SA",
                    "AE",
                    "BH",
                    "QA",
                    "OM",
                    "KW",
                    "EG",
                    "MA",
                    "DZ",
                    "TN",
                    "LB",
                    "JO",
                    "PS",
                    "BY",
                    "KZ",
                    "MD",
                    "UA",
                    "AL",
                    "BA",
                    "HR",
                    "ME",
                    "MK",
                    "RS",
                    "SI",
                    "GH",
                    "KE",
                    "NG",
                    "TZ",
                    "UG",
                    "AM",
                    "BW",
                    "BF",
                    "CV",
                    "CW",
                    "GM",
                    "GE",
                    "GW",
                    "LS",
                    "LR",
                    "MW",
                    "ML",
                    "NA",
                    "NE",
                    "SM",
                    "ST",
                    "SN",
                    "SC",
                    "SL",
                    "AZ",
                    "BI",
                    "CM",
                    "TD",
                    "KM",
                    "GQ",
                    "SZ",
                    "GA",
                    "GN",
                    "KG",
                    "MR",
                    "MN",
                    "RW",
                    "TG",
                    "UZ",
                    "ZW",
                    "BJ",
                    "MG",
                    "MU",
                    "MZ",
                    "AO",
                    "CI",
                    "DJ",
                    "ZM",
                    "CD",
                    "CG",
                    "IQ",
                    "LY",
                    "TJ",
                    "ET",
                    "XK"
                ],
                "disc_number": 1,
                "duration_ms": 205800,
                "explicit": true,
                "external_urls": {
                    "spotify": "https://open.spotify.com/track/7oGRkL31ElVMcevQDceT99"
                },
                "href": "https://api.spotify.com/v1/tracks/16oZdWoSG7Ssxuow0bZc6W",
                "id": "16oZdWoSG7Ssxuow0bZc6W",
                "linked_from": {
                    "external_urls": {
                        "spotify": "https://open.spotify.com/track/7oGRkL31ElVMcevQDceT99"
                    },
                    "href": "https://api.spotify.com/v1/tracks/7oGRkL31ElVMcevQDceT99",
                    "id": "7oGRkL31ElVMcevQDceT99",
                    "type": "track",
                    "uri": "spotify:track:7oGRkL31ElVMcevQDceT99"
                },
                "name": "Tchu Tchu Tcha (feat. Enrique Iglesias)",
                "preview_url": null,
                "track_number": 10,
                "type": "track",
                "uri": "spotify:track:16oZdWoSG7Ssxuow0bZc6W",
                "is_local": false
            },
            {
                "artists": [
                    {
                        "external_urls": {
                            "spotify": "https://open.spotify.com/artist/0TnOYISbd1XYRBk9myaseg"
                        },
                        "href": "https://api.spotify.com/v1/artists/0TnOYISbd1XYRBk9myaseg",
                        "id": "0TnOYISbd1XYRBk9myaseg",
                        "name": "Pitbull",
                        "type": "artist",
                        "uri": "spotify:artist:0TnOYISbd1XYRBk9myaseg"
                    },
                    {
                        "external_urls": {
                            "spotify": "https://open.spotify.com/artist/4D75GcNG95ebPtNvoNVXhz"
                        },
                        "href": "https://api.spotify.com/v1/artists/4D75GcNG95ebPtNvoNVXhz",
                        "id": "4D75GcNG95ebPtNvoNVXhz",
                        "name": "AFROJACK",
                        "type": "artist",
                        "uri": "spotify:artist:4D75GcNG95ebPtNvoNVXhz"
                    },
                    {
                        "external_urls": {
                            "spotify": "https://open.spotify.com/artist/1EVWYRr2obCRDoSoD6KSuM"
                        },
                        "href": "https://api.spotify.com/v1/artists/1EVWYRr2obCRDoSoD6KSuM",
                        "id": "1EVWYRr2obCRDoSoD6KSuM",
                        "name": "Havana Brown",
                        "type": "artist",
                        "uri": "spotify:artist:1EVWYRr2obCRDoSoD6KSuM"
                    }
                ],
                "available_markets": [
                    "AT",
                    "BE",
                    "BG",
                    "CY",
                    "CZ",
                    "DE",
                    "EE",
                    "FI",
                    "FR",
                    "GR",
                    "HU",
                    "IE",
                    "IT",
                    "LV",
                    "LT",
                    "LU",
                    "MT",
                    "MX",
                    "NL",
                    "NO",
                    "PL",
                    "PT",
                    "SK",
                    "ES",
                    "SE",
                    "CH",
                    "TR",
                    "GB",
                    "AD",
                    "LI",
                    "MC",
                    "RO",
                    "IL",
                    "ZA",
                    "SA",
                    "AE",
                    "BH",
                    "QA",
                    "OM",
                    "KW",
                    "EG",
                    "MA",
                    "DZ",
                    "TN",
                    "LB",
                    "JO",
                    "PS",
                    "BY",
                    "KZ",
                    "MD",
                    "UA",
                    "AL",
                    "BA",
                    "HR",
                    "ME",
                    "MK",
                    "RS",
                    "SI",
                    "GH",
                    "KE",
                    "NG",
                    "TZ",
                    "UG",
                    "AM",
                    "BW",
                    "BF",
                    "CV",
                    "CW",
                    "GM",
                    "GE",
                    "GW",
                    "LS",
                    "LR",
                    "MW",
                    "ML",
                    "NA",
                    "NE",
                    "SM",
                    "ST",
                    "SN",
                    "SC",
                    "SL",
                    "AZ",
                    "BI",
                    "CM",
                    "TD",
                    "KM",
                    "GQ",
                    "SZ",
                    "GA",
                    "GN",
                    "KG",
                    "MR",
                    "MN",
                    "RW",
                    "TG",
                    "UZ",
                    "ZW",
                    "BJ",
                    "MG",
                    "MU",
                    "MZ",
                    "AO",
                    "CI",
                    "DJ",
                    "ZM",
                    "CD",
                    "CG",
                    "IQ",
                    "LY",
                    "TJ",
                    "ET",
                    "XK"
                ],
                "disc_number": 1,
                "duration_ms": 219600,
                "explicit": true,
                "external_urls": {
                    "spotify": "https://open.spotify.com/track/60xPqMqnHZl7Jfiu6E9q8X"
                },
                "href": "https://api.spotify.com/v1/tracks/3nv0HUZK7RaERcZFsrkCuK",
                "id": "3nv0HUZK7RaERcZFsrkCuK",
                "linked_from": {
                    "external_urls": {
                        "spotify": "https://open.spotify.com/track/60xPqMqnHZl7Jfiu6E9q8X"
                    },
                    "href": "https://api.spotify.com/v1/tracks/60xPqMqnHZl7Jfiu6E9q8X",
                    "id": "60xPqMqnHZl7Jfiu6E9q8X",
                    "type": "track",
                    "uri": "spotify:track:60xPqMqnHZl7Jfiu6E9q8X"
                },
                "name": "Last Night (feat. Afrojack & Havana Brown)",
                "preview_url": null,
                "track_number": 11,
                "type": "track",
                "uri": "spotify:track:3nv0HUZK7RaERcZFsrkCuK",
                "is_local": false
            },
            {
                "artists": [
                    {
                        "external_urls": {
                            "spotify": "https://open.spotify.com/artist/0TnOYISbd1XYRBk9myaseg"
                        },
                        "href": "https://api.spotify.com/v1/artists/0TnOYISbd1XYRBk9myaseg",
                        "id": "0TnOYISbd1XYRBk9myaseg",
                        "name": "Pitbull",
                        "type": "artist",
                        "uri": "spotify:artist:0TnOYISbd1XYRBk9myaseg"
                    }
                ],
                "available_markets": [
                    "AT",
                    "BE",
                    "BG",
                    "CY",
                    "CZ",
                    "DE",
                    "EE",
                    "FI",
                    "FR",
                    "GR",
                    "HU",
                    "IE",
                    "IT",
                    "LV",
                    "LT",
                    "LU",
                    "MT",
                    "MX",
                    "NL",
                    "NO",
                    "PL",
                    "PT",
                    "SK",
                    "ES",
                    "SE",
                    "CH",
                    "TR",
                    "GB",
                    "AD",
                    "LI",
                    "MC",
                    "RO",
                    "IL",
                    "ZA",
                    "SA",
                    "AE",
                    "BH",
                    "QA",
                    "OM",
                    "KW",
                    "EG",
                    "MA",
                    "DZ",
                    "TN",
                    "LB",
                    "JO",
                    "PS",
                    "BY",
                    "KZ",
                    "MD",
                    "UA",
                    "AL",
                    "BA",
                    "HR",
                    "ME",
                    "MK",
                    "RS",
                    "SI",
                    "GH",
                    "KE",
                    "NG",
                    "TZ",
                    "UG",
                    "AM",
                    "BW",
                    "BF",
                    "CV",
                    "CW",
                    "GM",
                    "GE",
                    "GW",
                    "LS",
                    "LR",
                    "MW",
                    "ML",
                    "NA",
                    "NE",
                    "SM",
                    "ST",
                    "SN",
                    "SC",
                    "SL",
                    "AZ",
                    "BI",
                    "CM",
                    "TD",
                    "KM",
                    "GQ",
                    "SZ",
                    "GA",
                    "GN",
                    "KG",
                    "MR",
                    "MN",
                    "RW",
                    "TG",
                    "UZ",
                    "ZW",
                    "BJ",
                    "MG",
                    "MU",
                    "MZ",
                    "AO",
                    "CI",
                    "DJ",
                    "ZM",
                    "CD",
                    "CG",
                    "IQ",
                    "LY",
                    "TJ",
                    "ET",
                    "XK"
                ],
                "disc_number": 1,
                "duration_ms": 197520,
                "explicit": true,
                "external_urls": {
                    "spotify": "https://open.spotify.com/track/1jAdXqOSICyXYLaW9ioSur"
                },
                "href": "https://api.spotify.com/v1/tracks/5b0tAONE2XRl7ZvMaxiIbK",
                "id": "5b0tAONE2XRl7ZvMaxiIbK",
                "linked_from": {
                    "external_urls": {
                        "spotify": "https://open.spotify.com/track/1jAdXqOSICyXYLaW9ioSur"
                    },
                    "href": "https://api.spotify.com/v1/tracks/1jAdXqOSICyXYLaW9ioSur",
                    "id": "1jAdXqOSICyXYLaW9ioSur",
                    "type": "track",
                    "uri": "spotify:track:1jAdXqOSICyXYLaW9ioSur"
                },
                "name": "I'm Off That",
                "preview_url": null,
                "track_number": 12,
                "type": "track",
                "uri": "spotify:track:5b0tAONE2XRl7ZvMaxiIbK",
                "is_local": false
            },
            {
                "artists": [
                    {
                        "external_urls": {
                            "spotify": "https://open.spotify.com/artist/0TnOYISbd1XYRBk9myaseg"
                        },
                        "href": "https://api.spotify.com/v1/artists/0TnOYISbd1XYRBk9myaseg",
                        "id": "0TnOYISbd1XYRBk9myaseg",
                        "name": "Pitbull",
                        "type": "artist",
                        "uri": "spotify:artist:0TnOYISbd1XYRBk9myaseg"
                    },
                    {
                        "external_urls": {
                            "spotify": "https://open.spotify.com/artist/5F2Bwl7Is7KVwTbNbMclIS"
                        },
                        "href": "https://api.spotify.com/v1/artists/5F2Bwl7Is7KVwTbNbMclIS",
                        "id": "5F2Bwl7Is7KVwTbNbMclIS",
                        "name": "Papayo",
                        "type": "artist",
                        "uri": "spotify:artist:5F2Bwl7Is7KVwTbNbMclIS"
                    }
                ],
                "available_markets": [
                    "AT",
                    "BE",
                    "BG",
                    "CY",
                    "CZ",
                    "DE",
                    "EE",
                    "FI",
                    "FR",
                    "GR",
                    "HU",
                    "IE",
                    "IT",
                    "LV",
                    "LT",
                    "LU",
                    "MT",
                    "MX",
                    "NL",
                    "NO",
                    "PL",
                    "PT",
                    "SK",
                    "ES",
                    "SE",
                    "CH",
                    "TR",
                    "GB",
                    "AD",
                    "LI",
                    "MC",
                    "RO",
                    "IL",
                    "ZA",
                    "SA",
                    "AE",
                    "BH",
                    "QA",
                    "OM",
                    "KW",
                    "EG",
                    "MA",
                    "DZ",
                    "TN",
                    "LB",
                    "JO",
                    "PS",
                    "BY",
                    "KZ",
                    "MD",
                    "UA",
                    "AL",
                    "BA",
                    "HR",
                    "ME",
                    "MK",
                    "RS",
                    "SI",
                    "GH",
                    "KE",
                    "NG",
                    "TZ",
                    "UG",
                    "AM",
                    "BW",
                    "BF",
                    "CV",
                    "CW",
                    "GM",
                    "GE",
                    "GW",
                    "LS",
                    "LR",
                    "MW",
                    "ML",
                    "NA",
                    "NE",
                    "SM",
                    "ST",
                    "SN",
                    "SC",
                    "SL",
                    "AZ",
                    "BI",
                    "CM",
                    "TD",
                    "KM",
                    "GQ",
                    "SZ",
                    "GA",
                    "GN",
                    "KG",
                    "MR",
                    "MN",
                    "RW",
                    "TG",
                    "UZ",
                    "ZW",
                    "BJ",
                    "MG",
                    "MU",
                    "MZ",
                    "AO",
                    "CI",
                    "DJ",
                    "ZM",
                    "CD",
                    "CG",
                    "IQ",
                    "LY",
                    "TJ",
                    "ET",
                    "XK"
                ],
                "disc_number": 1,
                "duration_ms": 196440,
                "explicit": false,
                "external_urls": {
                    "spotify": "https://open.spotify.com/track/0fjRYHFz9ealui1lfnN8it"
                },
                "href": "https://api.spotify.com/v1/tracks/7IVBsCgRXr59r8yLIvc4En",
                "id": "7IVBsCgRXr59r8yLIvc4En",
                "linked_from": {
                    "external_urls": {
                        "spotify": "https://open.spotify.com/track/0fjRYHFz9ealui1lfnN8it"
                    },
                    "href": "https://api.spotify.com/v1/tracks/0fjRYHFz9ealui1lfnN8it",
                    "id": "0fjRYHFz9ealui1lfnN8it",
                    "type": "track",
                    "uri": "spotify:track:0fjRYHFz9ealui1lfnN8it"
                },
                "name": "Echa Pa'lla (Manos Pa'rriba) (feat. Papayo)",
                "preview_url": null,
                "track_number": 13,
                "type": "track",
                "uri": "spotify:track:7IVBsCgRXr59r8yLIvc4En",
                "is_local": false
            },
            {
                "artists": [
                    {
                        "external_urls": {
                            "spotify": "https://open.spotify.com/artist/0TnOYISbd1XYRBk9myaseg"
                        },
                        "href": "https://api.spotify.com/v1/artists/0TnOYISbd1XYRBk9myaseg",
                        "id": "0TnOYISbd1XYRBk9myaseg",
                        "name": "Pitbull",
                        "type": "artist",
                        "uri": "spotify:artist:0TnOYISbd1XYRBk9myaseg"
                    },
                    {
                        "external_urls": {
                            "spotify": "https://open.spotify.com/artist/0z4gvV4rjIZ9wHck67ucSV"
                        },
                        "href": "https://api.spotify.com/v1/artists/0z4gvV4rjIZ9wHck67ucSV",
                        "id": "0z4gvV4rjIZ9wHck67ucSV",
                        "name": "Akon",
                        "type": "artist",
                        "uri": "spotify:artist:0z4gvV4rjIZ9wHck67ucSV"
                    },
                    {
                        "external_urls": {
                            "spotify": "https://open.spotify.com/artist/5IqWDVLGThjmkm22e3oBU3"
                        },
                        "href": "https://api.spotify.com/v1/artists/5IqWDVLGThjmkm22e3oBU3",
                        "id": "5IqWDVLGThjmkm22e3oBU3",
                        "name": "David Rush",
                        "type": "artist",
                        "uri": "spotify:artist:5IqWDVLGThjmkm22e3oBU3"
                    }
                ],
                "available_markets": [
                    "AT",
                    "BE",
                    "BG",
                    "CY",
                    "CZ",
                    "DE",
                    "EE",
                    "FI",
                    "FR",
                    "GR",
                    "HU",
                    "IE",
                    "IT",
                    "LV",
                    "LT",
                    "LU",
                    "MT",
                    "MX",
                    "NL",
                    "NO",
                    "PL",
                    "PT",
                    "SK",
                    "ES",
                    "SE",
                    "CH",
                    "TR",
                    "GB",
                    "AD",
                    "LI",
                    "MC",
                    "RO",
                    "IL",
                    "ZA",
                    "SA",
                    "AE",
                    "BH",
                    "QA",
                    "OM",
                    "KW",
                    "EG",
                    "MA",
                    "DZ",
                    "TN",
                    "LB",
                    "JO",
                    "PS",
                    "BY",
                    "KZ",
                    "MD",
                    "UA",
                    "AL",
                    "BA",
                    "HR",
                    "ME",
                    "MK",
                    "RS",
                    "SI",
                    "GH",
                    "KE",
                    "NG",
                    "TZ",
                    "UG",
                    "AM",
                    "BW",
                    "BF",
                    "CV",
                    "CW",
                    "GM",
                    "GE",
                    "GW",
                    "LS",
                    "LR",
                    "MW",
                    "ML",
                    "NA",
                    "NE",
                    "SM",
                    "ST",
                    "SN",
                    "SC",
                    "SL",
                    "AZ",
                    "BI",
                    "CM",
                    "TD",
                    "KM",
                    "GQ",
                    "SZ",
                    "GA",
                    "GN",
                    "KG",
                    "MR",
                    "MN",
                    "RW",
                    "TG",
                    "UZ",
                    "ZW",
                    "BJ",
                    "MG",
                    "MU",
                    "MZ",
                    "AO",
                    "CI",
                    "DJ",
                    "ZM",
                    "CD",
                    "CG",
                    "IQ",
                    "LY",
                    "TJ",
                    "ET",
                    "XK"
                ],
                "disc_number": 1,
                "duration_ms": 257613,
                "explicit": true,
                "external_urls": {
                    "spotify": "https://open.spotify.com/track/7of35ktwTbL906Z1i3mT4K"
                },
                "href": "https://api.spotify.com/v1/tracks/0PCdcGVMWrqxvSB9VnFqnk",
                "id": "0PCdcGVMWrqxvSB9VnFqnk",
                "linked_from": {
                    "external_urls": {
                        "spotify": "https://open.spotify.com/track/7of35ktwTbL906Z1i3mT4K"
                    },
                    "href": "https://api.spotify.com/v1/tracks/7of35ktwTbL906Z1i3mT4K",
                    "id": "7of35ktwTbL906Z1i3mT4K",
                    "type": "track",
                    "uri": "spotify:track:7of35ktwTbL906Z1i3mT4K"
                },
                "name": "Everybody Fucks (feat. Akon & David Rush)",
                "preview_url": null,
                "track_number": 14,
                "type": "track",
                "uri": "spotify:track:0PCdcGVMWrqxvSB9VnFqnk",
                "is_local": false
            },
            {
                "artists": [
                    {
                        "external_urls": {
                            "spotify": "https://open.spotify.com/artist/0TnOYISbd1XYRBk9myaseg"
                        },
                        "href": "https://api.spotify.com/v1/artists/0TnOYISbd1XYRBk9myaseg",
                        "id": "0TnOYISbd1XYRBk9myaseg",
                        "name": "Pitbull",
                        "type": "artist",
                        "uri": "spotify:artist:0TnOYISbd1XYRBk9myaseg"
                    },
                    {
                        "external_urls": {
                            "spotify": "https://open.spotify.com/artist/0EmeFodog0BfCgMzAIvKQp"
                        },
                        "href": "https://api.spotify.com/v1/artists/0EmeFodog0BfCgMzAIvKQp",
                        "id": "0EmeFodog0BfCgMzAIvKQp",
                        "name": "Shakira",
                        "type": "artist",
                        "uri": "spotify:artist:0EmeFodog0BfCgMzAIvKQp"
                    }
                ],
                "available_markets": [
                    "AT",
                    "BE",
                    "BG",
                    "CY",
                    "CZ",
                    "DE",
                    "EE",
                    "FI",
                    "FR",
                    "GR",
                    "HU",
                    "IE",
                    "IT",
                    "LV",
                    "LT",
                    "LU",
                    "MT",
                    "MX",
                    "NL",
                    "NO",
                    "PL",
                    "PT",
                    "SK",
                    "ES",
                    "SE",
                    "CH",
                    "TR",
                    "GB",
                    "AD",
                    "LI",
                    "MC",
                    "RO",
                    "IL",
                    "ZA",
                    "SA",
                    "AE",
                    "BH",
                    "QA",
                    "OM",
                    "KW",
                    "EG",
                    "MA",
                    "DZ",
                    "TN",
                    "LB",
                    "JO",
                    "PS",
                    "BY",
                    "KZ",
                    "MD",
                    "UA",
                    "AL",
                    "BA",
                    "HR",
                    "ME",
                    "MK",
                    "RS",
                    "SI",
                    "GH",
                    "KE",
                    "NG",
                    "TZ",
                    "UG",
                    "AM",
                    "BW",
                    "BF",
                    "CV",
                    "CW",
                    "GM",
                    "GE",
                    "GW",
                    "LS",
                    "LR",
                    "MW",
                    "ML",
                    "NA",
                    "NE",
                    "SM",
                    "ST",
                    "SN",
                    "SC",
                    "SL",
                    "AZ",
                    "BI",
                    "CM",
                    "TD",
                    "KM",
                    "GQ",
                    "SZ",
                    "GA",
                    "GN",
                    "KG",
                    "MR",
                    "MN",
                    "RW",
                    "TG",
                    "UZ",
                    "ZW",
                    "BJ",
                    "MG",
                    "MU",
                    "MZ",
                    "AO",
                    "CI",
                    "DJ",
                    "ZM",
                    "CD",
                    "CG",
                    "IQ",
                    "LY",
                    "TJ",
                    "ET",
                    "XK"
                ],
                "disc_number": 1,
                "duration_ms": 245920,
                "explicit": false,
                "external_urls": {
                    "spotify": "https://open.spotify.com/track/2JA6A6Y5f4m7PawM58U2Op"
                },
                "href": "https://api.spotify.com/v1/tracks/5KIRK2Pa6w8EwDgfxB2sqd",
                "id": "5KIRK2Pa6w8EwDgfxB2sqd",
                "linked_from": {
                    "external_urls": {
                        "spotify": "https://open.spotify.com/track/2JA6A6Y5f4m7PawM58U2Op"
                    },
                    "href": "https://api.spotify.com/v1/tracks/2JA6A6Y5f4m7PawM58U2Op",
                    "id": "2JA6A6Y5f4m7PawM58U2Op",
                    "type": "track",
                    "uri": "spotify:track:2JA6A6Y5f4m7PawM58U2Op"
                },
                "name": "Get It Started (feat. Shakira)",
                "preview_url": null,
                "track_number": 15,
                "type": "track",
                "uri": "spotify:track:5KIRK2Pa6w8EwDgfxB2sqd",
                "is_local": false
            },
            {
                "artists": [
                    {
                        "external_urls": {
                            "spotify": "https://open.spotify.com/artist/0TnOYISbd1XYRBk9myaseg"
                        },
                        "href": "https://api.spotify.com/v1/artists/0TnOYISbd1XYRBk9myaseg",
                        "id": "0TnOYISbd1XYRBk9myaseg",
                        "name": "Pitbull",
                        "type": "artist",
                        "uri": "spotify:artist:0TnOYISbd1XYRBk9myaseg"
                    },
                    {
                        "external_urls": {
                            "spotify": "https://open.spotify.com/artist/3BnF35ARlp8mMeyXTjUZsr"
                        },
                        "href": "https://api.spotify.com/v1/artists/3BnF35ARlp8mMeyXTjUZsr",
                        "id": "3BnF35ARlp8mMeyXTjUZsr",
                        "name": "Vein",
                        "type": "artist",
                        "uri": "spotify:artist:3BnF35ARlp8mMeyXTjUZsr"
                    }
                ],
                "available_markets": [
                    "AT",
                    "BE",
                    "BG",
                    "CY",
                    "CZ",
                    "DE",
                    "EE",
                    "FI",
                    "FR",
                    "GR",
                    "HU",
                    "IE",
                    "IT",
                    "LV",
                    "LT",
                    "LU",
                    "MT",
                    "MX",
                    "NL",
                    "NO",
                    "PL",
                    "PT",
                    "SK",
                    "ES",
                    "SE",
                    "CH",
                    "TR",
                    "GB",
                    "AD",
                    "LI",
                    "MC",
                    "RO",
                    "IL",
                    "ZA",
                    "SA",
                    "AE",
                    "BH",
                    "QA",
                    "OM",
                    "KW",
                    "EG",
                    "MA",
                    "DZ",
                    "TN",
                    "LB",
                    "JO",
                    "PS",
                    "BY",
                    "KZ",
                    "MD",
                    "UA",
                    "AL",
                    "BA",
                    "HR",
                    "ME",
                    "MK",
                    "RS",
                    "SI",
                    "GH",
                    "KE",
                    "NG",
                    "TZ",
                    "UG",
                    "AM",
                    "BW",
                    "BF",
                    "CV",
                    "CW",
                    "GM",
                    "GE",
                    "GW",
                    "LS",
                    "LR",
                    "MW",
                    "ML",
                    "NA",
                    "NE",
                    "SM",
                    "ST",
                    "SN",
                    "SC",
                    "SL",
                    "AZ",
                    "BI",
                    "CM",
                    "TD",
                    "KM",
                    "GQ",
                    "SZ",
                    "GA",
                    "GN",
                    "KG",
                    "MR",
                    "MN",
                    "RW",
                    "TG",
                    "UZ",
                    "ZW",
                    "BJ",
                    "MG",
                    "MU",
                    "MZ",
                    "AO",
                    "CI",
                    "DJ",
                    "ZM",
                    "CD",
                    "CG",
                    "IQ",
                    "LY",
                    "TJ",
                    "ET",
                    "XK"
                ],
                "disc_number": 1,
                "duration_ms": 217680,
                "explicit": true,
                "external_urls": {
                    "spotify": "https://open.spotify.com/track/726qZxwhP0jVyIA0ujnnhb"
                },
                "href": "https://api.spotify.com/v1/tracks/4Ol6MV9L4a0wWAOQhN2ozp",
                "id": "4Ol6MV9L4a0wWAOQhN2ozp",
                "linked_from": {
                    "external_urls": {
                        "spotify": "https://open.spotify.com/track/726qZxwhP0jVyIA0ujnnhb"
                    },
                    "href": "https://api.spotify.com/v1/tracks/726qZxwhP0jVyIA0ujnnhb",
                    "id": "726qZxwhP0jVyIA0ujnnhb",
                    "type": "track",
                    "uri": "spotify:track:726qZxwhP0jVyIA0ujnnhb"
                },
                "name": "11:59 (feat. Vein)",
                "preview_url": null,
                "track_number": 16,
                "type": "track",
                "uri": "spotify:track:4Ol6MV9L4a0wWAOQhN2ozp",
                "is_local": false
            },
            {
                "artists": [
                    {
                        "external_urls": {
                            "spotify": "https://open.spotify.com/artist/0TnOYISbd1XYRBk9myaseg"
                        },
                        "href": "https://api.spotify.com/v1/artists/0TnOYISbd1XYRBk9myaseg",
                        "id": "0TnOYISbd1XYRBk9myaseg",
                        "name": "Pitbull",
                        "type": "artist",
                        "uri": "spotify:artist:0TnOYISbd1XYRBk9myaseg"
                    },
                    {
                        "external_urls": {
                            "spotify": "https://open.spotify.com/artist/4wLXwxDeWQ8mtUIRPxGiD6"
                        },
                        "href": "https://api.spotify.com/v1/artists/4wLXwxDeWQ8mtUIRPxGiD6",
                        "id": "4wLXwxDeWQ8mtUIRPxGiD6",
                        "name": "Marc Anthony",
                        "type": "artist",
                        "uri": "spotify:artist:4wLXwxDeWQ8mtUIRPxGiD6"
                    },
                    {
                        "external_urls": {
                            "spotify": "https://open.spotify.com/artist/4MHssKddnziCghmwBHRiEY"
                        },
                        "href": "https://api.spotify.com/v1/artists/4MHssKddnziCghmwBHRiEY",
                        "id": "4MHssKddnziCghmwBHRiEY",
                        "name": "Alle",
                        "type": "artist",
                        "uri": "spotify:artist:4MHssKddnziCghmwBHRiEY"
                    },
                    {
                        "external_urls": {
                            "spotify": "https://open.spotify.com/artist/4Ws2otunReOa6BbwxxpCt6"
                        },
                        "href": "https://api.spotify.com/v1/artists/4Ws2otunReOa6BbwxxpCt6",
                        "id": "4Ws2otunReOa6BbwxxpCt6",
                        "name": "Benny Benassi",
                        "type": "artist",
                        "uri": "spotify:artist:4Ws2otunReOa6BbwxxpCt6"
                    }
                ],
                "available_markets": [
                    "AT",
                    "BE",
                    "BG",
                    "CY",
                    "CZ",
                    "DE",
                    "EE",
                    "FI",
                    "FR",
                    "GR",
                    "HU",
                    "IE",
                    "IT",
                    "LV",
                    "LT",
                    "LU",
                    "MT",
                    "MX",
                    "NL",
                    "NO",
                    "PL",
                    "PT",
                    "SK",
                    "ES",
                    "SE",
                    "CH",
                    "TR",
                    "GB",
                    "AD",
                    "LI",
                    "MC",
                    "RO",
                    "IL",
                    "ZA",
                    "SA",
                    "AE",
                    "BH",
                    "QA",
                    "OM",
                    "KW",
                    "EG",
                    "MA",
                    "DZ",
                    "TN",
                    "LB",
                    "JO",
                    "PS",
                    "BY",
                    "KZ",
                    "MD",
                    "UA",
                    "AL",
                    "BA",
                    "HR",
                    "ME",
                    "MK",
                    "RS",
                    "SI",
                    "GH",
                    "KE",
                    "NG",
                    "TZ",
                    "UG",
                    "AM",
                    "BW",
                    "BF",
                    "CV",
                    "CW",
                    "GM",
                    "GE",
                    "GW",
                    "LS",
                    "LR",
                    "MW",
                    "ML",
                    "NA",
                    "NE",
                    "SM",
                    "ST",
                    "SN",
                    "SC",
                    "SL",
                    "AZ",
                    "BI",
                    "CM",
                    "TD",
                    "KM",
                    "GQ",
                    "SZ",
                    "GA",
                    "GN",
                    "KG",
                    "MR",
                    "MN",
                    "RW",
                    "TG",
                    "UZ",
                    "ZW",
                    "BJ",
                    "MG",
                    "MU",
                    "MZ",
                    "AO",
                    "CI",
                    "DJ",
                    "ZM",
                    "CD",
                    "CG",
                    "IQ",
                    "LY",
                    "TJ",
                    "ET",
                    "XK"
                ],
                "disc_number": 1,
                "duration_ms": 316480,
                "explicit": false,
                "external_urls": {
                    "spotify": "https://open.spotify.com/track/6GPER1Sx8MrBiwWxdulg5Q"
                },
                "href": "https://api.spotify.com/v1/tracks/6GPER1Sx8MrBiwWxdulg5Q",
                "id": "6GPER1Sx8MrBiwWxdulg5Q",
                "restrictions": {
                    "reason": "market"
                },
                "name": "Rain Over Me (feat. Marc Anthony) - Benny Benassi Remix",
                "preview_url": null,
                "track_number": 17,
                "type": "track",
                "uri": "spotify:track:6GPER1Sx8MrBiwWxdulg5Q",
                "is_local": false
            },
            {
                "artists": [
                    {
                        "external_urls": {
                            "spotify": "https://open.spotify.com/artist/0TnOYISbd1XYRBk9myaseg"
                        },
                        "href": "https://api.spotify.com/v1/artists/0TnOYISbd1XYRBk9myaseg",
                        "id": "0TnOYISbd1XYRBk9myaseg",
                        "name": "Pitbull",
                        "type": "artist",
                        "uri": "spotify:artist:0TnOYISbd1XYRBk9myaseg"
                    },
                    {
                        "external_urls": {
                            "spotify": "https://open.spotify.com/artist/7bXgB6jMjp9ATFy66eO08Z"
                        },
                        "href": "https://api.spotify.com/v1/artists/7bXgB6jMjp9ATFy66eO08Z",
                        "id": "7bXgB6jMjp9ATFy66eO08Z",
                        "name": "Chris Brown",
                        "type": "artist",
                        "uri": "spotify:artist:7bXgB6jMjp9ATFy66eO08Z"
                    },
                    {
                        "external_urls": {
                            "spotify": "https://open.spotify.com/artist/5I7l0lSOyusetwCv1aQPMf"
                        },
                        "href": "https://api.spotify.com/v1/artists/5I7l0lSOyusetwCv1aQPMf",
                        "id": "5I7l0lSOyusetwCv1aQPMf",
                        "name": "Jump Smokers",
                        "type": "artist",
                        "uri": "spotify:artist:5I7l0lSOyusetwCv1aQPMf"
                    }
                ],
                "available_markets": [
                    "AT",
                    "BE",
                    "BG",
                    "CY",
                    "CZ",
                    "DE",
                    "EE",
                    "FI",
                    "FR",
                    "GR",
                    "HU",
                    "IE",
                    "IT",
                    "LV",
                    "LT",
                    "LU",
                    "MT",
                    "MX",
                    "NL",
                    "NO",
                    "PL",
                    "PT",
                    "SK",
                    "ES",
                    "SE",
                    "CH",
                    "TR",
                    "GB",
                    "AD",
                    "LI",
                    "MC",
                    "RO",
                    "IL",
                    "ZA",
                    "SA",
                    "AE",
                    "BH",
                    "QA",
                    "OM",
                    "KW",
                    "EG",
                    "MA",
                    "DZ",
                    "TN",
                    "LB",
                    "JO",
                    "PS",
                    "BY",
                    "KZ",
                    "MD",
                    "UA",
                    "AL",
                    "BA",
                    "HR",
                    "ME",
                    "MK",
                    "RS",
                    "SI",
                    "GH",
                    "KE",
                    "NG",
                    "TZ",
                    "UG",
                    "AM",
                    "BW",
                    "BF",
                    "CV",
                    "CW",
                    "GM",
                    "GE",
                    "GW",
                    "LS",
                    "LR",
                    "MW",
                    "ML",
                    "NA",
                    "NE",
                    "SM",
                    "ST",
                    "SN",
                    "SC",
                    "SL",
                    "AZ",
                    "BI",
                    "CM",
                    "TD",
                    "KM",
                    "GQ",
                    "SZ",
                    "GA",
                    "GN",
                    "KG",
                    "MR",
                    "MN",
                    "RW",
                    "TG",
                    "UZ",
                    "ZW",
                    "BJ",
                    "MG",
                    "MU",
                    "MZ",
                    "AO",
                    "CI",
                    "DJ",
                    "ZM",
                    "CD",
                    "CG",
                    "IQ",
                    "LY",
                    "TJ",
                    "ET",
                    "XK"
                ],
                "disc_number": 1,
                "duration_ms": 309626,
                "explicit": false,
                "external_urls": {
                    "spotify": "https://open.spotify.com/track/4TWgcICXXfGty8MHGWJ4Ne"
                },
                "href": "https://api.spotify.com/v1/tracks/4TWgcICXXfGty8MHGWJ4Ne",
                "id": "4TWgcICXXfGty8MHGWJ4Ne",
                "restrictions": {
                    "reason": "market"
                },
                "name": "International Love (feat. Chris Brown) - Jump Smokers Extended Mix",
                "preview_url": null,
                "track_number": 18,
                "type": "track",
                "uri": "spotify:track:4TWgcICXXfGty8MHGWJ4Ne",
                "is_local": false
            }
        ]
    },
    "copyrights": [
        {
            "text": "(P) 2012 RCA Records, a division of Sony Music Entertainment",
            "type": "P"
        }
    ],
    "external_ids": {
        "upc": "886443671584"
    },
    "genres": [
        
    ],
    "label": "Mr.305/Polo Grounds Music/RCA Records",
    "popularity": 55
}
]]></system-out>
  </testcase>
  <testcase name="basicAuthTest" classname="AuthAPIs.AuthAPIsTest" time="1.934">
    <system-out><![CDATA[HTTP/1.1 200 OK
Report-To: {"group":"heroku-nel","max_age":3600,"endpoints":[{"url":"https://nel.heroku.com/reports?ts=1744655864&sid=c46efe9b-d3d2-4a0c-8c76-bfafa16c5add&s=6LOZLtdlPp2NaXowBUErOvEY58TncI4t9t7tvMIKsdI%3D"}]}
Reporting-Endpoints: heroku-nel=https://nel.heroku.com/reports?ts=1744655864&sid=c46efe9b-d3d2-4a0c-8c76-bfafa16c5add&s=6LOZLtdlPp2NaXowBUErOvEY58TncI4t9t7tvMIKsdI%3D
Nel: {"report_to":"heroku-nel","max_age":3600,"success_fraction":0.005,"failure_fraction":0.05,"response_headers":["Via"]}
Connection: keep-alive
Content-Type: text/html;charset=utf-8
Content-Length: 1643
X-Xss-Protection: 1; mode=block
X-Content-Type-Options: nosniff
X-Frame-Options: SAMEORIGIN
Server: WEBrick/1.6.0 (Ruby/2.7.2/2020-10-01)
Date: Mon, 14 Apr 2025 18:37:44 GMT
Set-Cookie: rack.session=BAh7CUkiD3Nlc3Npb25faWQGOgZFVEkiRWI1MGI5NWViNDVhYmU5YmM1OTc4%0ANDIwMzY4MWMyYjQ5MzZmYzQwZTJhNjZiYTk0ODhmZTBhZmVhYTczYjMxMWUG%0AOwBGSSIJY3NyZgY7AEZJIiU3ZTkyYTE3ZDFjY2QwYzZhMzU2YzA0M2QxMDQz%0AYmU4YgY7AEZJIg10cmFja2luZwY7AEZ7B0kiFEhUVFBfVVNFUl9BR0VOVAY7%0AAFRJIi02ZjM0NmNmNTU4MzJlZTc4YmU2YWQ5Y2ViMzk1MjI1NTk0YmY3YzUx%0ABjsARkkiGUhUVFBfQUNDRVBUX0xBTkdVQUdFBjsAVEkiLWRhMzlhM2VlNWU2%0AYjRiMGQzMjU1YmZlZjk1NjAxODkwYWZkODA3MDkGOwBGSSIKZmxhc2gGOwBG%0AewA%3D%0A--1cc67415610654ff0deea44800c420ec515e64b2; path=/; HttpOnly
Via: 1.1 vegur

<html class="no-js" lang="en">
  <html>
    <head>
      <script src="/js/vendor/298279967.js"/>
      <meta charset="utf-8"/>
      <meta name="viewport" content="width=device-width"/>
      <title>The Internet</title>
      <link href="/css/app.css" rel="stylesheet"/>
      <link href="/css/font-awesome.css" rel="stylesheet"/>
      <script src="/js/vendor/jquery-1.11.3.min.js"/>
      <script src="/js/vendor/jquery-ui-1.11.4/jquery-ui.js"/>
      <script src="/js/foundation/foundation.js"/>
      <script src="/js/foundation/foundation.alerts.js"/>
      <script>
      $(document).foundation();
    </script>
    </head>
    <body>
      <div class="row">
        <div class="large-12 columns" id="flash-messages"/>
      </div>
      <div class="row">
        <a shape="rect" href="https://github.com/tourdedave/the-internet">
          <img style="position: absolute; top: 0; right: 0; border: 0;" src="/img/forkme_right_green_007200.png" alt="Fork me on GitHub"/>
        </a>
        <div class="large-12 columns" id="content">
          <div class="example">
            <h3>Basic Auth</h3>
            <p>
    Congratulations! You must have the proper credentials.
  </p>
          </div>
        </div>
      </div>
      <div class="row" id="page-footer">
        <div class="large-4 large-centered columns">
          <hr/>
          <div style="text-align: center;">
Powered by             <a shape="rect" target="_blank" href="http://elementalselenium.com/">Elemental Selenium</a>
          </div>
        </div>
      </div>
    </body>
  </html>
</html>
]]></system-out>
  </testcase>
  <testcase name="digestiveAuthTest" classname="AuthAPIs.AuthAPIsTest" time="1.601">
    <system-out><![CDATA[HTTP/1.1 200 OK
Date: Mon, 14 Apr 2025 18:37:45 GMT
Content-Type: application/json; charset=utf-8
Content-Length: 27
Connection: keep-alive
Server: nginx
ETag: W/"1b-o64KRFi1Uw+73hnrS1UFKUVInOY"
set-cookie: sails.sid=s%3AWeM-ZtbQXoDqWdOCS-tdRlwGodpqQGBC.s58OmfJiY7MIuG735%2F5aZgRBW9BZBQcEZUcONgnPJgI; Path=/; HttpOnly

{
    "authenticated": true
}
]]></system-out>
  </testcase>
  <testcase name="preemptiveAuthTest" classname="AuthAPIs.AuthAPIsTest" time="1.496">
    <system-out><![CDATA[HTTP/1.1 200 OK
Report-To: {"group":"heroku-nel","max_age":3600,"endpoints":[{"url":"https://nel.heroku.com/reports?ts=1744655867&sid=c46efe9b-d3d2-4a0c-8c76-bfafa16c5add&s=ayzPAhPoZ7pQyk1g9%2BLhssxHaQVL34K4gw5K%2Bctbpqg%3D"}]}
Reporting-Endpoints: heroku-nel=https://nel.heroku.com/reports?ts=1744655867&sid=c46efe9b-d3d2-4a0c-8c76-bfafa16c5add&s=ayzPAhPoZ7pQyk1g9%2BLhssxHaQVL34K4gw5K%2Bctbpqg%3D
Nel: {"report_to":"heroku-nel","max_age":3600,"success_fraction":0.005,"failure_fraction":0.05,"response_headers":["Via"]}
Connection: keep-alive
Content-Type: text/html;charset=utf-8
Content-Length: 1643
X-Xss-Protection: 1; mode=block
X-Content-Type-Options: nosniff
X-Frame-Options: SAMEORIGIN
Server: WEBrick/1.6.0 (Ruby/2.7.2/2020-10-01)
Date: Mon, 14 Apr 2025 18:37:47 GMT
Set-Cookie: rack.session=BAh7CUkiD3Nlc3Npb25faWQGOgZFVEkiRTlhMGEzYzg0MzRiOTg2MzdlZTYz%0AMzA3OTViOGExNTdiZDg2ZDdhNzdmNmM4OWJkYTk0NGVhMGVhZWMzOTYyMGQG%0AOwBGSSIJY3NyZgY7AEZJIiVkNzdhNjY3NTkyMmE4MzEzNDkwZDVhNzFkMTcy%0AYWE4MQY7AEZJIg10cmFja2luZwY7AEZ7B0kiFEhUVFBfVVNFUl9BR0VOVAY7%0AAFRJIi02ZjM0NmNmNTU4MzJlZTc4YmU2YWQ5Y2ViMzk1MjI1NTk0YmY3YzUx%0ABjsARkkiGUhUVFBfQUNDRVBUX0xBTkdVQUdFBjsAVEkiLWRhMzlhM2VlNWU2%0AYjRiMGQzMjU1YmZlZjk1NjAxODkwYWZkODA3MDkGOwBGSSIKZmxhc2gGOwBG%0AewA%3D%0A--84ceaeeb94ba9239be0216105e9db79d0893f2c5; path=/; HttpOnly
Via: 1.1 vegur

<html class="no-js" lang="en">
  <html>
    <head>
      <script src="/js/vendor/298279967.js"/>
      <meta charset="utf-8"/>
      <meta name="viewport" content="width=device-width"/>
      <title>The Internet</title>
      <link href="/css/app.css" rel="stylesheet"/>
      <link href="/css/font-awesome.css" rel="stylesheet"/>
      <script src="/js/vendor/jquery-1.11.3.min.js"/>
      <script src="/js/vendor/jquery-ui-1.11.4/jquery-ui.js"/>
      <script src="/js/foundation/foundation.js"/>
      <script src="/js/foundation/foundation.alerts.js"/>
      <script>
      $(document).foundation();
    </script>
    </head>
    <body>
      <div class="row">
        <div class="large-12 columns" id="flash-messages"/>
      </div>
      <div class="row">
        <a shape="rect" href="https://github.com/tourdedave/the-internet">
          <img style="position: absolute; top: 0; right: 0; border: 0;" src="/img/forkme_right_green_007200.png" alt="Fork me on GitHub"/>
        </a>
        <div class="large-12 columns" id="content">
          <div class="example">
            <h3>Basic Auth</h3>
            <p>
    Congratulations! You must have the proper credentials.
  </p>
          </div>
        </div>
      </div>
      <div class="row" id="page-footer">
        <div class="large-4 large-centered columns">
          <hr/>
          <div style="text-align: center;">
Powered by             <a shape="rect" target="_blank" href="http://elementalselenium.com/">Elemental Selenium</a>
          </div>
        </div>
      </div>
    </body>
  </html>
</html>
]]></system-out>
  </testcase>
  <testcase name="getAuthTokenTest_UsingStringReplacement" classname="POSTAPIWithCreateUser.CreateUserAPITest" time="0.957">
    <system-out><![CDATA[Request method:	POST
Request URI:	https://gorest.co.in/public/v2/users
Proxy:			<none>
Request params:	<none>
Query params:	<none>
Form params:	<none>
Path params:	<none>
Headers:		Authorization=Bearer e4b8e1f593dc4a731a153c5ec8cc9b8bbb583ae964ce650a741113091b4e2ac6
				Accept=*/*
				Content-Type=application/json
Cookies:		<none>
Multiparts:		<none>
Body:
{
    "name": "API Automation",
    "email": "apiautomation1744655867502@opencart.com",
    "gender": "male",
    "status": "active"
}
Request method:	POST
Request URI:	https://gorest.co.in/public/v2/users
Proxy:			<none>
Request params:	<none>
Query params:	<none>
Form params:	<none>
Path params:	<none>
Headers:		Authorization=Bearer e4b8e1f593dc4a731a153c5ec8cc9b8bbb583ae964ce650a741113091b4e2ac6
				Accept=*/*
				Content-Type=application/json
Cookies:		<none>
Multiparts:		<none>
Body:
{
    "name": "API Automation",
    "email": "apiautomation1744655867502@opencart.com",
    "gender": "male",
    "status": "active"
}
HTTP/1.1 201 Created
Date: Mon, 14 Apr 2025 18:37:48 GMT
Content-Type: application/json; charset=utf-8
Content-Length: 122
Connection: keep-alive
Cache-Control: max-age=0, private, must-revalidate
etag: W/"65e7ac60bc40dbaabe5c88b5d161b301"
feature-policy: camera 'none'; gyroscope 'none'; microphone 'none'; usb 'none'; fullscreen 'self'
location: https://gorest.co.in/public/v2/users/7831725
referrer-policy: strict-origin-when-cross-origin
vary: Origin
x-content-type-options: nosniff
x-download-options: noopen
x-frame-options: SAMEORIGIN
x-permitted-cross-domain-policies: none
x-ratelimit-limit: 90
x-ratelimit-remaining: 88
x-ratelimit-reset: 1
x-request-id: fc0b52eb-8442-41e0-8d0c-5e709b18aeb8
x-runtime: 0.077633
x-xss-protection: 0
cf-cache-status: DYNAMIC
Report-To: {"endpoints":[{"url":"https:\/\/a.nel.cloudflare.com\/report\/v4?s=xTEwlj8ckOuLdQ55O5OTWvVvaXWpgDBEnt2X5%2FwsAFKscYn4abH63PKe4t3qm9lnBP1UhJc8nZV0XBxr9aKqwXZXeeuLvXmycPYU1k4ascqcVblZlgd6hV%2Bm8uz8GyY%3D"}],"group":"cf-nel","max_age":604800}
NEL: {"success_fraction":0,"report_to":"cf-nel","max_age":604800}
Server: cloudflare
CF-RAY: 930551069db9b684-MRS
alt-svc: h3=":443"; ma=86400
server-timing: cfL4;desc="?proto=TCP&rtt=120521&min_rtt=120463&rtt_var=45290&sent=5&recv=6&lost=0&retrans=0&sent_bytes=3114&recv_bytes=989&delivery_rate=35425&cwnd=232&unsent_bytes=0&cid=9011ecb1c2a18bc7&ts=697&x=0"

{
    "id": 7831725,
    "name": "API Automation",
    "email": "apiautomation1744655867502@opencart.com",
    "gender": "male",
    "status": "active"
}
user id : 7831725
]]></system-out>
  </testcase>
  <testcase name="getAuthTokenTest_WithJSONFILE" classname="POSTAPIWithCreateUser.CreateUserAPITest" time="0.596">
    <failure message="1 expectation failed.&#10;Expected status code &lt;201&gt; but was &lt;422&gt;.&#10;" type="java.lang.AssertionError"><![CDATA[java.lang.AssertionError: 
1 expectation failed.
Expected status code <201> but was <422>.

	at java.base/jdk.internal.reflect.NativeConstructorAccessorImpl.newInstance0(Native Method)
	at java.base/jdk.internal.reflect.NativeConstructorAccessorImpl.newInstance(NativeConstructorAccessorImpl.java:62)
	at java.base/jdk.internal.reflect.DelegatingConstructorAccessorImpl.newInstance(DelegatingConstructorAccessorImpl.java:45)
	at java.base/java.lang.reflect.Constructor.newInstance(Constructor.java:490)
	at org.codehaus.groovy.reflection.CachedConstructor.invoke(CachedConstructor.java:73)
	at org.codehaus.groovy.reflection.CachedConstructor.doConstructorInvoke(CachedConstructor.java:60)
	at org.codehaus.groovy.runtime.callsite.ConstructorSite$ConstructorSiteNoUnwrap.callConstructor(ConstructorSite.java:86)
	at org.codehaus.groovy.runtime.callsite.AbstractCallSite.callConstructor(AbstractCallSite.java:277)
	at io.restassured.internal.ResponseSpecificationImpl$HamcrestAssertionClosure.validate(ResponseSpecificationImpl.groovy:512)
	at io.restassured.internal.ResponseSpecificationImpl$HamcrestAssertionClosure$validate$1.call(Unknown Source)
	at io.restassured.internal.ResponseSpecificationImpl.validateResponseIfRequired(ResponseSpecificationImpl.groovy:696)
	at io.restassured.internal.ResponseSpecificationImpl.this$2$validateResponseIfRequired(ResponseSpecificationImpl.groovy)
	at jdk.internal.reflect.GeneratedMethodAccessor166.invoke(Unknown Source)
	at java.base/jdk.internal.reflect.DelegatingMethodAccessorImpl.invoke(DelegatingMethodAccessorImpl.java:43)
	at java.base/java.lang.reflect.Method.invoke(Method.java:566)
	at org.codehaus.groovy.runtime.callsite.PlainObjectMetaMethodSite.doInvoke(PlainObjectMetaMethodSite.java:43)
	at org.codehaus.groovy.runtime.callsite.PogoMetaMethodSite$PogoCachedMethodSiteNoUnwrapNoCoerce.invoke(PogoMetaMethodSite.java:198)
	at org.codehaus.groovy.runtime.callsite.PogoMetaMethodSite.callCurrent(PogoMetaMethodSite.java:62)
	at org.codehaus.groovy.runtime.callsite.AbstractCallSite.callCurrent(AbstractCallSite.java:185)
	at io.restassured.internal.ResponseSpecificationImpl.statusCode(ResponseSpecificationImpl.groovy:135)
	at io.restassured.specification.ResponseSpecification$statusCode$2.callCurrent(Unknown Source)
	at io.restassured.internal.ResponseSpecificationImpl.statusCode(ResponseSpecificationImpl.groovy:143)
	at io.restassured.internal.ValidatableResponseOptionsImpl.statusCode(ValidatableResponseOptionsImpl.java:89)
	at POSTAPIWithCreateUser.CreateUserAPITest.getAuthTokenTest_WithJSONFILE(CreateUserAPITest.java:65)
	at java.base/jdk.internal.reflect.NativeMethodAccessorImpl.invoke0(Native Method)
	at java.base/jdk.internal.reflect.NativeMethodAccessorImpl.invoke(NativeMethodAccessorImpl.java:62)
	at java.base/jdk.internal.reflect.DelegatingMethodAccessorImpl.invoke(DelegatingMethodAccessorImpl.java:43)
	at java.base/java.lang.reflect.Method.invoke(Method.java:566)
	at org.testng.internal.MethodInvocationHelper.invokeMethod(MethodInvocationHelper.java:133)
	at org.testng.internal.TestInvoker.invokeMethod(TestInvoker.java:584)
	at org.testng.internal.TestInvoker.invokeTestMethod(TestInvoker.java:172)
	at org.testng.internal.MethodRunner.runInSequence(MethodRunner.java:46)
	at org.testng.internal.TestInvoker$MethodInvocationAgent.invoke(TestInvoker.java:804)
	at org.testng.internal.TestInvoker.invokeTestMethods(TestInvoker.java:145)
	at org.testng.internal.TestMethodWorker.invokeTestMethods(TestMethodWorker.java:146)
	at org.testng.internal.TestMethodWorker.run(TestMethodWorker.java:128)
	at java.base/java.util.ArrayList.forEach(ArrayList.java:1541)
	at org.testng.TestRunner.privateRun(TestRunner.java:770)
	at org.testng.TestRunner.run(TestRunner.java:591)
	at org.testng.SuiteRunner.runTest(SuiteRunner.java:402)
	at org.testng.SuiteRunner.runSequentially(SuiteRunner.java:396)
	at org.testng.SuiteRunner.privateRun(SuiteRunner.java:355)
	at org.testng.SuiteRunner.run(SuiteRunner.java:304)
	at org.testng.SuiteRunnerWorker.runSuite(SuiteRunnerWorker.java:53)
	at org.testng.SuiteRunnerWorker.run(SuiteRunnerWorker.java:96)
	at org.testng.TestNG.runSuitesSequentially(TestNG.java:1180)
	at org.testng.TestNG.runSuitesLocally(TestNG.java:1102)
	at org.testng.TestNG.runSuites(TestNG.java:1032)
	at org.testng.TestNG.run(TestNG.java:1000)
	at org.apache.maven.surefire.testng.TestNGExecutor.run(TestNGExecutor.java:155)
	at org.apache.maven.surefire.testng.TestNGDirectoryTestSuite.executeMulti(TestNGDirectoryTestSuite.java:169)
	at org.apache.maven.surefire.testng.TestNGDirectoryTestSuite.execute(TestNGDirectoryTestSuite.java:88)
	at org.apache.maven.surefire.testng.TestNGProvider.invoke(TestNGProvider.java:137)
	at org.apache.maven.surefire.booter.ForkedBooter.runSuitesInProcess(ForkedBooter.java:385)
	at org.apache.maven.surefire.booter.ForkedBooter.execute(ForkedBooter.java:162)
	at org.apache.maven.surefire.booter.ForkedBooter.run(ForkedBooter.java:507)
	at org.apache.maven.surefire.booter.ForkedBooter.main(ForkedBooter.java:495)
]]></failure>
    <system-out><![CDATA[Request method:	POST
Request URI:	https://gorest.co.in/public/v2/users
Proxy:			<none>
Request params:	<none>
Query params:	<none>
Form params:	<none>
Path params:	<none>
Headers:		Authorization=Bearer e4b8e1f593dc4a731a153c5ec8cc9b8bbb583ae964ce650a741113091b4e2ac6
				Accept=*/*
				Content-Type=application/json
Cookies:		<none>
Multiparts:		<none>
Body:
./src/test/resources/jsons/user.json
Request method:	POST
Request URI:	https://gorest.co.in/public/v2/users
Proxy:			<none>
Request params:	<none>
Query params:	<none>
Form params:	<none>
Path params:	<none>
Headers:		Authorization=Bearer e4b8e1f593dc4a731a153c5ec8cc9b8bbb583ae964ce650a741113091b4e2ac6
				Accept=*/*
				Content-Type=application/json
Cookies:		<none>
Multiparts:		<none>
Body:
./src/test/resources/jsons/user.json
HTTP/1.1 422 Unprocessable Entity
Date: Mon, 14 Apr 2025 18:37:49 GMT
Content-Type: application/json; charset=utf-8
Content-Length: 42
Connection: keep-alive
Cache-Control: no-cache
feature-policy: camera 'none'; gyroscope 'none'; microphone 'none'; usb 'none'; fullscreen 'self'
referrer-policy: strict-origin-when-cross-origin
vary: Origin
x-content-type-options: nosniff
x-download-options: noopen
x-frame-options: SAMEORIGIN
x-permitted-cross-domain-policies: none
x-ratelimit-limit: 90
x-ratelimit-remaining: 89
x-ratelimit-reset: 2
x-request-id: 5015b5a3-465a-4d3a-ac5f-981c634523c1
x-runtime: 0.043086
x-xss-protection: 0
cf-cache-status: DYNAMIC
Report-To: {"endpoints":[{"url":"https:\/\/a.nel.cloudflare.com\/report\/v4?s=Ba0%2B0mkRNMIKBxigIMXRiZ0ALT6Sr6FaMci6baw2wsxirUTlQDwqh6zRYYxNUbOxx4i%2BTNsTL8pbSb1mTc3c9DGRMb9JOmOLzz19hmVbMVKEjnJnDZrrqcuzfMQVNSg%3D"}],"group":"cf-nel","max_age":604800}
NEL: {"success_fraction":0,"report_to":"cf-nel","max_age":604800}
Server: cloudflare
CF-RAY: 9305510c8849e173-MRS
alt-svc: h3=":443"; ma=86400
server-timing: cfL4;desc="?proto=TCP&rtt=120533&min_rtt=120514&rtt_var=45231&sent=5&recv=6&lost=0&retrans=0&sent_bytes=3115&recv_bytes=959&delivery_rate=35502&cwnd=252&unsent_bytes=0&cid=9763c8344ba7dfb7&ts=347&x=0"

[
    {
        "field": "email",
        "message": "is invalid"
    }
]
]]></system-out>
  </testcase>
  <testcase name="getAuthTokenTest_WithJSONString" classname="POSTAPIWithCreateUser.CreateUserAPITest" time="1.009">
    <system-out><![CDATA[Request method:	POST
Request URI:	https://gorest.co.in/public/v2/users
Proxy:			<none>
Request params:	<none>
Query params:	<none>
Form params:	<none>
Path params:	<none>
Headers:		Authorization=Bearer e4b8e1f593dc4a731a153c5ec8cc9b8bbb583ae964ce650a741113091b4e2ac6
				Accept=*/*
				Content-Type=application/json
Cookies:		<none>
Multiparts:		<none>
Body:
{
    "name": "seema",
    "gender": "female",
    "email": "apiautomation1744655869056@opencart.com",
    "status": "inactive"
}
Request method:	POST
Request URI:	https://gorest.co.in/public/v2/users
Proxy:			<none>
Request params:	<none>
Query params:	<none>
Form params:	<none>
Path params:	<none>
Headers:		Authorization=Bearer e4b8e1f593dc4a731a153c5ec8cc9b8bbb583ae964ce650a741113091b4e2ac6
				Accept=*/*
				Content-Type=application/json
Cookies:		<none>
Multiparts:		<none>
Body:
{
    "name": "seema",
    "gender": "female",
    "email": "apiautomation1744655869056@opencart.com",
    "status": "inactive"
}
HTTP/1.1 201 Created
Date: Mon, 14 Apr 2025 18:37:50 GMT
Content-Type: application/json; charset=utf-8
Content-Length: 117
Connection: keep-alive
Cache-Control: max-age=0, private, must-revalidate
etag: W/"0281ecc315cce3312693c67a2c4f36e7"
feature-policy: camera 'none'; gyroscope 'none'; microphone 'none'; usb 'none'; fullscreen 'self'
location: https://gorest.co.in/public/v2/users/7831726
referrer-policy: strict-origin-when-cross-origin
vary: Origin
x-content-type-options: nosniff
x-download-options: noopen
x-frame-options: SAMEORIGIN
x-permitted-cross-domain-policies: none
x-ratelimit-limit: 90
x-ratelimit-remaining: 88
x-ratelimit-reset: 2
x-request-id: 4d2f98d2-55d9-46b2-96dd-fb65b80f693f
x-runtime: 0.116503
x-xss-protection: 0
cf-cache-status: DYNAMIC
Report-To: {"endpoints":[{"url":"https:\/\/a.nel.cloudflare.com\/report\/v4?s=SUzXDldmxgeWr6CCCpYFiMxr%2FSynU68pVZqmyjjueokkcEr4edh7DNl%2BmVk8cJYzkucDkeb0lqbeSQipsn0fiCYnZPP9sgxhNegPRO2G6UA%2BTwDpKVWwphCUzFeCKmU%3D"}],"group":"cf-nel","max_age":604800}
NEL: {"success_fraction":0,"report_to":"cf-nel","max_age":604800}
Server: cloudflare
CF-RAY: 930551105b4ce18d-MRS
alt-svc: h3=":443"; ma=86400
server-timing: cfL4;desc="?proto=TCP&rtt=121720&min_rtt=121508&rtt_var=45991&sent=5&recv=6&lost=0&retrans=0&sent_bytes=3113&recv_bytes=983&delivery_rate=34769&cwnd=210&unsent_bytes=0&cid=783b0612218389f2&ts=746&x=0"

{
    "id": 7831726,
    "name": "seema",
    "email": "apiautomation1744655869056@opencart.com",
    "gender": "female",
    "status": "inactive"
}
user id : 7831726
]]></system-out>
  </testcase>
  <testcase name="sslTest" classname="CertificateHandling.SSLCertificateTest" time="1.538">
    <system-out><![CDATA[Request method:	GET
Request URI:	https://untrusted-root.badssl.com/
Proxy:			<none>
Request params:	<none>
Query params:	<none>
Form params:	<none>
Path params:	<none>
Headers:		Accept=*/*
Cookies:		<none>
Multiparts:		<none>
Body:			<none>
HTTP/1.1 200 OK
Server: nginx/1.10.3 (Ubuntu)
Date: Mon, 14 Apr 2025 18:37:51 GMT
Content-Type: text/html
Last-Modified: Tue, 08 Apr 2025 21:00:53 GMT
Transfer-Encoding: chunked
Connection: keep-alive
ETag: W/"67f58e85-258"
Cache-Control: no-store
Content-Encoding: gzip

<html>
  <head>
    <meta charset="utf-8"/>
    <meta name="viewport" content="width=device-width, initial-scale=1"/>
    <link rel="shortcut icon" href="/icons/favicon-red.ico"/>
    <link rel="apple-touch-icon" href="/icons/icon-red.png"/>
    <title>untrusted-root.badssl.com</title>
    <link rel="stylesheet" href="/style.css"/>
    <style>body { background: red; }</style>
  </head>
  <body>
    <div id="content">
      <h1 style="font-size: 8vw;">

    untrusted-root.        <br clear="none"/>
badssl.com
        </h1>
    </div>
    <div id="footer">
  The certificate for this site is signed using an untrusted root.
</div>
  </body>
</html>
]]></system-out>
  </testcase>
  <testcase name="sslTest_With_Config" classname="CertificateHandling.SSLCertificateTest" time="1.367">
    <system-out><![CDATA[Request method:	GET
Request URI:	https://untrusted-root.badssl.com/
Proxy:			<none>
Request params:	<none>
Query params:	<none>
Form params:	<none>
Path params:	<none>
Headers:		Accept=*/*
Cookies:		<none>
Multiparts:		<none>
Body:			<none>
HTTP/1.1 200 OK
Server: nginx/1.10.3 (Ubuntu)
Date: Mon, 14 Apr 2025 18:37:52 GMT
Content-Type: text/html
Last-Modified: Tue, 08 Apr 2025 21:00:53 GMT
Transfer-Encoding: chunked
Connection: keep-alive
ETag: W/"67f58e85-258"
Cache-Control: no-store
Content-Encoding: gzip

<html>
  <head>
    <meta charset="utf-8"/>
    <meta name="viewport" content="width=device-width, initial-scale=1"/>
    <link rel="shortcut icon" href="/icons/favicon-red.ico"/>
    <link rel="apple-touch-icon" href="/icons/icon-red.png"/>
    <title>untrusted-root.badssl.com</title>
    <link rel="stylesheet" href="/style.css"/>
    <style>body { background: red; }</style>
  </head>
  <body>
    <div id="content">
      <h1 style="font-size: 8vw;">

    untrusted-root.        <br clear="none"/>
badssl.com
        </h1>
    </div>
    <div id="footer">
  The certificate for this site is signed using an untrusted root.
</div>
  </body>
</html>
]]></system-out>
  </testcase>
  <testcase name="getProductsTest_With_POJO_Desierlization" classname="DeserializationProcess.ProductAPIWithTest" time="0.49">
    <system-out><![CDATA[[
    {
        "id": 1,
        "title": "Fjallraven - Foldsack No. 1 Backpack, Fits 15 Laptops",
        "price": 109.95,
        "description": "Your perfect pack for everyday use and walks in the forest. Stash your laptop (up to 15 inches) in the padded sleeve, your everyday",
        "category": "men's clothing",
        "image": "https://fakestoreapi.com/img/81fPKd-2AYL._AC_SL1500_.jpg",
        "rating": {
            "rate": 3.9,
            "count": 120
        }
    },
    {
        "id": 2,
        "title": "Mens Casual Premium Slim Fit T-Shirts ",
        "price": 22.3,
        "description": "Slim-fitting style, contrast raglan long sleeve, three-button henley placket, light weight & soft fabric for breathable and comfortable wearing. And Solid stitched shirts with round neck made for durability and a great fit for casual fashion wear and diehard baseball fans. The Henley style round neckline includes a three-button placket.",
        "category": "men's clothing",
        "image": "https://fakestoreapi.com/img/71-3HjGNDUL._AC_SY879._SX._UX._SY._UY_.jpg",
        "rating": {
            "rate": 4.1,
            "count": 259
        }
    },
    {
        "id": 3,
        "title": "Mens Cotton Jacket",
        "price": 55.99,
        "description": "great outerwear jackets for Spring/Autumn/Winter, suitable for many occasions, such as working, hiking, camping, mountain/rock climbing, cycling, traveling or other outdoors. Good gift choice for you or your family member. A warm hearted love to Father, husband or son in this thanksgiving or Christmas Day.",
        "category": "men's clothing",
        "image": "https://fakestoreapi.com/img/71li-ujtlUL._AC_UX679_.jpg",
        "rating": {
            "rate": 4.7,
            "count": 500
        }
    },
    {
        "id": 4,
        "title": "Mens Casual Slim Fit",
        "price": 15.99,
        "description": "The color could be slightly different between on the screen and in practice. / Please note that body builds vary by person, therefore, detailed size information should be reviewed below on the product description.",
        "category": "men's clothing",
        "image": "https://fakestoreapi.com/img/71YXzeOuslL._AC_UY879_.jpg",
        "rating": {
            "rate": 2.1,
            "count": 430
        }
    },
    {
        "id": 5,
        "title": "John Hardy Women's Legends Naga Gold & Silver Dragon Station Chain Bracelet",
        "price": 695,
        "description": "From our Legends Collection, the Naga was inspired by the mythical water dragon that protects the ocean's pearl. Wear facing inward to be bestowed with love and abundance, or outward for protection.",
        "category": "jewelery",
        "image": "https://fakestoreapi.com/img/71pWzhdJNwL._AC_UL640_QL65_ML3_.jpg",
        "rating": {
            "rate": 4.6,
            "count": 400
        }
    },
    {
        "id": 6,
        "title": "Solid Gold Petite Micropave ",
        "price": 168,
        "description": "Satisfaction Guaranteed. Return or exchange any order within 30 days.Designed and sold by Hafeez Center in the United States. Satisfaction Guaranteed. Return or exchange any order within 30 days.",
        "category": "jewelery",
        "image": "https://fakestoreapi.com/img/61sbMiUnoGL._AC_UL640_QL65_ML3_.jpg",
        "rating": {
            "rate": 3.9,
            "count": 70
        }
    },
    {
        "id": 7,
        "title": "White Gold Plated Princess",
        "price": 9.99,
        "description": "Classic Created Wedding Engagement Solitaire Diamond Promise Ring for Her. Gifts to spoil your love more for Engagement, Wedding, Anniversary, Valentine's Day...",
        "category": "jewelery",
        "image": "https://fakestoreapi.com/img/71YAIFU48IL._AC_UL640_QL65_ML3_.jpg",
        "rating": {
            "rate": 3,
            "count": 400
        }
    },
    {
        "id": 8,
        "title": "Pierced Owl Rose Gold Plated Stainless Steel Double",
        "price": 10.99,
        "description": "Rose Gold Plated Double Flared Tunnel Plug Earrings. Made of 316L Stainless Steel",
        "category": "jewelery",
        "image": "https://fakestoreapi.com/img/51UDEzMJVpL._AC_UL640_QL65_ML3_.jpg",
        "rating": {
            "rate": 1.9,
            "count": 100
        }
    },
    {
        "id": 9,
        "title": "WD 2TB Elements Portable External Hard Drive - USB 3.0 ",
        "price": 64,
        "description": "USB 3.0 and USB 2.0 Compatibility Fast data transfers Improve PC Performance High Capacity; Compatibility Formatted NTFS for Windows 10, Windows 8.1, Windows 7; Reformatting may be required for other operating systems; Compatibility may vary depending on user’s hardware configuration and operating system",
        "category": "electronics",
        "image": "https://fakestoreapi.com/img/61IBBVJvSDL._AC_SY879_.jpg",
        "rating": {
            "rate": 3.3,
            "count": 203
        }
    },
    {
        "id": 10,
        "title": "SanDisk SSD PLUS 1TB Internal SSD - SATA III 6 Gb/s",
        "price": 109,
        "description": "Easy upgrade for faster boot up, shutdown, application load and response (As compared to 5400 RPM SATA 2.5” hard drive; Based on published specifications and internal benchmarking tests using PCMark vantage scores) Boosts burst write performance, making it ideal for typical PC workloads The perfect balance of performance and reliability Read/write speeds of up to 535MB/s/450MB/s (Based on internal testing; Performance may vary depending upon drive capacity, host device, OS and application.)",
        "category": "electronics",
        "image": "https://fakestoreapi.com/img/61U7T1koQqL._AC_SX679_.jpg",
        "rating": {
            "rate": 2.9,
            "count": 470
        }
    },
    {
        "id": 11,
        "title": "Silicon Power 256GB SSD 3D NAND A55 SLC Cache Performance Boost SATA III 2.5",
        "price": 109,
        "description": "3D NAND flash are applied to deliver high transfer speeds Remarkable transfer speeds that enable faster bootup and improved overall system performance. The advanced SLC Cache Technology allows performance boost and longer lifespan 7mm slim design suitable for Ultrabooks and Ultra-slim notebooks. Supports TRIM command, Garbage Collection technology, RAID, and ECC (Error Checking & Correction) to provide the optimized performance and enhanced reliability.",
        "category": "electronics",
        "image": "https://fakestoreapi.com/img/71kWymZ+c+L._AC_SX679_.jpg",
        "rating": {
            "rate": 4.8,
            "count": 319
        }
    },
    {
        "id": 12,
        "title": "WD 4TB Gaming Drive Works with Playstation 4 Portable External Hard Drive",
        "price": 114,
        "description": "Expand your PS4 gaming experience, Play anywhere Fast and easy, setup Sleek design with high capacity, 3-year manufacturer's limited warranty",
        "category": "electronics",
        "image": "https://fakestoreapi.com/img/61mtL65D4cL._AC_SX679_.jpg",
        "rating": {
            "rate": 4.8,
            "count": 400
        }
    },
    {
        "id": 13,
        "title": "Acer SB220Q bi 21.5 inches Full HD (1920 x 1080) IPS Ultra-Thin",
        "price": 599,
        "description": "21. 5 inches Full HD (1920 x 1080) widescreen IPS display And Radeon free Sync technology. No compatibility for VESA Mount Refresh Rate: 75Hz - Using HDMI port Zero-frame design | ultra-thin | 4ms response time | IPS panel Aspect ratio - 16: 9. Color Supported - 16. 7 million colors. Brightness - 250 nit Tilt angle -5 degree to 15 degree. Horizontal viewing angle-178 degree. Vertical viewing angle-178 degree 75 hertz",
        "category": "electronics",
        "image": "https://fakestoreapi.com/img/81QpkIctqPL._AC_SX679_.jpg",
        "rating": {
            "rate": 2.9,
            "count": 250
        }
    },
    {
        "id": 14,
        "title": "Samsung 49-Inch CHG90 144Hz Curved Gaming Monitor (LC49HG90DMNXZA) – Super Ultrawide Screen QLED ",
        "price": 999.99,
        "description": "49 INCH SUPER ULTRAWIDE 32:9 CURVED GAMING MONITOR with dual 27 inch screen side by side QUANTUM DOT (QLED) TECHNOLOGY, HDR support and factory calibration provides stunningly realistic and accurate color and contrast 144HZ HIGH REFRESH RATE and 1ms ultra fast response time work to eliminate motion blur, ghosting, and reduce input lag",
        "category": "electronics",
        "image": "https://fakestoreapi.com/img/81Zt42ioCgL._AC_SX679_.jpg",
        "rating": {
            "rate": 2.2,
            "count": 140
        }
    },
    {
        "id": 15,
        "title": "BIYLACLESEN Women's 3-in-1 Snowboard Jacket Winter Coats",
        "price": 56.99,
        "description": "Note:The Jackets is US standard size, Please choose size as your usual wear Material: 100% Polyester; Detachable Liner Fabric: Warm Fleece. Detachable Functional Liner: Skin Friendly, Lightweigt and Warm.Stand Collar Liner jacket, keep you warm in cold weather. Zippered Pockets: 2 Zippered Hand Pockets, 2 Zippered Pockets on Chest (enough to keep cards or keys)and 1 Hidden Pocket Inside.Zippered Hand Pockets and Hidden Pocket keep your things secure. Humanized Design: Adjustable and Detachable Hood and Adjustable cuff to prevent the wind and water,for a comfortable fit. 3 in 1 Detachable Design provide more convenience, you can separate the coat and inner as needed, or wear it together. It is suitable for different season and help you adapt to different climates",
        "category": "women's clothing",
        "image": "https://fakestoreapi.com/img/51Y5NI-I5jL._AC_UX679_.jpg",
        "rating": {
            "rate": 2.6,
            "count": 235
        }
    },
    {
        "id": 16,
        "title": "Lock and Love Women's Removable Hooded Faux Leather Moto Biker Jacket",
        "price": 29.95,
        "description": "100% POLYURETHANE(shell) 100% POLYESTER(lining) 75% POLYESTER 25% COTTON (SWEATER), Faux leather material for style and comfort / 2 pockets of front, 2-For-One Hooded denim style faux leather jacket, Button detail on waist / Detail stitching at sides, HAND WASH ONLY / DO NOT BLEACH / LINE DRY / DO NOT IRON",
        "category": "women's clothing",
        "image": "https://fakestoreapi.com/img/81XH0e8fefL._AC_UY879_.jpg",
        "rating": {
            "rate": 2.9,
            "count": 340
        }
    },
    {
        "id": 17,
        "title": "Rain Jacket Women Windbreaker Striped Climbing Raincoats",
        "price": 39.99,
        "description": "Lightweight perfet for trip or casual wear---Long sleeve with hooded, adjustable drawstring waist design. Button and zipper front closure raincoat, fully stripes Lined and The Raincoat has 2 side pockets are a good size to hold all kinds of things, it covers the hips, and the hood is generous but doesn't overdo it.Attached Cotton Lined Hood with Adjustable Drawstrings give it a real styled look.",
        "category": "women's clothing",
        "image": "https://fakestoreapi.com/img/71HblAHs5xL._AC_UY879_-2.jpg",
        "rating": {
            "rate": 3.8,
            "count": 679
        }
    },
    {
        "id": 18,
        "title": "MBJ Women's Solid Short Sleeve Boat Neck V ",
        "price": 9.85,
        "description": "95% RAYON 5% SPANDEX, Made in USA or Imported, Do Not Bleach, Lightweight fabric with great stretch for comfort, Ribbed on sleeves and neckline / Double stitching on bottom hem",
        "category": "women's clothing",
        "image": "https://fakestoreapi.com/img/71z3kpMAYsL._AC_UY879_.jpg",
        "rating": {
            "rate": 4.7,
            "count": 130
        }
    },
    {
        "id": 19,
        "title": "Opna Women's Short Sleeve Moisture",
        "price": 7.95,
        "description": "100% Polyester, Machine wash, 100% cationic polyester interlock, Machine Wash & Pre Shrunk for a Great Fit, Lightweight, roomy and highly breathable with moisture wicking fabric which helps to keep moisture away, Soft Lightweight Fabric with comfortable V-neck collar and a slimmer fit, delivers a sleek, more feminine silhouette and Added Comfort",
        "category": "women's clothing",
        "image": "https://fakestoreapi.com/img/51eg55uWmdL._AC_UX679_.jpg",
        "rating": {
            "rate": 4.5,
            "count": 146
        }
    },
    {
        "id": 20,
        "title": "DANVOUY Womens T Shirt Casual Cotton Short",
        "price": 12.99,
        "description": "95%Cotton,5%Spandex, Features: Casual, Short Sleeve, Letter Print,V-Neck,Fashion Tees, The fabric is soft and has some stretch., Occasion: Casual/Office/Beach/School/Home/Street. Season: Spring,Summer,Autumn,Winter.",
        "category": "women's clothing",
        "image": "https://fakestoreapi.com/img/61pHAEJ4NML._AC_UX679_.jpg",
        "rating": {
            "rate": 3.6,
            "count": 145
        }
    }
]
[Product(id=1, title=Fjallraven - Foldsack No. 1 Backpack, Fits 15 Laptops, price=109.95, description=Your perfect pack for everyday use and walks in the forest. Stash your laptop (up to 15 inches) in the padded sleeve, your everyday, category=men's clothing, image=https://fakestoreapi.com/img/81fPKd-2AYL._AC_SL1500_.jpg, rating=Product.Rating(rate=3.9, count=120)), Product(id=2, title=Mens Casual Premium Slim Fit T-Shirts , price=22.3, description=Slim-fitting style, contrast raglan long sleeve, three-button henley placket, light weight & soft fabric for breathable and comfortable wearing. And Solid stitched shirts with round neck made for durability and a great fit for casual fashion wear and diehard baseball fans. The Henley style round neckline includes a three-button placket., category=men's clothing, image=https://fakestoreapi.com/img/71-3HjGNDUL._AC_SY879._SX._UX._SY._UY_.jpg, rating=Product.Rating(rate=4.1, count=259)), Product(id=3, title=Mens Cotton Jacket, price=55.99, description=great outerwear jackets for Spring/Autumn/Winter, suitable for many occasions, such as working, hiking, camping, mountain/rock climbing, cycling, traveling or other outdoors. Good gift choice for you or your family member. A warm hearted love to Father, husband or son in this thanksgiving or Christmas Day., category=men's clothing, image=https://fakestoreapi.com/img/71li-ujtlUL._AC_UX679_.jpg, rating=Product.Rating(rate=4.7, count=500)), Product(id=4, title=Mens Casual Slim Fit, price=15.99, description=The color could be slightly different between on the screen and in practice. / Please note that body builds vary by person, therefore, detailed size information should be reviewed below on the product description., category=men's clothing, image=https://fakestoreapi.com/img/71YXzeOuslL._AC_UY879_.jpg, rating=Product.Rating(rate=2.1, count=430)), Product(id=5, title=John Hardy Women's Legends Naga Gold & Silver Dragon Station Chain Bracelet, price=695.0, description=From our Legends Collection, the Naga was inspired by the mythical water dragon that protects the ocean's pearl. Wear facing inward to be bestowed with love and abundance, or outward for protection., category=jewelery, image=https://fakestoreapi.com/img/71pWzhdJNwL._AC_UL640_QL65_ML3_.jpg, rating=Product.Rating(rate=4.6, count=400)), Product(id=6, title=Solid Gold Petite Micropave , price=168.0, description=Satisfaction Guaranteed. Return or exchange any order within 30 days.Designed and sold by Hafeez Center in the United States. Satisfaction Guaranteed. Return or exchange any order within 30 days., category=jewelery, image=https://fakestoreapi.com/img/61sbMiUnoGL._AC_UL640_QL65_ML3_.jpg, rating=Product.Rating(rate=3.9, count=70)), Product(id=7, title=White Gold Plated Princess, price=9.99, description=Classic Created Wedding Engagement Solitaire Diamond Promise Ring for Her. Gifts to spoil your love more for Engagement, Wedding, Anniversary, Valentine's Day..., category=jewelery, image=https://fakestoreapi.com/img/71YAIFU48IL._AC_UL640_QL65_ML3_.jpg, rating=Product.Rating(rate=3.0, count=400)), Product(id=8, title=Pierced Owl Rose Gold Plated Stainless Steel Double, price=10.99, description=Rose Gold Plated Double Flared Tunnel Plug Earrings. Made of 316L Stainless Steel, category=jewelery, image=https://fakestoreapi.com/img/51UDEzMJVpL._AC_UL640_QL65_ML3_.jpg, rating=Product.Rating(rate=1.9, count=100)), Product(id=9, title=WD 2TB Elements Portable External Hard Drive - USB 3.0 , price=64.0, description=USB 3.0 and USB 2.0 Compatibility Fast data transfers Improve PC Performance High Capacity; Compatibility Formatted NTFS for Windows 10, Windows 8.1, Windows 7; Reformatting may be required for other operating systems; Compatibility may vary depending on user’s hardware configuration and operating system, category=electronics, image=https://fakestoreapi.com/img/61IBBVJvSDL._AC_SY879_.jpg, rating=Product.Rating(rate=3.3, count=203)), Product(id=10, title=SanDisk SSD PLUS 1TB Internal SSD - SATA III 6 Gb/s, price=109.0, description=Easy upgrade for faster boot up, shutdown, application load and response (As compared to 5400 RPM SATA 2.5” hard drive; Based on published specifications and internal benchmarking tests using PCMark vantage scores) Boosts burst write performance, making it ideal for typical PC workloads The perfect balance of performance and reliability Read/write speeds of up to 535MB/s/450MB/s (Based on internal testing; Performance may vary depending upon drive capacity, host device, OS and application.), category=electronics, image=https://fakestoreapi.com/img/61U7T1koQqL._AC_SX679_.jpg, rating=Product.Rating(rate=2.9, count=470)), Product(id=11, title=Silicon Power 256GB SSD 3D NAND A55 SLC Cache Performance Boost SATA III 2.5, price=109.0, description=3D NAND flash are applied to deliver high transfer speeds Remarkable transfer speeds that enable faster bootup and improved overall system performance. The advanced SLC Cache Technology allows performance boost and longer lifespan 7mm slim design suitable for Ultrabooks and Ultra-slim notebooks. Supports TRIM command, Garbage Collection technology, RAID, and ECC (Error Checking & Correction) to provide the optimized performance and enhanced reliability., category=electronics, image=https://fakestoreapi.com/img/71kWymZ+c+L._AC_SX679_.jpg, rating=Product.Rating(rate=4.8, count=319)), Product(id=12, title=WD 4TB Gaming Drive Works with Playstation 4 Portable External Hard Drive, price=114.0, description=Expand your PS4 gaming experience, Play anywhere Fast and easy, setup Sleek design with high capacity, 3-year manufacturer's limited warranty, category=electronics, image=https://fakestoreapi.com/img/61mtL65D4cL._AC_SX679_.jpg, rating=Product.Rating(rate=4.8, count=400)), Product(id=13, title=Acer SB220Q bi 21.5 inches Full HD (1920 x 1080) IPS Ultra-Thin, price=599.0, description=21. 5 inches Full HD (1920 x 1080) widescreen IPS display And Radeon free Sync technology. No compatibility for VESA Mount Refresh Rate: 75Hz - Using HDMI port Zero-frame design | ultra-thin | 4ms response time | IPS panel Aspect ratio - 16: 9. Color Supported - 16. 7 million colors. Brightness - 250 nit Tilt angle -5 degree to 15 degree. Horizontal viewing angle-178 degree. Vertical viewing angle-178 degree 75 hertz, category=electronics, image=https://fakestoreapi.com/img/81QpkIctqPL._AC_SX679_.jpg, rating=Product.Rating(rate=2.9, count=250)), Product(id=14, title=Samsung 49-Inch CHG90 144Hz Curved Gaming Monitor (LC49HG90DMNXZA) – Super Ultrawide Screen QLED , price=999.99, description=49 INCH SUPER ULTRAWIDE 32:9 CURVED GAMING MONITOR with dual 27 inch screen side by side QUANTUM DOT (QLED) TECHNOLOGY, HDR support and factory calibration provides stunningly realistic and accurate color and contrast 144HZ HIGH REFRESH RATE and 1ms ultra fast response time work to eliminate motion blur, ghosting, and reduce input lag, category=electronics, image=https://fakestoreapi.com/img/81Zt42ioCgL._AC_SX679_.jpg, rating=Product.Rating(rate=2.2, count=140)), Product(id=15, title=BIYLACLESEN Women's 3-in-1 Snowboard Jacket Winter Coats, price=56.99, description=Note:The Jackets is US standard size, Please choose size as your usual wear Material: 100% Polyester; Detachable Liner Fabric: Warm Fleece. Detachable Functional Liner: Skin Friendly, Lightweigt and Warm.Stand Collar Liner jacket, keep you warm in cold weather. Zippered Pockets: 2 Zippered Hand Pockets, 2 Zippered Pockets on Chest (enough to keep cards or keys)and 1 Hidden Pocket Inside.Zippered Hand Pockets and Hidden Pocket keep your things secure. Humanized Design: Adjustable and Detachable Hood and Adjustable cuff to prevent the wind and water,for a comfortable fit. 3 in 1 Detachable Design provide more convenience, you can separate the coat and inner as needed, or wear it together. It is suitable for different season and help you adapt to different climates, category=women's clothing, image=https://fakestoreapi.com/img/51Y5NI-I5jL._AC_UX679_.jpg, rating=Product.Rating(rate=2.6, count=235)), Product(id=16, title=Lock and Love Women's Removable Hooded Faux Leather Moto Biker Jacket, price=29.95, description=100% POLYURETHANE(shell) 100% POLYESTER(lining) 75% POLYESTER 25% COTTON (SWEATER), Faux leather material for style and comfort / 2 pockets of front, 2-For-One Hooded denim style faux leather jacket, Button detail on waist / Detail stitching at sides, HAND WASH ONLY / DO NOT BLEACH / LINE DRY / DO NOT IRON, category=women's clothing, image=https://fakestoreapi.com/img/81XH0e8fefL._AC_UY879_.jpg, rating=Product.Rating(rate=2.9, count=340)), Product(id=17, title=Rain Jacket Women Windbreaker Striped Climbing Raincoats, price=39.99, description=Lightweight perfet for trip or casual wear---Long sleeve with hooded, adjustable drawstring waist design. Button and zipper front closure raincoat, fully stripes Lined and The Raincoat has 2 side pockets are a good size to hold all kinds of things, it covers the hips, and the hood is generous but doesn't overdo it.Attached Cotton Lined Hood with Adjustable Drawstrings give it a real styled look., category=women's clothing, image=https://fakestoreapi.com/img/71HblAHs5xL._AC_UY879_-2.jpg, rating=Product.Rating(rate=3.8, count=679)), Product(id=18, title=MBJ Women's Solid Short Sleeve Boat Neck V , price=9.85, description=95% RAYON 5% SPANDEX, Made in USA or Imported, Do Not Bleach, Lightweight fabric with great stretch for comfort, Ribbed on sleeves and neckline / Double stitching on bottom hem, category=women's clothing, image=https://fakestoreapi.com/img/71z3kpMAYsL._AC_UY879_.jpg, rating=Product.Rating(rate=4.7, count=130)), Product(id=19, title=Opna Women's Short Sleeve Moisture, price=7.95, description=100% Polyester, Machine wash, 100% cationic polyester interlock, Machine Wash & Pre Shrunk for a Great Fit, Lightweight, roomy and highly breathable with moisture wicking fabric which helps to keep moisture away, Soft Lightweight Fabric with comfortable V-neck collar and a slimmer fit, delivers a sleek, more feminine silhouette and Added Comfort, category=women's clothing, image=https://fakestoreapi.com/img/51eg55uWmdL._AC_UX679_.jpg, rating=Product.Rating(rate=4.5, count=146)), Product(id=20, title=DANVOUY Womens T Shirt Casual Cotton Short, price=12.99, description=95%Cotton,5%Spandex, Features: Casual, Short Sleeve, Letter Print,V-Neck,Fashion Tees, The fabric is soft and has some stretch., Occasion: Casual/Office/Beach/School/Home/Street. Season: Spring,Summer,Autumn,Winter., category=women's clothing, image=https://fakestoreapi.com/img/61pHAEJ4NML._AC_UX679_.jpg, rating=Product.Rating(rate=3.6, count=145))]
ID : 1
Title: Fjallraven - Foldsack No. 1 Backpack, Fits 15 Laptops
Price: 109.95
Rate: 3.9
Count: 120
------------
ID : 2
Title: Mens Casual Premium Slim Fit T-Shirts 
Price: 22.3
Rate: 4.1
Count: 259
------------
ID : 3
Title: Mens Cotton Jacket
Price: 55.99
Rate: 4.7
Count: 500
------------
ID : 4
Title: Mens Casual Slim Fit
Price: 15.99
Rate: 2.1
Count: 430
------------
ID : 5
Title: John Hardy Women's Legends Naga Gold & Silver Dragon Station Chain Bracelet
Price: 695.0
Rate: 4.6
Count: 400
------------
ID : 6
Title: Solid Gold Petite Micropave 
Price: 168.0
Rate: 3.9
Count: 70
------------
ID : 7
Title: White Gold Plated Princess
Price: 9.99
Rate: 3.0
Count: 400
------------
ID : 8
Title: Pierced Owl Rose Gold Plated Stainless Steel Double
Price: 10.99
Rate: 1.9
Count: 100
------------
ID : 9
Title: WD 2TB Elements Portable External Hard Drive - USB 3.0 
Price: 64.0
Rate: 3.3
Count: 203
------------
ID : 10
Title: SanDisk SSD PLUS 1TB Internal SSD - SATA III 6 Gb/s
Price: 109.0
Rate: 2.9
Count: 470
------------
ID : 11
Title: Silicon Power 256GB SSD 3D NAND A55 SLC Cache Performance Boost SATA III 2.5
Price: 109.0
Rate: 4.8
Count: 319
------------
ID : 12
Title: WD 4TB Gaming Drive Works with Playstation 4 Portable External Hard Drive
Price: 114.0
Rate: 4.8
Count: 400
------------
ID : 13
Title: Acer SB220Q bi 21.5 inches Full HD (1920 x 1080) IPS Ultra-Thin
Price: 599.0
Rate: 2.9
Count: 250
------------
ID : 14
Title: Samsung 49-Inch CHG90 144Hz Curved Gaming Monitor (LC49HG90DMNXZA) – Super Ultrawide Screen QLED 
Price: 999.99
Rate: 2.2
Count: 140
------------
ID : 15
Title: BIYLACLESEN Women's 3-in-1 Snowboard Jacket Winter Coats
Price: 56.99
Rate: 2.6
Count: 235
------------
ID : 16
Title: Lock and Love Women's Removable Hooded Faux Leather Moto Biker Jacket
Price: 29.95
Rate: 2.9
Count: 340
------------
ID : 17
Title: Rain Jacket Women Windbreaker Striped Climbing Raincoats
Price: 39.99
Rate: 3.8
Count: 679
------------
ID : 18
Title: MBJ Women's Solid Short Sleeve Boat Neck V 
Price: 9.85
Rate: 4.7
Count: 130
------------
ID : 19
Title: Opna Women's Short Sleeve Moisture
Price: 7.95
Rate: 4.5
Count: 146
------------
ID : 20
Title: DANVOUY Womens T Shirt Casual Cotton Short
Price: 12.99
Rate: 3.6
Count: 145
------------
]]></system-out>
  </testcase>
  <testcase name="createUserWith_Lombok" classname="DeserializationProcess.UserAPITest" time="1.667">
    <system-out><![CDATA[Request method:	POST
Request URI:	https://gorest.co.in/public/v2/users
Proxy:			<none>
Request params:	<none>
Query params:	<none>
Form params:	<none>
Path params:	<none>
Headers:		Authorization=Bearer e4b8e1f593dc4a731a153c5ec8cc9b8bbb583ae964ce650a741113091b4e2ac6
				Accept=*/*
				Content-Type=application/json
Cookies:		<none>
Multiparts:		<none>
Body:
{
    "name": "Kavya",
    "email": "kavya1237@gmail.com",
    "gender": "female",
    "status": "active"
}
{
    "id": 7831727,
    "name": "Kavya",
    "email": "kavya1237@gmail.com",
    "gender": "female",
    "status": "active"
}
User id : 7831727
===================
Request method:	GET
Request URI:	https://gorest.co.in/public/v2/users/7831727
Proxy:			<none>
Request params:	<none>
Query params:	<none>
Form params:	<none>
Path params:	<none>
Headers:		Authorization=Bearer e4b8e1f593dc4a731a153c5ec8cc9b8bbb583ae964ce650a741113091b4e2ac6
				Accept=*/*
Cookies:		<none>
Multiparts:		<none>
Body:			<none>
{
    "id": 7831727,
    "name": "Kavya",
    "email": "kavya1237@gmail.com",
    "gender": "female",
    "status": "active"
}
7831727 Kavya female active kavya1237@gmail.com
]]></system-out>
  </testcase>
  <testcase name="getProductAPITest_JsonPath" classname="JaywayJsonPath.JsonPathTest" time="0.528">
    <system-out><![CDATA[[{"id":1,"title":"Fjallraven - Foldsack No. 1 Backpack, Fits 15 Laptops","price":109.95,"description":"Your perfect pack for everyday use and walks in the forest. Stash your laptop (up to 15 inches) in the padded sleeve, your everyday","category":"men's clothing","image":"https://fakestoreapi.com/img/81fPKd-2AYL._AC_SL1500_.jpg","rating":{"rate":3.9,"count":120}},{"id":2,"title":"Mens Casual Premium Slim Fit T-Shirts ","price":22.3,"description":"Slim-fitting style, contrast raglan long sleeve, three-button henley placket, light weight & soft fabric for breathable and comfortable wearing. And Solid stitched shirts with round neck made for durability and a great fit for casual fashion wear and diehard baseball fans. The Henley style round neckline includes a three-button placket.","category":"men's clothing","image":"https://fakestoreapi.com/img/71-3HjGNDUL._AC_SY879._SX._UX._SY._UY_.jpg","rating":{"rate":4.1,"count":259}},{"id":3,"title":"Mens Cotton Jacket","price":55.99,"description":"great outerwear jackets for Spring/Autumn/Winter, suitable for many occasions, such as working, hiking, camping, mountain/rock climbing, cycling, traveling or other outdoors. Good gift choice for you or your family member. A warm hearted love to Father, husband or son in this thanksgiving or Christmas Day.","category":"men's clothing","image":"https://fakestoreapi.com/img/71li-ujtlUL._AC_UX679_.jpg","rating":{"rate":4.7,"count":500}},{"id":4,"title":"Mens Casual Slim Fit","price":15.99,"description":"The color could be slightly different between on the screen and in practice. / Please note that body builds vary by person, therefore, detailed size information should be reviewed below on the product description.","category":"men's clothing","image":"https://fakestoreapi.com/img/71YXzeOuslL._AC_UY879_.jpg","rating":{"rate":2.1,"count":430}},{"id":5,"title":"John Hardy Women's Legends Naga Gold & Silver Dragon Station Chain Bracelet","price":695,"description":"From our Legends Collection, the Naga was inspired by the mythical water dragon that protects the ocean's pearl. Wear facing inward to be bestowed with love and abundance, or outward for protection.","category":"jewelery","image":"https://fakestoreapi.com/img/71pWzhdJNwL._AC_UL640_QL65_ML3_.jpg","rating":{"rate":4.6,"count":400}},{"id":6,"title":"Solid Gold Petite Micropave ","price":168,"description":"Satisfaction Guaranteed. Return or exchange any order within 30 days.Designed and sold by Hafeez Center in the United States. Satisfaction Guaranteed. Return or exchange any order within 30 days.","category":"jewelery","image":"https://fakestoreapi.com/img/61sbMiUnoGL._AC_UL640_QL65_ML3_.jpg","rating":{"rate":3.9,"count":70}},{"id":7,"title":"White Gold Plated Princess","price":9.99,"description":"Classic Created Wedding Engagement Solitaire Diamond Promise Ring for Her. Gifts to spoil your love more for Engagement, Wedding, Anniversary, Valentine's Day...","category":"jewelery","image":"https://fakestoreapi.com/img/71YAIFU48IL._AC_UL640_QL65_ML3_.jpg","rating":{"rate":3,"count":400}},{"id":8,"title":"Pierced Owl Rose Gold Plated Stainless Steel Double","price":10.99,"description":"Rose Gold Plated Double Flared Tunnel Plug Earrings. Made of 316L Stainless Steel","category":"jewelery","image":"https://fakestoreapi.com/img/51UDEzMJVpL._AC_UL640_QL65_ML3_.jpg","rating":{"rate":1.9,"count":100}},{"id":9,"title":"WD 2TB Elements Portable External Hard Drive - USB 3.0 ","price":64,"description":"USB 3.0 and USB 2.0 Compatibility Fast data transfers Improve PC Performance High Capacity; Compatibility Formatted NTFS for Windows 10, Windows 8.1, Windows 7; Reformatting may be required for other operating systems; Compatibility may vary depending on user’s hardware configuration and operating system","category":"electronics","image":"https://fakestoreapi.com/img/61IBBVJvSDL._AC_SY879_.jpg","rating":{"rate":3.3,"count":203}},{"id":10,"title":"SanDisk SSD PLUS 1TB Internal SSD - SATA III 6 Gb/s","price":109,"description":"Easy upgrade for faster boot up, shutdown, application load and response (As compared to 5400 RPM SATA 2.5” hard drive; Based on published specifications and internal benchmarking tests using PCMark vantage scores) Boosts burst write performance, making it ideal for typical PC workloads The perfect balance of performance and reliability Read/write speeds of up to 535MB/s/450MB/s (Based on internal testing; Performance may vary depending upon drive capacity, host device, OS and application.)","category":"electronics","image":"https://fakestoreapi.com/img/61U7T1koQqL._AC_SX679_.jpg","rating":{"rate":2.9,"count":470}},{"id":11,"title":"Silicon Power 256GB SSD 3D NAND A55 SLC Cache Performance Boost SATA III 2.5","price":109,"description":"3D NAND flash are applied to deliver high transfer speeds Remarkable transfer speeds that enable faster bootup and improved overall system performance. The advanced SLC Cache Technology allows performance boost and longer lifespan 7mm slim design suitable for Ultrabooks and Ultra-slim notebooks. Supports TRIM command, Garbage Collection technology, RAID, and ECC (Error Checking & Correction) to provide the optimized performance and enhanced reliability.","category":"electronics","image":"https://fakestoreapi.com/img/71kWymZ+c+L._AC_SX679_.jpg","rating":{"rate":4.8,"count":319}},{"id":12,"title":"WD 4TB Gaming Drive Works with Playstation 4 Portable External Hard Drive","price":114,"description":"Expand your PS4 gaming experience, Play anywhere Fast and easy, setup Sleek design with high capacity, 3-year manufacturer's limited warranty","category":"electronics","image":"https://fakestoreapi.com/img/61mtL65D4cL._AC_SX679_.jpg","rating":{"rate":4.8,"count":400}},{"id":13,"title":"Acer SB220Q bi 21.5 inches Full HD (1920 x 1080) IPS Ultra-Thin","price":599,"description":"21. 5 inches Full HD (1920 x 1080) widescreen IPS display And Radeon free Sync technology. No compatibility for VESA Mount Refresh Rate: 75Hz - Using HDMI port Zero-frame design | ultra-thin | 4ms response time | IPS panel Aspect ratio - 16: 9. Color Supported - 16. 7 million colors. Brightness - 250 nit Tilt angle -5 degree to 15 degree. Horizontal viewing angle-178 degree. Vertical viewing angle-178 degree 75 hertz","category":"electronics","image":"https://fakestoreapi.com/img/81QpkIctqPL._AC_SX679_.jpg","rating":{"rate":2.9,"count":250}},{"id":14,"title":"Samsung 49-Inch CHG90 144Hz Curved Gaming Monitor (LC49HG90DMNXZA) – Super Ultrawide Screen QLED ","price":999.99,"description":"49 INCH SUPER ULTRAWIDE 32:9 CURVED GAMING MONITOR with dual 27 inch screen side by side QUANTUM DOT (QLED) TECHNOLOGY, HDR support and factory calibration provides stunningly realistic and accurate color and contrast 144HZ HIGH REFRESH RATE and 1ms ultra fast response time work to eliminate motion blur, ghosting, and reduce input lag","category":"electronics","image":"https://fakestoreapi.com/img/81Zt42ioCgL._AC_SX679_.jpg","rating":{"rate":2.2,"count":140}},{"id":15,"title":"BIYLACLESEN Women's 3-in-1 Snowboard Jacket Winter Coats","price":56.99,"description":"Note:The Jackets is US standard size, Please choose size as your usual wear Material: 100% Polyester; Detachable Liner Fabric: Warm Fleece. Detachable Functional Liner: Skin Friendly, Lightweigt and Warm.Stand Collar Liner jacket, keep you warm in cold weather. Zippered Pockets: 2 Zippered Hand Pockets, 2 Zippered Pockets on Chest (enough to keep cards or keys)and 1 Hidden Pocket Inside.Zippered Hand Pockets and Hidden Pocket keep your things secure. Humanized Design: Adjustable and Detachable Hood and Adjustable cuff to prevent the wind and water,for a comfortable fit. 3 in 1 Detachable Design provide more convenience, you can separate the coat and inner as needed, or wear it together. It is suitable for different season and help you adapt to different climates","category":"women's clothing","image":"https://fakestoreapi.com/img/51Y5NI-I5jL._AC_UX679_.jpg","rating":{"rate":2.6,"count":235}},{"id":16,"title":"Lock and Love Women's Removable Hooded Faux Leather Moto Biker Jacket","price":29.95,"description":"100% POLYURETHANE(shell) 100% POLYESTER(lining) 75% POLYESTER 25% COTTON (SWEATER), Faux leather material for style and comfort / 2 pockets of front, 2-For-One Hooded denim style faux leather jacket, Button detail on waist / Detail stitching at sides, HAND WASH ONLY / DO NOT BLEACH / LINE DRY / DO NOT IRON","category":"women's clothing","image":"https://fakestoreapi.com/img/81XH0e8fefL._AC_UY879_.jpg","rating":{"rate":2.9,"count":340}},{"id":17,"title":"Rain Jacket Women Windbreaker Striped Climbing Raincoats","price":39.99,"description":"Lightweight perfet for trip or casual wear---Long sleeve with hooded, adjustable drawstring waist design. Button and zipper front closure raincoat, fully stripes Lined and The Raincoat has 2 side pockets are a good size to hold all kinds of things, it covers the hips, and the hood is generous but doesn't overdo it.Attached Cotton Lined Hood with Adjustable Drawstrings give it a real styled look.","category":"women's clothing","image":"https://fakestoreapi.com/img/71HblAHs5xL._AC_UY879_-2.jpg","rating":{"rate":3.8,"count":679}},{"id":18,"title":"MBJ Women's Solid Short Sleeve Boat Neck V ","price":9.85,"description":"95% RAYON 5% SPANDEX, Made in USA or Imported, Do Not Bleach, Lightweight fabric with great stretch for comfort, Ribbed on sleeves and neckline / Double stitching on bottom hem","category":"women's clothing","image":"https://fakestoreapi.com/img/71z3kpMAYsL._AC_UY879_.jpg","rating":{"rate":4.7,"count":130}},{"id":19,"title":"Opna Women's Short Sleeve Moisture","price":7.95,"description":"100% Polyester, Machine wash, 100% cationic polyester interlock, Machine Wash & Pre Shrunk for a Great Fit, Lightweight, roomy and highly breathable with moisture wicking fabric which helps to keep moisture away, Soft Lightweight Fabric with comfortable V-neck collar and a slimmer fit, delivers a sleek, more feminine silhouette and Added Comfort","category":"women's clothing","image":"https://fakestoreapi.com/img/51eg55uWmdL._AC_UX679_.jpg","rating":{"rate":4.5,"count":146}},{"id":20,"title":"DANVOUY Womens T Shirt Casual Cotton Short","price":12.99,"description":"95%Cotton,5%Spandex, Features: Casual, Short Sleeve, Letter Print,V-Neck,Fashion Tees, The fabric is soft and has some stretch., Occasion: Casual/Office/Beach/School/Home/Street. Season: Spring,Summer,Autumn,Winter.","category":"women's clothing","image":"https://fakestoreapi.com/img/61pHAEJ4NML._AC_UX679_.jpg","rating":{"rate":3.6,"count":145}}]
[109.95,55.99,695,168,64,109,109,114,599,999.99,56.99]
[1,3,5,6,9,10,11,12,13,14,15]
[3.9,4.7,4.6,3.9,3.3,2.9,4.8,4.8,2.9,2.2,2.6]
[120,500,400,70,203,470,319,400,250,140,235]
1 109.95
3 55.99
5 695
6 168
9 64
10 109
11 109
12 114
13 599
14 999.99
15 56.99
]]></system-out>
  </testcase>
  <testcase name="productApiTest_ConditionalExamples_WithThreeAttributes" classname="JaywayJsonPath.JsonPathTest" time="0.445">
    <system-out><![CDATA[[{"id":1,"title":"Fjallraven - Foldsack No. 1 Backpack, Fits 15 Laptops","price":109.95,"description":"Your perfect pack for everyday use and walks in the forest. Stash your laptop (up to 15 inches) in the padded sleeve, your everyday","category":"men's clothing","image":"https://fakestoreapi.com/img/81fPKd-2AYL._AC_SL1500_.jpg","rating":{"rate":3.9,"count":120}},{"id":2,"title":"Mens Casual Premium Slim Fit T-Shirts ","price":22.3,"description":"Slim-fitting style, contrast raglan long sleeve, three-button henley placket, light weight & soft fabric for breathable and comfortable wearing. And Solid stitched shirts with round neck made for durability and a great fit for casual fashion wear and diehard baseball fans. The Henley style round neckline includes a three-button placket.","category":"men's clothing","image":"https://fakestoreapi.com/img/71-3HjGNDUL._AC_SY879._SX._UX._SY._UY_.jpg","rating":{"rate":4.1,"count":259}},{"id":3,"title":"Mens Cotton Jacket","price":55.99,"description":"great outerwear jackets for Spring/Autumn/Winter, suitable for many occasions, such as working, hiking, camping, mountain/rock climbing, cycling, traveling or other outdoors. Good gift choice for you or your family member. A warm hearted love to Father, husband or son in this thanksgiving or Christmas Day.","category":"men's clothing","image":"https://fakestoreapi.com/img/71li-ujtlUL._AC_UX679_.jpg","rating":{"rate":4.7,"count":500}},{"id":4,"title":"Mens Casual Slim Fit","price":15.99,"description":"The color could be slightly different between on the screen and in practice. / Please note that body builds vary by person, therefore, detailed size information should be reviewed below on the product description.","category":"men's clothing","image":"https://fakestoreapi.com/img/71YXzeOuslL._AC_UY879_.jpg","rating":{"rate":2.1,"count":430}},{"id":5,"title":"John Hardy Women's Legends Naga Gold & Silver Dragon Station Chain Bracelet","price":695,"description":"From our Legends Collection, the Naga was inspired by the mythical water dragon that protects the ocean's pearl. Wear facing inward to be bestowed with love and abundance, or outward for protection.","category":"jewelery","image":"https://fakestoreapi.com/img/71pWzhdJNwL._AC_UL640_QL65_ML3_.jpg","rating":{"rate":4.6,"count":400}},{"id":6,"title":"Solid Gold Petite Micropave ","price":168,"description":"Satisfaction Guaranteed. Return or exchange any order within 30 days.Designed and sold by Hafeez Center in the United States. Satisfaction Guaranteed. Return or exchange any order within 30 days.","category":"jewelery","image":"https://fakestoreapi.com/img/61sbMiUnoGL._AC_UL640_QL65_ML3_.jpg","rating":{"rate":3.9,"count":70}},{"id":7,"title":"White Gold Plated Princess","price":9.99,"description":"Classic Created Wedding Engagement Solitaire Diamond Promise Ring for Her. Gifts to spoil your love more for Engagement, Wedding, Anniversary, Valentine's Day...","category":"jewelery","image":"https://fakestoreapi.com/img/71YAIFU48IL._AC_UL640_QL65_ML3_.jpg","rating":{"rate":3,"count":400}},{"id":8,"title":"Pierced Owl Rose Gold Plated Stainless Steel Double","price":10.99,"description":"Rose Gold Plated Double Flared Tunnel Plug Earrings. Made of 316L Stainless Steel","category":"jewelery","image":"https://fakestoreapi.com/img/51UDEzMJVpL._AC_UL640_QL65_ML3_.jpg","rating":{"rate":1.9,"count":100}},{"id":9,"title":"WD 2TB Elements Portable External Hard Drive - USB 3.0 ","price":64,"description":"USB 3.0 and USB 2.0 Compatibility Fast data transfers Improve PC Performance High Capacity; Compatibility Formatted NTFS for Windows 10, Windows 8.1, Windows 7; Reformatting may be required for other operating systems; Compatibility may vary depending on user’s hardware configuration and operating system","category":"electronics","image":"https://fakestoreapi.com/img/61IBBVJvSDL._AC_SY879_.jpg","rating":{"rate":3.3,"count":203}},{"id":10,"title":"SanDisk SSD PLUS 1TB Internal SSD - SATA III 6 Gb/s","price":109,"description":"Easy upgrade for faster boot up, shutdown, application load and response (As compared to 5400 RPM SATA 2.5” hard drive; Based on published specifications and internal benchmarking tests using PCMark vantage scores) Boosts burst write performance, making it ideal for typical PC workloads The perfect balance of performance and reliability Read/write speeds of up to 535MB/s/450MB/s (Based on internal testing; Performance may vary depending upon drive capacity, host device, OS and application.)","category":"electronics","image":"https://fakestoreapi.com/img/61U7T1koQqL._AC_SX679_.jpg","rating":{"rate":2.9,"count":470}},{"id":11,"title":"Silicon Power 256GB SSD 3D NAND A55 SLC Cache Performance Boost SATA III 2.5","price":109,"description":"3D NAND flash are applied to deliver high transfer speeds Remarkable transfer speeds that enable faster bootup and improved overall system performance. The advanced SLC Cache Technology allows performance boost and longer lifespan 7mm slim design suitable for Ultrabooks and Ultra-slim notebooks. Supports TRIM command, Garbage Collection technology, RAID, and ECC (Error Checking & Correction) to provide the optimized performance and enhanced reliability.","category":"electronics","image":"https://fakestoreapi.com/img/71kWymZ+c+L._AC_SX679_.jpg","rating":{"rate":4.8,"count":319}},{"id":12,"title":"WD 4TB Gaming Drive Works with Playstation 4 Portable External Hard Drive","price":114,"description":"Expand your PS4 gaming experience, Play anywhere Fast and easy, setup Sleek design with high capacity, 3-year manufacturer's limited warranty","category":"electronics","image":"https://fakestoreapi.com/img/61mtL65D4cL._AC_SX679_.jpg","rating":{"rate":4.8,"count":400}},{"id":13,"title":"Acer SB220Q bi 21.5 inches Full HD (1920 x 1080) IPS Ultra-Thin","price":599,"description":"21. 5 inches Full HD (1920 x 1080) widescreen IPS display And Radeon free Sync technology. No compatibility for VESA Mount Refresh Rate: 75Hz - Using HDMI port Zero-frame design | ultra-thin | 4ms response time | IPS panel Aspect ratio - 16: 9. Color Supported - 16. 7 million colors. Brightness - 250 nit Tilt angle -5 degree to 15 degree. Horizontal viewing angle-178 degree. Vertical viewing angle-178 degree 75 hertz","category":"electronics","image":"https://fakestoreapi.com/img/81QpkIctqPL._AC_SX679_.jpg","rating":{"rate":2.9,"count":250}},{"id":14,"title":"Samsung 49-Inch CHG90 144Hz Curved Gaming Monitor (LC49HG90DMNXZA) – Super Ultrawide Screen QLED ","price":999.99,"description":"49 INCH SUPER ULTRAWIDE 32:9 CURVED GAMING MONITOR with dual 27 inch screen side by side QUANTUM DOT (QLED) TECHNOLOGY, HDR support and factory calibration provides stunningly realistic and accurate color and contrast 144HZ HIGH REFRESH RATE and 1ms ultra fast response time work to eliminate motion blur, ghosting, and reduce input lag","category":"electronics","image":"https://fakestoreapi.com/img/81Zt42ioCgL._AC_SX679_.jpg","rating":{"rate":2.2,"count":140}},{"id":15,"title":"BIYLACLESEN Women's 3-in-1 Snowboard Jacket Winter Coats","price":56.99,"description":"Note:The Jackets is US standard size, Please choose size as your usual wear Material: 100% Polyester; Detachable Liner Fabric: Warm Fleece. Detachable Functional Liner: Skin Friendly, Lightweigt and Warm.Stand Collar Liner jacket, keep you warm in cold weather. Zippered Pockets: 2 Zippered Hand Pockets, 2 Zippered Pockets on Chest (enough to keep cards or keys)and 1 Hidden Pocket Inside.Zippered Hand Pockets and Hidden Pocket keep your things secure. Humanized Design: Adjustable and Detachable Hood and Adjustable cuff to prevent the wind and water,for a comfortable fit. 3 in 1 Detachable Design provide more convenience, you can separate the coat and inner as needed, or wear it together. It is suitable for different season and help you adapt to different climates","category":"women's clothing","image":"https://fakestoreapi.com/img/51Y5NI-I5jL._AC_UX679_.jpg","rating":{"rate":2.6,"count":235}},{"id":16,"title":"Lock and Love Women's Removable Hooded Faux Leather Moto Biker Jacket","price":29.95,"description":"100% POLYURETHANE(shell) 100% POLYESTER(lining) 75% POLYESTER 25% COTTON (SWEATER), Faux leather material for style and comfort / 2 pockets of front, 2-For-One Hooded denim style faux leather jacket, Button detail on waist / Detail stitching at sides, HAND WASH ONLY / DO NOT BLEACH / LINE DRY / DO NOT IRON","category":"women's clothing","image":"https://fakestoreapi.com/img/81XH0e8fefL._AC_UY879_.jpg","rating":{"rate":2.9,"count":340}},{"id":17,"title":"Rain Jacket Women Windbreaker Striped Climbing Raincoats","price":39.99,"description":"Lightweight perfet for trip or casual wear---Long sleeve with hooded, adjustable drawstring waist design. Button and zipper front closure raincoat, fully stripes Lined and The Raincoat has 2 side pockets are a good size to hold all kinds of things, it covers the hips, and the hood is generous but doesn't overdo it.Attached Cotton Lined Hood with Adjustable Drawstrings give it a real styled look.","category":"women's clothing","image":"https://fakestoreapi.com/img/71HblAHs5xL._AC_UY879_-2.jpg","rating":{"rate":3.8,"count":679}},{"id":18,"title":"MBJ Women's Solid Short Sleeve Boat Neck V ","price":9.85,"description":"95% RAYON 5% SPANDEX, Made in USA or Imported, Do Not Bleach, Lightweight fabric with great stretch for comfort, Ribbed on sleeves and neckline / Double stitching on bottom hem","category":"women's clothing","image":"https://fakestoreapi.com/img/71z3kpMAYsL._AC_UY879_.jpg","rating":{"rate":4.7,"count":130}},{"id":19,"title":"Opna Women's Short Sleeve Moisture","price":7.95,"description":"100% Polyester, Machine wash, 100% cationic polyester interlock, Machine Wash & Pre Shrunk for a Great Fit, Lightweight, roomy and highly breathable with moisture wicking fabric which helps to keep moisture away, Soft Lightweight Fabric with comfortable V-neck collar and a slimmer fit, delivers a sleek, more feminine silhouette and Added Comfort","category":"women's clothing","image":"https://fakestoreapi.com/img/51eg55uWmdL._AC_UX679_.jpg","rating":{"rate":4.5,"count":146}},{"id":20,"title":"DANVOUY Womens T Shirt Casual Cotton Short","price":12.99,"description":"95%Cotton,5%Spandex, Features: Casual, Short Sleeve, Letter Print,V-Neck,Fashion Tees, The fabric is soft and has some stretch., Occasion: Casual/Office/Beach/School/Home/Street. Season: Spring,Summer,Autumn,Winter.","category":"women's clothing","image":"https://fakestoreapi.com/img/61pHAEJ4NML._AC_UX679_.jpg","rating":{"rate":3.6,"count":145}}]
[{"title":"John Hardy Women's Legends Naga Gold & Silver Dragon Station Chain Bracelet","price":695,"id":5},{"title":"Solid Gold Petite Micropave ","price":168,"id":6},{"title":"White Gold Plated Princess","price":9.99,"id":7},{"title":"Pierced Owl Rose Gold Plated Stainless Steel Double","price":10.99,"id":8}]
4
title:John Hardy Women's Legends Naga Gold & Silver Dragon Station Chain Bracelet
price:695
id:5
-----------
title:Solid Gold Petite Micropave 
price:168
id:6
-----------
title:White Gold Plated Princess
price:9.99
id:7
-----------
title:Pierced Owl Rose Gold Plated Stainless Steel Double
price:10.99
id:8
-----------
]]></system-out>
  </testcase>
  <testcase name="productApiTest_ConditionalExamples_WithTwoAttributes" classname="JaywayJsonPath.JsonPathTest" time="0.425">
    <system-out><![CDATA[[{"id":1,"title":"Fjallraven - Foldsack No. 1 Backpack, Fits 15 Laptops","price":109.95,"description":"Your perfect pack for everyday use and walks in the forest. Stash your laptop (up to 15 inches) in the padded sleeve, your everyday","category":"men's clothing","image":"https://fakestoreapi.com/img/81fPKd-2AYL._AC_SL1500_.jpg","rating":{"rate":3.9,"count":120}},{"id":2,"title":"Mens Casual Premium Slim Fit T-Shirts ","price":22.3,"description":"Slim-fitting style, contrast raglan long sleeve, three-button henley placket, light weight & soft fabric for breathable and comfortable wearing. And Solid stitched shirts with round neck made for durability and a great fit for casual fashion wear and diehard baseball fans. The Henley style round neckline includes a three-button placket.","category":"men's clothing","image":"https://fakestoreapi.com/img/71-3HjGNDUL._AC_SY879._SX._UX._SY._UY_.jpg","rating":{"rate":4.1,"count":259}},{"id":3,"title":"Mens Cotton Jacket","price":55.99,"description":"great outerwear jackets for Spring/Autumn/Winter, suitable for many occasions, such as working, hiking, camping, mountain/rock climbing, cycling, traveling or other outdoors. Good gift choice for you or your family member. A warm hearted love to Father, husband or son in this thanksgiving or Christmas Day.","category":"men's clothing","image":"https://fakestoreapi.com/img/71li-ujtlUL._AC_UX679_.jpg","rating":{"rate":4.7,"count":500}},{"id":4,"title":"Mens Casual Slim Fit","price":15.99,"description":"The color could be slightly different between on the screen and in practice. / Please note that body builds vary by person, therefore, detailed size information should be reviewed below on the product description.","category":"men's clothing","image":"https://fakestoreapi.com/img/71YXzeOuslL._AC_UY879_.jpg","rating":{"rate":2.1,"count":430}},{"id":5,"title":"John Hardy Women's Legends Naga Gold & Silver Dragon Station Chain Bracelet","price":695,"description":"From our Legends Collection, the Naga was inspired by the mythical water dragon that protects the ocean's pearl. Wear facing inward to be bestowed with love and abundance, or outward for protection.","category":"jewelery","image":"https://fakestoreapi.com/img/71pWzhdJNwL._AC_UL640_QL65_ML3_.jpg","rating":{"rate":4.6,"count":400}},{"id":6,"title":"Solid Gold Petite Micropave ","price":168,"description":"Satisfaction Guaranteed. Return or exchange any order within 30 days.Designed and sold by Hafeez Center in the United States. Satisfaction Guaranteed. Return or exchange any order within 30 days.","category":"jewelery","image":"https://fakestoreapi.com/img/61sbMiUnoGL._AC_UL640_QL65_ML3_.jpg","rating":{"rate":3.9,"count":70}},{"id":7,"title":"White Gold Plated Princess","price":9.99,"description":"Classic Created Wedding Engagement Solitaire Diamond Promise Ring for Her. Gifts to spoil your love more for Engagement, Wedding, Anniversary, Valentine's Day...","category":"jewelery","image":"https://fakestoreapi.com/img/71YAIFU48IL._AC_UL640_QL65_ML3_.jpg","rating":{"rate":3,"count":400}},{"id":8,"title":"Pierced Owl Rose Gold Plated Stainless Steel Double","price":10.99,"description":"Rose Gold Plated Double Flared Tunnel Plug Earrings. Made of 316L Stainless Steel","category":"jewelery","image":"https://fakestoreapi.com/img/51UDEzMJVpL._AC_UL640_QL65_ML3_.jpg","rating":{"rate":1.9,"count":100}},{"id":9,"title":"WD 2TB Elements Portable External Hard Drive - USB 3.0 ","price":64,"description":"USB 3.0 and USB 2.0 Compatibility Fast data transfers Improve PC Performance High Capacity; Compatibility Formatted NTFS for Windows 10, Windows 8.1, Windows 7; Reformatting may be required for other operating systems; Compatibility may vary depending on user’s hardware configuration and operating system","category":"electronics","image":"https://fakestoreapi.com/img/61IBBVJvSDL._AC_SY879_.jpg","rating":{"rate":3.3,"count":203}},{"id":10,"title":"SanDisk SSD PLUS 1TB Internal SSD - SATA III 6 Gb/s","price":109,"description":"Easy upgrade for faster boot up, shutdown, application load and response (As compared to 5400 RPM SATA 2.5” hard drive; Based on published specifications and internal benchmarking tests using PCMark vantage scores) Boosts burst write performance, making it ideal for typical PC workloads The perfect balance of performance and reliability Read/write speeds of up to 535MB/s/450MB/s (Based on internal testing; Performance may vary depending upon drive capacity, host device, OS and application.)","category":"electronics","image":"https://fakestoreapi.com/img/61U7T1koQqL._AC_SX679_.jpg","rating":{"rate":2.9,"count":470}},{"id":11,"title":"Silicon Power 256GB SSD 3D NAND A55 SLC Cache Performance Boost SATA III 2.5","price":109,"description":"3D NAND flash are applied to deliver high transfer speeds Remarkable transfer speeds that enable faster bootup and improved overall system performance. The advanced SLC Cache Technology allows performance boost and longer lifespan 7mm slim design suitable for Ultrabooks and Ultra-slim notebooks. Supports TRIM command, Garbage Collection technology, RAID, and ECC (Error Checking & Correction) to provide the optimized performance and enhanced reliability.","category":"electronics","image":"https://fakestoreapi.com/img/71kWymZ+c+L._AC_SX679_.jpg","rating":{"rate":4.8,"count":319}},{"id":12,"title":"WD 4TB Gaming Drive Works with Playstation 4 Portable External Hard Drive","price":114,"description":"Expand your PS4 gaming experience, Play anywhere Fast and easy, setup Sleek design with high capacity, 3-year manufacturer's limited warranty","category":"electronics","image":"https://fakestoreapi.com/img/61mtL65D4cL._AC_SX679_.jpg","rating":{"rate":4.8,"count":400}},{"id":13,"title":"Acer SB220Q bi 21.5 inches Full HD (1920 x 1080) IPS Ultra-Thin","price":599,"description":"21. 5 inches Full HD (1920 x 1080) widescreen IPS display And Radeon free Sync technology. No compatibility for VESA Mount Refresh Rate: 75Hz - Using HDMI port Zero-frame design | ultra-thin | 4ms response time | IPS panel Aspect ratio - 16: 9. Color Supported - 16. 7 million colors. Brightness - 250 nit Tilt angle -5 degree to 15 degree. Horizontal viewing angle-178 degree. Vertical viewing angle-178 degree 75 hertz","category":"electronics","image":"https://fakestoreapi.com/img/81QpkIctqPL._AC_SX679_.jpg","rating":{"rate":2.9,"count":250}},{"id":14,"title":"Samsung 49-Inch CHG90 144Hz Curved Gaming Monitor (LC49HG90DMNXZA) – Super Ultrawide Screen QLED ","price":999.99,"description":"49 INCH SUPER ULTRAWIDE 32:9 CURVED GAMING MONITOR with dual 27 inch screen side by side QUANTUM DOT (QLED) TECHNOLOGY, HDR support and factory calibration provides stunningly realistic and accurate color and contrast 144HZ HIGH REFRESH RATE and 1ms ultra fast response time work to eliminate motion blur, ghosting, and reduce input lag","category":"electronics","image":"https://fakestoreapi.com/img/81Zt42ioCgL._AC_SX679_.jpg","rating":{"rate":2.2,"count":140}},{"id":15,"title":"BIYLACLESEN Women's 3-in-1 Snowboard Jacket Winter Coats","price":56.99,"description":"Note:The Jackets is US standard size, Please choose size as your usual wear Material: 100% Polyester; Detachable Liner Fabric: Warm Fleece. Detachable Functional Liner: Skin Friendly, Lightweigt and Warm.Stand Collar Liner jacket, keep you warm in cold weather. Zippered Pockets: 2 Zippered Hand Pockets, 2 Zippered Pockets on Chest (enough to keep cards or keys)and 1 Hidden Pocket Inside.Zippered Hand Pockets and Hidden Pocket keep your things secure. Humanized Design: Adjustable and Detachable Hood and Adjustable cuff to prevent the wind and water,for a comfortable fit. 3 in 1 Detachable Design provide more convenience, you can separate the coat and inner as needed, or wear it together. It is suitable for different season and help you adapt to different climates","category":"women's clothing","image":"https://fakestoreapi.com/img/51Y5NI-I5jL._AC_UX679_.jpg","rating":{"rate":2.6,"count":235}},{"id":16,"title":"Lock and Love Women's Removable Hooded Faux Leather Moto Biker Jacket","price":29.95,"description":"100% POLYURETHANE(shell) 100% POLYESTER(lining) 75% POLYESTER 25% COTTON (SWEATER), Faux leather material for style and comfort / 2 pockets of front, 2-For-One Hooded denim style faux leather jacket, Button detail on waist / Detail stitching at sides, HAND WASH ONLY / DO NOT BLEACH / LINE DRY / DO NOT IRON","category":"women's clothing","image":"https://fakestoreapi.com/img/81XH0e8fefL._AC_UY879_.jpg","rating":{"rate":2.9,"count":340}},{"id":17,"title":"Rain Jacket Women Windbreaker Striped Climbing Raincoats","price":39.99,"description":"Lightweight perfet for trip or casual wear---Long sleeve with hooded, adjustable drawstring waist design. Button and zipper front closure raincoat, fully stripes Lined and The Raincoat has 2 side pockets are a good size to hold all kinds of things, it covers the hips, and the hood is generous but doesn't overdo it.Attached Cotton Lined Hood with Adjustable Drawstrings give it a real styled look.","category":"women's clothing","image":"https://fakestoreapi.com/img/71HblAHs5xL._AC_UY879_-2.jpg","rating":{"rate":3.8,"count":679}},{"id":18,"title":"MBJ Women's Solid Short Sleeve Boat Neck V ","price":9.85,"description":"95% RAYON 5% SPANDEX, Made in USA or Imported, Do Not Bleach, Lightweight fabric with great stretch for comfort, Ribbed on sleeves and neckline / Double stitching on bottom hem","category":"women's clothing","image":"https://fakestoreapi.com/img/71z3kpMAYsL._AC_UY879_.jpg","rating":{"rate":4.7,"count":130}},{"id":19,"title":"Opna Women's Short Sleeve Moisture","price":7.95,"description":"100% Polyester, Machine wash, 100% cationic polyester interlock, Machine Wash & Pre Shrunk for a Great Fit, Lightweight, roomy and highly breathable with moisture wicking fabric which helps to keep moisture away, Soft Lightweight Fabric with comfortable V-neck collar and a slimmer fit, delivers a sleek, more feminine silhouette and Added Comfort","category":"women's clothing","image":"https://fakestoreapi.com/img/51eg55uWmdL._AC_UX679_.jpg","rating":{"rate":4.5,"count":146}},{"id":20,"title":"DANVOUY Womens T Shirt Casual Cotton Short","price":12.99,"description":"95%Cotton,5%Spandex, Features: Casual, Short Sleeve, Letter Print,V-Neck,Fashion Tees, The fabric is soft and has some stretch., Occasion: Casual/Office/Beach/School/Home/Street. Season: Spring,Summer,Autumn,Winter.","category":"women's clothing","image":"https://fakestoreapi.com/img/61pHAEJ4NML._AC_UX679_.jpg","rating":{"rate":3.6,"count":145}}]
[{"title":"John Hardy Women's Legends Naga Gold & Silver Dragon Station Chain Bracelet","price":695},{"title":"Solid Gold Petite Micropave ","price":168},{"title":"White Gold Plated Princess","price":9.99},{"title":"Pierced Owl Rose Gold Plated Stainless Steel Double","price":10.99}]
4
title:John Hardy Women's Legends Naga Gold & Silver Dragon Station Chain Bracelet
price:695
-----------
title:Solid Gold Petite Micropave 
price:168
-----------
title:White Gold Plated Princess
price:9.99
-----------
title:Pierced Owl Rose Gold Plated Stainless Steel Double
price:10.99
-----------
]]></system-out>
  </testcase>
  <testcase name="getProductTest" classname="JaywayJsonPath.JsonPathMethodsTest" time="0.446">
    <system-out><![CDATA[Request method:	GET
Request URI:	https://fakestoreapi.com/products
Proxy:			<none>
Request params:	<none>
Query params:	<none>
Form params:	<none>
Path params:	<none>
Headers:		Accept=*/*
Cookies:		<none>
Multiparts:		<none>
Body:			<none>
[{"id":1,"title":"Fjallraven - Foldsack No. 1 Backpack, Fits 15 Laptops","price":109.95,"description":"Your perfect pack for everyday use and walks in the forest. Stash your laptop (up to 15 inches) in the padded sleeve, your everyday","category":"men's clothing","image":"https://fakestoreapi.com/img/81fPKd-2AYL._AC_SL1500_.jpg","rating":{"rate":3.9,"count":120}},{"id":2,"title":"Mens Casual Premium Slim Fit T-Shirts ","price":22.3,"description":"Slim-fitting style, contrast raglan long sleeve, three-button henley placket, light weight & soft fabric for breathable and comfortable wearing. And Solid stitched shirts with round neck made for durability and a great fit for casual fashion wear and diehard baseball fans. The Henley style round neckline includes a three-button placket.","category":"men's clothing","image":"https://fakestoreapi.com/img/71-3HjGNDUL._AC_SY879._SX._UX._SY._UY_.jpg","rating":{"rate":4.1,"count":259}},{"id":3,"title":"Mens Cotton Jacket","price":55.99,"description":"great outerwear jackets for Spring/Autumn/Winter, suitable for many occasions, such as working, hiking, camping, mountain/rock climbing, cycling, traveling or other outdoors. Good gift choice for you or your family member. A warm hearted love to Father, husband or son in this thanksgiving or Christmas Day.","category":"men's clothing","image":"https://fakestoreapi.com/img/71li-ujtlUL._AC_UX679_.jpg","rating":{"rate":4.7,"count":500}},{"id":4,"title":"Mens Casual Slim Fit","price":15.99,"description":"The color could be slightly different between on the screen and in practice. / Please note that body builds vary by person, therefore, detailed size information should be reviewed below on the product description.","category":"men's clothing","image":"https://fakestoreapi.com/img/71YXzeOuslL._AC_UY879_.jpg","rating":{"rate":2.1,"count":430}},{"id":5,"title":"John Hardy Women's Legends Naga Gold & Silver Dragon Station Chain Bracelet","price":695,"description":"From our Legends Collection, the Naga was inspired by the mythical water dragon that protects the ocean's pearl. Wear facing inward to be bestowed with love and abundance, or outward for protection.","category":"jewelery","image":"https://fakestoreapi.com/img/71pWzhdJNwL._AC_UL640_QL65_ML3_.jpg","rating":{"rate":4.6,"count":400}},{"id":6,"title":"Solid Gold Petite Micropave ","price":168,"description":"Satisfaction Guaranteed. Return or exchange any order within 30 days.Designed and sold by Hafeez Center in the United States. Satisfaction Guaranteed. Return or exchange any order within 30 days.","category":"jewelery","image":"https://fakestoreapi.com/img/61sbMiUnoGL._AC_UL640_QL65_ML3_.jpg","rating":{"rate":3.9,"count":70}},{"id":7,"title":"White Gold Plated Princess","price":9.99,"description":"Classic Created Wedding Engagement Solitaire Diamond Promise Ring for Her. Gifts to spoil your love more for Engagement, Wedding, Anniversary, Valentine's Day...","category":"jewelery","image":"https://fakestoreapi.com/img/71YAIFU48IL._AC_UL640_QL65_ML3_.jpg","rating":{"rate":3,"count":400}},{"id":8,"title":"Pierced Owl Rose Gold Plated Stainless Steel Double","price":10.99,"description":"Rose Gold Plated Double Flared Tunnel Plug Earrings. Made of 316L Stainless Steel","category":"jewelery","image":"https://fakestoreapi.com/img/51UDEzMJVpL._AC_UL640_QL65_ML3_.jpg","rating":{"rate":1.9,"count":100}},{"id":9,"title":"WD 2TB Elements Portable External Hard Drive - USB 3.0 ","price":64,"description":"USB 3.0 and USB 2.0 Compatibility Fast data transfers Improve PC Performance High Capacity; Compatibility Formatted NTFS for Windows 10, Windows 8.1, Windows 7; Reformatting may be required for other operating systems; Compatibility may vary depending on user’s hardware configuration and operating system","category":"electronics","image":"https://fakestoreapi.com/img/61IBBVJvSDL._AC_SY879_.jpg","rating":{"rate":3.3,"count":203}},{"id":10,"title":"SanDisk SSD PLUS 1TB Internal SSD - SATA III 6 Gb/s","price":109,"description":"Easy upgrade for faster boot up, shutdown, application load and response (As compared to 5400 RPM SATA 2.5” hard drive; Based on published specifications and internal benchmarking tests using PCMark vantage scores) Boosts burst write performance, making it ideal for typical PC workloads The perfect balance of performance and reliability Read/write speeds of up to 535MB/s/450MB/s (Based on internal testing; Performance may vary depending upon drive capacity, host device, OS and application.)","category":"electronics","image":"https://fakestoreapi.com/img/61U7T1koQqL._AC_SX679_.jpg","rating":{"rate":2.9,"count":470}},{"id":11,"title":"Silicon Power 256GB SSD 3D NAND A55 SLC Cache Performance Boost SATA III 2.5","price":109,"description":"3D NAND flash are applied to deliver high transfer speeds Remarkable transfer speeds that enable faster bootup and improved overall system performance. The advanced SLC Cache Technology allows performance boost and longer lifespan 7mm slim design suitable for Ultrabooks and Ultra-slim notebooks. Supports TRIM command, Garbage Collection technology, RAID, and ECC (Error Checking & Correction) to provide the optimized performance and enhanced reliability.","category":"electronics","image":"https://fakestoreapi.com/img/71kWymZ+c+L._AC_SX679_.jpg","rating":{"rate":4.8,"count":319}},{"id":12,"title":"WD 4TB Gaming Drive Works with Playstation 4 Portable External Hard Drive","price":114,"description":"Expand your PS4 gaming experience, Play anywhere Fast and easy, setup Sleek design with high capacity, 3-year manufacturer's limited warranty","category":"electronics","image":"https://fakestoreapi.com/img/61mtL65D4cL._AC_SX679_.jpg","rating":{"rate":4.8,"count":400}},{"id":13,"title":"Acer SB220Q bi 21.5 inches Full HD (1920 x 1080) IPS Ultra-Thin","price":599,"description":"21. 5 inches Full HD (1920 x 1080) widescreen IPS display And Radeon free Sync technology. No compatibility for VESA Mount Refresh Rate: 75Hz - Using HDMI port Zero-frame design | ultra-thin | 4ms response time | IPS panel Aspect ratio - 16: 9. Color Supported - 16. 7 million colors. Brightness - 250 nit Tilt angle -5 degree to 15 degree. Horizontal viewing angle-178 degree. Vertical viewing angle-178 degree 75 hertz","category":"electronics","image":"https://fakestoreapi.com/img/81QpkIctqPL._AC_SX679_.jpg","rating":{"rate":2.9,"count":250}},{"id":14,"title":"Samsung 49-Inch CHG90 144Hz Curved Gaming Monitor (LC49HG90DMNXZA) – Super Ultrawide Screen QLED ","price":999.99,"description":"49 INCH SUPER ULTRAWIDE 32:9 CURVED GAMING MONITOR with dual 27 inch screen side by side QUANTUM DOT (QLED) TECHNOLOGY, HDR support and factory calibration provides stunningly realistic and accurate color and contrast 144HZ HIGH REFRESH RATE and 1ms ultra fast response time work to eliminate motion blur, ghosting, and reduce input lag","category":"electronics","image":"https://fakestoreapi.com/img/81Zt42ioCgL._AC_SX679_.jpg","rating":{"rate":2.2,"count":140}},{"id":15,"title":"BIYLACLESEN Women's 3-in-1 Snowboard Jacket Winter Coats","price":56.99,"description":"Note:The Jackets is US standard size, Please choose size as your usual wear Material: 100% Polyester; Detachable Liner Fabric: Warm Fleece. Detachable Functional Liner: Skin Friendly, Lightweigt and Warm.Stand Collar Liner jacket, keep you warm in cold weather. Zippered Pockets: 2 Zippered Hand Pockets, 2 Zippered Pockets on Chest (enough to keep cards or keys)and 1 Hidden Pocket Inside.Zippered Hand Pockets and Hidden Pocket keep your things secure. Humanized Design: Adjustable and Detachable Hood and Adjustable cuff to prevent the wind and water,for a comfortable fit. 3 in 1 Detachable Design provide more convenience, you can separate the coat and inner as needed, or wear it together. It is suitable for different season and help you adapt to different climates","category":"women's clothing","image":"https://fakestoreapi.com/img/51Y5NI-I5jL._AC_UX679_.jpg","rating":{"rate":2.6,"count":235}},{"id":16,"title":"Lock and Love Women's Removable Hooded Faux Leather Moto Biker Jacket","price":29.95,"description":"100% POLYURETHANE(shell) 100% POLYESTER(lining) 75% POLYESTER 25% COTTON (SWEATER), Faux leather material for style and comfort / 2 pockets of front, 2-For-One Hooded denim style faux leather jacket, Button detail on waist / Detail stitching at sides, HAND WASH ONLY / DO NOT BLEACH / LINE DRY / DO NOT IRON","category":"women's clothing","image":"https://fakestoreapi.com/img/81XH0e8fefL._AC_UY879_.jpg","rating":{"rate":2.9,"count":340}},{"id":17,"title":"Rain Jacket Women Windbreaker Striped Climbing Raincoats","price":39.99,"description":"Lightweight perfet for trip or casual wear---Long sleeve with hooded, adjustable drawstring waist design. Button and zipper front closure raincoat, fully stripes Lined and The Raincoat has 2 side pockets are a good size to hold all kinds of things, it covers the hips, and the hood is generous but doesn't overdo it.Attached Cotton Lined Hood with Adjustable Drawstrings give it a real styled look.","category":"women's clothing","image":"https://fakestoreapi.com/img/71HblAHs5xL._AC_UY879_-2.jpg","rating":{"rate":3.8,"count":679}},{"id":18,"title":"MBJ Women's Solid Short Sleeve Boat Neck V ","price":9.85,"description":"95% RAYON 5% SPANDEX, Made in USA or Imported, Do Not Bleach, Lightweight fabric with great stretch for comfort, Ribbed on sleeves and neckline / Double stitching on bottom hem","category":"women's clothing","image":"https://fakestoreapi.com/img/71z3kpMAYsL._AC_UY879_.jpg","rating":{"rate":4.7,"count":130}},{"id":19,"title":"Opna Women's Short Sleeve Moisture","price":7.95,"description":"100% Polyester, Machine wash, 100% cationic polyester interlock, Machine Wash & Pre Shrunk for a Great Fit, Lightweight, roomy and highly breathable with moisture wicking fabric which helps to keep moisture away, Soft Lightweight Fabric with comfortable V-neck collar and a slimmer fit, delivers a sleek, more feminine silhouette and Added Comfort","category":"women's clothing","image":"https://fakestoreapi.com/img/51eg55uWmdL._AC_UX679_.jpg","rating":{"rate":4.5,"count":146}},{"id":20,"title":"DANVOUY Womens T Shirt Casual Cotton Short","price":12.99,"description":"95%Cotton,5%Spandex, Features: Casual, Short Sleeve, Letter Print,V-Neck,Fashion Tees, The fabric is soft and has some stretch., Occasion: Casual/Office/Beach/School/Home/Street. Season: Spring,Summer,Autumn,Winter.","category":"women's clothing","image":"https://fakestoreapi.com/img/61pHAEJ4NML._AC_UX679_.jpg","rating":{"rate":3.6,"count":145}}]
Minimum price: 7.95
-----------
Maximum price: 999.99
-----------
Average price: 162.04599999999994
-----------
Standard deviation: 265.32775377634357
-----------
Array length: 20
-----------
Sum of prices: 3240.9199999999987
-----------
Property keys: null
-----------
Concatenated result: 109.9522.355.9915.996951689.9910.9964109109114599999.9956.9929.9539.999.857.9512.990.00001'
-----------
Appended result: [{"id":1,"title":"Fjallraven - Foldsack No. 1 Backpack, Fits 15 Laptops","price":109.95,"description":"Your perfect pack for everyday use and walks in the forest. Stash your laptop (up to 15 inches) in the padded sleeve, your everyday","category":"men's clothing","image":"https:\/\/fakestoreapi.com\/img\/81fPKd-2AYL._AC_SL1500_.jpg","rating":{"rate":3.9,"count":120}},{"id":2,"title":"Mens Casual Premium Slim Fit T-Shirts ","price":22.3,"description":"Slim-fitting style, contrast raglan long sleeve, three-button henley placket, light weight & soft fabric for breathable and comfortable wearing. And Solid stitched shirts with round neck made for durability and a great fit for casual fashion wear and diehard baseball fans. The Henley style round neckline includes a three-button placket.","category":"men's clothing","image":"https:\/\/fakestoreapi.com\/img\/71-3HjGNDUL._AC_SY879._SX._UX._SY._UY_.jpg","rating":{"rate":4.1,"count":259}},{"id":3,"title":"Mens Cotton Jacket","price":55.99,"description":"great outerwear jackets for Spring\/Autumn\/Winter, suitable for many occasions, such as working, hiking, camping, mountain\/rock climbing, cycling, traveling or other outdoors. Good gift choice for you or your family member. A warm hearted love to Father, husband or son in this thanksgiving or Christmas Day.","category":"men's clothing","image":"https:\/\/fakestoreapi.com\/img\/71li-ujtlUL._AC_UX679_.jpg","rating":{"rate":4.7,"count":500}},{"id":4,"title":"Mens Casual Slim Fit","price":15.99,"description":"The color could be slightly different between on the screen and in practice. \/ Please note that body builds vary by person, therefore, detailed size information should be reviewed below on the product description.","category":"men's clothing","image":"https:\/\/fakestoreapi.com\/img\/71YXzeOuslL._AC_UY879_.jpg","rating":{"rate":2.1,"count":430}},{"id":5,"title":"John Hardy Women's Legends Naga Gold & Silver Dragon Station Chain Bracelet","price":695,"description":"From our Legends Collection, the Naga was inspired by the mythical water dragon that protects the ocean's pearl. Wear facing inward to be bestowed with love and abundance, or outward for protection.","category":"jewelery","image":"https:\/\/fakestoreapi.com\/img\/71pWzhdJNwL._AC_UL640_QL65_ML3_.jpg","rating":{"rate":4.6,"count":400}},{"id":6,"title":"Solid Gold Petite Micropave ","price":168,"description":"Satisfaction Guaranteed. Return or exchange any order within 30 days.Designed and sold by Hafeez Center in the United States. Satisfaction Guaranteed. Return or exchange any order within 30 days.","category":"jewelery","image":"https:\/\/fakestoreapi.com\/img\/61sbMiUnoGL._AC_UL640_QL65_ML3_.jpg","rating":{"rate":3.9,"count":70}},{"id":7,"title":"White Gold Plated Princess","price":9.99,"description":"Classic Created Wedding Engagement Solitaire Diamond Promise Ring for Her. Gifts to spoil your love more for Engagement, Wedding, Anniversary, Valentine's Day...","category":"jewelery","image":"https:\/\/fakestoreapi.com\/img\/71YAIFU48IL._AC_UL640_QL65_ML3_.jpg","rating":{"rate":3,"count":400}},{"id":8,"title":"Pierced Owl Rose Gold Plated Stainless Steel Double","price":10.99,"description":"Rose Gold Plated Double Flared Tunnel Plug Earrings. Made of 316L Stainless Steel","category":"jewelery","image":"https:\/\/fakestoreapi.com\/img\/51UDEzMJVpL._AC_UL640_QL65_ML3_.jpg","rating":{"rate":1.9,"count":100}},{"id":9,"title":"WD 2TB Elements Portable External Hard Drive - USB 3.0 ","price":64,"description":"USB 3.0 and USB 2.0 Compatibility Fast data transfers Improve PC Performance High Capacity; Compatibility Formatted NTFS for Windows 10, Windows 8.1, Windows 7; Reformatting may be required for other operating systems; Compatibility may vary depending on user\u2019s hardware configuration and operating system","category":"electronics","image":"https:\/\/fakestoreapi.com\/img\/61IBBVJvSDL._AC_SY879_.jpg","rating":{"rate":3.3,"count":203}},{"id":10,"title":"SanDisk SSD PLUS 1TB Internal SSD - SATA III 6 Gb\/s","price":109,"description":"Easy upgrade for faster boot up, shutdown, application load and response (As compared to 5400 RPM SATA 2.5\u201D hard drive; Based on published specifications and internal benchmarking tests using PCMark vantage scores) Boosts burst write performance, making it ideal for typical PC workloads The perfect balance of performance and reliability Read\/write speeds of up to 535MB\/s\/450MB\/s (Based on internal testing; Performance may vary depending upon drive capacity, host device, OS and application.)","category":"electronics","image":"https:\/\/fakestoreapi.com\/img\/61U7T1koQqL._AC_SX679_.jpg","rating":{"rate":2.9,"count":470}},{"id":11,"title":"Silicon Power 256GB SSD 3D NAND A55 SLC Cache Performance Boost SATA III 2.5","price":109,"description":"3D NAND flash are applied to deliver high transfer speeds Remarkable transfer speeds that enable faster bootup and improved overall system performance. The advanced SLC Cache Technology allows performance boost and longer lifespan 7mm slim design suitable for Ultrabooks and Ultra-slim notebooks. Supports TRIM command, Garbage Collection technology, RAID, and ECC (Error Checking & Correction) to provide the optimized performance and enhanced reliability.","category":"electronics","image":"https:\/\/fakestoreapi.com\/img\/71kWymZ+c+L._AC_SX679_.jpg","rating":{"rate":4.8,"count":319}},{"id":12,"title":"WD 4TB Gaming Drive Works with Playstation 4 Portable External Hard Drive","price":114,"description":"Expand your PS4 gaming experience, Play anywhere Fast and easy, setup Sleek design with high capacity, 3-year manufacturer's limited warranty","category":"electronics","image":"https:\/\/fakestoreapi.com\/img\/61mtL65D4cL._AC_SX679_.jpg","rating":{"rate":4.8,"count":400}},{"id":13,"title":"Acer SB220Q bi 21.5 inches Full HD (1920 x 1080) IPS Ultra-Thin","price":599,"description":"21. 5 inches Full HD (1920 x 1080) widescreen IPS display And Radeon free Sync technology. No compatibility for VESA Mount Refresh Rate: 75Hz - Using HDMI port Zero-frame design | ultra-thin | 4ms response time | IPS panel Aspect ratio - 16: 9. Color Supported - 16. 7 million colors. Brightness - 250 nit Tilt angle -5 degree to 15 degree. Horizontal viewing angle-178 degree. Vertical viewing angle-178 degree 75 hertz","category":"electronics","image":"https:\/\/fakestoreapi.com\/img\/81QpkIctqPL._AC_SX679_.jpg","rating":{"rate":2.9,"count":250}},{"id":14,"title":"Samsung 49-Inch CHG90 144Hz Curved Gaming Monitor (LC49HG90DMNXZA) \u2013 Super Ultrawide Screen QLED ","price":999.99,"description":"49 INCH SUPER ULTRAWIDE 32:9 CURVED GAMING MONITOR with dual 27 inch screen side by side QUANTUM DOT (QLED) TECHNOLOGY, HDR support and factory calibration provides stunningly realistic and accurate color and contrast 144HZ HIGH REFRESH RATE and 1ms ultra fast response time work to eliminate motion blur, ghosting, and reduce input lag","category":"electronics","image":"https:\/\/fakestoreapi.com\/img\/81Zt42ioCgL._AC_SX679_.jpg","rating":{"rate":2.2,"count":140}},{"id":15,"title":"BIYLACLESEN Women's 3-in-1 Snowboard Jacket Winter Coats","price":56.99,"description":"Note:The Jackets is US standard size, Please choose size as your usual wear Material: 100% Polyester; Detachable Liner Fabric: Warm Fleece. Detachable Functional Liner: Skin Friendly, Lightweigt and Warm.Stand Collar Liner jacket, keep you warm in cold weather. Zippered Pockets: 2 Zippered Hand Pockets, 2 Zippered Pockets on Chest (enough to keep cards or keys)and 1 Hidden Pocket Inside.Zippered Hand Pockets and Hidden Pocket keep your things secure. Humanized Design: Adjustable and Detachable Hood and Adjustable cuff to prevent the wind and water,for a comfortable fit. 3 in 1 Detachable Design provide more convenience, you can separate the coat and inner as needed, or wear it together. It is suitable for different season and help you adapt to different climates","category":"women's clothing","image":"https:\/\/fakestoreapi.com\/img\/51Y5NI-I5jL._AC_UX679_.jpg","rating":{"rate":2.6,"count":235}},{"id":16,"title":"Lock and Love Women's Removable Hooded Faux Leather Moto Biker Jacket","price":29.95,"description":"100% POLYURETHANE(shell) 100% POLYESTER(lining) 75% POLYESTER 25% COTTON (SWEATER), Faux leather material for style and comfort \/ 2 pockets of front, 2-For-One Hooded denim style faux leather jacket, Button detail on waist \/ Detail stitching at sides, HAND WASH ONLY \/ DO NOT BLEACH \/ LINE DRY \/ DO NOT IRON","category":"women's clothing","image":"https:\/\/fakestoreapi.com\/img\/81XH0e8fefL._AC_UY879_.jpg","rating":{"rate":2.9,"count":340}},{"id":17,"title":"Rain Jacket Women Windbreaker Striped Climbing Raincoats","price":39.99,"description":"Lightweight perfet for trip or casual wear---Long sleeve with hooded, adjustable drawstring waist design. Button and zipper front closure raincoat, fully stripes Lined and The Raincoat has 2 side pockets are a good size to hold all kinds of things, it covers the hips, and the hood is generous but doesn't overdo it.Attached Cotton Lined Hood with Adjustable Drawstrings give it a real styled look.","category":"women's clothing","image":"https:\/\/fakestoreapi.com\/img\/71HblAHs5xL._AC_UY879_-2.jpg","rating":{"rate":3.8,"count":679}},{"id":18,"title":"MBJ Women's Solid Short Sleeve Boat Neck V ","price":9.85,"description":"95% RAYON 5% SPANDEX, Made in USA or Imported, Do Not Bleach, Lightweight fabric with great stretch for comfort, Ribbed on sleeves and neckline \/ Double stitching on bottom hem","category":"women's clothing","image":"https:\/\/fakestoreapi.com\/img\/71z3kpMAYsL._AC_UY879_.jpg","rating":{"rate":4.7,"count":130}},{"id":19,"title":"Opna Women's Short Sleeve Moisture","price":7.95,"description":"100% Polyester, Machine wash, 100% cationic polyester interlock, Machine Wash & Pre Shrunk for a Great Fit, Lightweight, roomy and highly breathable with moisture wicking fabric which helps to keep moisture away, Soft Lightweight Fabric with comfortable V-neck collar and a slimmer fit, delivers a sleek, more feminine silhouette and Added Comfort","category":"women's clothing","image":"https:\/\/fakestoreapi.com\/img\/51eg55uWmdL._AC_UX679_.jpg","rating":{"rate":4.5,"count":146}},{"id":20,"title":"DANVOUY Womens T Shirt Casual Cotton Short","price":12.99,"description":"95%Cotton,5%Spandex, Features: Casual, Short Sleeve, Letter Print,V-Neck,Fashion Tees, The fabric is soft and has some stretch., Occasion: Casual\/Office\/Beach\/School\/Home\/Street. Season: Spring,Summer,Autumn,Winter.","category":"women's clothing","image":"https:\/\/fakestoreapi.com\/img\/61pHAEJ4NML._AC_UX679_.jpg","rating":{"rate":3.6,"count":145}},[109.95,22.3,55.99,15.99,695,168,9.99,10.99,64,109,109,114,599,999.99,56.99,29.95,39.99,9.85,7.95,12.99],"0.900001'"]
-----------
First item: {id=1, title=Fjallraven - Foldsack No. 1 Backpack, Fits 15 Laptops, price=109.95, description=Your perfect pack for everyday use and walks in the forest. Stash your laptop (up to 15 inches) in the padded sleeve, your everyday, category=men's clothing, image=https://fakestoreapi.com/img/81fPKd-2AYL._AC_SL1500_.jpg, rating={rate=3.9, count=120}}
-----------
Last item: {id=20, title=DANVOUY Womens T Shirt Casual Cotton Short, price=12.99, description=95%Cotton,5%Spandex, Features: Casual, Short Sleeve, Letter Print,V-Neck,Fashion Tees, The fabric is soft and has some stretch., Occasion: Casual/Office/Beach/School/Home/Street. Season: Spring,Summer,Autumn,Winter., category=women's clothing, image=https://fakestoreapi.com/img/61pHAEJ4NML._AC_UX679_.jpg, rating={rate=3.6, count=145}}
Item at index 2: {id=3, title=Mens Cotton Jacket, price=55.99, description=great outerwear jackets for Spring/Autumn/Winter, suitable for many occasions, such as working, hiking, camping, mountain/rock climbing, cycling, traveling or other outdoors. Good gift choice for you or your family member. A warm hearted love to Father, husband or son in this thanksgiving or Christmas Day., category=men's clothing, image=https://fakestoreapi.com/img/71li-ujtlUL._AC_UX679_.jpg, rating={rate=4.7, count=500}}
]]></system-out>
  </testcase>
  <testcase name="Xmltest_With_Deserialization" classname="XMLAPITests.GORestXMLPathTest" time="0.614">
    <system-out><![CDATA[id is : 7825341
email is : chattopadhyay_anamika@boyer-skiles.test
gender is : male
name is : Anamika Chattopadhyay
status is : inactive
objects type is : array
id type is : integer
]]></system-out>
  </testcase>
  <testcase name="gorestAPITest" classname="XMLAPITests.GORestXMLPathTest" time="0.967">
    <system-out><![CDATA[object type is :array
------------
id type is :[integer, integer, integer, integer, integer, integer, integer, integer, integer, integer]
integer
integer
integer
integer
integer
integer
integer
integer
integer
integer
------------
[7825341, 7824119, 7824118, 7824117, 7824116, 7824115, 7824114, 7824113, 7824112, 7824111]
10
false
------------
]]></system-out>
  </testcase>
  <testcase name="getUser_WithReq_Spec" classname="RequestResponseSpecUsingBuilder.RequestSpecBuilderTest" time="1.097"/>
  <testcase name="getUser_WithReq_Spec_QueryParam" classname="RequestResponseSpecUsingBuilder.RequestSpecBuilderTest" time="0.924">
    <system-out><![CDATA[Request method:	GET
Request URI:	https://gorest.co.in/public/v2/users?name=naveen&status=active
Proxy:			<none>
Request params:	<none>
Query params:	name=naveen
				status=active
Form params:	<none>
Path params:	<none>
Headers:		Authorization=Bearer e4b8e1f593dc4a731a153c5ec8cc9b8bbb583ae964ce650a741113091b4e2ac6
				Accept=*/*
				Content-Type=application/json
Cookies:		<none>
Multiparts:		<none>
Body:			<none>
]]></system-out>
  </testcase>
  <testcase name="getUserTest" classname="RequestResponseSpecUsingBuilder.RequestResponseSpecTest" time="0.658">
    <system-out><![CDATA[{
    "type": "amadeusOAuth2Token",
    "username": "naveenanimation20@gmail.com",
    "application_name": "NaveenAPI",
    "client_id": "VXBJs37GsjZLfpjh7VqJrNdFLV0uryvV",
    "token_type": "Bearer",
    "access_token": "rtPVjKJvzedH6RAbcpE3idJA1pw1",
    "expires_in": 1799,
    "state": "approved",
    "scope": ""
}
]]></system-out>
  </testcase>
  <testcase name="getUsersTest" classname="RequestResponseSpecUsingBuilder.ResponseSpecBuilderTest" time="0.7"/>
  <testcase name="getUsers_WithInvalidToken_Test" classname="RequestResponseSpecUsingBuilder.ResponseSpecBuilderTest" time="0.593"/>
  <testcase name="getProductsTest_1" classname="GETAPITestsWithoutBDD.ProductAPIsTest" time="1.469">
    <failure message="expected [200] but found [401]" type="java.lang.AssertionError"><![CDATA[java.lang.AssertionError: expected [200] but found [401]
	at org.testng.Assert.fail(Assert.java:97)
	at org.testng.Assert.assertEqualsImpl(Assert.java:136)
	at org.testng.Assert.assertEquals(Assert.java:118)
	at org.testng.Assert.assertEquals(Assert.java:839)
	at org.testng.Assert.assertEquals(Assert.java:849)
	at GETAPITestsWithoutBDD.ProductAPIsTest.getProductsTest_1(ProductAPIsTest.java:30)
	at java.base/jdk.internal.reflect.NativeMethodAccessorImpl.invoke0(Native Method)
	at java.base/jdk.internal.reflect.NativeMethodAccessorImpl.invoke(NativeMethodAccessorImpl.java:62)
	at java.base/jdk.internal.reflect.DelegatingMethodAccessorImpl.invoke(DelegatingMethodAccessorImpl.java:43)
	at java.base/java.lang.reflect.Method.invoke(Method.java:566)
	at org.testng.internal.MethodInvocationHelper.invokeMethod(MethodInvocationHelper.java:133)
	at org.testng.internal.TestInvoker.invokeMethod(TestInvoker.java:584)
	at org.testng.internal.TestInvoker.invokeTestMethod(TestInvoker.java:172)
	at org.testng.internal.MethodRunner.runInSequence(MethodRunner.java:46)
	at org.testng.internal.TestInvoker$MethodInvocationAgent.invoke(TestInvoker.java:804)
	at org.testng.internal.TestInvoker.invokeTestMethods(TestInvoker.java:145)
	at org.testng.internal.TestMethodWorker.invokeTestMethods(TestMethodWorker.java:146)
	at org.testng.internal.TestMethodWorker.run(TestMethodWorker.java:128)
	at java.base/java.util.ArrayList.forEach(ArrayList.java:1541)
	at org.testng.TestRunner.privateRun(TestRunner.java:770)
	at org.testng.TestRunner.run(TestRunner.java:591)
	at org.testng.SuiteRunner.runTest(SuiteRunner.java:402)
	at org.testng.SuiteRunner.runSequentially(SuiteRunner.java:396)
	at org.testng.SuiteRunner.privateRun(SuiteRunner.java:355)
	at org.testng.SuiteRunner.run(SuiteRunner.java:304)
	at org.testng.SuiteRunnerWorker.runSuite(SuiteRunnerWorker.java:53)
	at org.testng.SuiteRunnerWorker.run(SuiteRunnerWorker.java:96)
	at org.testng.TestNG.runSuitesSequentially(TestNG.java:1180)
	at org.testng.TestNG.runSuitesLocally(TestNG.java:1102)
	at org.testng.TestNG.runSuites(TestNG.java:1032)
	at org.testng.TestNG.run(TestNG.java:1000)
	at org.apache.maven.surefire.testng.TestNGExecutor.run(TestNGExecutor.java:155)
	at org.apache.maven.surefire.testng.TestNGDirectoryTestSuite.executeMulti(TestNGDirectoryTestSuite.java:169)
	at org.apache.maven.surefire.testng.TestNGDirectoryTestSuite.execute(TestNGDirectoryTestSuite.java:88)
	at org.apache.maven.surefire.testng.TestNGProvider.invoke(TestNGProvider.java:137)
	at org.apache.maven.surefire.booter.ForkedBooter.runSuitesInProcess(ForkedBooter.java:385)
	at org.apache.maven.surefire.booter.ForkedBooter.execute(ForkedBooter.java:162)
	at org.apache.maven.surefire.booter.ForkedBooter.run(ForkedBooter.java:507)
	at org.apache.maven.surefire.booter.ForkedBooter.main(ForkedBooter.java:495)
]]></failure>
    <system-out><![CDATA[status code : 401
]]></system-out>
  </testcase>
</testsuite>