<?xml version="1.0" encoding="UTF-8"?>
<!-- Generated by org.testng.reporters.JUnitReportReporter -->
<testsuite hostname="192.168.1.7" failures="0" tests="1" name="POSTAPIWithCreateUser.CreateUserAPITest" time="2.219" errors="0" timestamp="2025-04-09T17:47:12 IST" skipped="0">
  <testcase classname="POSTAPIWithCreateUser.CreateUserAPITest" name="getAuthTokenTest_WithJSONString" time="2.219"/>
</testsuite> <!-- POSTAPIWithCreateUser.CreateUserAPITest -->
