<?xml version="1.0" encoding="UTF-8"?>
<!-- Generated by org.testng.reporters.JUnitReportReporter -->
<testsuite hostname="naveenautomationlabss-MacBook-Pro.local" failures="0" tests="1" name="NewSpecificationConcept.ResponseSpecificationTest" time="1.890" errors="0" timestamp="2025-04-28T18:01:02 IST" skipped="0">
  <testcase classname="NewSpecificationConcept.ResponseSpecificationTest" name="reqSpecTest" time="1.890"/>
</testsuite> <!-- NewSpecificationConcept.ResponseSpecificationTest -->
