<?xml version="1.0" encoding="UTF-8"?>
<!-- Generated by org.testng.reporters.JUnitReportReporter -->
<testsuite hostname="naveenautomationlabss-MacBook-Pro.local" failures="0" tests="2" name="RequestResponseSpecUsingBuilder.ResponseSpecBuilderTest" time="2.920" errors="0" timestamp="2025-04-28T17:51:01 IST" skipped="0">
  <testcase classname="RequestResponseSpecUsingBuilder.ResponseSpecBuilderTest" name="getUsersTest" time="2.001"/>
  <testcase classname="RequestResponseSpecUsingBuilder.ResponseSpecBuilderTest" name="getUsers_WithInvalidToken_Test" time="0.919"/>
</testsuite> <!-- RequestResponseSpecUsingBuilder.ResponseSpecBuilderTest -->
