<?xml version="1.0" encoding="UTF-8"?>
<!-- Generated by org.testng.reporters.JUnitReportReporter -->
<testsuite hostname="naveenautomationlabss-MacBook-Pro.local" failures="0" tests="2" name="RequestResponseSpecUsingBuilder.RequestSpecBuilderTest" time="3.123" errors="0" timestamp="2025-04-28T17:50:16 IST" skipped="0">
  <testcase classname="RequestResponseSpecUsingBuilder.RequestSpecBuilderTest" name="getUser_WithReq_Spec_QueryParam" time="1.019"/>
  <testcase classname="RequestResponseSpecUsingBuilder.RequestSpecBuilderTest" name="getUser_WithReq_Spec" time="2.104"/>
</testsuite> <!-- RequestResponseSpecUsingBuilder.RequestSpecBuilderTest -->
