<?xml version="1.0" encoding="UTF-8"?>
<!-- Generated by org.testng.reporters.JUnitReportReporter -->
<testsuite hostname="naveenautomationlabss-MacBook-Pro.local" failures="0" tests="1" name="XMLAPITests.GORestXMLPathTest" time="2.557" errors="0" timestamp="2025-04-28T17:22:04 IST" skipped="0">
  <testcase classname="XMLAPITests.GORestXMLPathTest" name="gorestAPITest" time="2.557"/>
</testsuite> <!-- XMLAPITests.GORestXMLPathTest -->
