<?xml version="1.0" encoding="UTF-8"?>
<!-- Generated by org.testng.reporters.JUnitReportReporter -->
<testsuite hostname="naveenautomationlabss-MacBook-Pro.local" failures="0" tests="1" name="AuthAPIs.SpotfyAPITest" time="2.109" errors="0" timestamp="2025-04-30T19:19:53 IST" skipped="0">
  <testcase classname="AuthAPIs.SpotfyAPITest" name="getAlbumTest" time="2.109"/>
</testsuite> <!-- AuthAPIs.SpotfyAPITest -->
