<?xml version="1.0" encoding="UTF-8"?>
<!-- Generated by org.testng.reporters.JUnitReportReporter -->
<testsuite hostname="naveenautomationlabss-MacBook-Pro.local" failures="0" tests="1" name="JaywayJsonPath.JsonPathMethodsTest" time="1.779" errors="0" timestamp="2025-04-28T16:35:55 IST" skipped="0">
  <testcase classname="JaywayJsonPath.JsonPathMethodsTest" name="getProductTest" time="1.779"/>
</testsuite> <!-- JaywayJsonPath.JsonPathMethodsTest -->
