<?xml version="1.0" encoding="UTF-8"?>
<!-- Generated by org.testng.reporters.JUnitReportReporter -->
<testsuite hostname="naveenautomationlabss-MacBook-Pro.local" failures="0" tests="1" name="RequestResponseSpecUsingBuilder.OAuth2SpecTest" time="2.557" errors="0" timestamp="2025-04-28T17:57:13 IST" skipped="0">
  <testcase classname="RequestResponseSpecUsingBuilder.OAuth2SpecTest" name="getAccessToken" time="2.557"/>
</testsuite> <!-- RequestResponseSpecUsingBuilder.OAuth2SpecTest -->
