<?xml version="1.0" encoding="UTF-8"?>
<!-- Generated by org.testng.reporters.JUnitReportReporter -->
<testsuite hostname="naveenautomationlabss-MacBook-Pro.local" failures="0" tests="1" name="JaywayJsonPath.JsonPathTest" time="1.689" errors="0" timestamp="2025-04-30T14:34:06 IST" skipped="0">
  <testcase classname="JaywayJsonPath.JsonPathTest" name="getProductAPITest_JsonPath" time="1.689"/>
</testsuite> <!-- JaywayJsonPath.JsonPathTest -->
