<?xml version="1.0" encoding="UTF-8"?>
<!-- Generated by org.testng.reporters.JUnitReportReporter -->
<testsuite hostname="naveenautomationlabss-MacBook-Pro.local" failures="0" tests="1" name="UpdateUser.CreateUserTestWithUserObjectAndLombok" time="4.020" errors="0" timestamp="2025-04-15T16:02:29 IST" skipped="0">
  <testcase classname="UpdateUser.CreateUserTestWithUserObjectAndLombok" name="CreateUserWith_UserObject" time="4.020"/>
</testsuite> <!-- UpdateUser.CreateUserTestWithUserObjectAndLombok -->
