<?xml version="1.0" encoding="UTF-8"?>
<!-- Generated by org.testng.reporters.JUnitReportReporter -->
<testsuite hostname="192.168.1.7" failures="0" tests="3" name="GETAPITestsWithBDD.GETAPIWithQueryParamsAndPathParams" time="3.875" errors="0" timestamp="2025-04-09T17:29:45 IST" skipped="0">
  <testcase classname="GETAPITestsWithBDD.GETAPIWithQueryParamsAndPathParams" name="getUserAPI_WithPathParams" time="0.674"/>
  <testcase classname="GETAPITestsWithBDD.GETAPIWithQueryParamsAndPathParams" name="getUserAPI_WithPathParams" time="0.956"/>
  <testcase classname="GETAPITestsWithBDD.GETAPIWithQueryParamsAndPathParams" name="getUserAPI_WithPathParams" time="2.245"/>
</testsuite> <!-- GETAPITestsWithBDD.GETAPIWithQueryParamsAndPathParams -->
