<?xml version="1.0" encoding="UTF-8"?>
<!-- Generated by org.testng.reporters.JUnitReportReporter -->
<testsuite hostname="naveenautomationlabss-MacBook-Pro.local" failures="0" tests="1" name="JaywayJsonPath.JsonPathTest" time="1.851" errors="0" timestamp="2025-05-05T19:41:21 IST" skipped="0">
  <testcase classname="JaywayJsonPath.JsonPathTest" name="getProductAPITest_JsonPath" time="1.851"/>
</testsuite> <!-- JaywayJsonPath.JsonPathTest -->
