<?xml version="1.0" encoding="UTF-8"?>
<!-- Generated by org.testng.reporters.JUnitReportReporter -->
<testsuite hostname="naveenautomationlabss-MacBook-Pro.local" failures="0" tests="1" name="XMLAPITests.CircuitAPIXMLTest" time="2.283" errors="0" timestamp="2025-04-28T17:45:57 IST" skipped="0">
  <testcase classname="XMLAPITests.CircuitAPIXMLTest" name="xmlTest_With_XMLResponse_Desrialization" time="2.283"/>
</testsuite> <!-- XMLAPITests.CircuitAPIXMLTest -->
