<?xml version="1.0" encoding="UTF-8"?>
<!-- Generated by org.testng.reporters.JUnitReportReporter -->
<testsuite hostname="naveenautomationlabss-MacBook-Pro.local" failures="0" tests="1" name="DeserializationProcess.ProductAPIWithTest" time="0.486" errors="0" timestamp="2025-04-15T00:08:05 IST" skipped="0">
  <testcase classname="DeserializationProcess.ProductAPIWithTest" name="getProductsTest_With_POJO_Desierlization" time="0.486"/>
</testsuite> <!-- DeserializationProcess.ProductAPIWithTest -->
