<?xml version="1.0" encoding="UTF-8"?>
<!-- Generated by org.testng.reporters.JUnitReportReporter -->
<testsuite hostname="naveenautomationlabss-MacBook-Pro.local" failures="0" tests="3" name="AuthAPIs.AuthAPIsTest" time="5.035" errors="0" timestamp="2025-04-15T00:08:05 IST" skipped="0">
  <testcase classname="AuthAPIs.AuthAPIsTest" name="basicAuthTest" time="1.939"/>
  <testcase classname="AuthAPIs.AuthAPIsTest" name="preemptiveAuthTest" time="1.496"/>
  <testcase classname="AuthAPIs.AuthAPIsTest" name="digestiveAuthTest" time="1.600"/>
</testsuite> <!-- AuthAPIs.AuthAPIsTest -->
