<?xml version="1.0" encoding="UTF-8"?>
<!-- Generated by org.testng.reporters.JUnitReportReporter -->
<testsuite hostname="naveenautomationlabss-MacBook-Pro.local" failures="0" tests="6" name="BookingAPITests.BookingApiFeatureTests" time="26.966" errors="0" timestamp="2025-04-15T00:08:05 IST" skipped="0">
  <testcase classname="BookingAPITests.BookingApiFeatureTests" name="createBookingTest" time="3.030"/>
  <testcase classname="BookingAPITests.BookingApiFeatureTests" name="getBookingIdsTest" time="3.140"/>
  <testcase classname="BookingAPITests.BookingApiFeatureTests" name="getBookingIdTest" time="4.133"/>
  <testcase classname="BookingAPITests.BookingApiFeatureTests" name="deleteBookingTest" time="5.297"/>
  <testcase classname="BookingAPITests.BookingApiFeatureTests" name="partialBookingTest" time="5.637"/>
  <testcase classname="BookingAPITests.BookingApiFeatureTests" name="updateBookingTest" time="5.729"/>
</testsuite> <!-- BookingAPITests.BookingApiFeatureTests -->
