<?xml version="1.0" encoding="UTF-8"?>
<!-- Generated by org.testng.reporters.JUnitReportReporter -->
<testsuite hostname="naveenautomationlabss-MacBook-Pro.local" failures="0" tests="2" name="XMLAPITests.GORestXMLPathTest" time="1.582" errors="0" timestamp="2025-04-15T00:08:05 IST" skipped="0">
  <testcase classname="XMLAPITests.GORestXMLPathTest" name="Xmltest_With_Deserialization" time="0.615"/>
  <testcase classname="XMLAPITests.GORestXMLPathTest" name="gorestAPITest" time="0.967"/>
</testsuite> <!-- XMLAPITests.GORestXMLPathTest -->
