<?xml version="1.0" encoding="UTF-8"?>
<!-- Generated by org.testng.reporters.JUnitReportReporter -->
<testsuite hostname="naveenautomationlabss-MacBook-Pro.local" failures="0" tests="1" name="RequestResponseSpecUsingBuilder.RequestResponseSpecTest" time="1.566" errors="0" timestamp="2025-04-15T00:08:05 IST" skipped="0">
  <testcase classname="RequestResponseSpecUsingBuilder.RequestResponseSpecTest" name="getUserTest" time="1.566"/>
</testsuite> <!-- RequestResponseSpecUsingBuilder.RequestResponseSpecTest -->
