<?xml version="1.0" encoding="UTF-8"?>
<!-- Generated by org.testng.reporters.JUnitReportReporter -->
<testsuite hostname="naveenautomationlabss-MacBook-Pro.local" failures="0" tests="2" name="CertificateHandling.SSLCertificateTest" time="2.903" errors="0" timestamp="2025-04-15T00:08:05 IST" skipped="0">
  <testcase classname="CertificateHandling.SSLCertificateTest" name="sslTest_With_Config" time="1.368"/>
  <testcase classname="CertificateHandling.SSLCertificateTest" name="sslTest" time="1.535"/>
</testsuite> <!-- CertificateHandling.SSLCertificateTest -->
