<?xml version="1.0" encoding="UTF-8"?>
<!-- Generated by org.testng.reporters.JUnitReportReporter -->
<testsuite hostname="naveenautomationlabss-MacBook-Pro.local" failures="0" tests="2" name="AuthAPIs.OAuth2APITest" time="5.859" errors="0" timestamp="2025-04-15T00:08:05 IST" skipped="0">
  <testcase classname="AuthAPIs.OAuth2APITest" name="getFlightDetailsTest_2" time="3.228"/>
  <testcase classname="AuthAPIs.OAuth2APITest" name="getFlightDetailsTest_1" time="2.631"/>
</testsuite> <!-- AuthAPIs.OAuth2APITest -->
