<?xml version="1.0" encoding="UTF-8"?>
<!-- Generated by org.testng.reporters.JUnitReportReporter -->
<testsuite hostname="naveenautomationlabss-MacBook-Pro.local" failures="0" tests="2" name="RequestResponseSpecUsingBuilder.ResponseSpecBuilderTest" time="1.293" errors="0" timestamp="2025-04-15T00:08:05 IST" skipped="0">
  <testcase classname="RequestResponseSpecUsingBuilder.ResponseSpecBuilderTest" name="getUsers_WithInvalidToken_Test" time="0.593"/>
  <testcase classname="RequestResponseSpecUsingBuilder.ResponseSpecBuilderTest" name="getUsersTest" time="0.700"/>
</testsuite> <!-- RequestResponseSpecUsingBuilder.ResponseSpecBuilderTest -->
