<?xml version="1.0" encoding="UTF-8"?>
<!-- Generated by org.testng.reporters.JUnitReportReporter -->
<testsuite hostname="naveenautomationlabss-MacBook-Pro.local" failures="0" tests="1" name="JaywayJsonPath.JsonPathMethodsTest" time="0.446" errors="0" timestamp="2025-04-15T00:08:05 IST" skipped="0">
  <testcase classname="JaywayJsonPath.JsonPathMethodsTest" name="getProductTest" time="0.446"/>
</testsuite> <!-- JaywayJsonPath.JsonPathMethodsTest -->
