<?xml version="1.0" encoding="UTF-8"?>
<!-- Generated by org.testng.reporters.JUnitReportReporter -->
<testsuite hostname="naveenautomationlabss-MacBook-Pro.local" failures="0" tests="1" name="AuthAPIs.OAuth1APITest" time="0.527" errors="0" timestamp="2025-04-15T00:08:05 IST" skipped="0">
  <testcase classname="AuthAPIs.OAuth1APITest" name="flickAPITest" time="0.527"/>
</testsuite> <!-- AuthAPIs.OAuth1APITest -->
