<?xml version="1.0" encoding="UTF-8"?>
<!-- Generated by org.testng.reporters.JUnitReportReporter -->
<testsuite hostname="naveenautomationlabss-MacBook-Pro.local" failures="0" tests="3" name="JaywayJsonPath.JsonPathTest" time="1.396" errors="0" timestamp="2025-04-15T00:08:05 IST" skipped="0">
  <testcase classname="JaywayJsonPath.JsonPathTest" name="productApiTest_ConditionalExamples_WithTwoAttributes" time="0.425"/>
  <testcase classname="JaywayJsonPath.JsonPathTest" name="getProductAPITest_JsonPath" time="0.528"/>
  <testcase classname="JaywayJsonPath.JsonPathTest" name="productApiTest_ConditionalExamples_WithThreeAttributes" time="0.443"/>
</testsuite> <!-- JaywayJsonPath.JsonPathTest -->
