<?xml version="1.0" encoding="UTF-8"?>
<!-- Generated by org.testng.reporters.JUnitReportReporter -->
<testsuite hostname="naveenautomationlabss-MacBook-Pro.local" failures="0" tests="1" name="NewSpecificationConcept.ResponseSpecificationTest" time="0.402" errors="0" timestamp="2025-04-15T00:08:05 IST" skipped="0">
  <testcase classname="NewSpecificationConcept.ResponseSpecificationTest" name="reqSpecTest" time="0.402"/>
</testsuite> <!-- NewSpecificationConcept.ResponseSpecificationTest -->
