<?xml version="1.0" encoding="UTF-8"?>
<!-- Generated by org.testng.reporters.JUnitReportReporter -->
<testsuite hostname="naveenautomationlabss-MacBook-Pro.local" failures="0" tests="3" name="NewSpecificationConcept.RequestResponseSpecificationTest" time="1.906" errors="0" timestamp="2025-04-15T00:08:05 IST" skipped="0">
  <testcase classname="NewSpecificationConcept.RequestResponseSpecificationTest" name="checkPOSTTest" time="0.694"/>
  <testcase classname="NewSpecificationConcept.RequestResponseSpecificationTest" name="checkGetWithQueryParamTest" time="0.745"/>
  <testcase classname="NewSpecificationConcept.RequestResponseSpecificationTest" name="checkGetTest" time="0.467"/>
</testsuite> <!-- NewSpecificationConcept.RequestResponseSpecificationTest -->
