<?xml version="1.0" encoding="UTF-8"?>
<!-- Generated by org.testng.reporters.JUnitReportReporter -->
<testsuite hostname="naveenautomationlabss-MacBook-Pro.local" failures="0" tests="3" name="POSTWithAuthAPI.AuthAPITest" time="4.330" errors="0" timestamp="2025-04-15T00:08:05 IST" skipped="0">
  <testcase classname="POSTWithAuthAPI.AuthAPITest" name="getAuthTokenTest_WithJSONFILE" time="1.337"/>
  <testcase classname="POSTWithAuthAPI.AuthAPITest" name="getAuthTokenTest_WithPOJOClass" time="1.571"/>
  <testcase classname="POSTWithAuthAPI.AuthAPITest" name="getAuthTokenTest_WithJSON" time="1.422"/>
</testsuite> <!-- POSTWithAuthAPI.AuthAPITest -->
